[0m2022-07-22 04:21:30 V/Net 2452548710: Loading server list from cache.[0m
[92m2022-07-22 04:21:30 I/Net 2452548710: Server list: 111.31.205.202:443, 111.30.169.83:8080, 36.155.201.156:14000, 120.232.22.229:80, msfwifi.3g.qq.com:8080, 36.155.201.42:80, 36.155.187.71:443, 120.232.69.214:80, 111.30.187.240:8080, 111.30.187.240:80.[0m
[92m2022-07-22 04:21:31 I/Net 2452548710: ECDH key is invalid, start to fetch ecdh public key from server.[0m
[92m2022-07-22 04:21:32 I/Net 2452548710: Successfully fetched ecdh public key from server.[0m
[0m2022-07-22 04:21:32 V/Net 2452548710: Send: wtlogin.exchange_emp[0m
[0m2022-07-22 04:21:32 V/Net 2452548710: Recv: wtlogin.exchange_emp[0m
[0m2022-07-22 04:21:32 V/Net 2452548710: Send: StatSvc.register(online)[0m
[92m2022-07-22 04:21:32 I/Net 2452548710: Server time updated, serverTime: 1658434892, diff: 0ms=0.0s[0m
[0m2022-07-22 04:21:32 V/Net 2452548710: Recv: StatSvc.register[0m
[0m2022-07-22 04:21:32 V/Net 2452548710: Loading BdhSession from cache file[0m
[92m2022-07-22 04:21:32 I/Net 2452548710: Syncing friend message history...[0m
[92m2022-07-22 04:21:32 I/Net 2452548710: Start loading friend list...[0m
[92m2022-07-22 04:21:32 I/Net 2452548710: Start loading stranger list...[0m
[0m2022-07-22 04:21:32 V/Net 2452548710: Send: StatSvc.GetDevLoginInfo(StatSvc.GetDevLoginInfo)[0m
[0m2022-07-22 04:21:32 V/Net 2452548710: Send: OidbSvc.0x496(OidbSvc.0x496)[0m
[0m2022-07-22 04:21:32 V/Net 2452548710: Send: OidbSvc.0x5d2_0(OidbSvc.0x5d2_0)[0m
[0m2022-07-22 04:21:32 V/Net 2452548710: Send: friendlist.getFriendGroupList(friendlist.getFriendGroupList)[0m
[0m2022-07-22 04:21:32 V/Net 2452548710: Recv: StatSvc.GetDevLoginInfo[0m
[92m2022-07-22 04:21:32 I/Net 2452548710: No OtherClient online.[0m
[0m2022-07-22 04:21:32 V/Net 2452548710: Recv: OidbSvc.0x5d2_0[0m
[92m2022-07-22 04:21:32 I/Net 2452548710: Successfully loaded stranger list: 0 in total[0m
[0m2022-07-22 04:21:32 V/Net 2452548710: Recv: OidbSvc.0x496[0m
[92m2022-07-22 04:21:32 I/Net 2452548710: Start loading group list...[0m
[0m2022-07-22 04:21:32 V/Net 2452548710: Send: friendlist.GetTroopListReqV2(friendlist.GetTroopListReqV2)[0m
[0m2022-07-22 04:21:32 V/Net 2452548710: Recv: friendlist.getFriendGroupList[0m
[0m2022-07-22 04:21:32 V/Net 2452548710: Loading friend list: 5/5[0m
[92m2022-07-22 04:21:32 I/Net 2452548710: Successfully loaded friend list: 5 in total[0m
[92m2022-07-22 04:21:32 I/Net 2452548710: Syncing friend message history: Success.[0m
[0m2022-07-22 04:21:32 V/Net 2452548710: Recv: friendlist.GetTroopListReqV2[0m
[0m2022-07-22 04:21:32 V/Net 2452548710: Send: friendlist.GetTroopMemberListReq(friendlist.GetTroopMemberListReq)[0m
[0m2022-07-22 04:21:32 V/Net 2452548710: Send: friendlist.GetTroopMemberListReq(friendlist.GetTroopMemberListReq)[0m
[0m2022-07-22 04:21:32 V/Net 2452548710: Send: friendlist.GetTroopMemberListReq(friendlist.GetTroopMemberListReq)[0m
[0m2022-07-22 04:21:32 V/Net 2452548710: Send: friendlist.GetTroopMemberListReq(friendlist.GetTroopMemberListReq)[0m
[0m2022-07-22 04:21:32 V/Net 2452548710: Send: friendlist.GetTroopMemberListReq(friendlist.GetTroopMemberListReq)[0m
[0m2022-07-22 04:21:32 V/Net 2452548710: Send: friendlist.GetTroopMemberListReq(friendlist.GetTroopMemberListReq)[0m
[0m2022-07-22 04:21:32 V/Net 2452548710: Send: friendlist.GetTroopMemberListReq(friendlist.GetTroopMemberListReq)[0m
[0m2022-07-22 04:21:32 V/Net 2452548710: Send: friendlist.GetTroopMemberListReq(friendlist.GetTroopMemberListReq)[0m
[0m2022-07-22 04:21:33 V/Net 2452548710: Recv: friendlist.GetTroopMemberListReq[0m
[0m2022-07-22 04:21:33 V/Net 2452548710: Recv: friendlist.GetTroopMemberListReq[0m
[0m2022-07-22 04:21:33 V/Net 2452548710: Recv: friendlist.GetTroopMemberListReq[0m
[0m2022-07-22 04:21:33 V/Net 2452548710: Recv: friendlist.GetTroopMemberListReq[0m
[0m2022-07-22 04:21:33 V/Net 2452548710: Recv: friendlist.GetTroopMemberListReq[0m
[0m2022-07-22 04:21:33 V/Net 2452548710: Recv: friendlist.GetTroopMemberListReq[0m
[0m2022-07-22 04:21:33 V/Net 2452548710: Recv: friendlist.GetTroopMemberListReq[0m
[0m2022-07-22 04:21:33 V/Net 2452548710: Recv: friendlist.GetTroopMemberListReq[0m
[92m2022-07-22 04:21:33 I/Net 2452548710: Successfully loaded group list: 8 in total.[0m
[92m2022-07-22 04:21:33 I/Net 2452548710: Scheduled key refresh in 23h 55min 0.0s.[0m
[92m2022-07-22 04:21:33 I/Net 2452548710: Scheduled refresh login session in 19d 23h 55min 0.0s.[0m
[92m2022-07-22 04:21:35 I/Net 2452548710: Server list: 111.31.205.218:8080, 36.155.207.149:80, 120.232.67.211:80, 111.31.205.243:80, 111.33.189.81:443, 36.155.248.44:14000, 120.232.130.20:80, 111.31.205.248:8080, 120.232.69.173:8080, msfwifi.3g.qq.com:8080.[0m
[0m2022-07-22 04:21:35 V/Net 2452548710: Saving bdh session to cache[0m
[0m2022-07-22 04:21:35 V/Net 2452548710: Saving server list to cache[0m
[0m2022-07-22 04:21:35 V/Net 2452548710: Send: ConfigPushSvc.PushResp(ConfigPushSvc.PushResp)[0m
[0m2022-07-22 04:21:35 V/Net 2452548710: Recv: ConfigPushSvc.PushReq[0m
[0m2022-07-22 04:21:35 V/Net 2452548710: Saving bdh session to cache[0m
[0m2022-07-22 04:21:35 V/Net 2452548710: Send: ConfigPushSvc.PushResp(ConfigPushSvc.PushResp)[0m
[0m2022-07-22 04:21:35 V/Net 2452548710: Recv: ConfigPushSvc.PushReq[0m
[0m2022-07-22 04:22:18 V/Net 2452548710: Send: MessageSvc.PbSendMsg(MessageSvc.PbSendMsg)[0m
[0m2022-07-22 04:22:19 V/Net 2452548710: Recv: MessageSvc.PbSendMsg[0m
[0m2022-07-22 04:22:19 V/Net 2452548710: Send: MessageSvc.PbSendMsg(MessageSvc.PbSendMsg)[0m
[0m2022-07-22 04:22:19 V/Net 2452548710: Recv: MessageSvc.PbSendMsg[0m
[0m2022-07-22 04:22:19 V/Net 2452548710: Send: MessageSvc.PbSendMsg(MessageSvc.PbSendMsg)[0m
[0m2022-07-22 04:22:19 V/Net 2452548710: Recv: MessageSvc.PbSendMsg[0m
[0m2022-07-22 04:22:19 V/Net 2452548710: Send: MessageSvc.PbSendMsg(MessageSvc.PbSendMsg)[0m
[0m2022-07-22 04:22:19 V/Net 2452548710: Recv: MessageSvc.PbSendMsg[0m
[0m2022-07-22 04:22:19 V/Net 2452548710: Send: MessageSvc.PbSendMsg(MessageSvc.PbSendMsg)[0m
[0m2022-07-22 04:22:20 V/Net 2452548710: Recv: MessageSvc.PbSendMsg[0m
[0m2022-07-22 04:22:20 V/Net 2452548710: Send: MessageSvc.PbSendMsg(MessageSvc.PbSendMsg)[0m
[0m2022-07-22 04:22:20 V/Net 2452548710: Recv: MessageSvc.PbSendMsg[0m
[0m2022-07-22 04:22:20 V/Net 2452548710: Send: LongConn.OffPicUp(LongConn.OffPicUp)[0m
[0m2022-07-22 04:22:21 V/Net 2452548710: Recv: LongConn.OffPicUp[0m
[0m2022-07-22 04:22:21 V/Net 2452548710: Send: LongConn.OffPicUp(LongConn.OffPicUp)[0m
[0m2022-07-22 04:22:21 V/Net 2452548710: Recv: LongConn.OffPicUp[0m
[0m2022-07-22 04:22:21 V/Net 2452548710: Send: MessageSvc.PbSendMsg(MessageSvc.PbSendMsg)[0m
[0m2022-07-22 04:22:21 V/Net 2452548710: Recv: MessageSvc.PbSendMsg[0m
[0m2022-07-22 04:22:21 V/Net 2452548710: Send: ImgStore.GroupPicUp(ImgStore.GroupPicUp)[0m
[0m2022-07-22 04:22:22 V/Net 2452548710: Recv: ImgStore.GroupPicUp[0m
[0m2022-07-22 04:22:22 V/Net 2452548710: Send: MessageSvc.PbSendMsg(MessageSvc.PbSendMsg)[0m
[0m2022-07-22 04:22:22 V/Net 2452548710: Recv: MessageSvc.PbSendMsg[0m
[0m2022-07-22 04:22:22 V/Net 2452548710: Send: MessageSvc.PbSendMsg(MessageSvc.PbSendMsg)[0m
[0m2022-07-22 04:22:23 V/Net 2452548710: Recv: MessageSvc.PbSendMsg[0m
[0m2022-07-22 04:22:23 V/Net 2452548710: Send: LongConn.OffPicUp(LongConn.OffPicUp)[0m
[0m2022-07-22 04:22:23 V/Net 2452548710: Recv: LongConn.OffPicUp[0m
[0m2022-07-22 04:22:23 V/Net 2452548710: Send: LongConn.OffPicUp(LongConn.OffPicUp)[0m
[0m2022-07-22 04:22:23 V/Net 2452548710: Recv: LongConn.OffPicUp[0m
[0m2022-07-22 04:22:23 V/Net 2452548710: Send: MessageSvc.PbSendMsg(MessageSvc.PbSendMsg)[0m
[0m2022-07-22 04:22:23 V/Net 2452548710: Recv: MessageSvc.PbSendMsg[0m
[0m2022-07-22 04:22:23 V/Net 2452548710: Send: ImgStore.GroupPicUp(ImgStore.GroupPicUp)[0m
[0m2022-07-22 04:22:24 V/Net 2452548710: Recv: ImgStore.GroupPicUp[0m
[0m2022-07-22 04:22:24 V/Net 2452548710: Send: MessageSvc.PbSendMsg(MessageSvc.PbSendMsg)[0m
[0m2022-07-22 04:22:24 V/Net 2452548710: Recv: MessageSvc.PbSendMsg[0m
[0m2022-07-22 04:24:21 V/Net 2452548710: Send: MessageSvc.PbSendMsg(MessageSvc.PbSendMsg)[0m
[0m2022-07-22 04:24:22 V/Net 2452548710: Recv: MessageSvc.PbSendMsg[0m
[0m2022-07-22 04:24:37 V/Net 2452548710: Send: MessageSvc.PbSendMsg(MessageSvc.PbSendMsg)[0m
[0m2022-07-22 04:24:37 V/Net 2452548710: Recv: MessageSvc.PbSendMsg[0m
[0m2022-07-22 04:24:37 V/Net 2452548710: Send: MessageSvc.PbSendMsg(MessageSvc.PbSendMsg)[0m
[0m2022-07-22 04:24:37 V/Net 2452548710: Recv: MessageSvc.PbSendMsg[0m
[0m2022-07-22 04:44:18 V/Net 2452548710: Loading server list from cache.[0m
[92m2022-07-22 04:44:18 I/Net 2452548710: Server list: 111.31.205.218:8080, 36.155.207.149:80, 120.232.67.211:80, 111.31.205.243:80, 111.33.189.81:443, 36.155.248.44:14000, 120.232.130.20:80, 111.31.205.248:8080, 120.232.69.173:8080, msfwifi.3g.qq.com:8080.[0m
[92m2022-07-22 04:44:18 I/Net 2452548710: ECDH key is valid.[0m
[0m2022-07-22 04:44:18 V/Net 2452548710: Send: wtlogin.exchange_emp[0m
[0m2022-07-22 04:44:19 V/Net 2452548710: Recv: wtlogin.exchange_emp[0m
[0m2022-07-22 04:44:19 V/Net 2452548710: Send: StatSvc.register(online)[0m
[92m2022-07-22 04:44:19 I/Net 2452548710: Server time updated, serverTime: 1658436259, diff: 0ms=0.0s[0m
[0m2022-07-22 04:44:19 V/Net 2452548710: Recv: StatSvc.register[0m
[0m2022-07-22 04:44:19 V/Net 2452548710: Loading BdhSession from cache file[0m
[92m2022-07-22 04:44:19 I/Net 2452548710: Syncing friend message history...[0m
[92m2022-07-22 04:44:19 I/Net 2452548710: Start loading friend list...[0m
[92m2022-07-22 04:44:19 I/Net 2452548710: Start loading stranger list...[0m
[0m2022-07-22 04:44:19 V/Net 2452548710: Send: StatSvc.GetDevLoginInfo(StatSvc.GetDevLoginInfo)[0m
[0m2022-07-22 04:44:19 V/Net 2452548710: Send: OidbSvc.0x496(OidbSvc.0x496)[0m
[0m2022-07-22 04:44:19 V/Net 2452548710: Send: OidbSvc.0x5d2_0(OidbSvc.0x5d2_0)[0m
[0m2022-07-22 04:44:19 V/Net 2452548710: Send: friendlist.getFriendGroupList(friendlist.getFriendGroupList)[0m
[92m2022-07-22 04:44:19 I/Net 2452548710: Successfully loaded stranger list: 0 in total[0m
[0m2022-07-22 04:44:19 V/Net 2452548710: Recv: OidbSvc.0x5d2_0[0m
[92m2022-07-22 04:44:19 I/Net 2452548710: Syncing friend message history: Success.[0m
[0m2022-07-22 04:44:19 V/Net 2452548710: Recv: StatSvc.GetDevLoginInfo[0m
[92m2022-07-22 04:44:19 I/Net 2452548710: No OtherClient online.[0m
[0m2022-07-22 04:44:19 V/Net 2452548710: Recv: OidbSvc.0x496[0m
[92m2022-07-22 04:44:19 I/Net 2452548710: Start loading group list...[0m
[0m2022-07-22 04:44:19 V/Net 2452548710: Send: friendlist.GetTroopListReqV2(friendlist.GetTroopListReqV2)[0m
[0m2022-07-22 04:44:19 V/Net 2452548710: Recv: friendlist.getFriendGroupList[0m
[0m2022-07-22 04:44:19 V/Net 2452548710: Loading friend list: 5/5[0m
[92m2022-07-22 04:44:19 I/Net 2452548710: Successfully loaded friend list: 5 in total[0m
[0m2022-07-22 04:44:19 V/Net 2452548710: Recv: friendlist.GetTroopListReqV2[0m
[0m2022-07-22 04:44:19 V/Net 2452548710: Send: friendlist.GetTroopMemberListReq(friendlist.GetTroopMemberListReq)[0m
[0m2022-07-22 04:44:19 V/Net 2452548710: Send: friendlist.GetTroopMemberListReq(friendlist.GetTroopMemberListReq)[0m
[0m2022-07-22 04:44:19 V/Net 2452548710: Send: friendlist.GetTroopMemberListReq(friendlist.GetTroopMemberListReq)[0m
[0m2022-07-22 04:44:19 V/Net 2452548710: Send: friendlist.GetTroopMemberListReq(friendlist.GetTroopMemberListReq)[0m
[0m2022-07-22 04:44:19 V/Net 2452548710: Send: friendlist.GetTroopMemberListReq(friendlist.GetTroopMemberListReq)[0m
[0m2022-07-22 04:44:19 V/Net 2452548710: Send: friendlist.GetTroopMemberListReq(friendlist.GetTroopMemberListReq)[0m
[0m2022-07-22 04:44:19 V/Net 2452548710: Send: friendlist.GetTroopMemberListReq(friendlist.GetTroopMemberListReq)[0m
[0m2022-07-22 04:44:19 V/Net 2452548710: Send: friendlist.GetTroopMemberListReq(friendlist.GetTroopMemberListReq)[0m
[0m2022-07-22 04:44:19 V/Net 2452548710: Recv: friendlist.GetTroopMemberListReq[0m
[0m2022-07-22 04:44:19 V/Net 2452548710: Recv: friendlist.GetTroopMemberListReq[0m
[0m2022-07-22 04:44:19 V/Net 2452548710: Recv: friendlist.GetTroopMemberListReq[0m
[0m2022-07-22 04:44:19 V/Net 2452548710: Recv: friendlist.GetTroopMemberListReq[0m
[0m2022-07-22 04:44:19 V/Net 2452548710: Recv: friendlist.GetTroopMemberListReq[0m
[0m2022-07-22 04:44:19 V/Net 2452548710: Recv: friendlist.GetTroopMemberListReq[0m
[0m2022-07-22 04:44:19 V/Net 2452548710: Recv: friendlist.GetTroopMemberListReq[0m
[0m2022-07-22 04:44:19 V/Net 2452548710: Recv: friendlist.GetTroopMemberListReq[0m
[92m2022-07-22 04:44:19 I/Net 2452548710: Successfully loaded group list: 8 in total.[0m
[92m2022-07-22 04:44:19 I/Net 2452548710: Scheduled refresh login session in 19d 23h 55min 0.0s.[0m
[92m2022-07-22 04:44:19 I/Net 2452548710: Scheduled key refresh in 23h 55min 0.0s.[0m
[92m2022-07-22 04:44:22 I/Net 2452548710: Server list: 120.232.31.192:80, 120.232.69.226:80, 36.155.213.142:14000, 111.30.187.240:8080, 111.30.169.33:80, 111.31.200.210:8080, 111.31.205.244:443, 120.232.69.213:8080, 36.155.207.149:80, msfwifi.3g.qq.com:8080.[0m
[0m2022-07-22 04:44:22 V/Net 2452548710: Saving bdh session to cache[0m
[0m2022-07-22 04:44:22 V/Net 2452548710: Saving server list to cache[0m
[0m2022-07-22 04:44:22 V/Net 2452548710: Send: ConfigPushSvc.PushResp(ConfigPushSvc.PushResp)[0m
[0m2022-07-22 04:44:22 V/Net 2452548710: Recv: ConfigPushSvc.PushReq[0m
[0m2022-07-22 04:44:22 V/Net 2452548710: Saving bdh session to cache[0m
[0m2022-07-22 04:44:22 V/Net 2452548710: Send: ConfigPushSvc.PushResp(ConfigPushSvc.PushResp)[0m
[0m2022-07-22 04:44:22 V/Net 2452548710: Recv: ConfigPushSvc.PushReq[0m
[0m2022-07-22 04:45:38 V/Net 2452548710: Send: MessageSvc.PbSendMsg(MessageSvc.PbSendMsg)[0m
[0m2022-07-22 04:45:38 V/Net 2452548710: Recv: MessageSvc.PbSendMsg[0m
[0m2022-07-22 04:45:38 V/Net 2452548710: Send: MessageSvc.PbSendMsg(MessageSvc.PbSendMsg)[0m
[0m2022-07-22 04:45:39 V/Net 2452548710: Recv: MessageSvc.PbSendMsg[0m
[0m2022-07-22 04:45:39 V/Net 2452548710: Send: MessageSvc.PbSendMsg(MessageSvc.PbSendMsg)[0m
[0m2022-07-22 04:45:39 V/Net 2452548710: Recv: MessageSvc.PbSendMsg[0m
[0m2022-07-22 04:45:39 V/Net 2452548710: Send: MessageSvc.PbSendMsg(MessageSvc.PbSendMsg)[0m
[0m2022-07-22 04:45:39 V/Net 2452548710: Recv: MessageSvc.PbSendMsg[0m
[0m2022-07-22 04:45:39 V/Net 2452548710: Send: MessageSvc.PbSendMsg(MessageSvc.PbSendMsg)[0m
[0m2022-07-22 04:45:39 V/Net 2452548710: Recv: MessageSvc.PbSendMsg[0m
[0m2022-07-22 04:45:40 V/Net 2452548710: Send: MessageSvc.PbSendMsg(MessageSvc.PbSendMsg)[0m
[0m2022-07-22 04:45:40 V/Net 2452548710: Recv: MessageSvc.PbSendMsg[0m
[0m2022-07-22 04:45:40 V/Net 2452548710: Send: LongConn.OffPicUp(LongConn.OffPicUp)[0m
[0m2022-07-22 04:45:40 V/Net 2452548710: Recv: LongConn.OffPicUp[0m
[0m2022-07-22 04:45:40 V/Net 2452548710: Send: LongConn.OffPicUp(LongConn.OffPicUp)[0m
[0m2022-07-22 04:45:40 V/Net 2452548710: Recv: LongConn.OffPicUp[0m
[0m2022-07-22 04:45:40 V/Net 2452548710: Send: MessageSvc.PbSendMsg(MessageSvc.PbSendMsg)[0m
[0m2022-07-22 04:45:41 V/Net 2452548710: Recv: MessageSvc.PbSendMsg[0m
[0m2022-07-22 04:45:41 V/Net 2452548710: Send: ImgStore.GroupPicUp(ImgStore.GroupPicUp)[0m
[0m2022-07-22 04:45:41 V/Net 2452548710: Recv: ImgStore.GroupPicUp[0m
[0m2022-07-22 04:45:41 V/Net 2452548710: Send: MessageSvc.PbSendMsg(MessageSvc.PbSendMsg)[0m
[0m2022-07-22 04:45:42 V/Net 2452548710: Recv: MessageSvc.PbSendMsg[0m
[0m2022-07-22 04:45:42 V/Net 2452548710: Send: MessageSvc.PbSendMsg(MessageSvc.PbSendMsg)[0m
[0m2022-07-22 04:45:42 V/Net 2452548710: Recv: MessageSvc.PbSendMsg[0m
[0m2022-07-22 04:45:42 V/Net 2452548710: Send: LongConn.OffPicUp(LongConn.OffPicUp)[0m
[0m2022-07-22 04:45:43 V/Net 2452548710: Recv: LongConn.OffPicUp[0m
[0m2022-07-22 04:45:43 V/Net 2452548710: Send: LongConn.OffPicUp(LongConn.OffPicUp)[0m
[0m2022-07-22 04:45:43 V/Net 2452548710: Recv: LongConn.OffPicUp[0m
[0m2022-07-22 04:45:43 V/Net 2452548710: Send: MessageSvc.PbSendMsg(MessageSvc.PbSendMsg)[0m
[0m2022-07-22 04:45:43 V/Net 2452548710: Recv: MessageSvc.PbSendMsg[0m
[0m2022-07-22 04:45:43 V/Net 2452548710: Send: ImgStore.GroupPicUp(ImgStore.GroupPicUp)[0m
[0m2022-07-22 04:45:43 V/Net 2452548710: Recv: ImgStore.GroupPicUp[0m
[0m2022-07-22 04:45:43 V/Net 2452548710: Send: MessageSvc.PbSendMsg(MessageSvc.PbSendMsg)[0m
[0m2022-07-22 04:45:44 V/Net 2452548710: Recv: MessageSvc.PbSendMsg[0m
[0m2022-07-22 04:45:55 V/Net 2452548710: Send: MessageSvc.PbSendMsg(MessageSvc.PbSendMsg)[0m
[0m2022-07-22 04:45:55 V/Net 2452548710: Recv: MessageSvc.PbSendMsg[0m
[0m2022-07-22 04:45:55 V/Net 2452548710: Send: LongConn.OffPicUp(LongConn.OffPicUp)[0m
[0m2022-07-22 04:45:56 V/Net 2452548710: Recv: LongConn.OffPicUp[0m
[0m2022-07-22 04:45:56 V/Net 2452548710: Send: MessageSvc.PbSendMsg(MessageSvc.PbSendMsg)[0m
[0m2022-07-22 04:45:56 V/Net 2452548710: Recv: MessageSvc.PbSendMsg[0m
[0m2022-07-22 04:45:56 V/Net 2452548710: Send: ImgStore.GroupPicUp(ImgStore.GroupPicUp)[0m
[0m2022-07-22 04:45:56 V/Net 2452548710: Recv: ImgStore.GroupPicUp[0m
[0m2022-07-22 04:45:56 V/Net 2452548710: Send: ImgStore.GroupPicUp(ImgStore.GroupPicUp)[0m
[0m2022-07-22 04:45:57 V/Net 2452548710: Recv: ImgStore.GroupPicUp[0m
[0m2022-07-22 04:45:57 V/Net 2452548710: Send: ImgStore.GroupPicUp(ImgStore.GroupPicUp)[0m
[0m2022-07-22 04:45:57 V/Net 2452548710: Recv: ImgStore.GroupPicUp[0m
[0m2022-07-22 04:47:02 V/Net 2452548710: Loading server list from cache.[0m
[92m2022-07-22 04:47:02 I/Net 2452548710: Server list: 120.232.31.192:80, 120.232.69.226:80, 36.155.213.142:14000, 111.30.187.240:8080, 111.30.169.33:80, 111.31.200.210:8080, 111.31.205.244:443, 120.232.69.213:8080, 36.155.207.149:80, msfwifi.3g.qq.com:8080.[0m
[92m2022-07-22 04:47:03 I/Net 2452548710: ECDH key is valid.[0m
[0m2022-07-22 04:47:03 V/Net 2452548710: Send: wtlogin.exchange_emp[0m
[0m2022-07-22 04:47:03 V/Net 2452548710: Recv: wtlogin.exchange_emp[0m
[0m2022-07-22 04:47:03 V/Net 2452548710: Send: StatSvc.register(online)[0m
[92m2022-07-22 04:47:03 I/Net 2452548710: Server time updated, serverTime: 1658436423, diff: 0ms=0.0s[0m
[0m2022-07-22 04:47:03 V/Net 2452548710: Recv: StatSvc.register[0m
[0m2022-07-22 04:47:03 V/Net 2452548710: Loading BdhSession from cache file[0m
[92m2022-07-22 04:47:03 I/Net 2452548710: Syncing friend message history...[0m
[92m2022-07-22 04:47:03 I/Net 2452548710: Start loading friend list...[0m
[92m2022-07-22 04:47:03 I/Net 2452548710: Start loading stranger list...[0m
[0m2022-07-22 04:47:03 V/Net 2452548710: Send: StatSvc.GetDevLoginInfo(StatSvc.GetDevLoginInfo)[0m
[0m2022-07-22 04:47:03 V/Net 2452548710: Send: OidbSvc.0x496(OidbSvc.0x496)[0m
[0m2022-07-22 04:47:03 V/Net 2452548710: Send: OidbSvc.0x5d2_0(OidbSvc.0x5d2_0)[0m
[0m2022-07-22 04:47:03 V/Net 2452548710: Send: friendlist.getFriendGroupList(friendlist.getFriendGroupList)[0m
[0m2022-07-22 04:47:03 V/Net 2452548710: Recv: OidbSvc.0x5d2_0[0m
[92m2022-07-22 04:47:03 I/Net 2452548710: Successfully loaded stranger list: 0 in total[0m
[0m2022-07-22 04:47:03 V/Net 2452548710: Recv: OidbSvc.0x496[0m
[92m2022-07-22 04:47:03 I/Net 2452548710: Start loading group list...[0m
[0m2022-07-22 04:47:03 V/Net 2452548710: Send: friendlist.GetTroopListReqV2(friendlist.GetTroopListReqV2)[0m
[0m2022-07-22 04:47:03 V/Net 2452548710: Recv: StatSvc.GetDevLoginInfo[0m
[92m2022-07-22 04:47:03 I/Net 2452548710: No OtherClient online.[0m
[0m2022-07-22 04:47:03 V/Net 2452548710: Recv: friendlist.getFriendGroupList[0m
[0m2022-07-22 04:47:03 V/Net 2452548710: Loading friend list: 5/5[0m
[92m2022-07-22 04:47:03 I/Net 2452548710: Successfully loaded friend list: 5 in total[0m
[92m2022-07-22 04:47:03 I/Net 2452548710: Syncing friend message history: Success.[0m
[0m2022-07-22 04:47:03 V/Net 2452548710: Recv: friendlist.GetTroopListReqV2[0m
[0m2022-07-22 04:47:03 V/Net 2452548710: Send: friendlist.GetTroopMemberListReq(friendlist.GetTroopMemberListReq)[0m
[0m2022-07-22 04:47:03 V/Net 2452548710: Send: friendlist.GetTroopMemberListReq(friendlist.GetTroopMemberListReq)[0m
[0m2022-07-22 04:47:03 V/Net 2452548710: Send: friendlist.GetTroopMemberListReq(friendlist.GetTroopMemberListReq)[0m
[0m2022-07-22 04:47:03 V/Net 2452548710: Send: friendlist.GetTroopMemberListReq(friendlist.GetTroopMemberListReq)[0m
[0m2022-07-22 04:47:03 V/Net 2452548710: Send: friendlist.GetTroopMemberListReq(friendlist.GetTroopMemberListReq)[0m
[0m2022-07-22 04:47:03 V/Net 2452548710: Send: friendlist.GetTroopMemberListReq(friendlist.GetTroopMemberListReq)[0m
[0m2022-07-22 04:47:03 V/Net 2452548710: Send: friendlist.GetTroopMemberListReq(friendlist.GetTroopMemberListReq)[0m
[0m2022-07-22 04:47:03 V/Net 2452548710: Send: friendlist.GetTroopMemberListReq(friendlist.GetTroopMemberListReq)[0m
[0m2022-07-22 04:47:04 V/Net 2452548710: Recv: friendlist.GetTroopMemberListReq[0m
[0m2022-07-22 04:47:04 V/Net 2452548710: Recv: friendlist.GetTroopMemberListReq[0m
[0m2022-07-22 04:47:04 V/Net 2452548710: Recv: friendlist.GetTroopMemberListReq[0m
[0m2022-07-22 04:47:04 V/Net 2452548710: Recv: friendlist.GetTroopMemberListReq[0m
[0m2022-07-22 04:47:04 V/Net 2452548710: Recv: friendlist.GetTroopMemberListReq[0m
[0m2022-07-22 04:47:04 V/Net 2452548710: Recv: friendlist.GetTroopMemberListReq[0m
[0m2022-07-22 04:47:04 V/Net 2452548710: Recv: friendlist.GetTroopMemberListReq[0m
[0m2022-07-22 04:47:04 V/Net 2452548710: Recv: friendlist.GetTroopMemberListReq[0m
[92m2022-07-22 04:47:04 I/Net 2452548710: Successfully loaded group list: 8 in total.[0m
[92m2022-07-22 04:47:04 I/Net 2452548710: Scheduled refresh login session in 19d 23h 55min 0.0s.[0m
[92m2022-07-22 04:47:04 I/Net 2452548710: Scheduled key refresh in 23h 55min 0.0s.[0m
[0m2022-07-22 04:47:06 V/Net 2452548710: Saving bdh session to cache[0m
[0m2022-07-22 04:47:06 V/Net 2452548710: Send: ConfigPushSvc.PushResp(ConfigPushSvc.PushResp)[0m
[0m2022-07-22 04:47:06 V/Net 2452548710: Recv: ConfigPushSvc.PushReq[0m
[0m2022-07-22 04:47:41 V/Net 2452548710: Send: MessageSvc.PbSendMsg(MessageSvc.PbSendMsg)[0m
[0m2022-07-22 04:47:41 V/Net 2452548710: Recv: MessageSvc.PbSendMsg[0m
[0m2022-07-22 04:47:41 V/Net 2452548710: Send: MessageSvc.PbSendMsg(MessageSvc.PbSendMsg)[0m
[0m2022-07-22 04:47:41 V/Net 2452548710: Recv: MessageSvc.PbSendMsg[0m
[0m2022-07-22 04:47:41 V/Net 2452548710: Send: MessageSvc.PbSendMsg(MessageSvc.PbSendMsg)[0m
[0m2022-07-22 04:47:41 V/Net 2452548710: Recv: MessageSvc.PbSendMsg[0m
[0m2022-07-22 04:47:41 V/Net 2452548710: Send: MessageSvc.PbSendMsg(MessageSvc.PbSendMsg)[0m
[0m2022-07-22 04:47:42 V/Net 2452548710: Recv: MessageSvc.PbSendMsg[0m
[0m2022-07-22 04:47:42 V/Net 2452548710: Send: MessageSvc.PbSendMsg(MessageSvc.PbSendMsg)[0m
[0m2022-07-22 04:47:42 V/Net 2452548710: Recv: MessageSvc.PbSendMsg[0m
[0m2022-07-22 04:47:42 V/Net 2452548710: Send: MessageSvc.PbSendMsg(MessageSvc.PbSendMsg)[0m
[0m2022-07-22 04:47:42 V/Net 2452548710: Recv: MessageSvc.PbSendMsg[0m
[0m2022-07-22 04:47:42 V/Net 2452548710: Send: LongConn.OffPicUp(LongConn.OffPicUp)[0m
[0m2022-07-22 04:47:42 V/Net 2452548710: Recv: LongConn.OffPicUp[0m
[0m2022-07-22 04:47:42 V/Net 2452548710: Send: LongConn.OffPicUp(LongConn.OffPicUp)[0m
[0m2022-07-22 04:47:43 V/Net 2452548710: Recv: LongConn.OffPicUp[0m
[0m2022-07-22 04:47:43 V/Net 2452548710: Send: MessageSvc.PbSendMsg(MessageSvc.PbSendMsg)[0m
[0m2022-07-22 04:47:43 V/Net 2452548710: Recv: MessageSvc.PbSendMsg[0m
[0m2022-07-22 04:47:43 V/Net 2452548710: Send: ImgStore.GroupPicUp(ImgStore.GroupPicUp)[0m
[0m2022-07-22 04:47:43 V/Net 2452548710: Recv: ImgStore.GroupPicUp[0m
[0m2022-07-22 04:47:43 V/Net 2452548710: Send: MessageSvc.PbSendMsg(MessageSvc.PbSendMsg)[0m
[0m2022-07-22 04:47:44 V/Net 2452548710: Recv: MessageSvc.PbSendMsg[0m
[0m2022-07-22 04:47:44 V/Net 2452548710: Send: MessageSvc.PbSendMsg(MessageSvc.PbSendMsg)[0m
[0m2022-07-22 04:47:44 V/Net 2452548710: Recv: MessageSvc.PbSendMsg[0m
[0m2022-07-22 04:47:44 V/Net 2452548710: Send: LongConn.OffPicUp(LongConn.OffPicUp)[0m
[0m2022-07-22 04:47:45 V/Net 2452548710: Recv: LongConn.OffPicUp[0m
[0m2022-07-22 04:47:45 V/Net 2452548710: Send: LongConn.OffPicUp(LongConn.OffPicUp)[0m
[0m2022-07-22 04:47:45 V/Net 2452548710: Recv: LongConn.OffPicUp[0m
[0m2022-07-22 04:47:45 V/Net 2452548710: Send: MessageSvc.PbSendMsg(MessageSvc.PbSendMsg)[0m
[0m2022-07-22 04:47:45 V/Net 2452548710: Recv: MessageSvc.PbSendMsg[0m
[0m2022-07-22 04:47:45 V/Net 2452548710: Send: ImgStore.GroupPicUp(ImgStore.GroupPicUp)[0m
[0m2022-07-22 04:47:45 V/Net 2452548710: Recv: ImgStore.GroupPicUp[0m
[0m2022-07-22 04:47:45 V/Net 2452548710: Send: MessageSvc.PbSendMsg(MessageSvc.PbSendMsg)[0m
[0m2022-07-22 04:47:46 V/Net 2452548710: Recv: MessageSvc.PbSendMsg[0m
[0m2022-07-22 04:47:55 V/Net 2452548710: Send: MessageSvc.PbSendMsg(MessageSvc.PbSendMsg)[0m
[0m2022-07-22 04:47:55 V/Net 2452548710: Recv: MessageSvc.PbSendMsg[0m
[0m2022-07-22 04:48:03 V/Net 2452548710: Send: MessageSvc.PbSendMsg(MessageSvc.PbSendMsg)[0m
[0m2022-07-22 04:48:03 V/Net 2452548710: Recv: MessageSvc.PbSendMsg[0m
[0m2022-07-22 04:48:03 V/Net 2452548710: Send: LongConn.OffPicUp(LongConn.OffPicUp)[0m
[0m2022-07-22 04:48:04 V/Net 2452548710: Recv: LongConn.OffPicUp[0m
[0m2022-07-22 04:48:04 V/Net 2452548710: Send: MessageSvc.PbSendMsg(MessageSvc.PbSendMsg)[0m
[0m2022-07-22 04:48:04 V/Net 2452548710: Recv: MessageSvc.PbSendMsg[0m
[0m2022-07-22 04:49:33 V/Net 2452548710: Send: MessageSvc.PbSendMsg(MessageSvc.PbSendMsg)[0m
[0m2022-07-22 04:49:33 V/Net 2452548710: Recv: MessageSvc.PbSendMsg[0m
[0m2022-07-22 04:49:34 V/Net 2452548710: Send: ImgStore.GroupPicUp(ImgStore.GroupPicUp)[0m
[0m2022-07-22 04:49:34 V/Net 2452548710: Recv: ImgStore.GroupPicUp[0m
[0m2022-07-22 04:49:34 V/Net 2452548710: Send: ImgStore.GroupPicUp(ImgStore.GroupPicUp)[0m
[0m2022-07-22 04:49:34 V/Net 2452548710: Recv: ImgStore.GroupPicUp[0m
[0m2022-07-22 04:49:34 V/Net 2452548710: Send: MessageSvc.PbSendMsg(MessageSvc.PbSendMsg)[0m
[0m2022-07-22 04:49:35 V/Net 2452548710: Recv: MessageSvc.PbSendMsg[0m
[0m2022-07-22 04:49:35 V/Net 2452548710: Send: ImgStore.GroupPicUp(ImgStore.GroupPicUp)[0m
[0m2022-07-22 04:49:35 V/Net 2452548710: Recv: ImgStore.GroupPicUp[0m
[0m2022-07-22 04:49:35 V/Net 2452548710: Send: ImgStore.GroupPicUp(ImgStore.GroupPicUp)[0m
[0m2022-07-22 04:49:35 V/Net 2452548710: Recv: ImgStore.GroupPicUp[0m
[0m2022-07-22 04:49:35 V/Net 2452548710: Send: ImgStore.GroupPicUp(ImgStore.GroupPicUp)[0m
[0m2022-07-22 04:49:36 V/Net 2452548710: Recv: ImgStore.GroupPicUp[0m
[0m2022-07-22 04:49:36 V/Net 2452548710: Send: MessageSvc.PbSendMsg(MessageSvc.PbSendMsg)[0m
[0m2022-07-22 04:49:36 V/Net 2452548710: Recv: MessageSvc.PbSendMsg[0m
[0m2022-07-22 04:49:36 V/Net 2452548710: Send: MessageSvc.PbSendMsg(MessageSvc.PbSendMsg)[0m
[0m2022-07-22 04:49:37 V/Net 2452548710: Recv: MessageSvc.PbSendMsg[0m
[0m2022-07-22 04:49:37 V/Net 2452548710: Send: MessageSvc.PbSendMsg(MessageSvc.PbSendMsg)[0m
[0m2022-07-22 04:49:37 V/Net 2452548710: Recv: MessageSvc.PbSendMsg[0m
[0m2022-07-22 04:49:37 V/Net 2452548710: Send: MessageSvc.PbSendMsg(MessageSvc.PbSendMsg)[0m
[0m2022-07-22 04:49:37 V/Net 2452548710: Recv: MessageSvc.PbSendMsg[0m
[0m2022-07-22 04:49:37 V/Net 2452548710: Send: LongConn.OffPicUp(LongConn.OffPicUp)[0m
[0m2022-07-22 04:49:38 V/Net 2452548710: Recv: LongConn.OffPicUp[0m
[0m2022-07-22 04:49:38 V/Net 2452548710: Send: LongConn.OffPicUp(LongConn.OffPicUp)[0m
[0m2022-07-22 04:49:38 V/Net 2452548710: Recv: LongConn.OffPicUp[0m
[0m2022-07-22 04:49:38 V/Net 2452548710: Send: MessageSvc.PbSendMsg(MessageSvc.PbSendMsg)[0m
[0m2022-07-22 04:49:38 V/Net 2452548710: Recv: MessageSvc.PbSendMsg[0m
[0m2022-07-22 04:49:38 V/Net 2452548710: Send: ImgStore.GroupPicUp(ImgStore.GroupPicUp)[0m
[0m2022-07-22 04:49:38 V/Net 2452548710: Recv: ImgStore.GroupPicUp[0m
[0m2022-07-22 04:49:38 V/Net 2452548710: Send: MessageSvc.PbSendMsg(MessageSvc.PbSendMsg)[0m
[0m2022-07-22 04:49:39 V/Net 2452548710: Recv: MessageSvc.PbSendMsg[0m
[0m2022-07-22 04:49:39 V/Net 2452548710: Send: MessageSvc.PbSendMsg(MessageSvc.PbSendMsg)[0m
[0m2022-07-22 04:49:39 V/Net 2452548710: Recv: MessageSvc.PbSendMsg[0m
[0m2022-07-22 04:49:39 V/Net 2452548710: Send: LongConn.OffPicUp(LongConn.OffPicUp)[0m
[0m2022-07-22 04:49:39 V/Net 2452548710: Recv: LongConn.OffPicUp[0m
[0m2022-07-22 04:49:39 V/Net 2452548710: Send: LongConn.OffPicUp(LongConn.OffPicUp)[0m
[0m2022-07-22 04:49:40 V/Net 2452548710: Recv: LongConn.OffPicUp[0m
[0m2022-07-22 04:49:40 V/Net 2452548710: Send: MessageSvc.PbSendMsg(MessageSvc.PbSendMsg)[0m
[0m2022-07-22 04:49:40 V/Net 2452548710: Recv: MessageSvc.PbSendMsg[0m
[0m2022-07-22 04:49:40 V/Net 2452548710: Send: ImgStore.GroupPicUp(ImgStore.GroupPicUp)[0m
[0m2022-07-22 04:49:40 V/Net 2452548710: Recv: ImgStore.GroupPicUp[0m
[0m2022-07-22 04:49:40 V/Net 2452548710: Send: MessageSvc.PbSendMsg(MessageSvc.PbSendMsg)[0m
[0m2022-07-22 04:49:41 V/Net 2452548710: Recv: MessageSvc.PbSendMsg[0m
[0m2022-07-22 04:50:07 V/Net 2452548710: Send: MessageSvc.PbSendMsg(MessageSvc.PbSendMsg)[0m
[0m2022-07-22 04:50:07 V/Net 2452548710: Recv: MessageSvc.PbSendMsg[0m
[0m2022-07-22 04:50:07 V/Net 2452548710: Send: LongConn.OffPicUp(LongConn.OffPicUp)[0m
[0m2022-07-22 04:50:08 V/Net 2452548710: Recv: LongConn.OffPicUp[0m
[0m2022-07-22 04:50:08 V/Net 2452548710: Send: MessageSvc.PbSendMsg(MessageSvc.PbSendMsg)[0m
[0m2022-07-22 04:50:08 V/Net 2452548710: Recv: MessageSvc.PbSendMsg[0m
[0m2022-07-22 04:50:08 V/Net 2452548710: Send: ImgStore.GroupPicUp(ImgStore.GroupPicUp)[0m
[0m2022-07-22 04:50:08 V/Net 2452548710: Recv: ImgStore.GroupPicUp[0m
[0m2022-07-22 04:50:08 V/Net 2452548710: Send: ImgStore.GroupPicUp(ImgStore.GroupPicUp)[0m
[0m2022-07-22 04:50:08 V/Net 2452548710: Recv: ImgStore.GroupPicUp[0m
[0m2022-07-22 04:50:08 V/Net 2452548710: Send: ImgStore.GroupPicUp(ImgStore.GroupPicUp)[0m
[0m2022-07-22 04:50:09 V/Net 2452548710: Recv: ImgStore.GroupPicUp[0m
[0m2022-07-22 04:50:09 V/Net 2452548710: Send: MessageSvc.PbSendMsg(MessageSvc.PbSendMsg)[0m
[0m2022-07-22 04:50:09 V/Net 2452548710: Recv: MessageSvc.PbSendMsg[0m
[0m2022-07-22 04:50:09 V/Net 2452548710: Send: ImgStore.GroupPicUp(ImgStore.GroupPicUp)[0m
[0m2022-07-22 04:50:09 V/Net 2452548710: Recv: ImgStore.GroupPicUp[0m
[0m2022-07-22 04:50:09 V/Net 2452548710: Send: ImgStore.GroupPicUp(ImgStore.GroupPicUp)[0m
[0m2022-07-22 04:50:10 V/Net 2452548710: Recv: ImgStore.GroupPicUp[0m
[0m2022-07-22 04:50:10 V/Net 2452548710: Send: MessageSvc.PbSendMsg(MessageSvc.PbSendMsg)[0m
[0m2022-07-22 04:50:10 V/Net 2452548710: Recv: MessageSvc.PbSendMsg[0m
[0m2022-07-22 04:50:10 V/Net 2452548710: Send: MessageSvc.PbSendMsg(MessageSvc.PbSendMsg)[0m
[0m2022-07-22 04:50:11 V/Net 2452548710: Recv: MessageSvc.PbSendMsg[0m
[0m2022-07-22 04:50:11 V/Net 2452548710: Send: MessageSvc.PbSendMsg(MessageSvc.PbSendMsg)[0m
[0m2022-07-22 04:50:11 V/Net 2452548710: Recv: MessageSvc.PbSendMsg[0m
[0m2022-07-22 04:50:11 V/Net 2452548710: Send: MessageSvc.PbSendMsg(MessageSvc.PbSendMsg)[0m
[0m2022-07-22 04:50:11 V/Net 2452548710: Recv: MessageSvc.PbSendMsg[0m
[0m2022-07-22 04:50:11 V/Net 2452548710: Send: LongConn.OffPicUp(LongConn.OffPicUp)[0m
[0m2022-07-22 04:50:12 V/Net 2452548710: Recv: LongConn.OffPicUp[0m
[0m2022-07-22 04:50:12 V/Net 2452548710: Send: LongConn.OffPicUp(LongConn.OffPicUp)[0m
[0m2022-07-22 04:50:12 V/Net 2452548710: Recv: LongConn.OffPicUp[0m
[0m2022-07-22 04:50:12 V/Net 2452548710: Send: MessageSvc.PbSendMsg(MessageSvc.PbSendMsg)[0m
[0m2022-07-22 04:50:13 V/Net 2452548710: Recv: MessageSvc.PbSendMsg[0m
[0m2022-07-22 04:50:13 V/Net 2452548710: Send: ImgStore.GroupPicUp(ImgStore.GroupPicUp)[0m
[0m2022-07-22 04:50:13 V/Net 2452548710: Recv: ImgStore.GroupPicUp[0m
[0m2022-07-22 04:50:13 V/Net 2452548710: Send: MessageSvc.PbSendMsg(MessageSvc.PbSendMsg)[0m
[0m2022-07-22 04:50:14 V/Net 2452548710: Recv: MessageSvc.PbSendMsg[0m
[0m2022-07-22 04:50:14 V/Net 2452548710: Send: MessageSvc.PbSendMsg(MessageSvc.PbSendMsg)[0m
[0m2022-07-22 04:50:14 V/Net 2452548710: Recv: MessageSvc.PbSendMsg[0m
[0m2022-07-22 04:50:14 V/Net 2452548710: Send: LongConn.OffPicUp(LongConn.OffPicUp)[0m
[0m2022-07-22 04:50:14 V/Net 2452548710: Recv: LongConn.OffPicUp[0m
[0m2022-07-22 04:50:14 V/Net 2452548710: Send: LongConn.OffPicUp(LongConn.OffPicUp)[0m
[0m2022-07-22 04:50:15 V/Net 2452548710: Recv: LongConn.OffPicUp[0m
[0m2022-07-22 04:50:15 V/Net 2452548710: Send: MessageSvc.PbSendMsg(MessageSvc.PbSendMsg)[0m
[0m2022-07-22 04:50:15 V/Net 2452548710: Recv: MessageSvc.PbSendMsg[0m
[0m2022-07-22 04:50:15 V/Net 2452548710: Send: ImgStore.GroupPicUp(ImgStore.GroupPicUp)[0m
[0m2022-07-22 04:50:16 V/Net 2452548710: Recv: ImgStore.GroupPicUp[0m
[0m2022-07-22 04:50:16 V/Net 2452548710: Send: MessageSvc.PbSendMsg(MessageSvc.PbSendMsg)[0m
[0m2022-07-22 04:50:16 V/Net 2452548710: Recv: MessageSvc.PbSendMsg[0m
[0m2022-07-22 04:50:20 V/Net 2452548710: Send: MessageSvc.PbSendMsg(MessageSvc.PbSendMsg)[0m
[0m2022-07-22 04:50:21 V/Net 2452548710: Recv: MessageSvc.PbSendMsg[0m
[0m2022-07-22 04:50:21 V/Net 2452548710: Send: LongConn.OffPicUp(LongConn.OffPicUp)[0m
[0m2022-07-22 04:50:21 V/Net 2452548710: Recv: LongConn.OffPicUp[0m
[0m2022-07-22 04:50:21 V/Net 2452548710: Send: MessageSvc.PbSendMsg(MessageSvc.PbSendMsg)[0m
[0m2022-07-22 04:50:21 V/Net 2452548710: Recv: MessageSvc.PbSendMsg[0m
[0m2022-07-22 04:50:38 V/Net 2452548710: Send: MessageSvc.PbSendMsg(MessageSvc.PbSendMsg)[0m
[0m2022-07-22 04:50:39 V/Net 2452548710: Recv: MessageSvc.PbSendMsg[0m
[0m2022-07-22 04:50:39 V/Net 2452548710: Send: LongConn.OffPicUp(LongConn.OffPicUp)[0m
[0m2022-07-22 04:50:39 V/Net 2452548710: Recv: LongConn.OffPicUp[0m
[0m2022-07-22 04:50:39 V/Net 2452548710: Send: MessageSvc.PbSendMsg(MessageSvc.PbSendMsg)[0m
[0m2022-07-22 04:50:40 V/Net 2452548710: Recv: MessageSvc.PbSendMsg[0m
[0m2022-07-22 04:50:50 V/Net 2452548710: Send: MessageSvc.PbSendMsg(MessageSvc.PbSendMsg)[0m
[0m2022-07-22 04:50:50 V/Net 2452548710: Recv: MessageSvc.PbSendMsg[0m
[0m2022-07-22 04:50:50 V/Net 2452548710: Send: ImgStore.GroupPicUp(ImgStore.GroupPicUp)[0m
[0m2022-07-22 04:50:51 V/Net 2452548710: Recv: ImgStore.GroupPicUp[0m
[0m2022-07-22 04:50:51 V/Net 2452548710: Send: ImgStore.GroupPicUp(ImgStore.GroupPicUp)[0m
[0m2022-07-22 04:50:51 V/Net 2452548710: Recv: ImgStore.GroupPicUp[0m
[0m2022-07-22 04:50:51 V/Net 2452548710: Send: ImgStore.GroupPicUp(ImgStore.GroupPicUp)[0m
[0m2022-07-22 04:50:51 V/Net 2452548710: Recv: ImgStore.GroupPicUp[0m
[0m2022-07-22 04:50:51 V/Net 2452548710: Send: MessageSvc.PbSendMsg(MessageSvc.PbSendMsg)[0m
[0m2022-07-22 04:50:52 V/Net 2452548710: Recv: MessageSvc.PbSendMsg[0m
[0m2022-07-22 04:50:52 V/Net 2452548710: Send: ImgStore.GroupPicUp(ImgStore.GroupPicUp)[0m
[0m2022-07-22 04:50:52 V/Net 2452548710: Recv: ImgStore.GroupPicUp[0m
[0m2022-07-22 04:50:52 V/Net 2452548710: Send: ImgStore.GroupPicUp(ImgStore.GroupPicUp)[0m
[0m2022-07-22 04:50:52 V/Net 2452548710: Recv: ImgStore.GroupPicUp[0m
[0m2022-07-22 04:50:52 V/Net 2452548710: Send: ImgStore.GroupPicUp(ImgStore.GroupPicUp)[0m
[0m2022-07-22 04:50:53 V/Net 2452548710: Recv: ImgStore.GroupPicUp[0m
[0m2022-07-22 04:50:53 V/Net 2452548710: Send: MessageSvc.PbSendMsg(MessageSvc.PbSendMsg)[0m
[0m2022-07-22 04:50:53 V/Net 2452548710: Recv: MessageSvc.PbSendMsg[0m
[0m2022-07-22 04:50:53 V/Net 2452548710: Send: MessageSvc.PbSendMsg(MessageSvc.PbSendMsg)[0m
[0m2022-07-22 04:50:54 V/Net 2452548710: Recv: MessageSvc.PbSendMsg[0m
[0m2022-07-22 04:50:54 V/Net 2452548710: Send: MessageSvc.PbSendMsg(MessageSvc.PbSendMsg)[0m
[0m2022-07-22 04:50:54 V/Net 2452548710: Recv: MessageSvc.PbSendMsg[0m
[0m2022-07-22 04:50:54 V/Net 2452548710: Send: LongConn.OffPicUp(LongConn.OffPicUp)[0m
[0m2022-07-22 04:50:54 V/Net 2452548710: Recv: LongConn.OffPicUp[0m
[0m2022-07-22 04:50:54 V/Net 2452548710: Send: LongConn.OffPicUp(LongConn.OffPicUp)[0m
[0m2022-07-22 04:50:54 V/Net 2452548710: Recv: LongConn.OffPicUp[0m
[0m2022-07-22 04:50:54 V/Net 2452548710: Send: MessageSvc.PbSendMsg(MessageSvc.PbSendMsg)[0m
[0m2022-07-22 04:50:55 V/Net 2452548710: Recv: MessageSvc.PbSendMsg[0m
[0m2022-07-22 04:50:55 V/Net 2452548710: Send: ImgStore.GroupPicUp(ImgStore.GroupPicUp)[0m
[0m2022-07-22 04:50:55 V/Net 2452548710: Recv: ImgStore.GroupPicUp[0m
[0m2022-07-22 04:50:55 V/Net 2452548710: Send: MessageSvc.PbSendMsg(MessageSvc.PbSendMsg)[0m
[0m2022-07-22 04:50:56 V/Net 2452548710: Recv: MessageSvc.PbSendMsg[0m
[0m2022-07-22 04:50:56 V/Net 2452548710: Send: MessageSvc.PbSendMsg(MessageSvc.PbSendMsg)[0m
[0m2022-07-22 04:50:56 V/Net 2452548710: Recv: MessageSvc.PbSendMsg[0m
[0m2022-07-22 04:50:56 V/Net 2452548710: Send: LongConn.OffPicUp(LongConn.OffPicUp)[0m
[0m2022-07-22 04:50:56 V/Net 2452548710: Recv: LongConn.OffPicUp[0m
[0m2022-07-22 04:50:56 V/Net 2452548710: Send: LongConn.OffPicUp(LongConn.OffPicUp)[0m
[0m2022-07-22 04:50:57 V/Net 2452548710: Recv: LongConn.OffPicUp[0m
[0m2022-07-22 04:50:57 V/Net 2452548710: Send: MessageSvc.PbSendMsg(MessageSvc.PbSendMsg)[0m
[0m2022-07-22 04:50:57 V/Net 2452548710: Recv: MessageSvc.PbSendMsg[0m
[0m2022-07-22 04:50:57 V/Net 2452548710: Send: ImgStore.GroupPicUp(ImgStore.GroupPicUp)[0m
[0m2022-07-22 04:50:58 V/Net 2452548710: Recv: ImgStore.GroupPicUp[0m
[0m2022-07-22 04:50:58 V/Net 2452548710: Send: MessageSvc.PbSendMsg(MessageSvc.PbSendMsg)[0m
[0m2022-07-22 04:50:58 V/Net 2452548710: Recv: MessageSvc.PbSendMsg[0m
[0m2022-07-22 04:52:49 V/Net 2452548710: Send: MessageSvc.PbSendMsg(MessageSvc.PbSendMsg)[0m
[0m2022-07-22 04:52:49 V/Net 2452548710: Recv: MessageSvc.PbSendMsg[0m
[0m2022-07-22 04:52:55 V/Net 2452548710: Send: MessageSvc.PbSendMsg(MessageSvc.PbSendMsg)[0m
[0m2022-07-22 04:52:56 V/Net 2452548710: Recv: MessageSvc.PbSendMsg[0m
[0m2022-07-22 04:52:56 V/Net 2452548710: Send: LongConn.OffPicUp(LongConn.OffPicUp)[0m
[0m2022-07-22 04:52:56 V/Net 2452548710: Recv: LongConn.OffPicUp[0m
[0m2022-07-22 04:52:56 V/Net 2452548710: Send: MessageSvc.PbSendMsg(MessageSvc.PbSendMsg)[0m
[0m2022-07-22 04:52:56 V/Net 2452548710: Recv: MessageSvc.PbSendMsg[0m
[0m2022-07-22 04:53:15 V/Net 2452548710: Send: MessageSvc.PbSendMsg(MessageSvc.PbSendMsg)[0m
[0m2022-07-22 04:53:15 V/Net 2452548710: Recv: MessageSvc.PbSendMsg[0m
[0m2022-07-22 04:53:15 V/Net 2452548710: Send: ImgStore.GroupPicUp(ImgStore.GroupPicUp)[0m
[0m2022-07-22 04:53:15 V/Net 2452548710: Recv: ImgStore.GroupPicUp[0m
[0m2022-07-22 04:53:15 V/Net 2452548710: Send: ImgStore.GroupPicUp(ImgStore.GroupPicUp)[0m
[0m2022-07-22 04:53:15 V/Net 2452548710: Recv: ImgStore.GroupPicUp[0m
[0m2022-07-22 04:53:15 V/Net 2452548710: Send: MessageSvc.PbSendMsg(MessageSvc.PbSendMsg)[0m
[0m2022-07-22 04:53:16 V/Net 2452548710: Recv: MessageSvc.PbSendMsg[0m
[0m2022-07-22 04:53:16 V/Net 2452548710: Send: ImgStore.GroupPicUp(ImgStore.GroupPicUp)[0m
[0m2022-07-22 04:53:16 V/Net 2452548710: Recv: ImgStore.GroupPicUp[0m
[0m2022-07-22 04:53:16 V/Net 2452548710: Send: ImgStore.GroupPicUp(ImgStore.GroupPicUp)[0m
[0m2022-07-22 04:53:16 V/Net 2452548710: Recv: ImgStore.GroupPicUp[0m
[0m2022-07-22 04:53:16 V/Net 2452548710: Send: ImgStore.GroupPicUp(ImgStore.GroupPicUp)[0m
[0m2022-07-22 04:53:16 V/Net 2452548710: Recv: ImgStore.GroupPicUp[0m
[0m2022-07-22 04:53:16 V/Net 2452548710: Send: MessageSvc.PbSendMsg(MessageSvc.PbSendMsg)[0m
[0m2022-07-22 04:53:17 V/Net 2452548710: Recv: MessageSvc.PbSendMsg[0m
[0m2022-07-22 04:53:17 V/Net 2452548710: Send: MessageSvc.PbSendMsg(MessageSvc.PbSendMsg)[0m
[0m2022-07-22 04:53:18 V/Net 2452548710: Recv: MessageSvc.PbSendMsg[0m
[0m2022-07-22 04:53:18 V/Net 2452548710: Send: MessageSvc.PbSendMsg(MessageSvc.PbSendMsg)[0m
[0m2022-07-22 04:53:18 V/Net 2452548710: Recv: MessageSvc.PbSendMsg[0m
[0m2022-07-22 04:53:18 V/Net 2452548710: Send: MessageSvc.PbSendMsg(MessageSvc.PbSendMsg)[0m
[0m2022-07-22 04:53:18 V/Net 2452548710: Recv: MessageSvc.PbSendMsg[0m
[0m2022-07-22 04:53:18 V/Net 2452548710: Send: LongConn.OffPicUp(LongConn.OffPicUp)[0m
[0m2022-07-22 04:53:18 V/Net 2452548710: Recv: LongConn.OffPicUp[0m
[0m2022-07-22 04:53:18 V/Net 2452548710: Send: LongConn.OffPicUp(LongConn.OffPicUp)[0m
[0m2022-07-22 04:53:19 V/Net 2452548710: Recv: LongConn.OffPicUp[0m
[0m2022-07-22 04:53:19 V/Net 2452548710: Send: MessageSvc.PbSendMsg(MessageSvc.PbSendMsg)[0m
[0m2022-07-22 04:53:19 V/Net 2452548710: Recv: MessageSvc.PbSendMsg[0m
[0m2022-07-22 04:53:19 V/Net 2452548710: Send: ImgStore.GroupPicUp(ImgStore.GroupPicUp)[0m
[0m2022-07-22 04:53:20 V/Net 2452548710: Recv: ImgStore.GroupPicUp[0m
[0m2022-07-22 04:53:20 V/Net 2452548710: Send: MessageSvc.PbSendMsg(MessageSvc.PbSendMsg)[0m
[0m2022-07-22 04:53:20 V/Net 2452548710: Recv: MessageSvc.PbSendMsg[0m
[0m2022-07-22 04:53:20 V/Net 2452548710: Send: MessageSvc.PbSendMsg(MessageSvc.PbSendMsg)[0m
[0m2022-07-22 04:53:21 V/Net 2452548710: Recv: MessageSvc.PbSendMsg[0m
[0m2022-07-22 04:53:21 V/Net 2452548710: Send: LongConn.OffPicUp(LongConn.OffPicUp)[0m
[0m2022-07-22 04:53:21 V/Net 2452548710: Recv: LongConn.OffPicUp[0m
[0m2022-07-22 04:53:21 V/Net 2452548710: Send: LongConn.OffPicUp(LongConn.OffPicUp)[0m
[0m2022-07-22 04:53:22 V/Net 2452548710: Recv: LongConn.OffPicUp[0m
[0m2022-07-22 04:53:22 V/Net 2452548710: Send: MessageSvc.PbSendMsg(MessageSvc.PbSendMsg)[0m
[0m2022-07-22 04:53:22 V/Net 2452548710: Recv: MessageSvc.PbSendMsg[0m
[0m2022-07-22 04:53:22 V/Net 2452548710: Send: ImgStore.GroupPicUp(ImgStore.GroupPicUp)[0m
[0m2022-07-22 04:53:22 V/Net 2452548710: Recv: ImgStore.GroupPicUp[0m
[0m2022-07-22 04:53:22 V/Net 2452548710: Send: MessageSvc.PbSendMsg(MessageSvc.PbSendMsg)[0m
[0m2022-07-22 04:53:22 V/Net 2452548710: Recv: MessageSvc.PbSendMsg[0m
[0m2022-07-22 04:53:51 V/Net 2452548710: Send: MessageSvc.PbSendMsg(MessageSvc.PbSendMsg)[0m
[0m2022-07-22 04:53:51 V/Net 2452548710: Recv: MessageSvc.PbSendMsg[0m
[0m2022-07-22 04:53:51 V/Net 2452548710: Send: LongConn.OffPicUp(LongConn.OffPicUp)[0m
[0m2022-07-22 04:53:51 V/Net 2452548710: Recv: LongConn.OffPicUp[0m
[0m2022-07-22 04:53:51 V/Net 2452548710: Send: MessageSvc.PbSendMsg(MessageSvc.PbSendMsg)[0m
[0m2022-07-22 04:53:52 V/Net 2452548710: Recv: MessageSvc.PbSendMsg[0m
[0m2022-07-22 04:54:37 V/Net 2452548710: Send: MessageSvc.PbSendMsg(MessageSvc.PbSendMsg)[0m
[0m2022-07-22 04:54:38 V/Net 2452548710: Recv: MessageSvc.PbSendMsg[0m
[0m2022-07-22 04:54:43 V/Net 2452548710: Send: MessageSvc.PbSendMsg(MessageSvc.PbSendMsg)[0m
[0m2022-07-22 04:54:43 V/Net 2452548710: Recv: MessageSvc.PbSendMsg[0m
[0m2022-07-22 04:54:43 V/Net 2452548710: Send: LongConn.OffPicUp(LongConn.OffPicUp)[0m
[0m2022-07-22 04:54:43 V/Net 2452548710: Recv: LongConn.OffPicUp[0m
[0m2022-07-22 04:54:43 V/Net 2452548710: Send: MessageSvc.PbSendMsg(MessageSvc.PbSendMsg)[0m
[0m2022-07-22 04:54:44 V/Net 2452548710: Recv: MessageSvc.PbSendMsg[0m
[0m2022-07-22 04:54:44 V/Net 2452548710: Send: ImgStore.GroupPicUp(ImgStore.GroupPicUp)[0m
[0m2022-07-22 04:54:44 V/Net 2452548710: Recv: ImgStore.GroupPicUp[0m
[0m2022-07-22 04:54:44 V/Net 2452548710: Send: ImgStore.GroupPicUp(ImgStore.GroupPicUp)[0m
[0m2022-07-22 04:54:44 V/Net 2452548710: Recv: ImgStore.GroupPicUp[0m
[0m2022-07-22 04:54:44 V/Net 2452548710: Send: ImgStore.GroupPicUp(ImgStore.GroupPicUp)[0m
[0m2022-07-22 04:54:44 V/Net 2452548710: Recv: ImgStore.GroupPicUp[0m
[0m2022-07-22 04:54:44 V/Net 2452548710: Send: ImgStore.GroupPicUp(ImgStore.GroupPicUp)[0m
[0m2022-07-22 04:54:45 V/Net 2452548710: Recv: ImgStore.GroupPicUp[0m
[0m2022-07-22 04:54:45 V/Net 2452548710: Send: MessageSvc.PbSendMsg(MessageSvc.PbSendMsg)[0m
[0m2022-07-22 04:54:45 V/Net 2452548710: Recv: MessageSvc.PbSendMsg[0m
[0m2022-07-22 04:54:45 V/Net 2452548710: Send: ImgStore.GroupPicUp(ImgStore.GroupPicUp)[0m
[0m2022-07-22 04:54:45 V/Net 2452548710: Recv: ImgStore.GroupPicUp[0m
[0m2022-07-22 04:54:45 V/Net 2452548710: Send: ImgStore.GroupPicUp(ImgStore.GroupPicUp)[0m
[0m2022-07-22 04:54:46 V/Net 2452548710: Recv: ImgStore.GroupPicUp[0m
[0m2022-07-22 04:54:46 V/Net 2452548710: Send: MessageSvc.PbSendMsg(MessageSvc.PbSendMsg)[0m
[0m2022-07-22 04:54:46 V/Net 2452548710: Recv: MessageSvc.PbSendMsg[0m
[0m2022-07-22 04:54:46 V/Net 2452548710: Send: MessageSvc.PbSendMsg(MessageSvc.PbSendMsg)[0m
[0m2022-07-22 04:54:47 V/Net 2452548710: Recv: MessageSvc.PbSendMsg[0m
[0m2022-07-22 04:54:47 V/Net 2452548710: Send: MessageSvc.PbSendMsg(MessageSvc.PbSendMsg)[0m
[0m2022-07-22 04:54:47 V/Net 2452548710: Recv: MessageSvc.PbSendMsg[0m
[0m2022-07-22 19:41:04 V/Net 2452548710: Loading server list from cache.[0m
[92m2022-07-22 19:41:04 I/Net 2452548710: Server list: 120.232.31.192:80, 120.232.69.226:80, 36.155.213.142:14000, 111.30.187.240:8080, 111.30.169.33:80, 111.31.200.210:8080, 111.31.205.244:443, 120.232.69.213:8080, 36.155.207.149:80, msfwifi.3g.qq.com:8080.[0m
[92m2022-07-22 19:41:05 I/Net 2452548710: ECDH key is valid.[0m
[0m2022-07-22 19:41:05 V/Net 2452548710: Send: wtlogin.exchange_emp[0m
[0m2022-07-22 19:41:05 V/Net 2452548710: Recv: wtlogin.exchange_emp[0m
[0m2022-07-22 19:41:05 V/Net 2452548710: Send: StatSvc.register(online)[0m
[92m2022-07-22 19:41:05 I/Net 2452548710: Server time updated, serverTime: 1658490065, diff: 0ms=0.0s[0m
[0m2022-07-22 19:41:05 V/Net 2452548710: Recv: StatSvc.register[0m
[0m2022-07-22 19:41:05 V/Net 2452548710: Loading BdhSession from cache file[0m
[92m2022-07-22 19:41:05 I/Net 2452548710: Syncing friend message history...[0m
[92m2022-07-22 19:41:05 I/Net 2452548710: Start loading friend list...[0m
[92m2022-07-22 19:41:05 I/Net 2452548710: Start loading stranger list...[0m
[0m2022-07-22 19:41:05 V/Net 2452548710: Send: StatSvc.GetDevLoginInfo(StatSvc.GetDevLoginInfo)[0m
[0m2022-07-22 19:41:05 V/Net 2452548710: Send: OidbSvc.0x496(OidbSvc.0x496)[0m
[0m2022-07-22 19:41:05 V/Net 2452548710: Send: friendlist.getFriendGroupList(friendlist.getFriendGroupList)[0m
[0m2022-07-22 19:41:05 V/Net 2452548710: Send: OidbSvc.0x5d2_0(OidbSvc.0x5d2_0)[0m
[0m2022-07-22 19:41:05 V/Net 2452548710: Recv: OidbSvc.0x5d2_0[0m
[92m2022-07-22 19:41:05 I/Net 2452548710: Successfully loaded stranger list: 0 in total[0m
[0m2022-07-22 19:41:05 V/Net 2452548710: Recv: StatSvc.GetDevLoginInfo[0m
[92m2022-07-22 19:41:05 I/Net 2452548710: No OtherClient online.[0m
[0m2022-07-22 19:41:05 V/Net 2452548710: Recv: OidbSvc.0x496[0m
[92m2022-07-22 19:41:05 I/Net 2452548710: Start loading group list...[0m
[0m2022-07-22 19:41:05 V/Net 2452548710: Send: friendlist.GetTroopListReqV2(friendlist.GetTroopListReqV2)[0m
[0m2022-07-22 19:41:05 V/Net 2452548710: Recv: friendlist.getFriendGroupList[0m
[0m2022-07-22 19:41:05 V/Net 2452548710: Loading friend list: 5/5[0m
[92m2022-07-22 19:41:05 I/Net 2452548710: Successfully loaded friend list: 5 in total[0m
[92m2022-07-22 19:41:05 I/Net 2452548710: Syncing friend message history: Success.[0m
[0m2022-07-22 19:41:05 V/Net 2452548710: Recv: friendlist.GetTroopListReqV2[0m
[0m2022-07-22 19:41:05 V/Net 2452548710: Send: friendlist.GetTroopMemberListReq(friendlist.GetTroopMemberListReq)[0m
[0m2022-07-22 19:41:05 V/Net 2452548710: Send: friendlist.GetTroopMemberListReq(friendlist.GetTroopMemberListReq)[0m
[0m2022-07-22 19:41:05 V/Net 2452548710: Send: friendlist.GetTroopMemberListReq(friendlist.GetTroopMemberListReq)[0m
[0m2022-07-22 19:41:05 V/Net 2452548710: Send: friendlist.GetTroopMemberListReq(friendlist.GetTroopMemberListReq)[0m
[0m2022-07-22 19:41:05 V/Net 2452548710: Send: friendlist.GetTroopMemberListReq(friendlist.GetTroopMemberListReq)[0m
[0m2022-07-22 19:41:05 V/Net 2452548710: Send: friendlist.GetTroopMemberListReq(friendlist.GetTroopMemberListReq)[0m
[0m2022-07-22 19:41:05 V/Net 2452548710: Send: friendlist.GetTroopMemberListReq(friendlist.GetTroopMemberListReq)[0m
[0m2022-07-22 19:41:05 V/Net 2452548710: Send: friendlist.GetTroopMemberListReq(friendlist.GetTroopMemberListReq)[0m
[0m2022-07-22 19:41:05 V/Net 2452548710: Recv: friendlist.GetTroopMemberListReq[0m
[0m2022-07-22 19:41:06 V/Net 2452548710: Recv: friendlist.GetTroopMemberListReq[0m
[0m2022-07-22 19:41:06 V/Net 2452548710: Recv: friendlist.GetTroopMemberListReq[0m
[0m2022-07-22 19:41:06 V/Net 2452548710: Recv: friendlist.GetTroopMemberListReq[0m
[0m2022-07-22 19:41:06 V/Net 2452548710: Recv: friendlist.GetTroopMemberListReq[0m
[0m2022-07-22 19:41:06 V/Net 2452548710: Recv: friendlist.GetTroopMemberListReq[0m
[0m2022-07-22 19:41:06 V/Net 2452548710: Recv: friendlist.GetTroopMemberListReq[0m
[0m2022-07-22 19:41:06 V/Net 2452548710: Recv: friendlist.GetTroopMemberListReq[0m
[92m2022-07-22 19:41:06 I/Net 2452548710: Successfully loaded group list: 8 in total.[0m
[92m2022-07-22 19:41:06 I/Net 2452548710: Scheduled key refresh in 23h 55min 0.0s.[0m
[92m2022-07-22 19:41:06 I/Net 2452548710: Scheduled refresh login session in 19d 23h 55min 0.0s.[0m
[92m2022-07-22 19:41:08 I/Net 2452548710: Server list: 36.155.210.174:80, 111.31.200.210:8080, msfwifi.3g.qq.com:8080, 120.232.22.229:80, 111.30.169.33:443, 111.31.200.210:80, 111.30.187.201:443, 36.155.201.156:14000, 120.232.69.190:80, 120.232.31.177:443.[0m
[0m2022-07-22 19:41:08 V/Net 2452548710: Saving bdh session to cache[0m
[0m2022-07-22 19:41:08 V/Net 2452548710: Saving server list to cache[0m
[0m2022-07-22 19:41:08 V/Net 2452548710: Send: ConfigPushSvc.PushResp(ConfigPushSvc.PushResp)[0m
[0m2022-07-22 19:41:08 V/Net 2452548710: Recv: ConfigPushSvc.PushReq[0m
[0m2022-07-22 19:41:08 V/Net 2452548710: Saving bdh session to cache[0m
[0m2022-07-22 19:41:08 V/Net 2452548710: Send: ConfigPushSvc.PushResp(ConfigPushSvc.PushResp)[0m
[0m2022-07-22 19:41:08 V/Net 2452548710: Recv: ConfigPushSvc.PushReq[0m
[0m2022-07-22 19:43:05 V/Net 2452548710: Send: MessageSvc.PbSendMsg(MessageSvc.PbSendMsg)[0m
[0m2022-07-22 19:43:06 V/Net 2452548710: Recv: MessageSvc.PbSendMsg[0m
[0m2022-07-22 19:43:06 V/Net 2452548710: Send: MessageSvc.PbSendMsg(MessageSvc.PbSendMsg)[0m
[0m2022-07-22 19:43:06 V/Net 2452548710: Recv: MessageSvc.PbSendMsg[0m
[0m2022-07-22 19:43:06 V/Net 2452548710: Send: MessageSvc.PbSendMsg(MessageSvc.PbSendMsg)[0m
[0m2022-07-22 19:43:06 V/Net 2452548710: Recv: MessageSvc.PbSendMsg[0m
[0m2022-07-22 19:43:06 V/Net 2452548710: Send: MessageSvc.PbSendMsg(MessageSvc.PbSendMsg)[0m
[0m2022-07-22 19:43:06 V/Net 2452548710: Recv: MessageSvc.PbSendMsg[0m
[0m2022-07-22 19:43:06 V/Net 2452548710: Send: MessageSvc.PbSendMsg(MessageSvc.PbSendMsg)[0m
[0m2022-07-22 19:43:07 V/Net 2452548710: Recv: MessageSvc.PbSendMsg[0m
[0m2022-07-22 19:43:07 V/Net 2452548710: Send: MessageSvc.PbSendMsg(MessageSvc.PbSendMsg)[0m
[0m2022-07-22 19:43:07 V/Net 2452548710: Recv: MessageSvc.PbSendMsg[0m
[0m2022-07-22 19:43:07 V/Net 2452548710: Send: LongConn.OffPicUp(LongConn.OffPicUp)[0m
[0m2022-07-22 19:43:07 V/Net 2452548710: Recv: LongConn.OffPicUp[0m
[0m2022-07-22 19:43:07 V/Net 2452548710: Send: LongConn.OffPicUp(LongConn.OffPicUp)[0m
[0m2022-07-22 19:43:08 V/Net 2452548710: Recv: LongConn.OffPicUp[0m
[0m2022-07-22 19:43:08 V/Net 2452548710: Send: MessageSvc.PbSendMsg(MessageSvc.PbSendMsg)[0m
[0m2022-07-22 19:43:08 V/Net 2452548710: Recv: MessageSvc.PbSendMsg[0m
[0m2022-07-22 19:43:08 V/Net 2452548710: Send: ImgStore.GroupPicUp(ImgStore.GroupPicUp)[0m
[0m2022-07-22 19:43:08 V/Net 2452548710: Recv: ImgStore.GroupPicUp[0m
[0m2022-07-22 19:43:08 V/Net 2452548710: Send: MessageSvc.PbSendMsg(MessageSvc.PbSendMsg)[0m
[0m2022-07-22 19:43:09 V/Net 2452548710: Recv: MessageSvc.PbSendMsg[0m
[0m2022-07-22 19:43:09 V/Net 2452548710: Send: MessageSvc.PbSendMsg(MessageSvc.PbSendMsg)[0m
[0m2022-07-22 19:43:09 V/Net 2452548710: Recv: MessageSvc.PbSendMsg[0m
[0m2022-07-22 19:43:09 V/Net 2452548710: Send: LongConn.OffPicUp(LongConn.OffPicUp)[0m
[0m2022-07-22 19:43:09 V/Net 2452548710: Recv: LongConn.OffPicUp[0m
[0m2022-07-22 19:43:09 V/Net 2452548710: Send: LongConn.OffPicUp(LongConn.OffPicUp)[0m
[0m2022-07-22 19:43:10 V/Net 2452548710: Recv: LongConn.OffPicUp[0m
[0m2022-07-22 19:43:10 V/Net 2452548710: Send: MessageSvc.PbSendMsg(MessageSvc.PbSendMsg)[0m
[0m2022-07-22 19:43:10 V/Net 2452548710: Recv: MessageSvc.PbSendMsg[0m
[0m2022-07-22 19:43:10 V/Net 2452548710: Send: ImgStore.GroupPicUp(ImgStore.GroupPicUp)[0m
[0m2022-07-22 19:43:10 V/Net 2452548710: Recv: ImgStore.GroupPicUp[0m
[0m2022-07-22 19:43:10 V/Net 2452548710: Send: MessageSvc.PbSendMsg(MessageSvc.PbSendMsg)[0m
[0m2022-07-22 19:43:11 V/Net 2452548710: Recv: MessageSvc.PbSendMsg[0m
[0m2022-07-22 19:43:36 V/Net 2452548710: Send: MessageSvc.PbSendMsg(MessageSvc.PbSendMsg)[0m
[0m2022-07-22 19:43:36 V/Net 2452548710: Recv: MessageSvc.PbSendMsg[0m
[0m2022-07-22 19:43:36 V/Net 2452548710: Send: LongConn.OffPicUp(LongConn.OffPicUp)[0m
[0m2022-07-22 19:43:36 V/Net 2452548710: Recv: LongConn.OffPicUp[0m
[0m2022-07-22 19:43:36 V/Net 2452548710: Send: MessageSvc.PbSendMsg(MessageSvc.PbSendMsg)[0m
[0m2022-07-22 19:43:37 V/Net 2452548710: Recv: MessageSvc.PbSendMsg[0m
[0m2022-07-22 19:43:39 V/Net 2452548710: Send: MessageSvc.PbSendMsg(MessageSvc.PbSendMsg)[0m
[0m2022-07-22 19:43:40 V/Net 2452548710: Recv: MessageSvc.PbSendMsg[0m
[0m2022-07-22 19:43:43 V/Net 2452548710: Send: MessageSvc.PbSendMsg(MessageSvc.PbSendMsg)[0m
[0m2022-07-22 19:43:43 V/Net 2452548710: Recv: MessageSvc.PbSendMsg[0m
[0m2022-07-22 19:43:43 V/Net 2452548710: Send: LongConn.OffPicUp(LongConn.OffPicUp)[0m
[0m2022-07-22 19:43:44 V/Net 2452548710: Recv: LongConn.OffPicUp[0m
[0m2022-07-22 19:43:44 V/Net 2452548710: Send: MessageSvc.PbSendMsg(MessageSvc.PbSendMsg)[0m
[0m2022-07-22 19:43:44 V/Net 2452548710: Recv: MessageSvc.PbSendMsg[0m
[0m2022-07-22 19:43:44 V/Net 2452548710: Send: ImgStore.GroupPicUp(ImgStore.GroupPicUp)[0m
[0m2022-07-22 19:43:44 V/Net 2452548710: Recv: ImgStore.GroupPicUp[0m
[0m2022-07-22 19:43:44 V/Net 2452548710: Send: ImgStore.GroupPicUp(ImgStore.GroupPicUp)[0m
[0m2022-07-22 19:43:44 V/Net 2452548710: Recv: ImgStore.GroupPicUp[0m
[0m2022-07-22 19:43:44 V/Net 2452548710: Send: ImgStore.GroupPicUp(ImgStore.GroupPicUp)[0m
[0m2022-07-22 19:43:45 V/Net 2452548710: Recv: ImgStore.GroupPicUp[0m
[0m2022-07-22 19:43:45 V/Net 2452548710: Send: MessageSvc.PbSendMsg(MessageSvc.PbSendMsg)[0m
[0m2022-07-22 19:43:45 V/Net 2452548710: Recv: MessageSvc.PbSendMsg[0m
[0m2022-07-22 19:43:45 V/Net 2452548710: Send: ImgStore.GroupPicUp(ImgStore.GroupPicUp)[0m
[0m2022-07-22 19:43:45 V/Net 2452548710: Recv: ImgStore.GroupPicUp[0m
[0m2022-07-22 19:43:45 V/Net 2452548710: Send: ImgStore.GroupPicUp(ImgStore.GroupPicUp)[0m
[0m2022-07-22 19:43:46 V/Net 2452548710: Recv: ImgStore.GroupPicUp[0m
[0m2022-07-22 19:43:46 V/Net 2452548710: Send: ImgStore.GroupPicUp(ImgStore.GroupPicUp)[0m
[0m2022-07-22 19:43:46 V/Net 2452548710: Recv: ImgStore.GroupPicUp[0m
[0m2022-07-22 19:43:46 V/Net 2452548710: Send: MessageSvc.PbSendMsg(MessageSvc.PbSendMsg)[0m
[0m2022-07-22 19:43:47 V/Net 2452548710: Recv: MessageSvc.PbSendMsg[0m
[0m2022-07-22 19:43:47 V/Net 2452548710: Send: MessageSvc.PbSendMsg(MessageSvc.PbSendMsg)[0m
[0m2022-07-22 19:43:47 V/Net 2452548710: Recv: MessageSvc.PbSendMsg[0m
[0m2022-07-22 19:43:47 V/Net 2452548710: Send: MessageSvc.PbSendMsg(MessageSvc.PbSendMsg)[0m
[0m2022-07-22 19:43:48 V/Net 2452548710: Recv: MessageSvc.PbSendMsg[0m
[0m2022-07-22 19:43:48 V/Net 2452548710: Send: MessageSvc.PbSendMsg(MessageSvc.PbSendMsg)[0m
[0m2022-07-22 19:43:48 V/Net 2452548710: Recv: MessageSvc.PbSendMsg[0m
[0m2022-07-22 19:43:48 V/Net 2452548710: Send: LongConn.OffPicUp(LongConn.OffPicUp)[0m
[0m2022-07-22 19:43:48 V/Net 2452548710: Recv: LongConn.OffPicUp[0m
[0m2022-07-22 19:43:48 V/Net 2452548710: Send: LongConn.OffPicUp(LongConn.OffPicUp)[0m
[0m2022-07-22 19:43:49 V/Net 2452548710: Recv: LongConn.OffPicUp[0m
[0m2022-07-22 19:43:49 V/Net 2452548710: Send: MessageSvc.PbSendMsg(MessageSvc.PbSendMsg)[0m
[0m2022-07-22 19:43:49 V/Net 2452548710: Recv: MessageSvc.PbSendMsg[0m
[0m2022-07-22 19:43:49 V/Net 2452548710: Send: ImgStore.GroupPicUp(ImgStore.GroupPicUp)[0m
[0m2022-07-22 19:43:49 V/Net 2452548710: Recv: ImgStore.GroupPicUp[0m
[0m2022-07-22 19:43:49 V/Net 2452548710: Send: MessageSvc.PbSendMsg(MessageSvc.PbSendMsg)[0m
[0m2022-07-22 19:43:50 V/Net 2452548710: Recv: MessageSvc.PbSendMsg[0m
[0m2022-07-22 19:43:50 V/Net 2452548710: Send: MessageSvc.PbSendMsg(MessageSvc.PbSendMsg)[0m
[0m2022-07-22 19:43:50 V/Net 2452548710: Recv: MessageSvc.PbSendMsg[0m
[0m2022-07-22 19:43:50 V/Net 2452548710: Send: LongConn.OffPicUp(LongConn.OffPicUp)[0m
[0m2022-07-22 19:43:50 V/Net 2452548710: Recv: LongConn.OffPicUp[0m
[0m2022-07-22 19:43:50 V/Net 2452548710: Send: LongConn.OffPicUp(LongConn.OffPicUp)[0m
[0m2022-07-22 19:43:51 V/Net 2452548710: Recv: LongConn.OffPicUp[0m
[0m2022-07-22 19:43:51 V/Net 2452548710: Send: MessageSvc.PbSendMsg(MessageSvc.PbSendMsg)[0m
[0m2022-07-22 19:43:51 V/Net 2452548710: Recv: MessageSvc.PbSendMsg[0m
[0m2022-07-22 19:43:51 V/Net 2452548710: Send: ImgStore.GroupPicUp(ImgStore.GroupPicUp)[0m
[0m2022-07-22 19:43:51 V/Net 2452548710: Recv: ImgStore.GroupPicUp[0m
[0m2022-07-22 19:43:51 V/Net 2452548710: Send: MessageSvc.PbSendMsg(MessageSvc.PbSendMsg)[0m
[0m2022-07-22 19:43:52 V/Net 2452548710: Recv: MessageSvc.PbSendMsg[0m
[0m2022-07-22 19:44:42 V/Net 2452548710: Send: MultiMsg.ApplyDown(MultiMsg.ApplyDown)[0m
[0m2022-07-22 19:44:42 V/Net 2452548710: Recv: MultiMsg.ApplyDown[0m
[0m2022-07-22 19:44:42 V/Net 2452548710: [Http] Downloading forward message from https://ssl.htdata.qq.com:443[0m
[0m2022-07-22 19:44:44 V/Net 2452548710: [Http] Downloading forward message: succeed[0m
[0m2022-07-22 19:45:35 V/Net 2452548710: Send: MessageSvc.PbSendMsg(MessageSvc.PbSendMsg)[0m
[0m2022-07-22 19:45:35 V/Net 2452548710: Recv: MessageSvc.PbSendMsg[0m
[0m2022-07-22 19:45:52 V/Net 2452548710: Send: MessageSvc.PbSendMsg(MessageSvc.PbSendMsg)[0m
[0m2022-07-22 19:45:52 V/Net 2452548710: Recv: MessageSvc.PbSendMsg[0m
[0m2022-07-22 19:45:52 V/Net 2452548710: Send: LongConn.OffPicUp(LongConn.OffPicUp)[0m
[0m2022-07-22 19:45:52 V/Net 2452548710: Recv: LongConn.OffPicUp[0m
[0m2022-07-22 19:45:52 V/Net 2452548710: Send: MessageSvc.PbSendMsg(MessageSvc.PbSendMsg)[0m
[0m2022-07-22 19:45:53 V/Net 2452548710: Recv: MessageSvc.PbSendMsg[0m
[0m2022-07-22 19:45:53 V/Net 2452548710: Send: ImgStore.GroupPicUp(ImgStore.GroupPicUp)[0m
[0m2022-07-22 19:45:53 V/Net 2452548710: Recv: ImgStore.GroupPicUp[0m
[0m2022-07-22 19:45:53 V/Net 2452548710: Send: ImgStore.GroupPicUp(ImgStore.GroupPicUp)[0m
[0m2022-07-22 19:45:53 V/Net 2452548710: Recv: ImgStore.GroupPicUp[0m
[0m2022-07-22 19:45:53 V/Net 2452548710: Send: MessageSvc.PbSendMsg(MessageSvc.PbSendMsg)[0m
[0m2022-07-22 19:45:54 V/Net 2452548710: Recv: MessageSvc.PbSendMsg[0m
[0m2022-07-22 19:45:54 V/Net 2452548710: Send: ImgStore.GroupPicUp(ImgStore.GroupPicUp)[0m
[0m2022-07-22 19:45:54 V/Net 2452548710: Recv: ImgStore.GroupPicUp[0m
[0m2022-07-22 19:45:54 V/Net 2452548710: Send: ImgStore.GroupPicUp(ImgStore.GroupPicUp)[0m
[0m2022-07-22 19:45:54 V/Net 2452548710: Recv: ImgStore.GroupPicUp[0m
[0m2022-07-22 19:45:54 V/Net 2452548710: Send: ImgStore.GroupPicUp(ImgStore.GroupPicUp)[0m
[0m2022-07-22 19:45:55 V/Net 2452548710: Recv: ImgStore.GroupPicUp[0m
[0m2022-07-22 19:45:55 V/Net 2452548710: Send: MessageSvc.PbSendMsg(MessageSvc.PbSendMsg)[0m
[0m2022-07-22 19:45:55 V/Net 2452548710: Recv: MessageSvc.PbSendMsg[0m
[0m2022-07-22 19:45:55 V/Net 2452548710: Send: MessageSvc.PbSendMsg(MessageSvc.PbSendMsg)[0m
[0m2022-07-22 19:45:55 V/Net 2452548710: Recv: MessageSvc.PbSendMsg[0m
[0m2022-07-22 19:45:56 V/Net 2452548710: Send: MessageSvc.PbSendMsg(MessageSvc.PbSendMsg)[0m
[0m2022-07-22 19:45:56 V/Net 2452548710: Recv: MessageSvc.PbSendMsg[0m
[0m2022-07-22 19:46:58 V/Net 2452548710: Send: MessageSvc.PbSendMsg(MessageSvc.PbSendMsg)[0m
[0m2022-07-22 19:46:58 V/Net 2452548710: Recv: MessageSvc.PbSendMsg[0m
[0m2022-07-22 19:46:58 V/Net 2452548710: Send: MessageSvc.PbSendMsg(MessageSvc.PbSendMsg)[0m
[0m2022-07-22 19:46:58 V/Net 2452548710: Recv: MessageSvc.PbSendMsg[0m
[0m2022-07-22 19:46:58 V/Net 2452548710: Send: MessageSvc.PbSendMsg(MessageSvc.PbSendMsg)[0m
[0m2022-07-22 19:46:59 V/Net 2452548710: Recv: MessageSvc.PbSendMsg[0m
[0m2022-07-22 19:46:59 V/Net 2452548710: Send: MessageSvc.PbSendMsg(MessageSvc.PbSendMsg)[0m
[0m2022-07-22 19:46:59 V/Net 2452548710: Recv: MessageSvc.PbSendMsg[0m
[0m2022-07-22 19:46:59 V/Net 2452548710: Send: MessageSvc.PbSendMsg(MessageSvc.PbSendMsg)[0m
[0m2022-07-22 19:46:59 V/Net 2452548710: Recv: MessageSvc.PbSendMsg[0m
[0m2022-07-22 19:46:59 V/Net 2452548710: Send: MessageSvc.PbSendMsg(MessageSvc.PbSendMsg)[0m
[0m2022-07-22 19:46:59 V/Net 2452548710: Recv: MessageSvc.PbSendMsg[0m
[0m2022-07-22 19:46:59 V/Net 2452548710: Send: LongConn.OffPicUp(LongConn.OffPicUp)[0m
[0m2022-07-22 19:47:00 V/Net 2452548710: Recv: LongConn.OffPicUp[0m
[0m2022-07-22 19:47:00 V/Net 2452548710: Send: LongConn.OffPicUp(LongConn.OffPicUp)[0m
[0m2022-07-22 19:47:00 V/Net 2452548710: Recv: LongConn.OffPicUp[0m
[0m2022-07-22 19:47:00 V/Net 2452548710: Send: MessageSvc.PbSendMsg(MessageSvc.PbSendMsg)[0m
[0m2022-07-22 19:47:00 V/Net 2452548710: Recv: MessageSvc.PbSendMsg[0m
[0m2022-07-22 19:47:00 V/Net 2452548710: Send: ImgStore.GroupPicUp(ImgStore.GroupPicUp)[0m
[0m2022-07-22 19:47:01 V/Net 2452548710: Recv: ImgStore.GroupPicUp[0m
[0m2022-07-22 19:47:01 V/Net 2452548710: Send: MessageSvc.PbSendMsg(MessageSvc.PbSendMsg)[0m
[0m2022-07-22 19:47:01 V/Net 2452548710: Recv: MessageSvc.PbSendMsg[0m
[0m2022-07-22 19:47:01 V/Net 2452548710: Send: MessageSvc.PbSendMsg(MessageSvc.PbSendMsg)[0m
[0m2022-07-22 19:47:01 V/Net 2452548710: Recv: MessageSvc.PbSendMsg[0m
[0m2022-07-22 19:47:01 V/Net 2452548710: Send: LongConn.OffPicUp(LongConn.OffPicUp)[0m
[0m2022-07-22 19:47:02 V/Net 2452548710: Recv: LongConn.OffPicUp[0m
[0m2022-07-22 19:47:02 V/Net 2452548710: Send: LongConn.OffPicUp(LongConn.OffPicUp)[0m
[0m2022-07-22 19:47:02 V/Net 2452548710: Recv: LongConn.OffPicUp[0m
[0m2022-07-22 19:47:02 V/Net 2452548710: Send: MessageSvc.PbSendMsg(MessageSvc.PbSendMsg)[0m
[0m2022-07-22 19:47:03 V/Net 2452548710: Recv: MessageSvc.PbSendMsg[0m
[0m2022-07-22 19:47:03 V/Net 2452548710: Send: ImgStore.GroupPicUp(ImgStore.GroupPicUp)[0m
[0m2022-07-22 19:47:03 V/Net 2452548710: Recv: ImgStore.GroupPicUp[0m
[0m2022-07-22 19:47:03 V/Net 2452548710: Send: MessageSvc.PbSendMsg(MessageSvc.PbSendMsg)[0m
[0m2022-07-22 19:47:03 V/Net 2452548710: Recv: MessageSvc.PbSendMsg[0m
[0m2022-07-22 19:48:09 V/Net 2452548710: Send: MessageSvc.PbSendMsg(MessageSvc.PbSendMsg)[0m
[0m2022-07-22 19:48:09 V/Net 2452548710: Recv: MessageSvc.PbSendMsg[0m
[0m2022-07-22 19:48:09 V/Net 2452548710: Send: LongConn.OffPicUp(LongConn.OffPicUp)[0m
[0m2022-07-22 19:48:10 V/Net 2452548710: Recv: LongConn.OffPicUp[0m
[0m2022-07-22 19:48:10 V/Net 2452548710: Send: MessageSvc.PbSendMsg(MessageSvc.PbSendMsg)[0m
[0m2022-07-22 19:48:10 V/Net 2452548710: Recv: MessageSvc.PbSendMsg[0m
[0m2022-07-22 19:48:43 V/Net 2452548710: Send: MessageSvc.PbSendMsg(MessageSvc.PbSendMsg)[0m
[0m2022-07-22 19:48:43 V/Net 2452548710: Recv: MessageSvc.PbSendMsg[0m
[0m2022-07-22 19:48:43 V/Net 2452548710: Send: LongConn.OffPicUp(LongConn.OffPicUp)[0m
[0m2022-07-22 19:48:44 V/Net 2452548710: Recv: LongConn.OffPicUp[0m
[0m2022-07-22 19:48:44 V/Net 2452548710: Send: MessageSvc.PbSendMsg(MessageSvc.PbSendMsg)[0m
[0m2022-07-22 19:48:44 V/Net 2452548710: Recv: MessageSvc.PbSendMsg[0m
[0m2022-07-22 19:49:13 V/Net 2452548710: Send: MessageSvc.PbSendMsg(MessageSvc.PbSendMsg)[0m
[0m2022-07-22 19:49:13 V/Net 2452548710: Recv: MessageSvc.PbSendMsg[0m
[0m2022-07-22 19:49:13 V/Net 2452548710: Send: LongConn.OffPicUp(LongConn.OffPicUp)[0m
[0m2022-07-22 19:49:13 V/Net 2452548710: Recv: LongConn.OffPicUp[0m
[0m2022-07-22 19:49:13 V/Net 2452548710: Send: MessageSvc.PbSendMsg(MessageSvc.PbSendMsg)[0m
[0m2022-07-22 19:49:14 V/Net 2452548710: Recv: MessageSvc.PbSendMsg[0m
[0m2022-07-22 19:49:14 V/Net 2452548710: Send: ImgStore.GroupPicUp(ImgStore.GroupPicUp)[0m
[0m2022-07-22 19:49:14 V/Net 2452548710: Recv: ImgStore.GroupPicUp[0m
[0m2022-07-22 19:49:14 V/Net 2452548710: Send: ImgStore.GroupPicUp(ImgStore.GroupPicUp)[0m
[0m2022-07-22 19:49:14 V/Net 2452548710: Recv: ImgStore.GroupPicUp[0m
[0m2022-07-22 19:49:14 V/Net 2452548710: Send: ImgStore.GroupPicUp(ImgStore.GroupPicUp)[0m
[0m2022-07-22 19:49:14 V/Net 2452548710: Recv: ImgStore.GroupPicUp[0m
[0m2022-07-22 19:49:14 V/Net 2452548710: Send: ImgStore.GroupPicUp(ImgStore.GroupPicUp)[0m
[0m2022-07-22 19:49:15 V/Net 2452548710: Recv: ImgStore.GroupPicUp[0m
[0m2022-07-22 19:49:15 V/Net 2452548710: Send: MessageSvc.PbSendMsg(MessageSvc.PbSendMsg)[0m
[0m2022-07-22 19:49:15 V/Net 2452548710: Recv: MessageSvc.PbSendMsg[0m
[0m2022-07-22 19:49:15 V/Net 2452548710: Send: ImgStore.GroupPicUp(ImgStore.GroupPicUp)[0m
[0m2022-07-22 19:49:16 V/Net 2452548710: Recv: ImgStore.GroupPicUp[0m
[0m2022-07-22 19:49:16 V/Net 2452548710: Send: ImgStore.GroupPicUp(ImgStore.GroupPicUp)[0m
[0m2022-07-22 19:49:16 V/Net 2452548710: Recv: ImgStore.GroupPicUp[0m
[0m2022-07-22 19:49:16 V/Net 2452548710: Send: ImgStore.GroupPicUp(ImgStore.GroupPicUp)[0m
[0m2022-07-22 19:49:16 V/Net 2452548710: Recv: ImgStore.GroupPicUp[0m
[0m2022-07-22 19:49:16 V/Net 2452548710: Send: MessageSvc.PbSendMsg(MessageSvc.PbSendMsg)[0m
[0m2022-07-22 19:49:17 V/Net 2452548710: Recv: MessageSvc.PbSendMsg[0m
[0m2022-07-22 19:49:17 V/Net 2452548710: Send: MessageSvc.PbSendMsg(MessageSvc.PbSendMsg)[0m
[0m2022-07-22 19:49:17 V/Net 2452548710: Recv: MessageSvc.PbSendMsg[0m
[0m2022-07-22 19:49:18 V/Net 2452548710: Send: MessageSvc.PbSendMsg(MessageSvc.PbSendMsg)[0m
[0m2022-07-22 19:49:18 V/Net 2452548710: Recv: MessageSvc.PbSendMsg[0m
[0m2022-07-22 19:49:18 V/Net 2452548710: Send: MessageSvc.PbSendMsg(MessageSvc.PbSendMsg)[0m
[0m2022-07-22 19:49:18 V/Net 2452548710: Recv: MessageSvc.PbSendMsg[0m
[0m2022-07-22 19:49:18 V/Net 2452548710: Send: LongConn.OffPicUp(LongConn.OffPicUp)[0m
[0m2022-07-22 19:49:18 V/Net 2452548710: Recv: LongConn.OffPicUp[0m
[0m2022-07-22 19:49:18 V/Net 2452548710: Send: LongConn.OffPicUp(LongConn.OffPicUp)[0m
[0m2022-07-22 19:49:19 V/Net 2452548710: Recv: LongConn.OffPicUp[0m
[0m2022-07-22 19:49:19 V/Net 2452548710: Send: MessageSvc.PbSendMsg(MessageSvc.PbSendMsg)[0m
[0m2022-07-22 19:49:19 V/Net 2452548710: Recv: MessageSvc.PbSendMsg[0m
[0m2022-07-22 19:49:19 V/Net 2452548710: Send: ImgStore.GroupPicUp(ImgStore.GroupPicUp)[0m
[0m2022-07-22 19:49:19 V/Net 2452548710: Recv: ImgStore.GroupPicUp[0m
[0m2022-07-22 19:49:19 V/Net 2452548710: Send: MessageSvc.PbSendMsg(MessageSvc.PbSendMsg)[0m
[0m2022-07-22 19:49:20 V/Net 2452548710: Recv: MessageSvc.PbSendMsg[0m
[0m2022-07-22 19:49:20 V/Net 2452548710: Send: MessageSvc.PbSendMsg(MessageSvc.PbSendMsg)[0m
[0m2022-07-22 19:49:20 V/Net 2452548710: Recv: MessageSvc.PbSendMsg[0m
[0m2022-07-22 19:49:20 V/Net 2452548710: Send: LongConn.OffPicUp(LongConn.OffPicUp)[0m
[0m2022-07-22 19:49:20 V/Net 2452548710: Recv: LongConn.OffPicUp[0m
[0m2022-07-22 19:49:20 V/Net 2452548710: Send: LongConn.OffPicUp(LongConn.OffPicUp)[0m
[0m2022-07-22 19:49:21 V/Net 2452548710: Recv: LongConn.OffPicUp[0m
[0m2022-07-22 19:49:21 V/Net 2452548710: Send: MessageSvc.PbSendMsg(MessageSvc.PbSendMsg)[0m
[0m2022-07-22 19:49:21 V/Net 2452548710: Recv: MessageSvc.PbSendMsg[0m
[0m2022-07-22 19:49:21 V/Net 2452548710: Send: ImgStore.GroupPicUp(ImgStore.GroupPicUp)[0m
[0m2022-07-22 19:49:21 V/Net 2452548710: Recv: ImgStore.GroupPicUp[0m
[0m2022-07-22 19:49:21 V/Net 2452548710: Send: MessageSvc.PbSendMsg(MessageSvc.PbSendMsg)[0m
[0m2022-07-22 19:49:22 V/Net 2452548710: Recv: MessageSvc.PbSendMsg[0m
[0m2022-07-22 19:52:44 V/Net 2452548710: Send: MessageSvc.PbSendMsg(MessageSvc.PbSendMsg)[0m
[0m2022-07-22 19:52:44 V/Net 2452548710: Recv: MessageSvc.PbSendMsg[0m
[0m2022-07-22 19:52:44 V/Net 2452548710: Send: LongConn.OffPicUp(LongConn.OffPicUp)[0m
[0m2022-07-22 19:52:45 V/Net 2452548710: Recv: LongConn.OffPicUp[0m
[0m2022-07-22 19:52:45 V/Net 2452548710: Send: MessageSvc.PbSendMsg(MessageSvc.PbSendMsg)[0m
[0m2022-07-22 19:52:45 V/Net 2452548710: Recv: MessageSvc.PbSendMsg[0m
[0m2022-07-22 19:52:58 V/Net 2452548710: Send: MessageSvc.PbSendMsg(MessageSvc.PbSendMsg)[0m
[0m2022-07-22 19:52:59 V/Net 2452548710: Recv: MessageSvc.PbSendMsg[0m
[0m2022-07-22 19:52:59 V/Net 2452548710: Send: LongConn.OffPicUp(LongConn.OffPicUp)[0m
[0m2022-07-22 19:52:59 V/Net 2452548710: Recv: LongConn.OffPicUp[0m
[0m2022-07-22 19:52:59 V/Net 2452548710: Send: MessageSvc.PbSendMsg(MessageSvc.PbSendMsg)[0m
[0m2022-07-22 19:52:59 V/Net 2452548710: Recv: MessageSvc.PbSendMsg[0m
[0m2022-07-22 19:53:11 V/Net 2452548710: Send: MessageSvc.PbSendMsg(MessageSvc.PbSendMsg)[0m
[0m2022-07-22 19:53:11 V/Net 2452548710: Recv: MessageSvc.PbSendMsg[0m
[0m2022-07-22 19:53:22 V/Net 2452548710: Send: MessageSvc.PbSendMsg(MessageSvc.PbSendMsg)[0m
[0m2022-07-22 19:53:23 V/Net 2452548710: Recv: MessageSvc.PbSendMsg[0m
[0m2022-07-22 19:53:23 V/Net 2452548710: Send: ImgStore.GroupPicUp(ImgStore.GroupPicUp)[0m
[0m2022-07-22 19:53:23 V/Net 2452548710: Recv: ImgStore.GroupPicUp[0m
[0m2022-07-22 19:53:23 V/Net 2452548710: Send: ImgStore.GroupPicUp(ImgStore.GroupPicUp)[0m
[0m2022-07-22 19:53:23 V/Net 2452548710: Recv: ImgStore.GroupPicUp[0m
[0m2022-07-22 19:53:23 V/Net 2452548710: Send: ImgStore.GroupPicUp(ImgStore.GroupPicUp)[0m
[0m2022-07-22 19:53:23 V/Net 2452548710: Recv: ImgStore.GroupPicUp[0m
[0m2022-07-22 19:53:23 V/Net 2452548710: Send: MessageSvc.PbSendMsg(MessageSvc.PbSendMsg)[0m
[0m2022-07-22 19:53:24 V/Net 2452548710: Recv: MessageSvc.PbSendMsg[0m
[0m2022-07-22 19:53:24 V/Net 2452548710: Send: ImgStore.GroupPicUp(ImgStore.GroupPicUp)[0m
[0m2022-07-22 19:53:24 V/Net 2452548710: Recv: ImgStore.GroupPicUp[0m
[0m2022-07-22 19:53:24 V/Net 2452548710: Send: ImgStore.GroupPicUp(ImgStore.GroupPicUp)[0m
[0m2022-07-22 19:53:24 V/Net 2452548710: Recv: ImgStore.GroupPicUp[0m
[0m2022-07-22 19:53:24 V/Net 2452548710: Send: ImgStore.GroupPicUp(ImgStore.GroupPicUp)[0m
[0m2022-07-22 19:53:24 V/Net 2452548710: Recv: ImgStore.GroupPicUp[0m
[0m2022-07-22 19:53:24 V/Net 2452548710: Send: MessageSvc.PbSendMsg(MessageSvc.PbSendMsg)[0m
[0m2022-07-22 19:53:25 V/Net 2452548710: Recv: MessageSvc.PbSendMsg[0m
[0m2022-07-22 19:53:25 V/Net 2452548710: Send: MessageSvc.PbSendMsg(MessageSvc.PbSendMsg)[0m
[0m2022-07-22 19:53:26 V/Net 2452548710: Recv: MessageSvc.PbSendMsg[0m
[0m2022-07-22 19:53:26 V/Net 2452548710: Send: MessageSvc.PbSendMsg(MessageSvc.PbSendMsg)[0m
[0m2022-07-22 19:53:26 V/Net 2452548710: Recv: MessageSvc.PbSendMsg[0m
[0m2022-07-22 19:53:26 V/Net 2452548710: Send: MessageSvc.PbSendMsg(MessageSvc.PbSendMsg)[0m
[0m2022-07-22 19:53:26 V/Net 2452548710: Recv: MessageSvc.PbSendMsg[0m
[0m2022-07-22 19:53:26 V/Net 2452548710: Send: LongConn.OffPicUp(LongConn.OffPicUp)[0m
[0m2022-07-22 19:53:27 V/Net 2452548710: Recv: LongConn.OffPicUp[0m
[0m2022-07-22 19:53:27 V/Net 2452548710: Send: LongConn.OffPicUp(LongConn.OffPicUp)[0m
[0m2022-07-22 19:53:27 V/Net 2452548710: Recv: LongConn.OffPicUp[0m
[0m2022-07-22 19:53:27 V/Net 2452548710: Send: MessageSvc.PbSendMsg(MessageSvc.PbSendMsg)[0m
[0m2022-07-22 19:53:27 V/Net 2452548710: Recv: MessageSvc.PbSendMsg[0m
[0m2022-07-22 19:53:27 V/Net 2452548710: Send: ImgStore.GroupPicUp(ImgStore.GroupPicUp)[0m
[0m2022-07-22 19:53:28 V/Net 2452548710: Recv: ImgStore.GroupPicUp[0m
[0m2022-07-22 19:53:28 V/Net 2452548710: Send: MessageSvc.PbSendMsg(MessageSvc.PbSendMsg)[0m
[0m2022-07-22 19:53:28 V/Net 2452548710: Recv: MessageSvc.PbSendMsg[0m
[0m2022-07-22 19:53:28 V/Net 2452548710: Send: MessageSvc.PbSendMsg(MessageSvc.PbSendMsg)[0m
[0m2022-07-22 19:53:28 V/Net 2452548710: Recv: MessageSvc.PbSendMsg[0m
[0m2022-07-22 19:53:28 V/Net 2452548710: Send: LongConn.OffPicUp(LongConn.OffPicUp)[0m
[0m2022-07-22 19:53:29 V/Net 2452548710: Recv: LongConn.OffPicUp[0m
[0m2022-07-22 19:53:29 V/Net 2452548710: Send: LongConn.OffPicUp(LongConn.OffPicUp)[0m
[0m2022-07-22 19:53:29 V/Net 2452548710: Recv: LongConn.OffPicUp[0m
[0m2022-07-22 19:53:29 V/Net 2452548710: Send: MessageSvc.PbSendMsg(MessageSvc.PbSendMsg)[0m
[0m2022-07-22 19:53:29 V/Net 2452548710: Recv: MessageSvc.PbSendMsg[0m
[0m2022-07-22 19:53:29 V/Net 2452548710: Send: ImgStore.GroupPicUp(ImgStore.GroupPicUp)[0m
[0m2022-07-22 19:53:30 V/Net 2452548710: Recv: ImgStore.GroupPicUp[0m
[0m2022-07-22 19:53:30 V/Net 2452548710: Send: MessageSvc.PbSendMsg(MessageSvc.PbSendMsg)[0m
[0m2022-07-22 19:53:30 V/Net 2452548710: Recv: MessageSvc.PbSendMsg[0m
[0m2022-07-22 19:56:15 V/Net 2452548710: Send: MessageSvc.PbSendMsg(MessageSvc.PbSendMsg)[0m
[0m2022-07-22 19:56:15 V/Net 2452548710: Recv: MessageSvc.PbSendMsg[0m
[0m2022-07-22 19:56:15 V/Net 2452548710: Send: LongConn.OffPicUp(LongConn.OffPicUp)[0m
[0m2022-07-22 19:56:15 V/Net 2452548710: Recv: LongConn.OffPicUp[0m
[0m2022-07-22 19:56:15 V/Net 2452548710: Send: MessageSvc.PbSendMsg(MessageSvc.PbSendMsg)[0m
[0m2022-07-22 19:56:16 V/Net 2452548710: Recv: MessageSvc.PbSendMsg[0m
[0m2022-07-22 19:56:16 V/Net 2452548710: Send: ImgStore.GroupPicUp(ImgStore.GroupPicUp)[0m
[0m2022-07-22 19:56:16 V/Net 2452548710: Recv: ImgStore.GroupPicUp[0m
[0m2022-07-22 19:56:16 V/Net 2452548710: Send: ImgStore.GroupPicUp(ImgStore.GroupPicUp)[0m
[0m2022-07-22 19:56:16 V/Net 2452548710: Recv: ImgStore.GroupPicUp[0m
[0m2022-07-22 19:56:16 V/Net 2452548710: Send: ImgStore.GroupPicUp(ImgStore.GroupPicUp)[0m
[0m2022-07-22 19:56:16 V/Net 2452548710: Recv: ImgStore.GroupPicUp[0m
[0m2022-07-22 19:56:16 V/Net 2452548710: Send: MessageSvc.PbSendMsg(MessageSvc.PbSendMsg)[0m
[0m2022-07-22 19:56:17 V/Net 2452548710: Recv: MessageSvc.PbSendMsg[0m
[0m2022-07-22 19:56:17 V/Net 2452548710: Send: ImgStore.GroupPicUp(ImgStore.GroupPicUp)[0m
[0m2022-07-22 19:56:17 V/Net 2452548710: Recv: ImgStore.GroupPicUp[0m
[0m2022-07-22 19:56:17 V/Net 2452548710: Send: ImgStore.GroupPicUp(ImgStore.GroupPicUp)[0m
[0m2022-07-22 19:56:17 V/Net 2452548710: Recv: ImgStore.GroupPicUp[0m
[0m2022-07-22 19:56:17 V/Net 2452548710: Send: MessageSvc.PbSendMsg(MessageSvc.PbSendMsg)[0m
[0m2022-07-22 19:56:18 V/Net 2452548710: Recv: MessageSvc.PbSendMsg[0m
[0m2022-07-22 19:56:18 V/Net 2452548710: Send: MessageSvc.PbSendMsg(MessageSvc.PbSendMsg)[0m
[0m2022-07-22 19:56:18 V/Net 2452548710: Recv: MessageSvc.PbSendMsg[0m
[0m2022-07-22 19:56:18 V/Net 2452548710: Send: MessageSvc.PbSendMsg(MessageSvc.PbSendMsg)[0m
[0m2022-07-22 19:56:19 V/Net 2452548710: Recv: MessageSvc.PbSendMsg[0m
[0m2022-07-22 19:56:19 V/Net 2452548710: Send: MessageSvc.PbSendMsg(MessageSvc.PbSendMsg)[0m
[0m2022-07-22 19:56:19 V/Net 2452548710: Recv: MessageSvc.PbSendMsg[0m
[0m2022-07-22 19:56:19 V/Net 2452548710: Send: LongConn.OffPicUp(LongConn.OffPicUp)[0m
[0m2022-07-22 19:56:19 V/Net 2452548710: Recv: LongConn.OffPicUp[0m
[0m2022-07-22 19:56:19 V/Net 2452548710: Send: LongConn.OffPicUp(LongConn.OffPicUp)[0m
[0m2022-07-22 19:56:20 V/Net 2452548710: Recv: LongConn.OffPicUp[0m
[0m2022-07-22 19:56:20 V/Net 2452548710: Send: MessageSvc.PbSendMsg(MessageSvc.PbSendMsg)[0m
[0m2022-07-22 19:56:20 V/Net 2452548710: Recv: MessageSvc.PbSendMsg[0m
[0m2022-07-22 19:56:20 V/Net 2452548710: Send: ImgStore.GroupPicUp(ImgStore.GroupPicUp)[0m
[0m2022-07-22 19:56:20 V/Net 2452548710: Recv: ImgStore.GroupPicUp[0m
[0m2022-07-22 19:56:20 V/Net 2452548710: Send: MessageSvc.PbSendMsg(MessageSvc.PbSendMsg)[0m
[0m2022-07-22 19:56:21 V/Net 2452548710: Recv: MessageSvc.PbSendMsg[0m
[0m2022-07-22 19:56:21 V/Net 2452548710: Send: MessageSvc.PbSendMsg(MessageSvc.PbSendMsg)[0m
[0m2022-07-22 19:56:21 V/Net 2452548710: Recv: MessageSvc.PbSendMsg[0m
[0m2022-07-22 19:56:21 V/Net 2452548710: Send: LongConn.OffPicUp(LongConn.OffPicUp)[0m
[0m2022-07-22 19:56:21 V/Net 2452548710: Recv: LongConn.OffPicUp[0m
[0m2022-07-22 19:56:21 V/Net 2452548710: Send: LongConn.OffPicUp(LongConn.OffPicUp)[0m
[0m2022-07-22 19:56:22 V/Net 2452548710: Recv: LongConn.OffPicUp[0m
[0m2022-07-22 19:56:22 V/Net 2452548710: Send: MessageSvc.PbSendMsg(MessageSvc.PbSendMsg)[0m
[0m2022-07-22 19:56:22 V/Net 2452548710: Recv: MessageSvc.PbSendMsg[0m
[0m2022-07-22 19:56:22 V/Net 2452548710: Send: ImgStore.GroupPicUp(ImgStore.GroupPicUp)[0m
[0m2022-07-22 19:56:22 V/Net 2452548710: Recv: ImgStore.GroupPicUp[0m
[0m2022-07-22 19:56:22 V/Net 2452548710: Send: MessageSvc.PbSendMsg(MessageSvc.PbSendMsg)[0m
[0m2022-07-22 19:56:23 V/Net 2452548710: Recv: MessageSvc.PbSendMsg[0m
[0m2022-07-22 19:57:53 V/Net 2452548710: Send: MessageSvc.PbSendMsg(MessageSvc.PbSendMsg)[0m
[0m2022-07-22 19:57:53 V/Net 2452548710: Recv: MessageSvc.PbSendMsg[0m
[0m2022-07-22 19:58:10 V/Net 2452548710: Send: MessageSvc.PbSendMsg(MessageSvc.PbSendMsg)[0m
[0m2022-07-22 19:58:11 V/Net 2452548710: Recv: MessageSvc.PbSendMsg[0m
[0m2022-07-22 19:58:11 V/Net 2452548710: Send: LongConn.OffPicUp(LongConn.OffPicUp)[0m
[0m2022-07-22 19:58:11 V/Net 2452548710: Recv: LongConn.OffPicUp[0m
[0m2022-07-22 19:58:11 V/Net 2452548710: Send: MessageSvc.PbSendMsg(MessageSvc.PbSendMsg)[0m
[0m2022-07-22 19:58:12 V/Net 2452548710: Recv: MessageSvc.PbSendMsg[0m
[0m2022-07-22 19:58:12 V/Net 2452548710: Send: ImgStore.GroupPicUp(ImgStore.GroupPicUp)[0m
[0m2022-07-22 19:58:12 V/Net 2452548710: Recv: ImgStore.GroupPicUp[0m
[0m2022-07-22 19:58:12 V/Net 2452548710: Send: ImgStore.GroupPicUp(ImgStore.GroupPicUp)[0m
[0m2022-07-22 19:58:12 V/Net 2452548710: Recv: ImgStore.GroupPicUp[0m
[0m2022-07-22 19:58:12 V/Net 2452548710: Send: MessageSvc.PbSendMsg(MessageSvc.PbSendMsg)[0m
[0m2022-07-22 19:58:13 V/Net 2452548710: Recv: MessageSvc.PbSendMsg[0m
[0m2022-07-22 19:58:13 V/Net 2452548710: Send: ImgStore.GroupPicUp(ImgStore.GroupPicUp)[0m
[0m2022-07-22 19:58:13 V/Net 2452548710: Recv: ImgStore.GroupPicUp[0m
[0m2022-07-22 19:58:13 V/Net 2452548710: Send: ImgStore.GroupPicUp(ImgStore.GroupPicUp)[0m
[0m2022-07-22 19:58:13 V/Net 2452548710: Recv: ImgStore.GroupPicUp[0m
[0m2022-07-22 19:58:13 V/Net 2452548710: Send: ImgStore.GroupPicUp(ImgStore.GroupPicUp)[0m
[0m2022-07-22 19:58:13 V/Net 2452548710: Recv: ImgStore.GroupPicUp[0m
[0m2022-07-22 19:58:13 V/Net 2452548710: Send: MessageSvc.PbSendMsg(MessageSvc.PbSendMsg)[0m
[0m2022-07-22 19:58:14 V/Net 2452548710: Recv: MessageSvc.PbSendMsg[0m
[0m2022-07-22 19:58:14 V/Net 2452548710: Send: MessageSvc.PbSendMsg(MessageSvc.PbSendMsg)[0m
[0m2022-07-22 19:58:14 V/Net 2452548710: Recv: MessageSvc.PbSendMsg[0m
[0m2022-07-22 19:58:15 V/Net 2452548710: Send: MessageSvc.PbSendMsg(MessageSvc.PbSendMsg)[0m
[0m2022-07-22 19:58:15 V/Net 2452548710: Recv: MessageSvc.PbSendMsg[0m
[0m2022-07-22 19:58:15 V/Net 2452548710: Send: MessageSvc.PbSendMsg(MessageSvc.PbSendMsg)[0m
[0m2022-07-22 19:58:15 V/Net 2452548710: Recv: MessageSvc.PbSendMsg[0m
[0m2022-07-22 19:58:15 V/Net 2452548710: Send: LongConn.OffPicUp(LongConn.OffPicUp)[0m
[0m2022-07-22 19:58:16 V/Net 2452548710: Recv: LongConn.OffPicUp[0m
[0m2022-07-22 19:58:16 V/Net 2452548710: Send: LongConn.OffPicUp(LongConn.OffPicUp)[0m
[0m2022-07-22 19:58:16 V/Net 2452548710: Recv: LongConn.OffPicUp[0m
[0m2022-07-22 19:58:16 V/Net 2452548710: Send: MessageSvc.PbSendMsg(MessageSvc.PbSendMsg)[0m
[0m2022-07-22 19:58:16 V/Net 2452548710: Recv: MessageSvc.PbSendMsg[0m
[0m2022-07-22 19:58:16 V/Net 2452548710: Send: ImgStore.GroupPicUp(ImgStore.GroupPicUp)[0m
[0m2022-07-22 19:58:17 V/Net 2452548710: Recv: ImgStore.GroupPicUp[0m
[0m2022-07-22 19:58:17 V/Net 2452548710: Send: MessageSvc.PbSendMsg(MessageSvc.PbSendMsg)[0m
[0m2022-07-22 19:58:17 V/Net 2452548710: Recv: MessageSvc.PbSendMsg[0m
[0m2022-07-22 19:58:17 V/Net 2452548710: Send: MessageSvc.PbSendMsg(MessageSvc.PbSendMsg)[0m
[0m2022-07-22 19:58:18 V/Net 2452548710: Recv: MessageSvc.PbSendMsg[0m
[0m2022-07-22 19:58:18 V/Net 2452548710: Send: LongConn.OffPicUp(LongConn.OffPicUp)[0m
[0m2022-07-22 19:58:18 V/Net 2452548710: Recv: LongConn.OffPicUp[0m
[0m2022-07-22 19:58:18 V/Net 2452548710: Send: LongConn.OffPicUp(LongConn.OffPicUp)[0m
[0m2022-07-22 19:58:19 V/Net 2452548710: Recv: LongConn.OffPicUp[0m
[0m2022-07-22 19:58:19 V/Net 2452548710: Send: MessageSvc.PbSendMsg(MessageSvc.PbSendMsg)[0m
[0m2022-07-22 19:58:19 V/Net 2452548710: Recv: MessageSvc.PbSendMsg[0m
[0m2022-07-22 19:58:19 V/Net 2452548710: Send: ImgStore.GroupPicUp(ImgStore.GroupPicUp)[0m
[0m2022-07-22 19:58:19 V/Net 2452548710: Recv: ImgStore.GroupPicUp[0m
[0m2022-07-22 19:58:19 V/Net 2452548710: Send: MessageSvc.PbSendMsg(MessageSvc.PbSendMsg)[0m
[0m2022-07-22 19:58:20 V/Net 2452548710: Recv: MessageSvc.PbSendMsg[0m
[0m2022-07-22 19:59:43 V/Net 2452548710: Send: MessageSvc.PbSendMsg(MessageSvc.PbSendMsg)[0m
[0m2022-07-22 19:59:44 V/Net 2452548710: Recv: MessageSvc.PbSendMsg[0m
[0m2022-07-22 19:59:44 V/Net 2452548710: Send: LongConn.OffPicUp(LongConn.OffPicUp)[0m
[0m2022-07-22 19:59:44 V/Net 2452548710: Recv: LongConn.OffPicUp[0m
[0m2022-07-22 19:59:44 V/Net 2452548710: Send: MessageSvc.PbSendMsg(MessageSvc.PbSendMsg)[0m
[0m2022-07-22 19:59:44 V/Net 2452548710: Recv: MessageSvc.PbSendMsg[0m
[0m2022-07-22 20:01:10 V/Net 2452548710: Send: MessageSvc.PbSendMsg(MessageSvc.PbSendMsg)[0m
[0m2022-07-22 20:01:11 V/Net 2452548710: Recv: MessageSvc.PbSendMsg[0m
[0m2022-07-22 20:01:45 V/Net 2452548710: Send: MessageSvc.PbSendMsg(MessageSvc.PbSendMsg)[0m
[0m2022-07-22 20:01:46 V/Net 2452548710: Recv: MessageSvc.PbSendMsg[0m
[0m2022-07-22 20:01:46 V/Net 2452548710: Send: ImgStore.GroupPicUp(ImgStore.GroupPicUp)[0m
[0m2022-07-22 20:01:46 V/Net 2452548710: Recv: ImgStore.GroupPicUp[0m
[0m2022-07-22 20:01:46 V/Net 2452548710: Send: ImgStore.GroupPicUp(ImgStore.GroupPicUp)[0m
[0m2022-07-22 20:01:46 V/Net 2452548710: Recv: ImgStore.GroupPicUp[0m
[0m2022-07-22 20:01:46 V/Net 2452548710: Send: ImgStore.GroupPicUp(ImgStore.GroupPicUp)[0m
[0m2022-07-22 20:01:47 V/Net 2452548710: Recv: ImgStore.GroupPicUp[0m
[0m2022-07-22 20:01:47 V/Net 2452548710: Send: MessageSvc.PbSendMsg(MessageSvc.PbSendMsg)[0m
[0m2022-07-22 20:01:47 V/Net 2452548710: Recv: MessageSvc.PbSendMsg[0m
[0m2022-07-22 20:01:47 V/Net 2452548710: Send: ImgStore.GroupPicUp(ImgStore.GroupPicUp)[0m
[0m2022-07-22 20:01:48 V/Net 2452548710: Recv: ImgStore.GroupPicUp[0m
[0m2022-07-22 20:01:48 V/Net 2452548710: Send: ImgStore.GroupPicUp(ImgStore.GroupPicUp)[0m
[0m2022-07-22 20:01:48 V/Net 2452548710: Recv: ImgStore.GroupPicUp[0m
[0m2022-07-22 20:01:48 V/Net 2452548710: Send: MessageSvc.PbSendMsg(MessageSvc.PbSendMsg)[0m
[0m2022-07-22 20:01:49 V/Net 2452548710: Recv: MessageSvc.PbSendMsg[0m
[0m2022-07-22 20:01:49 V/Net 2452548710: Send: MessageSvc.PbSendMsg(MessageSvc.PbSendMsg)[0m
[0m2022-07-22 20:01:49 V/Net 2452548710: Recv: MessageSvc.PbSendMsg[0m
[0m2022-07-22 20:01:49 V/Net 2452548710: Send: MessageSvc.PbSendMsg(MessageSvc.PbSendMsg)[0m
[0m2022-07-22 20:01:50 V/Net 2452548710: Recv: MessageSvc.PbSendMsg[0m
[0m2022-07-22 20:01:50 V/Net 2452548710: Send: MessageSvc.PbSendMsg(MessageSvc.PbSendMsg)[0m
[0m2022-07-22 20:01:50 V/Net 2452548710: Recv: MessageSvc.PbSendMsg[0m
[0m2022-07-22 20:01:50 V/Net 2452548710: Send: LongConn.OffPicUp(LongConn.OffPicUp)[0m
[0m2022-07-22 20:01:50 V/Net 2452548710: Recv: LongConn.OffPicUp[0m
[0m2022-07-22 20:01:50 V/Net 2452548710: Send: LongConn.OffPicUp(LongConn.OffPicUp)[0m
[0m2022-07-22 20:01:51 V/Net 2452548710: Recv: LongConn.OffPicUp[0m
[0m2022-07-22 20:01:51 V/Net 2452548710: Send: MessageSvc.PbSendMsg(MessageSvc.PbSendMsg)[0m
[0m2022-07-22 20:01:51 V/Net 2452548710: Recv: MessageSvc.PbSendMsg[0m
[0m2022-07-22 20:01:51 V/Net 2452548710: Send: ImgStore.GroupPicUp(ImgStore.GroupPicUp)[0m
[0m2022-07-22 20:01:51 V/Net 2452548710: Recv: ImgStore.GroupPicUp[0m
[0m2022-07-22 20:01:51 V/Net 2452548710: Send: MessageSvc.PbSendMsg(MessageSvc.PbSendMsg)[0m
[0m2022-07-22 20:01:52 V/Net 2452548710: Recv: MessageSvc.PbSendMsg[0m
[0m2022-07-22 20:01:52 V/Net 2452548710: Send: MessageSvc.PbSendMsg(MessageSvc.PbSendMsg)[0m
[0m2022-07-22 20:01:52 V/Net 2452548710: Recv: MessageSvc.PbSendMsg[0m
[0m2022-07-22 20:01:52 V/Net 2452548710: Send: LongConn.OffPicUp(LongConn.OffPicUp)[0m
[0m2022-07-22 20:01:53 V/Net 2452548710: Recv: LongConn.OffPicUp[0m
[0m2022-07-22 20:01:53 V/Net 2452548710: Send: LongConn.OffPicUp(LongConn.OffPicUp)[0m
[0m2022-07-22 20:01:53 V/Net 2452548710: Recv: LongConn.OffPicUp[0m
[0m2022-07-22 20:01:53 V/Net 2452548710: Send: MessageSvc.PbSendMsg(MessageSvc.PbSendMsg)[0m
[0m2022-07-22 20:01:53 V/Net 2452548710: Recv: MessageSvc.PbSendMsg[0m
[0m2022-07-22 20:01:53 V/Net 2452548710: Send: ImgStore.GroupPicUp(ImgStore.GroupPicUp)[0m
[0m2022-07-22 20:01:54 V/Net 2452548710: Recv: ImgStore.GroupPicUp[0m
[0m2022-07-22 20:01:54 V/Net 2452548710: Send: MessageSvc.PbSendMsg(MessageSvc.PbSendMsg)[0m
[0m2022-07-22 20:01:54 V/Net 2452548710: Recv: MessageSvc.PbSendMsg[0m
[0m2022-07-22 20:02:07 V/Net 2452548710: Send: MessageSvc.PbSendMsg(MessageSvc.PbSendMsg)[0m
[0m2022-07-22 20:02:08 V/Net 2452548710: Recv: MessageSvc.PbSendMsg[0m
[0m2022-07-22 20:02:08 V/Net 2452548710: Send: LongConn.OffPicUp(LongConn.OffPicUp)[0m
[0m2022-07-22 20:02:08 V/Net 2452548710: Recv: LongConn.OffPicUp[0m
[0m2022-07-22 20:02:08 V/Net 2452548710: Send: MessageSvc.PbSendMsg(MessageSvc.PbSendMsg)[0m
[0m2022-07-22 20:02:09 V/Net 2452548710: Recv: MessageSvc.PbSendMsg[0m
[0m2022-07-22 20:02:11 V/Net 2452548710: Send: MessageSvc.PbSendMsg(MessageSvc.PbSendMsg)[0m
[0m2022-07-22 20:02:11 V/Net 2452548710: Recv: MessageSvc.PbSendMsg[0m
[0m2022-07-22 20:02:25 V/Net 2452548710: Send: MessageSvc.PbSendMsg(MessageSvc.PbSendMsg)[0m
[0m2022-07-22 20:02:26 V/Net 2452548710: Recv: MessageSvc.PbSendMsg[0m
[0m2022-07-22 20:02:26 V/Net 2452548710: Send: ImgStore.GroupPicUp(ImgStore.GroupPicUp)[0m
[0m2022-07-22 20:02:26 V/Net 2452548710: Recv: ImgStore.GroupPicUp[0m
[0m2022-07-22 20:02:26 V/Net 2452548710: Send: ImgStore.GroupPicUp(ImgStore.GroupPicUp)[0m
[0m2022-07-22 20:02:26 V/Net 2452548710: Recv: ImgStore.GroupPicUp[0m
[0m2022-07-22 20:02:26 V/Net 2452548710: Send: ImgStore.GroupPicUp(ImgStore.GroupPicUp)[0m
[0m2022-07-22 20:02:26 V/Net 2452548710: Recv: ImgStore.GroupPicUp[0m
[0m2022-07-22 20:02:26 V/Net 2452548710: Send: MessageSvc.PbSendMsg(MessageSvc.PbSendMsg)[0m
[0m2022-07-22 20:02:27 V/Net 2452548710: Recv: MessageSvc.PbSendMsg[0m
[0m2022-07-22 20:02:27 V/Net 2452548710: Send: ImgStore.GroupPicUp(ImgStore.GroupPicUp)[0m
[0m2022-07-22 20:02:27 V/Net 2452548710: Recv: ImgStore.GroupPicUp[0m
[0m2022-07-22 20:02:27 V/Net 2452548710: Send: ImgStore.GroupPicUp(ImgStore.GroupPicUp)[0m
[0m2022-07-22 20:02:27 V/Net 2452548710: Recv: ImgStore.GroupPicUp[0m
[0m2022-07-22 20:02:27 V/Net 2452548710: Send: MessageSvc.PbSendMsg(MessageSvc.PbSendMsg)[0m
[0m2022-07-22 20:02:28 V/Net 2452548710: Recv: MessageSvc.PbSendMsg[0m
[0m2022-07-22 20:02:28 V/Net 2452548710: Send: MessageSvc.PbSendMsg(MessageSvc.PbSendMsg)[0m
[0m2022-07-22 20:02:28 V/Net 2452548710: Recv: MessageSvc.PbSendMsg[0m
[0m2022-07-22 20:02:29 V/Net 2452548710: Send: MessageSvc.PbSendMsg(MessageSvc.PbSendMsg)[0m
[0m2022-07-22 20:02:29 V/Net 2452548710: Recv: MessageSvc.PbSendMsg[0m
[0m2022-07-22 20:02:29 V/Net 2452548710: Send: MessageSvc.PbSendMsg(MessageSvc.PbSendMsg)[0m
[0m2022-07-22 20:02:29 V/Net 2452548710: Recv: MessageSvc.PbSendMsg[0m
[0m2022-07-22 20:02:29 V/Net 2452548710: Send: LongConn.OffPicUp(LongConn.OffPicUp)[0m
[0m2022-07-22 20:02:30 V/Net 2452548710: Recv: LongConn.OffPicUp[0m
[0m2022-07-22 20:02:30 V/Net 2452548710: Send: LongConn.OffPicUp(LongConn.OffPicUp)[0m
[0m2022-07-22 20:02:30 V/Net 2452548710: Recv: LongConn.OffPicUp[0m
[0m2022-07-22 20:02:30 V/Net 2452548710: Send: MessageSvc.PbSendMsg(MessageSvc.PbSendMsg)[0m
[0m2022-07-22 20:02:30 V/Net 2452548710: Recv: MessageSvc.PbSendMsg[0m
[0m2022-07-22 20:02:30 V/Net 2452548710: Send: ImgStore.GroupPicUp(ImgStore.GroupPicUp)[0m
[0m2022-07-22 20:02:31 V/Net 2452548710: Recv: ImgStore.GroupPicUp[0m
[0m2022-07-22 20:02:31 V/Net 2452548710: Send: MessageSvc.PbSendMsg(MessageSvc.PbSendMsg)[0m
[0m2022-07-22 20:02:31 V/Net 2452548710: Recv: MessageSvc.PbSendMsg[0m
[0m2022-07-22 20:02:31 V/Net 2452548710: Send: MessageSvc.PbSendMsg(MessageSvc.PbSendMsg)[0m
[0m2022-07-22 20:02:31 V/Net 2452548710: Recv: MessageSvc.PbSendMsg[0m
[0m2022-07-22 20:02:31 V/Net 2452548710: Send: LongConn.OffPicUp(LongConn.OffPicUp)[0m
[0m2022-07-22 20:02:32 V/Net 2452548710: Recv: LongConn.OffPicUp[0m
[0m2022-07-22 20:02:32 V/Net 2452548710: Send: LongConn.OffPicUp(LongConn.OffPicUp)[0m
[0m2022-07-22 20:02:32 V/Net 2452548710: Recv: LongConn.OffPicUp[0m
[0m2022-07-22 20:02:32 V/Net 2452548710: Send: MessageSvc.PbSendMsg(MessageSvc.PbSendMsg)[0m
[0m2022-07-22 20:02:32 V/Net 2452548710: Recv: MessageSvc.PbSendMsg[0m
[0m2022-07-22 20:02:32 V/Net 2452548710: Send: ImgStore.GroupPicUp(ImgStore.GroupPicUp)[0m
[0m2022-07-22 20:02:33 V/Net 2452548710: Recv: ImgStore.GroupPicUp[0m
[0m2022-07-22 20:02:33 V/Net 2452548710: Send: MessageSvc.PbSendMsg(MessageSvc.PbSendMsg)[0m
[0m2022-07-22 20:02:34 V/Net 2452548710: Recv: MessageSvc.PbSendMsg[0m
[0m2022-07-22 20:03:00 V/Net 2452548710: Send: MessageSvc.PbSendMsg(MessageSvc.PbSendMsg)[0m
[0m2022-07-22 20:03:01 V/Net 2452548710: Recv: MessageSvc.PbSendMsg[0m
[0m2022-07-22 20:03:05 V/Net 2452548710: Send: MessageSvc.PbSendMsg(MessageSvc.PbSendMsg)[0m
[0m2022-07-22 20:03:06 V/Net 2452548710: Recv: MessageSvc.PbSendMsg[0m
[0m2022-07-22 20:03:06 V/Net 2452548710: Send: LongConn.OffPicUp(LongConn.OffPicUp)[0m
[0m2022-07-22 20:03:06 V/Net 2452548710: Recv: LongConn.OffPicUp[0m
[0m2022-07-22 20:03:06 V/Net 2452548710: Send: MessageSvc.PbSendMsg(MessageSvc.PbSendMsg)[0m
[0m2022-07-22 20:03:06 V/Net 2452548710: Recv: MessageSvc.PbSendMsg[0m
[0m2022-07-22 20:03:06 V/Net 2452548710: Send: ImgStore.GroupPicUp(ImgStore.GroupPicUp)[0m
[0m2022-07-22 20:03:07 V/Net 2452548710: Recv: ImgStore.GroupPicUp[0m
[0m2022-07-22 20:03:07 V/Net 2452548710: Send: ImgStore.GroupPicUp(ImgStore.GroupPicUp)[0m
[0m2022-07-22 20:03:07 V/Net 2452548710: Recv: ImgStore.GroupPicUp[0m
[0m2022-07-22 20:03:07 V/Net 2452548710: Send: MessageSvc.PbSendMsg(MessageSvc.PbSendMsg)[0m
[0m2022-07-22 20:03:07 V/Net 2452548710: Recv: MessageSvc.PbSendMsg[0m
[0m2022-07-22 20:03:08 V/Net 2452548710: Send: ImgStore.GroupPicUp(ImgStore.GroupPicUp)[0m
[0m2022-07-22 20:03:08 V/Net 2452548710: Recv: ImgStore.GroupPicUp[0m
[0m2022-07-22 20:03:08 V/Net 2452548710: Send: ImgStore.GroupPicUp(ImgStore.GroupPicUp)[0m
[0m2022-07-22 20:03:08 V/Net 2452548710: Recv: ImgStore.GroupPicUp[0m
[0m2022-07-22 20:03:08 V/Net 2452548710: Send: ImgStore.GroupPicUp(ImgStore.GroupPicUp)[0m
[0m2022-07-22 20:03:08 V/Net 2452548710: Recv: ImgStore.GroupPicUp[0m
[0m2022-07-22 20:03:08 V/Net 2452548710: Send: MessageSvc.PbSendMsg(MessageSvc.PbSendMsg)[0m
[0m2022-07-22 20:03:09 V/Net 2452548710: Recv: MessageSvc.PbSendMsg[0m
[0m2022-07-22 20:03:09 V/Net 2452548710: Send: MessageSvc.PbSendMsg(MessageSvc.PbSendMsg)[0m
[0m2022-07-22 20:03:09 V/Net 2452548710: Recv: MessageSvc.PbSendMsg[0m
[0m2022-07-22 20:03:09 V/Net 2452548710: Send: MessageSvc.PbSendMsg(MessageSvc.PbSendMsg)[0m
[0m2022-07-22 20:03:10 V/Net 2452548710: Recv: MessageSvc.PbSendMsg[0m
[0m2022-07-22 20:03:10 V/Net 2452548710: Send: MessageSvc.PbSendMsg(MessageSvc.PbSendMsg)[0m
[0m2022-07-22 20:03:10 V/Net 2452548710: Recv: MessageSvc.PbSendMsg[0m
[0m2022-07-22 20:03:10 V/Net 2452548710: Send: LongConn.OffPicUp(LongConn.OffPicUp)[0m
[0m2022-07-22 20:03:10 V/Net 2452548710: Recv: LongConn.OffPicUp[0m
[0m2022-07-22 20:03:10 V/Net 2452548710: Send: LongConn.OffPicUp(LongConn.OffPicUp)[0m
[0m2022-07-22 20:03:11 V/Net 2452548710: Recv: LongConn.OffPicUp[0m
[0m2022-07-22 20:03:11 V/Net 2452548710: Send: MessageSvc.PbSendMsg(MessageSvc.PbSendMsg)[0m
[0m2022-07-22 20:03:11 V/Net 2452548710: Recv: MessageSvc.PbSendMsg[0m
[0m2022-07-22 20:03:11 V/Net 2452548710: Send: ImgStore.GroupPicUp(ImgStore.GroupPicUp)[0m
[0m2022-07-22 20:03:11 V/Net 2452548710: Recv: ImgStore.GroupPicUp[0m
[0m2022-07-22 20:03:11 V/Net 2452548710: Send: MessageSvc.PbSendMsg(MessageSvc.PbSendMsg)[0m
[0m2022-07-22 20:03:12 V/Net 2452548710: Recv: MessageSvc.PbSendMsg[0m
[0m2022-07-22 20:03:12 V/Net 2452548710: Send: MessageSvc.PbSendMsg(MessageSvc.PbSendMsg)[0m
[0m2022-07-22 20:03:12 V/Net 2452548710: Recv: MessageSvc.PbSendMsg[0m
[0m2022-07-22 20:03:12 V/Net 2452548710: Send: LongConn.OffPicUp(LongConn.OffPicUp)[0m
[0m2022-07-22 20:03:13 V/Net 2452548710: Recv: LongConn.OffPicUp[0m
[0m2022-07-22 20:03:13 V/Net 2452548710: Send: LongConn.OffPicUp(LongConn.OffPicUp)[0m
[0m2022-07-22 20:03:13 V/Net 2452548710: Recv: LongConn.OffPicUp[0m
[0m2022-07-22 20:03:13 V/Net 2452548710: Send: MessageSvc.PbSendMsg(MessageSvc.PbSendMsg)[0m
[0m2022-07-22 20:03:13 V/Net 2452548710: Recv: MessageSvc.PbSendMsg[0m
[0m2022-07-22 20:03:13 V/Net 2452548710: Send: ImgStore.GroupPicUp(ImgStore.GroupPicUp)[0m
[0m2022-07-22 20:03:14 V/Net 2452548710: Recv: ImgStore.GroupPicUp[0m
[0m2022-07-22 20:03:14 V/Net 2452548710: Send: MessageSvc.PbSendMsg(MessageSvc.PbSendMsg)[0m
[0m2022-07-22 20:03:14 V/Net 2452548710: Recv: MessageSvc.PbSendMsg[0m
