[0m2022-07-28 00:51:57 V/Net 2452548710: Loading server list from cache.[0m
[92m2022-07-28 00:51:57 I/Net 2452548710: Server list: 120.232.130.74:80, 120.232.69.173:443, 111.31.205.233:14000, 120.232.130.47:80, 36.155.248.44:80, msfwifi.3g.qq.com:8080, 111.31.200.170:80, 111.33.189.81:8080, 36.155.206.174:14000, 111.31.205.184:443.[0m
[92m2022-07-28 00:51:57 I/Net 2452548710: ECDH key is valid.[0m
[0m2022-07-28 00:51:57 V/Net 2452548710: Send: wtlogin.exchange_emp[0m
[0m2022-07-28 00:51:57 V/Net 2452548710: Send: wtlogin.login[0m
[0m2022-07-28 00:51:57 V/Net 2452548710: Recv: wtlogin.exchange_emp[0m
[0m2022-07-28 00:51:58 V/Net 2452548710: Recv: wtlogin.login[0m
[0m2022-07-28 00:51:58 V/Net 2452548710: Send: StatSvc.register(online)[0m
[92m2022-07-28 00:51:58 I/Net 2452548710: Server time updated, serverTime: 1658940718, diff: 0ms=0.0s[0m
[0m2022-07-28 00:51:58 V/Net 2452548710: Recv: StatSvc.register[0m
[0m2022-07-28 00:51:58 V/Net 2452548710: Loading BdhSession from cache file[0m
[92m2022-07-28 00:51:58 I/Net 2452548710: Syncing friend message history...[0m
[92m2022-07-28 00:51:58 I/Net 2452548710: Start loading friend list...[0m
[92m2022-07-28 00:51:58 I/Net 2452548710: Start loading stranger list...[0m
[0m2022-07-28 00:51:58 V/Net 2452548710: Send: StatSvc.GetDevLoginInfo(StatSvc.GetDevLoginInfo)[0m
[0m2022-07-28 00:51:58 V/Net 2452548710: Send: OidbSvc.0x496(OidbSvc.0x496)[0m
[0m2022-07-28 00:51:58 V/Net 2452548710: Send: friendlist.getFriendGroupList(friendlist.getFriendGroupList)[0m
[0m2022-07-28 00:51:58 V/Net 2452548710: Send: OidbSvc.0x5d2_0(OidbSvc.0x5d2_0)[0m
[0m2022-07-28 00:51:58 V/Net 2452548710: Recv: MessageSvc.PushForceOffline[0m
[91m2022-07-28 00:51:58 W/Net 2452548710: An exception was thrown during initialization process of Bot 2452548710. Trying to ignore the error and continue logging in...
StateSwitchingException(old=StateLoading, new=StateClosed, cause=net.mamoe.mirai.internal.network.impl.netty.ForceOfflineException: ä½ çš„QQå·äº7-27 16:01åœ¨ã€OCE-AL50ã€‘è®¾å¤‡ç™»å½•ï¼Œå½“å‰è®¾å¤‡å·²ä¸‹çº¿ã€‚å¦‚æœè¿™ä¸æ˜¯ä½ æœ¬äººæ“ä½œï¼Œé‚£ä¹ˆä½ çš„QQå¯†ç å¯èƒ½å·²ç»æ³„éœ²ï¼Œè¯·å°½å¿«é‡æ–°ç™»å½•å¹¶ä¿®æ”¹å¯†ç ã€‚)
	at net.mamoe.mirai.internal.network.handler.NetworkHandlerSupport.setStateImpl$mirai_core(NetworkHandlerSupport.kt:297)
	at net.mamoe.mirai.internal.network.impl.netty.NettyNetworkHandler.close(NettyNetworkHandler.kt:423)
	at net.mamoe.mirai.internal.network.handler.selector.SelectorNetworkHandler.close(SelectorNetworkHandler.kt:87)
	at net.mamoe.mirai.internal.network.protocol.packet.chat.receive.MessageSvcPushForceOffline.handle(MessageSvc.PushForceOffline.kt:35)
	at net.mamoe.mirai.internal.network.protocol.packet.chat.receive.MessageSvcPushForceOffline.handle(MessageSvc.PushForceOffline.kt:25)
	at net.mamoe.mirai.internal.network.components.CallPacketFactoryPacketHandler.handlePacket(PacketHandler.kt:110)
	at net.mamoe.mirai.internal.network.components.PacketHandlerChain.handlePacket(PacketHandler.kt:42)
	at net.mamoe.mirai.internal.network.handler.NetworkHandlerSupport$collectReceived$3.invokeSuspend(NetworkHandlerSupport.kt:85)
	at net.mamoe.mirai.internal.network.handler.NetworkHandlerSupport$collectReceived$3.invoke(NetworkHandlerSupport.kt)
	at net.mamoe.mirai.internal.network.handler.NetworkHandlerSupport$collectReceived$3.invoke(NetworkHandlerSupport.kt)
	at kotlinx.coroutines.intrinsics.UndispatchedKt.startCoroutineUndispatched(Undispatched.kt:55)
	at kotlinx.coroutines.CoroutineStart.invoke(CoroutineStart.kt:112)
	at kotlinx.coroutines.AbstractCoroutine.start(AbstractCoroutine.kt:126)
	at kotlinx.coroutines.BuildersKt__Builders_commonKt.launch(Builders.common.kt:56)
	at kotlinx.coroutines.BuildersKt.launch(Unknown Source)
	at kotlinx.coroutines.BuildersKt__Builders_commonKt.launch$default(Builders.common.kt:47)
	at kotlinx.coroutines.BuildersKt.launch$default(Unknown Source)
	at net.mamoe.mirai.internal.network.handler.NetworkHandlerSupport.collectReceived$mirai_core(NetworkHandlerSupport.kt:83)
	at net.mamoe.mirai.internal.network.impl.netty.NettyNetworkHandler$PacketDecodePipeline$send$1.invokeSuspend(NettyNetworkHandler.kt:193)
	at kotlin.coroutines.jvm.internal.BaseContinuationImpl.resumeWith(ContinuationImpl.kt:33)
	at kotlinx.coroutines.DispatchedTask.run(DispatchedTask.kt:106)
	at io.netty.util.concurrent.AbstractEventExecutor.safeExecute(AbstractEventExecutor.java:164)
	at io.netty.util.concurrent.SingleThreadEventExecutor.runAllTasks(SingleThreadEventExecutor.java:472)
	at io.netty.channel.nio.NioEventLoop.run(NioEventLoop.java:500)
	at io.netty.util.concurrent.SingleThreadEventExecutor$4.run(SingleThreadEventExecutor.java:989)
	at io.netty.util.internal.ThreadExecutorMap$2.run(ThreadExecutorMap.java:74)
	at io.netty.util.concurrent.FastThreadLocalRunnable.run(FastThreadLocalRunnable.java:30)
	at java.base/java.lang.Thread.run(Thread.java:829)
Caused by: net.mamoe.mirai.internal.network.impl.netty.ForceOfflineException: ä½ çš„QQå·äº7-27 16:01åœ¨ã€OCE-AL50ã€‘è®¾å¤‡ç™»å½•ï¼Œå½“å‰è®¾å¤‡å·²ä¸‹çº¿ã€‚å¦‚æœè¿™ä¸æ˜¯ä½ æœ¬äººæ“ä½œï¼Œé‚£ä¹ˆä½ çš„QQå¯†ç å¯èƒ½å·²ç»æ³„éœ²ï¼Œè¯·å°½å¿«é‡æ–°ç™»å½•å¹¶ä¿®æ”¹å¯†ç ã€‚
	... 25 more
	Suppressed: java.util.concurrent.CancellationException: NetworkHandler closed
		at kotlinx.coroutines.ExceptionsKt.CancellationException(Exceptions.kt:22)
		at kotlinx.coroutines.JobKt__JobKt.cancel(Job.kt:596)
		at kotlinx.coroutines.JobKt.cancel(Unknown Source)
		at net.mamoe.mirai.internal.network.handler.NetworkHandlerSupport.close(NetworkHandlerSupport.kt:56)
		at net.mamoe.mirai.internal.network.impl.netty.NettyNetworkHandler.close(NettyNetworkHandler.kt:206)
		at net.mamoe.mirai.internal.network.handler.selector.SelectorNetworkHandler.close(SelectorNetworkHandler.kt:87)
		... 25 more
	Caused by: [CIRCULAR REFERENCE: net.mamoe.mirai.internal.network.impl.netty.ForceOfflineException: ä½ çš„QQå·äº7-27 16:01åœ¨ã€OCE-AL50ã€‘è®¾å¤‡ç™»å½•ï¼Œå½“å‰è®¾å¤‡å·²ä¸‹çº¿ã€‚å¦‚æœè¿™ä¸æ˜¯ä½ æœ¬äººæ“ä½œï¼Œé‚£ä¹ˆä½ çš„QQå¯†ç å¯èƒ½å·²ç»æ³„éœ²ï¼Œè¯·å°½å¿«é‡æ–°ç™»å½•å¹¶ä¿®æ”¹å¯†ç ã€‚]
[0m
[91m2022-07-28 00:51:58 W/Net 2452548710: An exception was thrown during initialization process of Bot 2452548710. Trying to ignore the error and continue logging in...
StateSwitchingException(old=StateLoading, new=StateClosed, cause=net.mamoe.mirai.internal.network.impl.netty.ForceOfflineException: ä½ çš„QQå·äº7-27 16:01åœ¨ã€OCE-AL50ã€‘è®¾å¤‡ç™»å½•ï¼Œå½“å‰è®¾å¤‡å·²ä¸‹çº¿ã€‚å¦‚æœè¿™ä¸æ˜¯ä½ æœ¬äººæ“ä½œï¼Œé‚£ä¹ˆä½ çš„QQå¯†ç å¯èƒ½å·²ç»æ³„éœ²ï¼Œè¯·å°½å¿«é‡æ–°ç™»å½•å¹¶ä¿®æ”¹å¯†ç ã€‚)
	at net.mamoe.mirai.internal.network.handler.NetworkHandlerSupport.setStateImpl$mirai_core(NetworkHandlerSupport.kt:297)
	at net.mamoe.mirai.internal.network.impl.netty.NettyNetworkHandler.close(NettyNetworkHandler.kt:423)
	at net.mamoe.mirai.internal.network.handler.selector.SelectorNetworkHandler.close(SelectorNetworkHandler.kt:87)
	at net.mamoe.mirai.internal.network.protocol.packet.chat.receive.MessageSvcPushForceOffline.handle(MessageSvc.PushForceOffline.kt:35)
	at net.mamoe.mirai.internal.network.protocol.packet.chat.receive.MessageSvcPushForceOffline.handle(MessageSvc.PushForceOffline.kt:25)
	at net.mamoe.mirai.internal.network.components.CallPacketFactoryPacketHandler.handlePacket(PacketHandler.kt:110)
	at net.mamoe.mirai.internal.network.components.PacketHandlerChain.handlePacket(PacketHandler.kt:42)
	at net.mamoe.mirai.internal.network.handler.NetworkHandlerSupport$collectReceived$3.invokeSuspend(NetworkHandlerSupport.kt:85)
	at net.mamoe.mirai.internal.network.handler.NetworkHandlerSupport$collectReceived$3.invoke(NetworkHandlerSupport.kt)
	at net.mamoe.mirai.internal.network.handler.NetworkHandlerSupport$collectReceived$3.invoke(NetworkHandlerSupport.kt)
	at kotlinx.coroutines.intrinsics.UndispatchedKt.startCoroutineUndispatched(Undispatched.kt:55)
	at kotlinx.coroutines.CoroutineStart.invoke(CoroutineStart.kt:112)
	at kotlinx.coroutines.AbstractCoroutine.start(AbstractCoroutine.kt:126)
	at kotlinx.coroutines.BuildersKt__Builders_commonKt.launch(Builders.common.kt:56)
	at kotlinx.coroutines.BuildersKt.launch(Unknown Source)
	at kotlinx.coroutines.BuildersKt__Builders_commonKt.launch$default(Builders.common.kt:47)
	at kotlinx.coroutines.BuildersKt.launch$default(Unknown Source)
	at net.mamoe.mirai.internal.network.handler.NetworkHandlerSupport.collectReceived$mirai_core(NetworkHandlerSupport.kt:83)
	at net.mamoe.mirai.internal.network.impl.netty.NettyNetworkHandler$PacketDecodePipeline$send$1.invokeSuspend(NettyNetworkHandler.kt:193)
	at kotlin.coroutines.jvm.internal.BaseContinuationImpl.resumeWith(ContinuationImpl.kt:33)
	at kotlinx.coroutines.DispatchedTask.run(DispatchedTask.kt:106)
	at io.netty.util.concurrent.AbstractEventExecutor.safeExecute(AbstractEventExecutor.java:164)
	at io.netty.util.concurrent.SingleThreadEventExecutor.runAllTasks(SingleThreadEventExecutor.java:472)
	at io.netty.channel.nio.NioEventLoop.run(NioEventLoop.java:500)
	at io.netty.util.concurrent.SingleThreadEventExecutor$4.run(SingleThreadEventExecutor.java:989)
	at io.netty.util.internal.ThreadExecutorMap$2.run(ThreadExecutorMap.java:74)
	at io.netty.util.concurrent.FastThreadLocalRunnable.run(FastThreadLocalRunnable.java:30)
	at java.base/java.lang.Thread.run(Thread.java:829)
Caused by: net.mamoe.mirai.internal.network.impl.netty.ForceOfflineException: ä½ çš„QQå·äº7-27 16:01åœ¨ã€OCE-AL50ã€‘è®¾å¤‡ç™»å½•ï¼Œå½“å‰è®¾å¤‡å·²ä¸‹çº¿ã€‚å¦‚æœè¿™ä¸æ˜¯ä½ æœ¬äººæ“ä½œï¼Œé‚£ä¹ˆä½ çš„QQå¯†ç å¯èƒ½å·²ç»æ³„éœ²ï¼Œè¯·å°½å¿«é‡æ–°ç™»å½•å¹¶ä¿®æ”¹å¯†ç ã€‚
	... 25 more
	Suppressed: java.util.concurrent.CancellationException: NetworkHandler closed
		at kotlinx.coroutines.ExceptionsKt.CancellationException(Exceptions.kt:22)
		at kotlinx.coroutines.JobKt__JobKt.cancel(Job.kt:596)
		at kotlinx.coroutines.JobKt.cancel(Unknown Source)
		at net.mamoe.mirai.internal.network.handler.NetworkHandlerSupport.close(NetworkHandlerSupport.kt:56)
		at net.mamoe.mirai.internal.network.impl.netty.NettyNetworkHandler.close(NettyNetworkHandler.kt:206)
		at net.mamoe.mirai.internal.network.handler.selector.SelectorNetworkHandler.close(SelectorNetworkHandler.kt:87)
		... 25 more
	Caused by: [CIRCULAR REFERENCE: net.mamoe.mirai.internal.network.impl.netty.ForceOfflineException: ä½ çš„QQå·äº7-27 16:01åœ¨ã€OCE-AL50ã€‘è®¾å¤‡ç™»å½•ï¼Œå½“å‰è®¾å¤‡å·²ä¸‹çº¿ã€‚å¦‚æœè¿™ä¸æ˜¯ä½ æœ¬äººæ“ä½œï¼Œé‚£ä¹ˆä½ çš„QQå¯†ç å¯èƒ½å·²ç»æ³„éœ²ï¼Œè¯·å°½å¿«é‡æ–°ç™»å½•å¹¶ä¿®æ”¹å¯†ç ã€‚]
[0m
[31m2022-07-28 00:51:58 E/Net 2452548710: Exception in coroutine 'unnamed'
net.mamoe.mirai.internal.network.impl.netty.ForceOfflineException: ä½ çš„QQå·äº7-27 16:01åœ¨ã€OCE-AL50ã€‘è®¾å¤‡ç™»å½•ï¼Œå½“å‰è®¾å¤‡å·²ä¸‹çº¿ã€‚å¦‚æœè¿™ä¸æ˜¯ä½ æœ¬äººæ“ä½œï¼Œé‚£ä¹ˆä½ çš„QQå¯†ç å¯èƒ½å·²ç»æ³„éœ²ï¼Œè¯·å°½å¿«é‡æ–°ç™»å½•å¹¶ä¿®æ”¹å¯†ç ã€‚
	at net.mamoe.mirai.internal.network.protocol.packet.chat.receive.MessageSvcPushForceOffline.handle(MessageSvc.PushForceOffline.kt:35)
	at net.mamoe.mirai.internal.network.protocol.packet.chat.receive.MessageSvcPushForceOffline.handle(MessageSvc.PushForceOffline.kt:25)
	at net.mamoe.mirai.internal.network.components.CallPacketFactoryPacketHandler.handlePacket(PacketHandler.kt:110)
	at net.mamoe.mirai.internal.network.components.PacketHandlerChain.handlePacket(PacketHandler.kt:42)
	at net.mamoe.mirai.internal.network.handler.NetworkHandlerSupport$collectReceived$3.invokeSuspend(NetworkHandlerSupport.kt:85)
	at net.mamoe.mirai.internal.network.handler.NetworkHandlerSupport$collectReceived$3.invoke(NetworkHandlerSupport.kt)
	at net.mamoe.mirai.internal.network.handler.NetworkHandlerSupport$collectReceived$3.invoke(NetworkHandlerSupport.kt)
	at kotlinx.coroutines.intrinsics.UndispatchedKt.startCoroutineUndispatched(Undispatched.kt:55)
	at kotlinx.coroutines.CoroutineStart.invoke(CoroutineStart.kt:112)
	at kotlinx.coroutines.AbstractCoroutine.start(AbstractCoroutine.kt:126)
	at kotlinx.coroutines.BuildersKt__Builders_commonKt.launch(Builders.common.kt:56)
	at kotlinx.coroutines.BuildersKt.launch(Unknown Source)
	at kotlinx.coroutines.BuildersKt__Builders_commonKt.launch$default(Builders.common.kt:47)
	at kotlinx.coroutines.BuildersKt.launch$default(Unknown Source)
	at net.mamoe.mirai.internal.network.handler.NetworkHandlerSupport.collectReceived$mirai_core(NetworkHandlerSupport.kt:83)
	at net.mamoe.mirai.internal.network.impl.netty.NettyNetworkHandler$PacketDecodePipeline$send$1.invokeSuspend(NettyNetworkHandler.kt:193)
	at kotlin.coroutines.jvm.internal.BaseContinuationImpl.resumeWith(ContinuationImpl.kt:33)
	at kotlinx.coroutines.DispatchedTask.run(DispatchedTask.kt:106)
	at io.netty.util.concurrent.AbstractEventExecutor.safeExecute(AbstractEventExecutor.java:164)
	at io.netty.util.concurrent.SingleThreadEventExecutor.runAllTasks(SingleThreadEventExecutor.java:472)
	at io.netty.channel.nio.NioEventLoop.run(NioEventLoop.java:500)
	at io.netty.util.concurrent.SingleThreadEventExecutor$4.run(SingleThreadEventExecutor.java:989)
	at io.netty.util.internal.ThreadExecutorMap$2.run(ThreadExecutorMap.java:74)
	at io.netty.util.concurrent.FastThreadLocalRunnable.run(FastThreadLocalRunnable.java:30)
	at java.base/java.lang.Thread.run(Thread.java:829)
	Suppressed: java.util.concurrent.CancellationException: NetworkHandler closed
		at kotlinx.coroutines.ExceptionsKt.CancellationException(Exceptions.kt:22)
		at kotlinx.coroutines.JobKt__JobKt.cancel(Job.kt:596)
		at kotlinx.coroutines.JobKt.cancel(Unknown Source)
		at net.mamoe.mirai.internal.network.handler.NetworkHandlerSupport.close(NetworkHandlerSupport.kt:56)
		at net.mamoe.mirai.internal.network.impl.netty.NettyNetworkHandler.close(NettyNetworkHandler.kt:206)
		at net.mamoe.mirai.internal.network.handler.selector.SelectorNetworkHandler.close(SelectorNetworkHandler.kt:87)
		... 25 more
	Caused by: [CIRCULAR REFERENCE: net.mamoe.mirai.internal.network.impl.netty.ForceOfflineException: ä½ çš„QQå·äº7-27 16:01åœ¨ã€OCE-AL50ã€‘è®¾å¤‡ç™»å½•ï¼Œå½“å‰è®¾å¤‡å·²ä¸‹çº¿ã€‚å¦‚æœè¿™ä¸æ˜¯ä½ æœ¬äººæ“ä½œï¼Œé‚£ä¹ˆä½ çš„QQå¯†ç å¯èƒ½å·²ç»æ³„éœ²ï¼Œè¯·å°½å¿«é‡æ–°ç™»å½•å¹¶ä¿®æ”¹å¯†ç ã€‚]
[0m
[31m2022-07-28 00:51:58 E/Net 2452548710: Exception in coroutine 'BotInitProcessor.init'
java.lang.IllegalStateException: Exception in attached Job 'BotInitProcessor.init'
	at net.mamoe.mirai.internal.network.handler.state.JobAttachStateObserver$stateChanged0$1.invokeSuspend(JobAttachStateObserver.kt:40)
	at kotlin.coroutines.jvm.internal.BaseContinuationImpl.resumeWith(ContinuationImpl.kt:33)
	at kotlinx.coroutines.DispatchedTask.run(DispatchedTask.kt:104)
	at kotlinx.coroutines.scheduling.CoroutineScheduler.runSafely(CoroutineScheduler.kt:570)
	at kotlinx.coroutines.scheduling.CoroutineScheduler$Worker.executeTask(CoroutineScheduler.kt:749)
	at kotlinx.coroutines.scheduling.CoroutineScheduler$Worker.runWorker(CoroutineScheduler.kt:677)
	at kotlinx.coroutines.scheduling.CoroutineScheduler$Worker.run(CoroutineScheduler.kt:664)
Caused by: net.mamoe.mirai.internal.network.impl.netty.ForceOfflineException: ä½ çš„QQå·äº7-27 16:01åœ¨ã€OCE-AL50ã€‘è®¾å¤‡ç™»å½•ï¼Œå½“å‰è®¾å¤‡å·²ä¸‹çº¿ã€‚å¦‚æœè¿™ä¸æ˜¯ä½ æœ¬äººæ“ä½œï¼Œé‚£ä¹ˆä½ çš„QQå¯†ç å¯èƒ½å·²ç»æ³„éœ²ï¼Œè¯·å°½å¿«é‡æ–°ç™»å½•å¹¶ä¿®æ”¹å¯†ç ã€‚
	at net.mamoe.mirai.internal.network.protocol.packet.chat.receive.MessageSvcPushForceOffline.handle(MessageSvc.PushForceOffline.kt:35)
	at net.mamoe.mirai.internal.network.protocol.packet.chat.receive.MessageSvcPushForceOffline.handle(MessageSvc.PushForceOffline.kt:25)
	at net.mamoe.mirai.internal.network.components.CallPacketFactoryPacketHandler.handlePacket(PacketHandler.kt:110)
	at net.mamoe.mirai.internal.network.components.PacketHandlerChain.handlePacket(PacketHandler.kt:42)
	at net.mamoe.mirai.internal.network.handler.NetworkHandlerSupport$collectReceived$3.invokeSuspend(NetworkHandlerSupport.kt:85)
	at net.mamoe.mirai.internal.network.handler.NetworkHandlerSupport$collectReceived$3.invoke(NetworkHandlerSupport.kt)
	at net.mamoe.mirai.internal.network.handler.NetworkHandlerSupport$collectReceived$3.invoke(NetworkHandlerSupport.kt)
	at kotlinx.coroutines.intrinsics.UndispatchedKt.startCoroutineUndispatched(Undispatched.kt:55)
	at kotlinx.coroutines.CoroutineStart.invoke(CoroutineStart.kt:112)
	at kotlinx.coroutines.AbstractCoroutine.start(AbstractCoroutine.kt:126)
	at kotlinx.coroutines.BuildersKt__Builders_commonKt.launch(Builders.common.kt:56)
	at kotlinx.coroutines.BuildersKt.launch(Unknown Source)
	at kotlinx.coroutines.BuildersKt__Builders_commonKt.launch$default(Builders.common.kt:47)
	at kotlinx.coroutines.BuildersKt.launch$default(Unknown Source)
	at net.mamoe.mirai.internal.network.handler.NetworkHandlerSupport.collectReceived$mirai_core(NetworkHandlerSupport.kt:83)
	at net.mamoe.mirai.internal.network.impl.netty.NettyNetworkHandler$PacketDecodePipeline$send$1.invokeSuspend(NettyNetworkHandler.kt:193)
	at kotlin.coroutines.jvm.internal.BaseContinuationImpl.resumeWith(ContinuationImpl.kt:33)
	at kotlinx.coroutines.DispatchedTask.run(DispatchedTask.kt:106)
	at io.netty.util.concurrent.AbstractEventExecutor.safeExecute(AbstractEventExecutor.java:164)
	at io.netty.util.concurrent.SingleThreadEventExecutor.runAllTasks(SingleThreadEventExecutor.java:472)
	at io.netty.channel.nio.NioEventLoop.run(NioEventLoop.java:500)
	at io.netty.util.concurrent.SingleThreadEventExecutor$4.run(SingleThreadEventExecutor.java:989)
	at io.netty.util.internal.ThreadExecutorMap$2.run(ThreadExecutorMap.java:74)
	at io.netty.util.concurrent.FastThreadLocalRunnable.run(FastThreadLocalRunnable.java:30)
	at java.base/java.lang.Thread.run(Thread.java:829)
	Suppressed: java.util.concurrent.CancellationException: NetworkHandler closed
		at kotlinx.coroutines.ExceptionsKt.CancellationException(Exceptions.kt:22)
		at kotlinx.coroutines.JobKt__JobKt.cancel(Job.kt:596)
		at kotlinx.coroutines.JobKt.cancel(Unknown Source)
		at net.mamoe.mirai.internal.network.handler.NetworkHandlerSupport.close(NetworkHandlerSupport.kt:56)
		at net.mamoe.mirai.internal.network.impl.netty.NettyNetworkHandler.close(NettyNetworkHandler.kt:206)
		at net.mamoe.mirai.internal.network.handler.selector.SelectorNetworkHandler.close(SelectorNetworkHandler.kt:87)
		... 25 more
	Caused by: [CIRCULAR REFERENCE: net.mamoe.mirai.internal.network.impl.netty.ForceOfflineException: ä½ çš„QQå·äº7-27 16:01åœ¨ã€OCE-AL50ã€‘è®¾å¤‡ç™»å½•ï¼Œå½“å‰è®¾å¤‡å·²ä¸‹çº¿ã€‚å¦‚æœè¿™ä¸æ˜¯ä½ æœ¬äººæ“ä½œï¼Œé‚£ä¹ˆä½ çš„QQå¯†ç å¯èƒ½å·²ç»æ³„éœ²ï¼Œè¯·å°½å¿«é‡æ–°ç™»å½•å¹¶ä¿®æ”¹å¯†ç ã€‚]
	Suppressed: StateSwitchingException(old=StateLoading, new=StateClosed, cause=net.mamoe.mirai.internal.network.impl.netty.ForceOfflineException: ä½ çš„QQå·äº7-27 16:01åœ¨ã€OCE-AL50ã€‘è®¾å¤‡ç™»å½•ï¼Œå½“å‰è®¾å¤‡å·²ä¸‹çº¿ã€‚å¦‚æœè¿™ä¸æ˜¯ä½ æœ¬äººæ“ä½œï¼Œé‚£ä¹ˆä½ çš„QQå¯†ç å¯èƒ½å·²ç»æ³„éœ²ï¼Œè¯·å°½å¿«é‡æ–°ç™»å½•å¹¶ä¿®æ”¹å¯†ç ã€‚)
		at net.mamoe.mirai.internal.network.handler.NetworkHandlerSupport.setStateImpl$mirai_core(NetworkHandlerSupport.kt:297)
		at net.mamoe.mirai.internal.network.impl.netty.NettyNetworkHandler.close(NettyNetworkHandler.kt:423)
		at net.mamoe.mirai.internal.network.handler.selector.SelectorNetworkHandler.close(SelectorNetworkHandler.kt:87)
		... 25 more
	Caused by: [CIRCULAR REFERENCE: net.mamoe.mirai.internal.network.impl.netty.ForceOfflineException: ä½ çš„QQå·äº7-27 16:01åœ¨ã€OCE-AL50ã€‘è®¾å¤‡ç™»å½•ï¼Œå½“å‰è®¾å¤‡å·²ä¸‹çº¿ã€‚å¦‚æœè¿™ä¸æ˜¯ä½ æœ¬äººæ“ä½œï¼Œé‚£ä¹ˆä½ çš„QQå¯†ç å¯èƒ½å·²ç»æ³„éœ²ï¼Œè¯·å°½å¿«é‡æ–°ç™»å½•å¹¶ä¿®æ”¹å¯†ç ã€‚]
[0m
