[91m2022-07-19 00:01:41 W/: NettyChannelException(message=null, cause=java.io.IOException: è¿œç¨‹ä¸»æœºå¼ºè¿«å…³é—­äº†ä¸€ä¸ªç°æœ‰çš„è¿æ¥ã€‚)
NettyChannelException(message=null, cause=java.io.IOException: è¿œç¨‹ä¸»æœºå¼ºè¿«å…³é—­äº†ä¸€ä¸ªç°æœ‰çš„è¿æ¥ã€‚)
	at net.mamoe.mirai.internal.network.impl.netty.NettyNetworkHandler$handlePipelineException$1.invoke(NettyNetworkHandler.kt:81)
	at net.mamoe.mirai.internal.network.impl.netty.NettyNetworkHandler$handlePipelineException$1.invoke(NettyNetworkHandler.kt:81)
	at net.mamoe.mirai.internal.network.handler.NetworkHandlerSupport.setStateImpl$mirai_core(NetworkHandlerSupport.kt:283)
	at net.mamoe.mirai.internal.network.impl.netty.NettyNetworkHandler.handlePipelineException(NettyNetworkHandler.kt:420)
	at net.mamoe.mirai.internal.network.impl.netty.NettyNetworkHandler$setupChannelPipeline$1.exceptionCaught(NettyNetworkHandler.kt:122)
	at io.netty.channel.AbstractChannelHandlerContext.invokeExceptionCaught(AbstractChannelHandlerContext.java:302)
	at io.netty.channel.AbstractChannelHandlerContext.invokeExceptionCaught(AbstractChannelHandlerContext.java:281)
	at io.netty.channel.AbstractChannelHandlerContext.fireExceptionCaught(AbstractChannelHandlerContext.java:273)
	at io.netty.channel.DefaultChannelPipeline$HeadContext.exceptionCaught(DefaultChannelPipeline.java:1377)
	at io.netty.channel.AbstractChannelHandlerContext.invokeExceptionCaught(AbstractChannelHandlerContext.java:302)
	at io.netty.channel.AbstractChannelHandlerContext.invokeExceptionCaught(AbstractChannelHandlerContext.java:281)
	at io.netty.channel.DefaultChannelPipeline.fireExceptionCaught(DefaultChannelPipeline.java:907)
	at io.netty.channel.nio.AbstractNioByteChannel$NioByteUnsafe.handleReadException(AbstractNioByteChannel.java:125)
	at io.netty.channel.nio.AbstractNioByteChannel$NioByteUnsafe.read(AbstractNioByteChannel.java:177)
	at io.netty.channel.nio.NioEventLoop.processSelectedKey(NioEventLoop.java:719)
	at io.netty.channel.nio.NioEventLoop.processSelectedKeysOptimized(NioEventLoop.java:655)
	at io.netty.channel.nio.NioEventLoop.processSelectedKeys(NioEventLoop.java:581)
	at io.netty.channel.nio.NioEventLoop.run(NioEventLoop.java:493)
	at io.netty.util.concurrent.SingleThreadEventExecutor$4.run(SingleThreadEventExecutor.java:989)
	at io.netty.util.internal.ThreadExecutorMap$2.run(ThreadExecutorMap.java:74)
	at io.netty.util.concurrent.FastThreadLocalRunnable.run(FastThreadLocalRunnable.java:30)
	at java.base/java.lang.Thread.run(Thread.java:829)
Caused by: java.io.IOException: è¿œç¨‹ä¸»æœºå¼ºè¿«å…³é—­äº†ä¸€ä¸ªç°æœ‰çš„è¿æ¥ã€‚
	at java.base/sun.nio.ch.SocketDispatcher.read0(Native Method)
	at java.base/sun.nio.ch.SocketDispatcher.read(SocketDispatcher.java:43)
	at java.base/sun.nio.ch.IOUtil.readIntoNativeBuffer(IOUtil.java:276)
	at java.base/sun.nio.ch.IOUtil.read(IOUtil.java:233)
	at java.base/sun.nio.ch.IOUtil.read(IOUtil.java:223)
	at java.base/sun.nio.ch.SocketChannelImpl.read(SocketChannelImpl.java:356)
	at io.netty.buffer.PooledByteBuf.setBytes(PooledByteBuf.java:253)
	at io.netty.buffer.AbstractByteBuf.writeBytes(AbstractByteBuf.java:1132)
	at io.netty.channel.socket.nio.NioSocketChannel.doReadBytes(NioSocketChannel.java:350)
	at io.netty.channel.nio.AbstractNioByteChannel$NioByteUnsafe.read(AbstractNioByteChannel.java:151)
	... 8 more
[0m
[91m2022-07-19 00:01:41 W/: io.netty.channel.AbstractChannel$AnnotatedSocketException: Network is unreachable: no further information: /111.31.205.244:443
io.netty.channel.AbstractChannel$AnnotatedSocketException: Network is unreachable: no further information: /111.31.205.244:443
	Suppressed: kotlinx.coroutines.JobCancellationException: Parent job is Cancelling; job=JobImpl{Cancelled}@1f59327
	Caused by: [CIRCULAR REFERENCE: io.netty.channel.AbstractChannel$AnnotatedSocketException: Network is unreachable: no further information: /111.31.205.244:443]
	Suppressed: [CIRCULAR REFERENCE: kotlinx.coroutines.JobCancellationException: Parent job is Cancelling; job=JobImpl{Cancelled}@1f59327]
Caused by: java.net.SocketException: Network is unreachable: no further information
	at java.base/sun.nio.ch.SocketChannelImpl.checkConnect(Native Method)
	at java.base/sun.nio.ch.SocketChannelImpl.finishConnect(SocketChannelImpl.java:777)
	at io.netty.channel.socket.nio.NioSocketChannel.doFinishConnect(NioSocketChannel.java:330)
	at io.netty.channel.nio.AbstractNioChannel$AbstractNioUnsafe.finishConnect(AbstractNioChannel.java:334)
	at io.netty.channel.nio.NioEventLoop.processSelectedKey(NioEventLoop.java:707)
	at io.netty.channel.nio.NioEventLoop.processSelectedKeysOptimized(NioEventLoop.java:655)
	at io.netty.channel.nio.NioEventLoop.processSelectedKeys(NioEventLoop.java:581)
	at io.netty.channel.nio.NioEventLoop.run(NioEventLoop.java:493)
	at io.netty.util.concurrent.SingleThreadEventExecutor$4.run(SingleThreadEventExecutor.java:989)
	at io.netty.util.internal.ThreadExecutorMap$2.run(ThreadExecutorMap.java:74)
	at io.netty.util.concurrent.FastThreadLocalRunnable.run(FastThreadLocalRunnable.java:30)
	at java.base/java.lang.Thread.run(Thread.java:829)
[0m
[91m2022-07-19 00:01:50 W/: java.net.UnknownHostException: ä¸çŸ¥é“è¿™æ ·çš„ä¸»æœºã€‚ (msfwifi.3g.qq.com)
java.net.UnknownHostException: ä¸çŸ¥é“è¿™æ ·çš„ä¸»æœºã€‚ (msfwifi.3g.qq.com)
	at java.base/java.net.Inet6AddressImpl.lookupAllHostAddr(Native Method)
	at java.base/java.net.InetAddress$PlatformNameService.lookupAllHostAddr(InetAddress.java:929)
	at java.base/java.net.InetAddress.getAddressesFromNameService(InetAddress.java:1519)
	at java.base/java.net.InetAddress$NameServiceAddresses.get(InetAddress.java:848)
	at java.base/java.net.InetAddress.getAllByName0(InetAddress.java:1509)
	at java.base/java.net.InetAddress.getAllByName(InetAddress.java:1368)
	at java.base/java.net.InetAddress.getAllByName(InetAddress.java:1302)
	at java.base/java.net.InetAddress.getByName(InetAddress.java:1252)
	at io.netty.util.internal.SocketUtils$8.run(SocketUtils.java:156)
	at io.netty.util.internal.SocketUtils$8.run(SocketUtils.java:153)
	at java.base/java.security.AccessController.doPrivileged(Native Method)
	at io.netty.util.internal.SocketUtils.addressByName(SocketUtils.java:153)
	at io.netty.resolver.DefaultNameResolver.doResolve(DefaultNameResolver.java:41)
	at io.netty.resolver.SimpleNameResolver.resolve(SimpleNameResolver.java:61)
	at io.netty.resolver.SimpleNameResolver.resolve(SimpleNameResolver.java:53)
	at io.netty.resolver.InetSocketAddressResolver.doResolve(InetSocketAddressResolver.java:55)
	at io.netty.resolver.InetSocketAddressResolver.doResolve(InetSocketAddressResolver.java:31)
	at io.netty.resolver.AbstractAddressResolver.resolve(AbstractAddressResolver.java:106)
	at io.netty.bootstrap.Bootstrap.doResolveAndConnect0(Bootstrap.java:206)
	at io.netty.bootstrap.Bootstrap.access$000(Bootstrap.java:46)
	at io.netty.bootstrap.Bootstrap$1.operationComplete(Bootstrap.java:180)
	at io.netty.bootstrap.Bootstrap$1.operationComplete(Bootstrap.java:166)
	at io.netty.util.concurrent.DefaultPromise.notifyListener0(DefaultPromise.java:578)
	at io.netty.util.concurrent.DefaultPromise.notifyListenersNow(DefaultPromise.java:552)
	at io.netty.util.concurrent.DefaultPromise.notifyListeners(DefaultPromise.java:491)
	at io.netty.util.concurrent.DefaultPromise.setValue0(DefaultPromise.java:616)
	at io.netty.util.concurrent.DefaultPromise.setSuccess0(DefaultPromise.java:605)
	at io.netty.util.concurrent.DefaultPromise.trySuccess(DefaultPromise.java:104)
	at io.netty.channel.DefaultChannelPromise.trySuccess(DefaultChannelPromise.java:84)
	at io.netty.channel.AbstractChannel$AbstractUnsafe.safeSetSuccess(AbstractChannel.java:1012)
	at io.netty.channel.AbstractChannel$AbstractUnsafe.register0(AbstractChannel.java:516)
	at io.netty.channel.AbstractChannel$AbstractUnsafe.access$200(AbstractChannel.java:429)
	at io.netty.channel.AbstractChannel$AbstractUnsafe$1.run(AbstractChannel.java:486)
	at io.netty.util.concurrent.AbstractEventExecutor.safeExecute(AbstractEventExecutor.java:164)
	at io.netty.util.concurrent.SingleThreadEventExecutor.runAllTasks(SingleThreadEventExecutor.java:472)
	at io.netty.channel.nio.NioEventLoop.run(NioEventLoop.java:500)
	at io.netty.util.concurrent.SingleThreadEventExecutor$4.run(SingleThreadEventExecutor.java:989)
	at io.netty.util.internal.ThreadExecutorMap$2.run(ThreadExecutorMap.java:74)
	at io.netty.util.concurrent.FastThreadLocalRunnable.run(FastThreadLocalRunnable.java:30)
	at java.base/java.lang.Thread.run(Thread.java:829)
	Suppressed: kotlinx.coroutines.JobCancellationException: Parent job is Cancelling; job=JobImpl{Cancelled}@6082455a
	Caused by: [CIRCULAR REFERENCE: java.net.UnknownHostException: ä¸çŸ¥é“è¿™æ ·çš„ä¸»æœºã€‚ (msfwifi.3g.qq.com)]
	Suppressed: [CIRCULAR REFERENCE: kotlinx.coroutines.JobCancellationException: Parent job is Cancelling; job=JobImpl{Cancelled}@6082455a]
[0m
[0m2022-07-19 02:36:59 V/: Loading server list from cache.[0m
[92m2022-07-19 02:36:59 I/: Server list: 111.31.205.244:443, 120.232.67.160:80, 111.30.169.125:8080, msfwifi.3g.qq.com:8080, 111.30.170.241:8080, 120.232.196.151:443, 120.232.31.192:80, 111.31.205.168:80, 36.155.187.71:14000, 36.155.201.197:80.[0m
[92m2022-07-19 02:36:59 I/: ECDH key is valid.[0m
[0m2022-07-19 02:36:59 V/: Send: wtlogin.exchange_emp[0m
[0m2022-07-19 02:36:59 V/: Recv: wtlogin.exchange_emp[0m
[0m2022-07-19 02:36:59 V/: Send: StatSvc.register(online)[0m
[92m2022-07-19 02:36:59 I/: Server time updated, serverTime: 1658169421, diff: 2ms=0.002s[0m
[0m2022-07-19 02:36:59 V/: Recv: StatSvc.register[0m
[92m2022-07-19 02:36:59 I/: Scheduled refresh login session in 19d 23h 55min 0.0s.[0m
[92m2022-07-19 02:36:59 I/: Scheduled key refresh in 23h 55min 0.0s.[0m
[92m2022-07-19 02:37:02 I/: Server list: 111.31.200.230:14000, 120.232.31.177:80, 36.155.213.231:80, 111.31.205.231:80, msfwifi.3g.qq.com:8080, 120.232.130.47:80, 120.232.130.99:8080, 111.30.169.33:443, 36.155.213.223:14000, 111.30.187.200:8080.[0m
[0m2022-07-19 02:37:02 V/: Saving bdh session to cache[0m
[0m2022-07-19 02:37:02 V/: Saving server list to cache[0m
[0m2022-07-19 02:37:02 V/: Send: ConfigPushSvc.PushResp(ConfigPushSvc.PushResp)[0m
[0m2022-07-19 02:37:02 V/: Recv: ConfigPushSvc.PushReq[0m
[0m2022-07-19 02:37:03 V/: Saving bdh session to cache[0m
[0m2022-07-19 02:37:03 V/: Send: ConfigPushSvc.PushResp(ConfigPushSvc.PushResp)[0m
[0m2022-07-19 02:37:03 V/: Recv: ConfigPushSvc.PushReq[0m
[0m2022-07-19 15:44:02 V/Net 2452548710: Loading server list from cache.[0m
[92m2022-07-19 15:44:02 I/Net 2452548710: Server list: 111.31.200.230:14000, 120.232.31.177:80, 36.155.213.231:80, 111.31.205.231:80, msfwifi.3g.qq.com:8080, 120.232.130.47:80, 120.232.130.99:8080, 111.30.169.33:443, 36.155.213.223:14000, 111.30.187.200:8080.[0m
[92m2022-07-19 15:44:02 I/Net 2452548710: ECDH key is invalid, start to fetch ecdh public key from server.[0m
[92m2022-07-19 15:44:03 I/Net 2452548710: Successfully fetched ecdh public key from server.[0m
[0m2022-07-19 15:44:03 V/Net 2452548710: Send: wtlogin.exchange_emp[0m
[0m2022-07-19 15:44:03 V/Net 2452548710: Recv: wtlogin.exchange_emp[0m
[0m2022-07-19 15:44:03 V/Net 2452548710: Send: StatSvc.register(online)[0m
[92m2022-07-19 15:44:03 I/Net 2452548710: Server time updated, serverTime: 1658216648, diff: 5ms=0.005s[0m
[0m2022-07-19 15:44:03 V/Net 2452548710: Recv: StatSvc.register[0m
[0m2022-07-19 15:44:03 V/Net 2452548710: Loading BdhSession from cache file[0m
[92m2022-07-19 15:44:03 I/Net 2452548710: Syncing friend message history...[0m
[92m2022-07-19 15:44:03 I/Net 2452548710: Start loading friend list...[0m
[0m2022-07-19 15:44:03 V/Net 2452548710: Send: StatSvc.GetDevLoginInfo(StatSvc.GetDevLoginInfo)[0m
[92m2022-07-19 15:44:03 I/Net 2452548710: Start loading stranger list...[0m
[0m2022-07-19 15:44:03 V/Net 2452548710: Send: OidbSvc.0x496(OidbSvc.0x496)[0m
[0m2022-07-19 15:44:03 V/Net 2452548710: Send: friendlist.getFriendGroupList(friendlist.getFriendGroupList)[0m
[0m2022-07-19 15:44:03 V/Net 2452548710: Send: OidbSvc.0x5d2_0(OidbSvc.0x5d2_0)[0m
[0m2022-07-19 15:44:03 V/Net 2452548710: Recv: OidbSvc.0x5d2_0[0m
[92m2022-07-19 15:44:03 I/Net 2452548710: Successfully loaded stranger list: 0 in total[0m
[0m2022-07-19 15:44:03 V/Net 2452548710: Recv: StatSvc.GetDevLoginInfo[0m
[92m2022-07-19 15:44:03 I/Net 2452548710: No OtherClient online.[0m
[92m2022-07-19 15:44:03 I/Net 2452548710: Start loading group list...[0m
[0m2022-07-19 15:44:03 V/Net 2452548710: Recv: OidbSvc.0x496[0m
[0m2022-07-19 15:44:03 V/Net 2452548710: Send: friendlist.GetTroopListReqV2(friendlist.GetTroopListReqV2)[0m
[0m2022-07-19 15:44:03 V/Net 2452548710: Recv: friendlist.getFriendGroupList[0m
[0m2022-07-19 15:44:03 V/Net 2452548710: Loading friend list: 4/4[0m
[92m2022-07-19 15:44:03 I/Net 2452548710: Successfully loaded friend list: 4 in total[0m
[92m2022-07-19 15:44:03 I/Net 2452548710: Syncing friend message history: Success.[0m
[0m2022-07-19 15:44:04 V/Net 2452548710: Recv: friendlist.GetTroopListReqV2[0m
[0m2022-07-19 15:44:04 V/Net 2452548710: Send: friendlist.GetTroopMemberListReq(friendlist.GetTroopMemberListReq)[0m
[0m2022-07-19 15:44:04 V/Net 2452548710: Send: friendlist.GetTroopMemberListReq(friendlist.GetTroopMemberListReq)[0m
[0m2022-07-19 15:44:04 V/Net 2452548710: Send: friendlist.GetTroopMemberListReq(friendlist.GetTroopMemberListReq)[0m
[0m2022-07-19 15:44:04 V/Net 2452548710: Send: friendlist.GetTroopMemberListReq(friendlist.GetTroopMemberListReq)[0m
[0m2022-07-19 15:44:04 V/Net 2452548710: Send: friendlist.GetTroopMemberListReq(friendlist.GetTroopMemberListReq)[0m
[0m2022-07-19 15:44:04 V/Net 2452548710: Send: friendlist.GetTroopMemberListReq(friendlist.GetTroopMemberListReq)[0m
[0m2022-07-19 15:44:04 V/Net 2452548710: Send: friendlist.GetTroopMemberListReq(friendlist.GetTroopMemberListReq)[0m
[0m2022-07-19 15:44:04 V/Net 2452548710: Send: friendlist.GetTroopMemberListReq(friendlist.GetTroopMemberListReq)[0m
[0m2022-07-19 15:44:04 V/Net 2452548710: Recv: friendlist.GetTroopMemberListReq[0m
[0m2022-07-19 15:44:04 V/Net 2452548710: Recv: friendlist.GetTroopMemberListReq[0m
[0m2022-07-19 15:44:04 V/Net 2452548710: Recv: friendlist.GetTroopMemberListReq[0m
[0m2022-07-19 15:44:04 V/Net 2452548710: Recv: friendlist.GetTroopMemberListReq[0m
[0m2022-07-19 15:44:04 V/Net 2452548710: Recv: friendlist.GetTroopMemberListReq[0m
[0m2022-07-19 15:44:04 V/Net 2452548710: Recv: friendlist.GetTroopMemberListReq[0m
[0m2022-07-19 15:44:04 V/Net 2452548710: Recv: friendlist.GetTroopMemberListReq[0m
[0m2022-07-19 15:44:04 V/Net 2452548710: Recv: friendlist.GetTroopMemberListReq[0m
[92m2022-07-19 15:44:04 I/Net 2452548710: Successfully loaded group list: 8 in total.[0m
[92m2022-07-19 15:44:04 I/Net 2452548710: Scheduled key refresh in 23h 55min 0.0s.[0m
[92m2022-07-19 15:44:04 I/Net 2452548710: Scheduled refresh login session in 19d 23h 55min 0.0s.[0m
[92m2022-07-19 15:44:06 I/Net 2452548710: Server list: 111.31.205.243:8080, 111.31.205.168:8080, 120.232.69.214:80, 111.31.200.210:443, 111.30.169.83:80, 120.232.31.164:80, 36.155.187.71:14000, 120.232.31.221:443, 36.155.248.44:80, msfwifi.3g.qq.com:8080.[0m
[0m2022-07-19 15:44:06 V/Net 2452548710: Saving bdh session to cache[0m
[0m2022-07-19 15:44:06 V/Net 2452548710: Saving server list to cache[0m
[0m2022-07-19 15:44:06 V/Net 2452548710: Send: ConfigPushSvc.PushResp(ConfigPushSvc.PushResp)[0m
[0m2022-07-19 15:44:06 V/Net 2452548710: Recv: ConfigPushSvc.PushReq[0m
[0m2022-07-19 15:44:06 V/Net 2452548710: Saving bdh session to cache[0m
[0m2022-07-19 15:44:06 V/Net 2452548710: Send: ConfigPushSvc.PushResp(ConfigPushSvc.PushResp)[0m
[0m2022-07-19 15:44:06 V/Net 2452548710: Recv: ConfigPushSvc.PushReq[0m
[0m2022-07-19 18:28:31 V/Net 2452548710: Send: MessageSvc.PbSendMsg(MessageSvc.PbSendMsg)[0m
[0m2022-07-19 18:28:32 V/Net 2452548710: Recv: MessageSvc.PbSendMsg[0m
[0m2022-07-19 18:28:56 V/Net 2452548710: Send: ProfileService.Pb.ReqSystemMsgNew.Friend(ProfileService.Pb.ReqSystemMsgNew.Friend)[0m
[0m2022-07-19 18:28:57 V/Net 2452548710: Recv: ProfileService.Pb.ReqSystemMsgNew.Friend[0m
[0m2022-07-19 18:29:07 V/Net 2452548710: Send: MessageSvc.PbSendMsg(MessageSvc.PbSendMsg)[0m
[0m2022-07-19 18:29:08 V/Net 2452548710: Recv: MessageSvc.PbSendMsg[0m
[0m2022-07-19 20:19:40 V/Net 2452548710: Loading server list from cache.[0m
[92m2022-07-19 20:19:40 I/Net 2452548710: Server list: 111.31.205.243:8080, 111.31.205.168:8080, 120.232.69.214:80, 111.31.200.210:443, 111.30.169.83:80, 120.232.31.164:80, 36.155.187.71:14000, 120.232.31.221:443, 36.155.248.44:80, msfwifi.3g.qq.com:8080.[0m
[92m2022-07-19 20:19:41 I/Net 2452548710: ECDH key is valid.[0m
[0m2022-07-19 20:19:41 V/Net 2452548710: Send: wtlogin.exchange_emp[0m
[0m2022-07-19 20:19:41 V/Net 2452548710: Recv: wtlogin.exchange_emp[0m
[0m2022-07-19 20:19:41 V/Net 2452548710: Send: StatSvc.register(online)[0m
[92m2022-07-19 20:19:41 I/Net 2452548710: Server time updated, serverTime: 1658233185, diff: 4ms=0.004s[0m
[0m2022-07-19 20:19:41 V/Net 2452548710: Recv: StatSvc.register[0m
[0m2022-07-19 20:19:41 V/Net 2452548710: Loading BdhSession from cache file[0m
[92m2022-07-19 20:19:41 I/Net 2452548710: Syncing friend message history...[0m
[0m2022-07-19 20:19:41 V/Net 2452548710: Send: StatSvc.GetDevLoginInfo(StatSvc.GetDevLoginInfo)[0m
[92m2022-07-19 20:19:41 I/Net 2452548710: Start loading stranger list...[0m
[92m2022-07-19 20:19:41 I/Net 2452548710: Start loading friend list...[0m
[0m2022-07-19 20:19:41 V/Net 2452548710: Send: OidbSvc.0x496(OidbSvc.0x496)[0m
[0m2022-07-19 20:19:41 V/Net 2452548710: Send: OidbSvc.0x5d2_0(OidbSvc.0x5d2_0)[0m
[0m2022-07-19 20:19:41 V/Net 2452548710: Send: friendlist.getFriendGroupList(friendlist.getFriendGroupList)[0m
[0m2022-07-19 20:19:41 V/Net 2452548710: Recv: MessageSvc.PushForceOffline[0m
[91m2022-07-19 20:19:41 W/Net 2452548710: An exception was thrown during initialization process of Bot 2452548710. Trying to ignore the error and continue logging in...
StateSwitchingException(old=StateLoading, new=StateClosed, cause=net.mamoe.mirai.internal.network.impl.netty.ForceOfflineException: ä½ çš„QQå·äº20:17åœ¨ã€OCE-AL50ã€‘è®¾å¤‡ç™»å½•ï¼Œå½“å‰è®¾å¤‡å·²ä¸‹çº¿ã€‚å¦‚æœè¿™ä¸æ˜¯ä½ æœ¬äººæ“ä½œï¼Œé‚£ä¹ˆä½ çš„QQå¯†ç å¯èƒ½å·²ç»æ³„éœ²ï¼Œè¯·å°½å¿«é‡æ–°ç™»å½•å¹¶ä¿®æ”¹å¯†ç ã€‚)
	at net.mamoe.mirai.internal.network.handler.NetworkHandlerSupport.setStateImpl$mirai_core(NetworkHandlerSupport.kt:297)
	at net.mamoe.mirai.internal.network.impl.netty.NettyNetworkHandler.close(NettyNetworkHandler.kt:423)
	at net.mamoe.mirai.internal.network.handler.selector.SelectorNetworkHandler.close(SelectorNetworkHandler.kt:87)
	at net.mamoe.mirai.internal.network.protocol.packet.chat.receive.MessageSvcPushForceOffline.handle(MessageSvc.PushForceOffline.kt:35)
	at net.mamoe.mirai.internal.network.protocol.packet.chat.receive.MessageSvcPushForceOffline.handle(MessageSvc.PushForceOffline.kt:25)
	at net.mamoe.mirai.internal.network.components.CallPacketFactoryPacketHandler.handlePacket(PacketHandler.kt:110)
	at net.mamoe.mirai.internal.network.components.PacketHandlerChain.handlePacket(PacketHandler.kt:42)
	at net.mamoe.mirai.internal.network.handler.NetworkHandlerSupport$collectReceived$3.invokeSuspend(NetworkHandlerSupport.kt:85)
	at net.mamoe.mirai.internal.network.handler.NetworkHandlerSupport$collectReceived$3.invoke(NetworkHandlerSupport.kt)
	at net.mamoe.mirai.internal.network.handler.NetworkHandlerSupport$collectReceived$3.invoke(NetworkHandlerSupport.kt)
	at kotlinx.coroutines.intrinsics.UndispatchedKt.startCoroutineUndispatched(Undispatched.kt:55)
	at kotlinx.coroutines.CoroutineStart.invoke(CoroutineStart.kt:112)
	at kotlinx.coroutines.AbstractCoroutine.start(AbstractCoroutine.kt:126)
	at kotlinx.coroutines.BuildersKt__Builders_commonKt.launch(Builders.common.kt:56)
	at kotlinx.coroutines.BuildersKt.launch(Unknown Source)
	at kotlinx.coroutines.BuildersKt__Builders_commonKt.launch$default(Builders.common.kt:47)
	at kotlinx.coroutines.BuildersKt.launch$default(Unknown Source)
	at net.mamoe.mirai.internal.network.handler.NetworkHandlerSupport.collectReceived$mirai_core(NetworkHandlerSupport.kt:83)
	at net.mamoe.mirai.internal.network.impl.netty.NettyNetworkHandler$PacketDecodePipeline$send$1.invokeSuspend(NettyNetworkHandler.kt:193)
	at kotlin.coroutines.jvm.internal.BaseContinuationImpl.resumeWith(ContinuationImpl.kt:33)
	at kotlinx.coroutines.DispatchedTask.run(DispatchedTask.kt:106)
	at io.netty.util.concurrent.AbstractEventExecutor.safeExecute(AbstractEventExecutor.java:164)
	at io.netty.util.concurrent.SingleThreadEventExecutor.runAllTasks(SingleThreadEventExecutor.java:472)
	at io.netty.channel.nio.NioEventLoop.run(NioEventLoop.java:500)
	at io.netty.util.concurrent.SingleThreadEventExecutor$4.run(SingleThreadEventExecutor.java:989)
	at io.netty.util.internal.ThreadExecutorMap$2.run(ThreadExecutorMap.java:74)
	at io.netty.util.concurrent.FastThreadLocalRunnable.run(FastThreadLocalRunnable.java:30)
	at java.base/java.lang.Thread.run(Thread.java:829)
Caused by: net.mamoe.mirai.internal.network.impl.netty.ForceOfflineException: ä½ çš„QQå·äº20:17åœ¨ã€OCE-AL50ã€‘è®¾å¤‡ç™»å½•ï¼Œå½“å‰è®¾å¤‡å·²ä¸‹çº¿ã€‚å¦‚æœè¿™ä¸æ˜¯ä½ æœ¬äººæ“ä½œï¼Œé‚£ä¹ˆä½ çš„QQå¯†ç å¯èƒ½å·²ç»æ³„éœ²ï¼Œè¯·å°½å¿«é‡æ–°ç™»å½•å¹¶ä¿®æ”¹å¯†ç ã€‚
	... 25 more
	Suppressed: java.util.concurrent.CancellationException: NetworkHandler closed
		at kotlinx.coroutines.ExceptionsKt.CancellationException(Exceptions.kt:22)
		at kotlinx.coroutines.JobKt__JobKt.cancel(Job.kt:596)
		at kotlinx.coroutines.JobKt.cancel(Unknown Source)
		at net.mamoe.mirai.internal.network.handler.NetworkHandlerSupport.close(NetworkHandlerSupport.kt:56)
		at net.mamoe.mirai.internal.network.impl.netty.NettyNetworkHandler.close(NettyNetworkHandler.kt:206)
		at net.mamoe.mirai.internal.network.handler.selector.SelectorNetworkHandler.close(SelectorNetworkHandler.kt:87)
		... 25 more
	Caused by: [CIRCULAR REFERENCE: net.mamoe.mirai.internal.network.impl.netty.ForceOfflineException: ä½ çš„QQå·äº20:17åœ¨ã€OCE-AL50ã€‘è®¾å¤‡ç™»å½•ï¼Œå½“å‰è®¾å¤‡å·²ä¸‹çº¿ã€‚å¦‚æœè¿™ä¸æ˜¯ä½ æœ¬äººæ“ä½œï¼Œé‚£ä¹ˆä½ çš„QQå¯†ç å¯èƒ½å·²ç»æ³„éœ²ï¼Œè¯·å°½å¿«é‡æ–°ç™»å½•å¹¶ä¿®æ”¹å¯†ç ã€‚]
[0m
[31m2022-07-19 20:19:41 E/Net 2452548710: Exception in coroutine 'unnamed'
net.mamoe.mirai.internal.network.impl.netty.ForceOfflineException: ä½ çš„QQå·äº20:17åœ¨ã€OCE-AL50ã€‘è®¾å¤‡ç™»å½•ï¼Œå½“å‰è®¾å¤‡å·²ä¸‹çº¿ã€‚å¦‚æœè¿™ä¸æ˜¯ä½ æœ¬äººæ“ä½œï¼Œé‚£ä¹ˆä½ çš„QQå¯†ç å¯èƒ½å·²ç»æ³„éœ²ï¼Œè¯·å°½å¿«é‡æ–°ç™»å½•å¹¶ä¿®æ”¹å¯†ç ã€‚
	at net.mamoe.mirai.internal.network.protocol.packet.chat.receive.MessageSvcPushForceOffline.handle(MessageSvc.PushForceOffline.kt:35)
	at net.mamoe.mirai.internal.network.protocol.packet.chat.receive.MessageSvcPushForceOffline.handle(MessageSvc.PushForceOffline.kt:25)
	at net.mamoe.mirai.internal.network.components.CallPacketFactoryPacketHandler.handlePacket(PacketHandler.kt:110)
	at net.mamoe.mirai.internal.network.components.PacketHandlerChain.handlePacket(PacketHandler.kt:42)
	at net.mamoe.mirai.internal.network.handler.NetworkHandlerSupport$collectReceived$3.invokeSuspend(NetworkHandlerSupport.kt:85)
	at net.mamoe.mirai.internal.network.handler.NetworkHandlerSupport$collectReceived$3.invoke(NetworkHandlerSupport.kt)
	at net.mamoe.mirai.internal.network.handler.NetworkHandlerSupport$collectReceived$3.invoke(NetworkHandlerSupport.kt)
	at kotlinx.coroutines.intrinsics.UndispatchedKt.startCoroutineUndispatched(Undispatched.kt:55)
	at kotlinx.coroutines.CoroutineStart.invoke(CoroutineStart.kt:112)
	at kotlinx.coroutines.AbstractCoroutine.start(AbstractCoroutine.kt:126)
	at kotlinx.coroutines.BuildersKt__Builders_commonKt.launch(Builders.common.kt:56)
	at kotlinx.coroutines.BuildersKt.launch(Unknown Source)
	at kotlinx.coroutines.BuildersKt__Builders_commonKt.launch$default(Builders.common.kt:47)
	at kotlinx.coroutines.BuildersKt.launch$default(Unknown Source)
	at net.mamoe.mirai.internal.network.handler.NetworkHandlerSupport.collectReceived$mirai_core(NetworkHandlerSupport.kt:83)
	at net.mamoe.mirai.internal.network.impl.netty.NettyNetworkHandler$PacketDecodePipeline$send$1.invokeSuspend(NettyNetworkHandler.kt:193)
	at kotlin.coroutines.jvm.internal.BaseContinuationImpl.resumeWith(ContinuationImpl.kt:33)
	at kotlinx.coroutines.DispatchedTask.run(DispatchedTask.kt:106)
	at io.netty.util.concurrent.AbstractEventExecutor.safeExecute(AbstractEventExecutor.java:164)
	at io.netty.util.concurrent.SingleThreadEventExecutor.runAllTasks(SingleThreadEventExecutor.java:472)
	at io.netty.channel.nio.NioEventLoop.run(NioEventLoop.java:500)
	at io.netty.util.concurrent.SingleThreadEventExecutor$4.run(SingleThreadEventExecutor.java:989)
	at io.netty.util.internal.ThreadExecutorMap$2.run(ThreadExecutorMap.java:74)
	at io.netty.util.concurrent.FastThreadLocalRunnable.run(FastThreadLocalRunnable.java:30)
	at java.base/java.lang.Thread.run(Thread.java:829)
	Suppressed: java.util.concurrent.CancellationException: NetworkHandler closed
		at kotlinx.coroutines.ExceptionsKt.CancellationException(Exceptions.kt:22)
		at kotlinx.coroutines.JobKt__JobKt.cancel(Job.kt:596)
		at kotlinx.coroutines.JobKt.cancel(Unknown Source)
		at net.mamoe.mirai.internal.network.handler.NetworkHandlerSupport.close(NetworkHandlerSupport.kt:56)
		at net.mamoe.mirai.internal.network.impl.netty.NettyNetworkHandler.close(NettyNetworkHandler.kt:206)
		at net.mamoe.mirai.internal.network.handler.selector.SelectorNetworkHandler.close(SelectorNetworkHandler.kt:87)
		... 25 more
	Caused by: [CIRCULAR REFERENCE: net.mamoe.mirai.internal.network.impl.netty.ForceOfflineException: ä½ çš„QQå·äº20:17åœ¨ã€OCE-AL50ã€‘è®¾å¤‡ç™»å½•ï¼Œå½“å‰è®¾å¤‡å·²ä¸‹çº¿ã€‚å¦‚æœè¿™ä¸æ˜¯ä½ æœ¬äººæ“ä½œï¼Œé‚£ä¹ˆä½ çš„QQå¯†ç å¯èƒ½å·²ç»æ³„éœ²ï¼Œè¯·å°½å¿«é‡æ–°ç™»å½•å¹¶ä¿®æ”¹å¯†ç ã€‚]
[0m
[91m2022-07-19 20:19:41 W/Net 2452548710: An exception was thrown during initialization process of Bot 2452548710. Trying to ignore the error and continue logging in...
StateSwitchingException(old=StateLoading, new=StateClosed, cause=net.mamoe.mirai.internal.network.impl.netty.ForceOfflineException: ä½ çš„QQå·äº20:17åœ¨ã€OCE-AL50ã€‘è®¾å¤‡ç™»å½•ï¼Œå½“å‰è®¾å¤‡å·²ä¸‹çº¿ã€‚å¦‚æœè¿™ä¸æ˜¯ä½ æœ¬äººæ“ä½œï¼Œé‚£ä¹ˆä½ çš„QQå¯†ç å¯èƒ½å·²ç»æ³„éœ²ï¼Œè¯·å°½å¿«é‡æ–°ç™»å½•å¹¶ä¿®æ”¹å¯†ç ã€‚)
	at net.mamoe.mirai.internal.network.handler.NetworkHandlerSupport.setStateImpl$mirai_core(NetworkHandlerSupport.kt:297)
	at net.mamoe.mirai.internal.network.impl.netty.NettyNetworkHandler.close(NettyNetworkHandler.kt:423)
	at net.mamoe.mirai.internal.network.handler.selector.SelectorNetworkHandler.close(SelectorNetworkHandler.kt:87)
	at net.mamoe.mirai.internal.network.protocol.packet.chat.receive.MessageSvcPushForceOffline.handle(MessageSvc.PushForceOffline.kt:35)
	at net.mamoe.mirai.internal.network.protocol.packet.chat.receive.MessageSvcPushForceOffline.handle(MessageSvc.PushForceOffline.kt:25)
	at net.mamoe.mirai.internal.network.components.CallPacketFactoryPacketHandler.handlePacket(PacketHandler.kt:110)
	at net.mamoe.mirai.internal.network.components.PacketHandlerChain.handlePacket(PacketHandler.kt:42)
	at net.mamoe.mirai.internal.network.handler.NetworkHandlerSupport$collectReceived$3.invokeSuspend(NetworkHandlerSupport.kt:85)
	at net.mamoe.mirai.internal.network.handler.NetworkHandlerSupport$collectReceived$3.invoke(NetworkHandlerSupport.kt)
	at net.mamoe.mirai.internal.network.handler.NetworkHandlerSupport$collectReceived$3.invoke(NetworkHandlerSupport.kt)
	at kotlinx.coroutines.intrinsics.UndispatchedKt.startCoroutineUndispatched(Undispatched.kt:55)
	at kotlinx.coroutines.CoroutineStart.invoke(CoroutineStart.kt:112)
	at kotlinx.coroutines.AbstractCoroutine.start(AbstractCoroutine.kt:126)
	at kotlinx.coroutines.BuildersKt__Builders_commonKt.launch(Builders.common.kt:56)
	at kotlinx.coroutines.BuildersKt.launch(Unknown Source)
	at kotlinx.coroutines.BuildersKt__Builders_commonKt.launch$default(Builders.common.kt:47)
	at kotlinx.coroutines.BuildersKt.launch$default(Unknown Source)
	at net.mamoe.mirai.internal.network.handler.NetworkHandlerSupport.collectReceived$mirai_core(NetworkHandlerSupport.kt:83)
	at net.mamoe.mirai.internal.network.impl.netty.NettyNetworkHandler$PacketDecodePipeline$send$1.invokeSuspend(NettyNetworkHandler.kt:193)
	at kotlin.coroutines.jvm.internal.BaseContinuationImpl.resumeWith(ContinuationImpl.kt:33)
	at kotlinx.coroutines.DispatchedTask.run(DispatchedTask.kt:106)
	at io.netty.util.concurrent.AbstractEventExecutor.safeExecute(AbstractEventExecutor.java:164)
	at io.netty.util.concurrent.SingleThreadEventExecutor.runAllTasks(SingleThreadEventExecutor.java:472)
	at io.netty.channel.nio.NioEventLoop.run(NioEventLoop.java:500)
	at io.netty.util.concurrent.SingleThreadEventExecutor$4.run(SingleThreadEventExecutor.java:989)
	at io.netty.util.internal.ThreadExecutorMap$2.run(ThreadExecutorMap.java:74)
	at io.netty.util.concurrent.FastThreadLocalRunnable.run(FastThreadLocalRunnable.java:30)
	at java.base/java.lang.Thread.run(Thread.java:829)
Caused by: net.mamoe.mirai.internal.network.impl.netty.ForceOfflineException: ä½ çš„QQå·äº20:17åœ¨ã€OCE-AL50ã€‘è®¾å¤‡ç™»å½•ï¼Œå½“å‰è®¾å¤‡å·²ä¸‹çº¿ã€‚å¦‚æœè¿™ä¸æ˜¯ä½ æœ¬äººæ“ä½œï¼Œé‚£ä¹ˆä½ çš„QQå¯†ç å¯èƒ½å·²ç»æ³„éœ²ï¼Œè¯·å°½å¿«é‡æ–°ç™»å½•å¹¶ä¿®æ”¹å¯†ç ã€‚
	... 25 more
	Suppressed: java.util.concurrent.CancellationException: NetworkHandler closed
		at kotlinx.coroutines.ExceptionsKt.CancellationException(Exceptions.kt:22)
		at kotlinx.coroutines.JobKt__JobKt.cancel(Job.kt:596)
		at kotlinx.coroutines.JobKt.cancel(Unknown Source)
		at net.mamoe.mirai.internal.network.handler.NetworkHandlerSupport.close(NetworkHandlerSupport.kt:56)
		at net.mamoe.mirai.internal.network.impl.netty.NettyNetworkHandler.close(NettyNetworkHandler.kt:206)
		at net.mamoe.mirai.internal.network.handler.selector.SelectorNetworkHandler.close(SelectorNetworkHandler.kt:87)
		... 25 more
	Caused by: [CIRCULAR REFERENCE: net.mamoe.mirai.internal.network.impl.netty.ForceOfflineException: ä½ çš„QQå·äº20:17åœ¨ã€OCE-AL50ã€‘è®¾å¤‡ç™»å½•ï¼Œå½“å‰è®¾å¤‡å·²ä¸‹çº¿ã€‚å¦‚æœè¿™ä¸æ˜¯ä½ æœ¬äººæ“ä½œï¼Œé‚£ä¹ˆä½ çš„QQå¯†ç å¯èƒ½å·²ç»æ³„éœ²ï¼Œè¯·å°½å¿«é‡æ–°ç™»å½•å¹¶ä¿®æ”¹å¯†ç ã€‚]
[0m
[31m2022-07-19 20:19:41 E/Net 2452548710: Exception in coroutine 'BotInitProcessor.init'
java.lang.IllegalStateException: Exception in attached Job 'BotInitProcessor.init'
	at net.mamoe.mirai.internal.network.handler.state.JobAttachStateObserver$stateChanged0$1.invokeSuspend(JobAttachStateObserver.kt:40)
	at kotlin.coroutines.jvm.internal.BaseContinuationImpl.resumeWith(ContinuationImpl.kt:33)
	at kotlinx.coroutines.DispatchedTask.run(DispatchedTask.kt:104)
	at kotlinx.coroutines.scheduling.CoroutineScheduler.runSafely(CoroutineScheduler.kt:570)
	at kotlinx.coroutines.scheduling.CoroutineScheduler$Worker.executeTask(CoroutineScheduler.kt:749)
	at kotlinx.coroutines.scheduling.CoroutineScheduler$Worker.runWorker(CoroutineScheduler.kt:677)
	at kotlinx.coroutines.scheduling.CoroutineScheduler$Worker.run(CoroutineScheduler.kt:664)
Caused by: net.mamoe.mirai.internal.network.impl.netty.ForceOfflineException: ä½ çš„QQå·äº20:17åœ¨ã€OCE-AL50ã€‘è®¾å¤‡ç™»å½•ï¼Œå½“å‰è®¾å¤‡å·²ä¸‹çº¿ã€‚å¦‚æœè¿™ä¸æ˜¯ä½ æœ¬äººæ“ä½œï¼Œé‚£ä¹ˆä½ çš„QQå¯†ç å¯èƒ½å·²ç»æ³„éœ²ï¼Œè¯·å°½å¿«é‡æ–°ç™»å½•å¹¶ä¿®æ”¹å¯†ç ã€‚
	at net.mamoe.mirai.internal.network.protocol.packet.chat.receive.MessageSvcPushForceOffline.handle(MessageSvc.PushForceOffline.kt:35)
	at net.mamoe.mirai.internal.network.protocol.packet.chat.receive.MessageSvcPushForceOffline.handle(MessageSvc.PushForceOffline.kt:25)
	at net.mamoe.mirai.internal.network.components.CallPacketFactoryPacketHandler.handlePacket(PacketHandler.kt:110)
	at net.mamoe.mirai.internal.network.components.PacketHandlerChain.handlePacket(PacketHandler.kt:42)
	at net.mamoe.mirai.internal.network.handler.NetworkHandlerSupport$collectReceived$3.invokeSuspend(NetworkHandlerSupport.kt:85)
	at net.mamoe.mirai.internal.network.handler.NetworkHandlerSupport$collectReceived$3.invoke(NetworkHandlerSupport.kt)
	at net.mamoe.mirai.internal.network.handler.NetworkHandlerSupport$collectReceived$3.invoke(NetworkHandlerSupport.kt)
	at kotlinx.coroutines.intrinsics.UndispatchedKt.startCoroutineUndispatched(Undispatched.kt:55)
	at kotlinx.coroutines.CoroutineStart.invoke(CoroutineStart.kt:112)
	at kotlinx.coroutines.AbstractCoroutine.start(AbstractCoroutine.kt:126)
	at kotlinx.coroutines.BuildersKt__Builders_commonKt.launch(Builders.common.kt:56)
	at kotlinx.coroutines.BuildersKt.launch(Unknown Source)
	at kotlinx.coroutines.BuildersKt__Builders_commonKt.launch$default(Builders.common.kt:47)
	at kotlinx.coroutines.BuildersKt.launch$default(Unknown Source)
	at net.mamoe.mirai.internal.network.handler.NetworkHandlerSupport.collectReceived$mirai_core(NetworkHandlerSupport.kt:83)
	at net.mamoe.mirai.internal.network.impl.netty.NettyNetworkHandler$PacketDecodePipeline$send$1.invokeSuspend(NettyNetworkHandler.kt:193)
	at kotlin.coroutines.jvm.internal.BaseContinuationImpl.resumeWith(ContinuationImpl.kt:33)
	at kotlinx.coroutines.DispatchedTask.run(DispatchedTask.kt:106)
	at io.netty.util.concurrent.AbstractEventExecutor.safeExecute(AbstractEventExecutor.java:164)
	at io.netty.util.concurrent.SingleThreadEventExecutor.runAllTasks(SingleThreadEventExecutor.java:472)
	at io.netty.channel.nio.NioEventLoop.run(NioEventLoop.java:500)
	at io.netty.util.concurrent.SingleThreadEventExecutor$4.run(SingleThreadEventExecutor.java:989)
	at io.netty.util.internal.ThreadExecutorMap$2.run(ThreadExecutorMap.java:74)
	at io.netty.util.concurrent.FastThreadLocalRunnable.run(FastThreadLocalRunnable.java:30)
	at java.base/java.lang.Thread.run(Thread.java:829)
	Suppressed: java.util.concurrent.CancellationException: NetworkHandler closed
		at kotlinx.coroutines.ExceptionsKt.CancellationException(Exceptions.kt:22)
		at kotlinx.coroutines.JobKt__JobKt.cancel(Job.kt:596)
		at kotlinx.coroutines.JobKt.cancel(Unknown Source)
		at net.mamoe.mirai.internal.network.handler.NetworkHandlerSupport.close(NetworkHandlerSupport.kt:56)
		at net.mamoe.mirai.internal.network.impl.netty.NettyNetworkHandler.close(NettyNetworkHandler.kt:206)
		at net.mamoe.mirai.internal.network.handler.selector.SelectorNetworkHandler.close(SelectorNetworkHandler.kt:87)
		... 25 more
	Caused by: [CIRCULAR REFERENCE: net.mamoe.mirai.internal.network.impl.netty.ForceOfflineException: ä½ çš„QQå·äº20:17åœ¨ã€OCE-AL50ã€‘è®¾å¤‡ç™»å½•ï¼Œå½“å‰è®¾å¤‡å·²ä¸‹çº¿ã€‚å¦‚æœè¿™ä¸æ˜¯ä½ æœ¬äººæ“ä½œï¼Œé‚£ä¹ˆä½ çš„QQå¯†ç å¯èƒ½å·²ç»æ³„éœ²ï¼Œè¯·å°½å¿«é‡æ–°ç™»å½•å¹¶ä¿®æ”¹å¯†ç ã€‚]
	Suppressed: StateSwitchingException(old=StateLoading, new=StateClosed, cause=net.mamoe.mirai.internal.network.impl.netty.ForceOfflineException: ä½ çš„QQå·äº20:17åœ¨ã€OCE-AL50ã€‘è®¾å¤‡ç™»å½•ï¼Œå½“å‰è®¾å¤‡å·²ä¸‹çº¿ã€‚å¦‚æœè¿™ä¸æ˜¯ä½ æœ¬äººæ“ä½œï¼Œé‚£ä¹ˆä½ çš„QQå¯†ç å¯èƒ½å·²ç»æ³„éœ²ï¼Œè¯·å°½å¿«é‡æ–°ç™»å½•å¹¶ä¿®æ”¹å¯†ç ã€‚)
		at net.mamoe.mirai.internal.network.handler.NetworkHandlerSupport.setStateImpl$mirai_core(NetworkHandlerSupport.kt:297)
		at net.mamoe.mirai.internal.network.impl.netty.NettyNetworkHandler.close(NettyNetworkHandler.kt:423)
		at net.mamoe.mirai.internal.network.handler.selector.SelectorNetworkHandler.close(SelectorNetworkHandler.kt:87)
		... 25 more
	Caused by: [CIRCULAR REFERENCE: net.mamoe.mirai.internal.network.impl.netty.ForceOfflineException: ä½ çš„QQå·äº20:17åœ¨ã€OCE-AL50ã€‘è®¾å¤‡ç™»å½•ï¼Œå½“å‰è®¾å¤‡å·²ä¸‹çº¿ã€‚å¦‚æœè¿™ä¸æ˜¯ä½ æœ¬äººæ“ä½œï¼Œé‚£ä¹ˆä½ çš„QQå¯†ç å¯èƒ½å·²ç»æ³„éœ²ï¼Œè¯·å°½å¿«é‡æ–°ç™»å½•å¹¶ä¿®æ”¹å¯†ç ã€‚]
[0m
[0m2022-07-19 20:20:10 V/Net 2452548710: Loading server list from cache.[0m
[92m2022-07-19 20:20:10 I/Net 2452548710: Server list: 111.31.205.243:8080, 111.31.205.168:8080, 120.232.69.214:80, 111.31.200.210:443, 111.30.169.83:80, 120.232.31.164:80, 36.155.187.71:14000, 120.232.31.221:443, 36.155.248.44:80, msfwifi.3g.qq.com:8080.[0m
[92m2022-07-19 20:20:10 I/Net 2452548710: ECDH key is invalid, start to fetch ecdh public key from server.[0m
[92m2022-07-19 20:20:10 I/Net 2452548710: Successfully fetched ecdh public key from server.[0m
[0m2022-07-19 20:20:10 V/Net 2452548710: Send: wtlogin.login[0m
[0m2022-07-19 20:20:11 V/Net 2452548710: Recv: wtlogin.login[0m
[0m2022-07-19 20:20:11 V/Net 2452548710: Send: wtlogin.login[0m
[0m2022-07-19 20:20:11 V/Net 2452548710: Recv: wtlogin.login[0m
[0m2022-07-19 20:20:11 V/Net 2452548710: Send: StatSvc.register(online)[0m
[92m2022-07-19 20:20:11 I/Net 2452548710: Server time updated, serverTime: 1658233216, diff: 5ms=0.005s[0m
[0m2022-07-19 20:20:11 V/Net 2452548710: Recv: StatSvc.register[0m
[0m2022-07-19 20:20:11 V/Net 2452548710: Loading BdhSession from cache file[0m
[92m2022-07-19 20:20:11 I/Net 2452548710: Syncing friend message history...[0m
[92m2022-07-19 20:20:11 I/Net 2452548710: Start loading friend list...[0m
[92m2022-07-19 20:20:11 I/Net 2452548710: Start loading stranger list...[0m
[0m2022-07-19 20:20:11 V/Net 2452548710: Send: OidbSvc.0x496(OidbSvc.0x496)[0m
[0m2022-07-19 20:20:11 V/Net 2452548710: Send: StatSvc.GetDevLoginInfo(StatSvc.GetDevLoginInfo)[0m
[0m2022-07-19 20:20:11 V/Net 2452548710: Send: OidbSvc.0x5d2_0(OidbSvc.0x5d2_0)[0m
[0m2022-07-19 20:20:11 V/Net 2452548710: Send: friendlist.getFriendGroupList(friendlist.getFriendGroupList)[0m
[0m2022-07-19 20:20:11 V/Net 2452548710: Recv: OidbSvc.0x5d2_0[0m
[92m2022-07-19 20:20:11 I/Net 2452548710: Successfully loaded stranger list: 0 in total[0m
[0m2022-07-19 20:20:12 V/Net 2452548710: Recv: StatSvc.GetDevLoginInfo[0m
[92m2022-07-19 20:20:12 I/Net 2452548710: No OtherClient online.[0m
[0m2022-07-19 20:20:12 V/Net 2452548710: Recv: OidbSvc.0x496[0m
[92m2022-07-19 20:20:12 I/Net 2452548710: Start loading group list...[0m
[0m2022-07-19 20:20:12 V/Net 2452548710: Send: friendlist.GetTroopListReqV2(friendlist.GetTroopListReqV2)[0m
[0m2022-07-19 20:20:12 V/Net 2452548710: Recv: friendlist.getFriendGroupList[0m
[0m2022-07-19 20:20:12 V/Net 2452548710: Loading friend list: 5/5[0m
[92m2022-07-19 20:20:12 I/Net 2452548710: Successfully loaded friend list: 5 in total[0m
[92m2022-07-19 20:20:12 I/Net 2452548710: Syncing friend message history: Success.[0m
[0m2022-07-19 20:20:12 V/Net 2452548710: Recv: friendlist.GetTroopListReqV2[0m
[0m2022-07-19 20:20:12 V/Net 2452548710: Send: friendlist.GetTroopMemberListReq(friendlist.GetTroopMemberListReq)[0m
[0m2022-07-19 20:20:12 V/Net 2452548710: Send: friendlist.GetTroopMemberListReq(friendlist.GetTroopMemberListReq)[0m
[0m2022-07-19 20:20:12 V/Net 2452548710: Send: friendlist.GetTroopMemberListReq(friendlist.GetTroopMemberListReq)[0m
[0m2022-07-19 20:20:12 V/Net 2452548710: Send: friendlist.GetTroopMemberListReq(friendlist.GetTroopMemberListReq)[0m
[0m2022-07-19 20:20:12 V/Net 2452548710: Send: friendlist.GetTroopMemberListReq(friendlist.GetTroopMemberListReq)[0m
[0m2022-07-19 20:20:12 V/Net 2452548710: Send: friendlist.GetTroopMemberListReq(friendlist.GetTroopMemberListReq)[0m
[0m2022-07-19 20:20:12 V/Net 2452548710: Send: friendlist.GetTroopMemberListReq(friendlist.GetTroopMemberListReq)[0m
[0m2022-07-19 20:20:12 V/Net 2452548710: Send: friendlist.GetTroopMemberListReq(friendlist.GetTroopMemberListReq)[0m
[0m2022-07-19 20:20:12 V/Net 2452548710: Recv: friendlist.GetTroopMemberListReq[0m
[0m2022-07-19 20:20:12 V/Net 2452548710: Recv: friendlist.GetTroopMemberListReq[0m
[0m2022-07-19 20:20:12 V/Net 2452548710: Recv: friendlist.GetTroopMemberListReq[0m
[0m2022-07-19 20:20:12 V/Net 2452548710: Recv: friendlist.GetTroopMemberListReq[0m
[0m2022-07-19 20:20:13 V/Net 2452548710: Recv: friendlist.GetTroopMemberListReq[0m
[0m2022-07-19 20:20:13 V/Net 2452548710: Recv: friendlist.GetTroopMemberListReq[0m
[0m2022-07-19 20:20:13 V/Net 2452548710: Recv: friendlist.GetTroopMemberListReq[0m
[0m2022-07-19 20:20:13 V/Net 2452548710: Recv: friendlist.GetTroopMemberListReq[0m
[92m2022-07-19 20:20:13 I/Net 2452548710: Successfully loaded group list: 8 in total.[0m
[92m2022-07-19 20:20:13 I/Net 2452548710: Scheduled refresh login session in 19d 23h 55min 0.0s.[0m
[92m2022-07-19 20:20:13 I/Net 2452548710: Scheduled key refresh in 23h 55min 0.0s.[0m
[0m2022-07-19 20:20:14 V/Net 2452548710: Saving bdh session to cache[0m
[0m2022-07-19 20:20:14 V/Net 2452548710: Send: ConfigPushSvc.PushResp(ConfigPushSvc.PushResp)[0m
[0m2022-07-19 20:20:14 V/Net 2452548710: Recv: ConfigPushSvc.PushReq[0m
[0m2022-07-19 20:23:11 V/Net 2452548710: Loading server list from cache.[0m
[92m2022-07-19 20:23:11 I/Net 2452548710: Server list: 111.31.205.243:8080, 111.31.205.168:8080, 120.232.69.214:80, 111.31.200.210:443, 111.30.169.83:80, 120.232.31.164:80, 36.155.187.71:14000, 120.232.31.221:443, 36.155.248.44:80, msfwifi.3g.qq.com:8080.[0m
[92m2022-07-19 20:23:11 I/Net 2452548710: ECDH key is valid.[0m
[0m2022-07-19 20:23:11 V/Net 2452548710: Send: wtlogin.exchange_emp[0m
[0m2022-07-19 20:23:11 V/Net 2452548710: Recv: wtlogin.exchange_emp[0m
[0m2022-07-19 20:23:11 V/Net 2452548710: Send: StatSvc.register(online)[0m
[92m2022-07-19 20:23:12 I/Net 2452548710: Server time updated, serverTime: 1658233396, diff: 4ms=0.004s[0m
[0m2022-07-19 20:23:12 V/Net 2452548710: Recv: StatSvc.register[0m
[0m2022-07-19 20:23:12 V/Net 2452548710: Loading BdhSession from cache file[0m
[92m2022-07-19 20:23:12 I/Net 2452548710: Syncing friend message history...[0m
[92m2022-07-19 20:23:12 I/Net 2452548710: Start loading friend list...[0m
[0m2022-07-19 20:23:12 V/Net 2452548710: Send: StatSvc.GetDevLoginInfo(StatSvc.GetDevLoginInfo)[0m
[92m2022-07-19 20:23:12 I/Net 2452548710: Start loading stranger list...[0m
[0m2022-07-19 20:23:12 V/Net 2452548710: Send: OidbSvc.0x496(OidbSvc.0x496)[0m
[0m2022-07-19 20:23:12 V/Net 2452548710: Send: OidbSvc.0x5d2_0(OidbSvc.0x5d2_0)[0m
[0m2022-07-19 20:23:12 V/Net 2452548710: Send: friendlist.getFriendGroupList(friendlist.getFriendGroupList)[0m
[0m2022-07-19 20:23:12 V/Net 2452548710: Recv: OidbSvc.0x5d2_0[0m
[92m2022-07-19 20:23:12 I/Net 2452548710: Successfully loaded stranger list: 0 in total[0m
[0m2022-07-19 20:23:12 V/Net 2452548710: Recv: StatSvc.GetDevLoginInfo[0m
[92m2022-07-19 20:23:12 I/Net 2452548710: No OtherClient online.[0m
[0m2022-07-19 20:23:12 V/Net 2452548710: Recv: OidbSvc.0x496[0m
[92m2022-07-19 20:23:12 I/Net 2452548710: Start loading group list...[0m
[0m2022-07-19 20:23:12 V/Net 2452548710: Send: friendlist.GetTroopListReqV2(friendlist.GetTroopListReqV2)[0m
[0m2022-07-19 20:23:12 V/Net 2452548710: Recv: friendlist.getFriendGroupList[0m
[0m2022-07-19 20:23:12 V/Net 2452548710: Loading friend list: 5/5[0m
[92m2022-07-19 20:23:12 I/Net 2452548710: Successfully loaded friend list: 5 in total[0m
[92m2022-07-19 20:23:12 I/Net 2452548710: Syncing friend message history: Success.[0m
[0m2022-07-19 20:23:12 V/Net 2452548710: Recv: friendlist.GetTroopListReqV2[0m
[0m2022-07-19 20:23:12 V/Net 2452548710: Send: friendlist.GetTroopMemberListReq(friendlist.GetTroopMemberListReq)[0m
[0m2022-07-19 20:23:12 V/Net 2452548710: Send: friendlist.GetTroopMemberListReq(friendlist.GetTroopMemberListReq)[0m
[0m2022-07-19 20:23:12 V/Net 2452548710: Send: friendlist.GetTroopMemberListReq(friendlist.GetTroopMemberListReq)[0m
[0m2022-07-19 20:23:12 V/Net 2452548710: Send: friendlist.GetTroopMemberListReq(friendlist.GetTroopMemberListReq)[0m
[0m2022-07-19 20:23:12 V/Net 2452548710: Send: friendlist.GetTroopMemberListReq(friendlist.GetTroopMemberListReq)[0m
[0m2022-07-19 20:23:12 V/Net 2452548710: Send: friendlist.GetTroopMemberListReq(friendlist.GetTroopMemberListReq)[0m
[0m2022-07-19 20:23:12 V/Net 2452548710: Send: friendlist.GetTroopMemberListReq(friendlist.GetTroopMemberListReq)[0m
[0m2022-07-19 20:23:12 V/Net 2452548710: Send: friendlist.GetTroopMemberListReq(friendlist.GetTroopMemberListReq)[0m
[0m2022-07-19 20:23:12 V/Net 2452548710: Recv: friendlist.GetTroopMemberListReq[0m
[0m2022-07-19 20:23:12 V/Net 2452548710: Recv: friendlist.GetTroopMemberListReq[0m
[0m2022-07-19 20:23:12 V/Net 2452548710: Recv: friendlist.GetTroopMemberListReq[0m
[0m2022-07-19 20:23:12 V/Net 2452548710: Recv: friendlist.GetTroopMemberListReq[0m
[0m2022-07-19 20:23:12 V/Net 2452548710: Recv: friendlist.GetTroopMemberListReq[0m
[0m2022-07-19 20:23:12 V/Net 2452548710: Recv: friendlist.GetTroopMemberListReq[0m
[0m2022-07-19 20:23:12 V/Net 2452548710: Recv: friendlist.GetTroopMemberListReq[0m
[0m2022-07-19 20:23:12 V/Net 2452548710: Recv: friendlist.GetTroopMemberListReq[0m
[92m2022-07-19 20:23:12 I/Net 2452548710: Successfully loaded group list: 8 in total.[0m
[92m2022-07-19 20:23:12 I/Net 2452548710: Scheduled refresh login session in 19d 23h 55min 0.0s.[0m
[92m2022-07-19 20:23:12 I/Net 2452548710: Scheduled key refresh in 23h 55min 0.0s.[0m
[92m2022-07-19 20:23:15 I/Net 2452548710: Server list: 111.31.205.197:8080, 111.31.205.231:14000, 36.155.206.145:80, 36.155.187.71:14000, 120.232.130.20:80, 111.30.187.245:443, 111.30.169.66:80, 120.232.67.156:80, msfwifi.3g.qq.com:8080, 120.232.130.99:14000.[0m
[0m2022-07-19 20:23:15 V/Net 2452548710: Saving bdh session to cache[0m
[0m2022-07-19 20:23:15 V/Net 2452548710: Saving server list to cache[0m
[0m2022-07-19 20:23:15 V/Net 2452548710: Send: ConfigPushSvc.PushResp(ConfigPushSvc.PushResp)[0m
[0m2022-07-19 20:23:15 V/Net 2452548710: Recv: ConfigPushSvc.PushReq[0m
[0m2022-07-19 20:23:15 V/Net 2452548710: Saving bdh session to cache[0m
[0m2022-07-19 20:23:15 V/Net 2452548710: Send: ConfigPushSvc.PushResp(ConfigPushSvc.PushResp)[0m
[0m2022-07-19 20:23:15 V/Net 2452548710: Recv: ConfigPushSvc.PushReq[0m
[0m2022-07-19 20:24:54 V/Net 2452548710: Loading server list from cache.[0m
[92m2022-07-19 20:24:54 I/Net 2452548710: Server list: 111.31.205.197:8080, 111.31.205.231:14000, 36.155.206.145:80, 36.155.187.71:14000, 120.232.130.20:80, 111.30.187.245:443, 111.30.169.66:80, 120.232.67.156:80, msfwifi.3g.qq.com:8080, 120.232.130.99:14000.[0m
[92m2022-07-19 20:24:54 I/Net 2452548710: ECDH key is valid.[0m
[0m2022-07-19 20:24:54 V/Net 2452548710: Send: wtlogin.exchange_emp[0m
[0m2022-07-19 20:24:54 V/Net 2452548710: Recv: wtlogin.exchange_emp[0m
[0m2022-07-19 20:24:54 V/Net 2452548710: Send: StatSvc.register(online)[0m
[92m2022-07-19 20:24:54 I/Net 2452548710: Server time updated, serverTime: 1658233499, diff: 5ms=0.005s[0m
[0m2022-07-19 20:24:54 V/Net 2452548710: Recv: StatSvc.register[0m
[0m2022-07-19 20:24:54 V/Net 2452548710: Loading BdhSession from cache file[0m
[92m2022-07-19 20:24:54 I/Net 2452548710: Syncing friend message history...[0m
[92m2022-07-19 20:24:54 I/Net 2452548710: Start loading stranger list...[0m
[0m2022-07-19 20:24:54 V/Net 2452548710: Send: StatSvc.GetDevLoginInfo(StatSvc.GetDevLoginInfo)[0m
[92m2022-07-19 20:24:54 I/Net 2452548710: Start loading friend list...[0m
[0m2022-07-19 20:24:54 V/Net 2452548710: Send: OidbSvc.0x496(OidbSvc.0x496)[0m
[0m2022-07-19 20:24:54 V/Net 2452548710: Send: OidbSvc.0x5d2_0(OidbSvc.0x5d2_0)[0m
[0m2022-07-19 20:24:54 V/Net 2452548710: Send: friendlist.getFriendGroupList(friendlist.getFriendGroupList)[0m
[92m2022-07-19 20:24:54 I/Net 2452548710: Successfully loaded stranger list: 0 in total[0m
[0m2022-07-19 20:24:54 V/Net 2452548710: Recv: OidbSvc.0x5d2_0[0m
[0m2022-07-19 20:24:55 V/Net 2452548710: Recv: StatSvc.GetDevLoginInfo[0m
[92m2022-07-19 20:24:55 I/Net 2452548710: No OtherClient online.[0m
[0m2022-07-19 20:24:55 V/Net 2452548710: Recv: OidbSvc.0x496[0m
[92m2022-07-19 20:24:55 I/Net 2452548710: Start loading group list...[0m
[0m2022-07-19 20:24:55 V/Net 2452548710: Send: friendlist.GetTroopListReqV2(friendlist.GetTroopListReqV2)[0m
[0m2022-07-19 20:24:55 V/Net 2452548710: Loading friend list: 5/5[0m
[92m2022-07-19 20:24:55 I/Net 2452548710: Successfully loaded friend list: 5 in total[0m
[0m2022-07-19 20:24:55 V/Net 2452548710: Recv: friendlist.getFriendGroupList[0m
[92m2022-07-19 20:24:55 I/Net 2452548710: Syncing friend message history: Success.[0m
[0m2022-07-19 20:24:55 V/Net 2452548710: Recv: friendlist.GetTroopListReqV2[0m
[0m2022-07-19 20:24:55 V/Net 2452548710: Send: friendlist.GetTroopMemberListReq(friendlist.GetTroopMemberListReq)[0m
[0m2022-07-19 20:24:55 V/Net 2452548710: Send: friendlist.GetTroopMemberListReq(friendlist.GetTroopMemberListReq)[0m
[0m2022-07-19 20:24:55 V/Net 2452548710: Send: friendlist.GetTroopMemberListReq(friendlist.GetTroopMemberListReq)[0m
[0m2022-07-19 20:24:55 V/Net 2452548710: Send: friendlist.GetTroopMemberListReq(friendlist.GetTroopMemberListReq)[0m
[0m2022-07-19 20:24:55 V/Net 2452548710: Send: friendlist.GetTroopMemberListReq(friendlist.GetTroopMemberListReq)[0m
[0m2022-07-19 20:24:55 V/Net 2452548710: Send: friendlist.GetTroopMemberListReq(friendlist.GetTroopMemberListReq)[0m
[0m2022-07-19 20:24:55 V/Net 2452548710: Send: friendlist.GetTroopMemberListReq(friendlist.GetTroopMemberListReq)[0m
[0m2022-07-19 20:24:55 V/Net 2452548710: Send: friendlist.GetTroopMemberListReq(friendlist.GetTroopMemberListReq)[0m
[0m2022-07-19 20:24:55 V/Net 2452548710: Recv: friendlist.GetTroopMemberListReq[0m
[0m2022-07-19 20:24:55 V/Net 2452548710: Recv: friendlist.GetTroopMemberListReq[0m
[0m2022-07-19 20:24:55 V/Net 2452548710: Recv: friendlist.GetTroopMemberListReq[0m
[0m2022-07-19 20:24:55 V/Net 2452548710: Recv: friendlist.GetTroopMemberListReq[0m
[0m2022-07-19 20:24:55 V/Net 2452548710: Recv: friendlist.GetTroopMemberListReq[0m
[0m2022-07-19 20:24:55 V/Net 2452548710: Recv: friendlist.GetTroopMemberListReq[0m
[0m2022-07-19 20:24:55 V/Net 2452548710: Recv: friendlist.GetTroopMemberListReq[0m
[0m2022-07-19 20:24:55 V/Net 2452548710: Recv: friendlist.GetTroopMemberListReq[0m
[92m2022-07-19 20:24:55 I/Net 2452548710: Successfully loaded group list: 8 in total.[0m
[92m2022-07-19 20:24:55 I/Net 2452548710: Scheduled refresh login session in 19d 23h 55min 0.0s.[0m
[92m2022-07-19 20:24:55 I/Net 2452548710: Scheduled key refresh in 23h 55min 0.0s.[0m
[92m2022-07-19 20:24:57 I/Net 2452548710: Server list: 111.30.187.201:8080, msfwifi.3g.qq.com:8080, 120.232.69.214:80, 36.155.201.181:80, 111.31.200.230:443, 111.31.205.231:80, 36.155.210.174:14000, 120.232.67.190:8080, 120.232.31.221:80, 111.31.205.231:14000.[0m
[0m2022-07-19 20:24:57 V/Net 2452548710: Saving bdh session to cache[0m
[0m2022-07-19 20:24:57 V/Net 2452548710: Saving server list to cache[0m
[0m2022-07-19 20:24:57 V/Net 2452548710: Send: ConfigPushSvc.PushResp(ConfigPushSvc.PushResp)[0m
[0m2022-07-19 20:24:57 V/Net 2452548710: Recv: ConfigPushSvc.PushReq[0m
[0m2022-07-19 20:24:57 V/Net 2452548710: Saving bdh session to cache[0m
[0m2022-07-19 20:24:57 V/Net 2452548710: Send: ConfigPushSvc.PushResp(ConfigPushSvc.PushResp)[0m
[0m2022-07-19 20:24:57 V/Net 2452548710: Recv: ConfigPushSvc.PushReq[0m
[0m2022-07-19 20:25:09 V/Net 2452548710: Send: MessageSvc.PbSendMsg(MessageSvc.PbSendMsg)[0m
[0m2022-07-19 20:25:10 V/Net 2452548710: Recv: MessageSvc.PbSendMsg[0m
[0m2022-07-19 20:25:10 V/Net 2452548710: Send: MessageSvc.PbSendMsg(MessageSvc.PbSendMsg)[0m
[0m2022-07-19 20:25:10 V/Net 2452548710: Recv: MessageSvc.PbSendMsg[0m
[0m2022-07-19 20:25:10 V/Net 2452548710: Send: MessageSvc.PbSendMsg(MessageSvc.PbSendMsg)[0m
[0m2022-07-19 20:25:10 V/Net 2452548710: Recv: MessageSvc.PbSendMsg[0m
[0m2022-07-19 20:25:10 V/Net 2452548710: Send: MessageSvc.PbSendMsg(MessageSvc.PbSendMsg)[0m
[0m2022-07-19 20:25:10 V/Net 2452548710: Recv: MessageSvc.PbSendMsg[0m
[0m2022-07-19 20:25:10 V/Net 2452548710: Send: LongConn.OffPicUp(LongConn.OffPicUp)[0m
[0m2022-07-19 20:25:11 V/Net 2452548710: Recv: LongConn.OffPicUp[0m
[0m2022-07-19 20:25:11 V/Net 2452548710: Send: LongConn.OffPicUp(LongConn.OffPicUp)[0m
[0m2022-07-19 20:25:11 V/Net 2452548710: Recv: LongConn.OffPicUp[0m
[0m2022-07-19 20:25:11 V/Net 2452548710: Send: MessageSvc.PbSendMsg(MessageSvc.PbSendMsg)[0m
[0m2022-07-19 20:25:12 V/Net 2452548710: Recv: MessageSvc.PbSendMsg[0m
[0m2022-07-19 20:25:12 V/Net 2452548710: Send: LongConn.OffPicUp(LongConn.OffPicUp)[0m
[0m2022-07-19 20:25:12 V/Net 2452548710: Recv: LongConn.OffPicUp[0m
[0m2022-07-19 20:25:12 V/Net 2452548710: Send: LongConn.OffPicUp(LongConn.OffPicUp)[0m
[0m2022-07-19 20:25:13 V/Net 2452548710: Recv: LongConn.OffPicUp[0m
[0m2022-07-19 20:25:13 V/Net 2452548710: Send: MessageSvc.PbSendMsg(MessageSvc.PbSendMsg)[0m
[0m2022-07-19 20:25:13 V/Net 2452548710: Recv: MessageSvc.PbSendMsg[0m
[0m2022-07-19 20:25:13 V/Net 2452548710: Send: ImgStore.GroupPicUp(ImgStore.GroupPicUp)[0m
[0m2022-07-19 20:25:14 V/Net 2452548710: Recv: ImgStore.GroupPicUp[0m
[0m2022-07-19 20:25:14 V/Net 2452548710: Send: ImgStore.GroupPicUp(ImgStore.GroupPicUp)[0m
[0m2022-07-19 20:25:14 V/Net 2452548710: Recv: ImgStore.GroupPicUp[0m
[0m2022-07-19 20:25:14 V/Net 2452548710: Send: MessageSvc.PbSendMsg(MessageSvc.PbSendMsg)[0m
[0m2022-07-19 20:25:15 V/Net 2452548710: Recv: MessageSvc.PbSendMsg[0m
[0m2022-07-19 20:25:15 V/Net 2452548710: Send: MessageSvc.PbSendMsg(MessageSvc.PbSendMsg)[0m
[0m2022-07-19 20:25:15 V/Net 2452548710: Recv: MessageSvc.PbSendMsg[0m
[0m2022-07-19 20:27:45 V/Net 2452548710: Loading server list from cache.[0m
[92m2022-07-19 20:27:45 I/Net 2452548710: Server list: 111.30.187.201:8080, msfwifi.3g.qq.com:8080, 120.232.69.214:80, 36.155.201.181:80, 111.31.200.230:443, 111.31.205.231:80, 36.155.210.174:14000, 120.232.67.190:8080, 120.232.31.221:80, 111.31.205.231:14000.[0m
[92m2022-07-19 20:27:45 I/Net 2452548710: ECDH key is valid.[0m
[0m2022-07-19 20:27:45 V/Net 2452548710: Send: wtlogin.exchange_emp[0m
[0m2022-07-19 20:27:45 V/Net 2452548710: Recv: wtlogin.exchange_emp[0m
[0m2022-07-19 20:27:45 V/Net 2452548710: Send: StatSvc.register(online)[0m
[92m2022-07-19 20:27:46 I/Net 2452548710: Server time updated, serverTime: 1658233670, diff: 4ms=0.004s[0m
[0m2022-07-19 20:27:46 V/Net 2452548710: Recv: StatSvc.register[0m
[0m2022-07-19 20:27:46 V/Net 2452548710: Loading BdhSession from cache file[0m
[92m2022-07-19 20:27:46 I/Net 2452548710: Syncing friend message history...[0m
[0m2022-07-19 20:27:46 V/Net 2452548710: Send: StatSvc.GetDevLoginInfo(StatSvc.GetDevLoginInfo)[0m
[92m2022-07-19 20:27:46 I/Net 2452548710: Start loading stranger list...[0m
[0m2022-07-19 20:27:46 V/Net 2452548710: Send: OidbSvc.0x496(OidbSvc.0x496)[0m
[92m2022-07-19 20:27:46 I/Net 2452548710: Start loading friend list...[0m
[0m2022-07-19 20:27:46 V/Net 2452548710: Send: OidbSvc.0x5d2_0(OidbSvc.0x5d2_0)[0m
[0m2022-07-19 20:27:46 V/Net 2452548710: Send: friendlist.getFriendGroupList(friendlist.getFriendGroupList)[0m
[92m2022-07-19 20:27:46 I/Net 2452548710: Successfully loaded stranger list: 0 in total[0m
[0m2022-07-19 20:27:46 V/Net 2452548710: Recv: OidbSvc.0x5d2_0[0m
[0m2022-07-19 20:27:46 V/Net 2452548710: Recv: OidbSvc.0x496[0m
[92m2022-07-19 20:27:46 I/Net 2452548710: Start loading group list...[0m
[0m2022-07-19 20:27:46 V/Net 2452548710: Send: friendlist.GetTroopListReqV2(friendlist.GetTroopListReqV2)[0m
[0m2022-07-19 20:27:46 V/Net 2452548710: Recv: friendlist.getFriendGroupList[0m
[0m2022-07-19 20:27:46 V/Net 2452548710: Loading friend list: 5/5[0m
[92m2022-07-19 20:27:46 I/Net 2452548710: Successfully loaded friend list: 5 in total[0m
[0m2022-07-19 20:27:46 V/Net 2452548710: Recv: StatSvc.GetDevLoginInfo[0m
[92m2022-07-19 20:27:46 I/Net 2452548710: No OtherClient online.[0m
[92m2022-07-19 20:27:46 I/Net 2452548710: Syncing friend message history: Success.[0m
[0m2022-07-19 20:27:46 V/Net 2452548710: Recv: friendlist.GetTroopListReqV2[0m
[0m2022-07-19 20:27:46 V/Net 2452548710: Send: friendlist.GetTroopMemberListReq(friendlist.GetTroopMemberListReq)[0m
[0m2022-07-19 20:27:46 V/Net 2452548710: Send: friendlist.GetTroopMemberListReq(friendlist.GetTroopMemberListReq)[0m
[0m2022-07-19 20:27:46 V/Net 2452548710: Send: friendlist.GetTroopMemberListReq(friendlist.GetTroopMemberListReq)[0m
[0m2022-07-19 20:27:46 V/Net 2452548710: Send: friendlist.GetTroopMemberListReq(friendlist.GetTroopMemberListReq)[0m
[0m2022-07-19 20:27:46 V/Net 2452548710: Send: friendlist.GetTroopMemberListReq(friendlist.GetTroopMemberListReq)[0m
[0m2022-07-19 20:27:46 V/Net 2452548710: Send: friendlist.GetTroopMemberListReq(friendlist.GetTroopMemberListReq)[0m
[0m2022-07-19 20:27:46 V/Net 2452548710: Send: friendlist.GetTroopMemberListReq(friendlist.GetTroopMemberListReq)[0m
[0m2022-07-19 20:27:46 V/Net 2452548710: Send: friendlist.GetTroopMemberListReq(friendlist.GetTroopMemberListReq)[0m
[0m2022-07-19 20:27:46 V/Net 2452548710: Recv: friendlist.GetTroopMemberListReq[0m
[0m2022-07-19 20:27:46 V/Net 2452548710: Recv: friendlist.GetTroopMemberListReq[0m
[0m2022-07-19 20:27:46 V/Net 2452548710: Recv: friendlist.GetTroopMemberListReq[0m
[0m2022-07-19 20:27:46 V/Net 2452548710: Recv: friendlist.GetTroopMemberListReq[0m
[0m2022-07-19 20:27:46 V/Net 2452548710: Recv: friendlist.GetTroopMemberListReq[0m
[0m2022-07-19 20:27:46 V/Net 2452548710: Recv: friendlist.GetTroopMemberListReq[0m
[0m2022-07-19 20:27:46 V/Net 2452548710: Recv: friendlist.GetTroopMemberListReq[0m
[0m2022-07-19 20:27:46 V/Net 2452548710: Recv: friendlist.GetTroopMemberListReq[0m
[92m2022-07-19 20:27:46 I/Net 2452548710: Successfully loaded group list: 8 in total.[0m
[92m2022-07-19 20:27:46 I/Net 2452548710: Scheduled key refresh in 23h 55min 0.0s.[0m
[92m2022-07-19 20:27:46 I/Net 2452548710: Scheduled refresh login session in 19d 23h 55min 0.0s.[0m
[92m2022-07-19 20:27:49 I/Net 2452548710: Server list: 111.30.169.83:80, 111.31.205.168:443, 111.30.169.45:8080, 120.232.130.99:443, 120.232.69.217:80, 120.232.67.218:80, 36.155.229.123:14000, 111.31.205.244:443, 36.155.201.42:80, msfwifi.3g.qq.com:8080.[0m
[0m2022-07-19 20:27:49 V/Net 2452548710: Saving bdh session to cache[0m
[0m2022-07-19 20:27:49 V/Net 2452548710: Saving server list to cache[0m
[0m2022-07-19 20:27:49 V/Net 2452548710: Send: ConfigPushSvc.PushResp(ConfigPushSvc.PushResp)[0m
[0m2022-07-19 20:27:49 V/Net 2452548710: Recv: ConfigPushSvc.PushReq[0m
[0m2022-07-19 20:27:49 V/Net 2452548710: Saving bdh session to cache[0m
[0m2022-07-19 20:27:49 V/Net 2452548710: Send: ConfigPushSvc.PushResp(ConfigPushSvc.PushResp)[0m
[0m2022-07-19 20:27:49 V/Net 2452548710: Recv: ConfigPushSvc.PushReq[0m
[0m2022-07-19 20:36:32 V/Net 2452548710: Send: MessageSvc.PbSendMsg(MessageSvc.PbSendMsg)[0m
[0m2022-07-19 20:36:32 V/Net 2452548710: Recv: MessageSvc.PbSendMsg[0m
[0m2022-07-19 20:36:32 V/Net 2452548710: Send: MessageSvc.PbSendMsg(MessageSvc.PbSendMsg)[0m
[0m2022-07-19 20:36:32 V/Net 2452548710: Recv: MessageSvc.PbSendMsg[0m
[0m2022-07-19 20:36:32 V/Net 2452548710: Send: MessageSvc.PbSendMsg(MessageSvc.PbSendMsg)[0m
[0m2022-07-19 20:36:33 V/Net 2452548710: Recv: MessageSvc.PbSendMsg[0m
[0m2022-07-19 20:36:33 V/Net 2452548710: Send: MessageSvc.PbSendMsg(MessageSvc.PbSendMsg)[0m
[0m2022-07-19 20:36:33 V/Net 2452548710: Recv: MessageSvc.PbSendMsg[0m
[0m2022-07-19 20:36:33 V/Net 2452548710: Send: LongConn.OffPicUp(LongConn.OffPicUp)[0m
[0m2022-07-19 20:36:33 V/Net 2452548710: Recv: LongConn.OffPicUp[0m
[0m2022-07-19 20:36:33 V/Net 2452548710: Send: LongConn.OffPicUp(LongConn.OffPicUp)[0m
[0m2022-07-19 20:36:33 V/Net 2452548710: Recv: LongConn.OffPicUp[0m
[0m2022-07-19 20:36:33 V/Net 2452548710: Send: MessageSvc.PbSendMsg(MessageSvc.PbSendMsg)[0m
[0m2022-07-19 20:36:34 V/Net 2452548710: Recv: MessageSvc.PbSendMsg[0m
[0m2022-07-19 20:36:34 V/Net 2452548710: Send: LongConn.OffPicUp(LongConn.OffPicUp)[0m
[0m2022-07-19 20:36:34 V/Net 2452548710: Recv: LongConn.OffPicUp[0m
[0m2022-07-19 20:36:34 V/Net 2452548710: Send: LongConn.OffPicUp(LongConn.OffPicUp)[0m
[0m2022-07-19 20:36:34 V/Net 2452548710: Recv: LongConn.OffPicUp[0m
[0m2022-07-19 20:36:34 V/Net 2452548710: Send: MessageSvc.PbSendMsg(MessageSvc.PbSendMsg)[0m
[0m2022-07-19 20:36:35 V/Net 2452548710: Recv: MessageSvc.PbSendMsg[0m
[0m2022-07-19 20:36:35 V/Net 2452548710: Send: ImgStore.GroupPicUp(ImgStore.GroupPicUp)[0m
[0m2022-07-19 20:36:35 V/Net 2452548710: Recv: ImgStore.GroupPicUp[0m
[0m2022-07-19 20:36:35 V/Net 2452548710: Send: ImgStore.GroupPicUp(ImgStore.GroupPicUp)[0m
[0m2022-07-19 20:36:35 V/Net 2452548710: Recv: ImgStore.GroupPicUp[0m
[0m2022-07-19 20:36:35 V/Net 2452548710: Send: MessageSvc.PbSendMsg(MessageSvc.PbSendMsg)[0m
[0m2022-07-19 20:36:36 V/Net 2452548710: Recv: MessageSvc.PbSendMsg[0m
[0m2022-07-19 20:36:36 V/Net 2452548710: Send: MessageSvc.PbSendMsg(MessageSvc.PbSendMsg)[0m
[0m2022-07-19 20:36:36 V/Net 2452548710: Recv: MessageSvc.PbSendMsg[0m
[0m2022-07-19 20:41:29 V/Net 2452548710: Loading server list from cache.[0m
[92m2022-07-19 20:41:29 I/Net 2452548710: Server list: 111.30.169.83:80, 111.31.205.168:443, 111.30.169.45:8080, 120.232.130.99:443, 120.232.69.217:80, 120.232.67.218:80, 36.155.229.123:14000, 111.31.205.244:443, 36.155.201.42:80, msfwifi.3g.qq.com:8080.[0m
[92m2022-07-19 20:41:30 I/Net 2452548710: ECDH key is valid.[0m
[0m2022-07-19 20:41:30 V/Net 2452548710: Send: wtlogin.exchange_emp[0m
[0m2022-07-19 20:41:30 V/Net 2452548710: Recv: wtlogin.exchange_emp[0m
[0m2022-07-19 20:41:30 V/Net 2452548710: Send: StatSvc.register(online)[0m
[92m2022-07-19 20:41:30 I/Net 2452548710: Server time updated, serverTime: 1658234494, diff: 4ms=0.004s[0m
[0m2022-07-19 20:41:30 V/Net 2452548710: Recv: StatSvc.register[0m
[0m2022-07-19 20:41:30 V/Net 2452548710: Loading BdhSession from cache file[0m
[92m2022-07-19 20:41:30 I/Net 2452548710: Syncing friend message history...[0m
[92m2022-07-19 20:41:30 I/Net 2452548710: Start loading friend list...[0m
[92m2022-07-19 20:41:30 I/Net 2452548710: Start loading stranger list...[0m
[0m2022-07-19 20:41:30 V/Net 2452548710: Send: StatSvc.GetDevLoginInfo(StatSvc.GetDevLoginInfo)[0m
[0m2022-07-19 20:41:30 V/Net 2452548710: Send: OidbSvc.0x496(OidbSvc.0x496)[0m
[0m2022-07-19 20:41:30 V/Net 2452548710: Send: OidbSvc.0x5d2_0(OidbSvc.0x5d2_0)[0m
[0m2022-07-19 20:41:30 V/Net 2452548710: Send: friendlist.getFriendGroupList(friendlist.getFriendGroupList)[0m
[0m2022-07-19 20:41:30 V/Net 2452548710: Recv: OidbSvc.0x5d2_0[0m
[92m2022-07-19 20:41:30 I/Net 2452548710: Successfully loaded stranger list: 0 in total[0m
[0m2022-07-19 20:41:30 V/Net 2452548710: Recv: StatSvc.GetDevLoginInfo[0m
[92m2022-07-19 20:41:30 I/Net 2452548710: No OtherClient online.[0m
[0m2022-07-19 20:41:30 V/Net 2452548710: Recv: OidbSvc.0x496[0m
[92m2022-07-19 20:41:30 I/Net 2452548710: Start loading group list...[0m
[0m2022-07-19 20:41:30 V/Net 2452548710: Send: friendlist.GetTroopListReqV2(friendlist.GetTroopListReqV2)[0m
[0m2022-07-19 20:41:30 V/Net 2452548710: Recv: friendlist.getFriendGroupList[0m
[0m2022-07-19 20:41:30 V/Net 2452548710: Loading friend list: 5/5[0m
[92m2022-07-19 20:41:30 I/Net 2452548710: Successfully loaded friend list: 5 in total[0m
[92m2022-07-19 20:41:30 I/Net 2452548710: Syncing friend message history: Success.[0m
[0m2022-07-19 20:41:30 V/Net 2452548710: Recv: friendlist.GetTroopListReqV2[0m
[0m2022-07-19 20:41:30 V/Net 2452548710: Send: friendlist.GetTroopMemberListReq(friendlist.GetTroopMemberListReq)[0m
[0m2022-07-19 20:41:30 V/Net 2452548710: Send: friendlist.GetTroopMemberListReq(friendlist.GetTroopMemberListReq)[0m
[0m2022-07-19 20:41:30 V/Net 2452548710: Send: friendlist.GetTroopMemberListReq(friendlist.GetTroopMemberListReq)[0m
[0m2022-07-19 20:41:30 V/Net 2452548710: Send: friendlist.GetTroopMemberListReq(friendlist.GetTroopMemberListReq)[0m
[0m2022-07-19 20:41:30 V/Net 2452548710: Send: friendlist.GetTroopMemberListReq(friendlist.GetTroopMemberListReq)[0m
[0m2022-07-19 20:41:30 V/Net 2452548710: Send: friendlist.GetTroopMemberListReq(friendlist.GetTroopMemberListReq)[0m
[0m2022-07-19 20:41:30 V/Net 2452548710: Send: friendlist.GetTroopMemberListReq(friendlist.GetTroopMemberListReq)[0m
[0m2022-07-19 20:41:30 V/Net 2452548710: Send: friendlist.GetTroopMemberListReq(friendlist.GetTroopMemberListReq)[0m
[0m2022-07-19 20:41:30 V/Net 2452548710: Recv: friendlist.GetTroopMemberListReq[0m
[0m2022-07-19 20:41:30 V/Net 2452548710: Recv: friendlist.GetTroopMemberListReq[0m
[0m2022-07-19 20:41:30 V/Net 2452548710: Recv: friendlist.GetTroopMemberListReq[0m
[0m2022-07-19 20:41:30 V/Net 2452548710: Recv: friendlist.GetTroopMemberListReq[0m
[0m2022-07-19 20:41:30 V/Net 2452548710: Recv: friendlist.GetTroopMemberListReq[0m
[0m2022-07-19 20:41:30 V/Net 2452548710: Recv: friendlist.GetTroopMemberListReq[0m
[0m2022-07-19 20:41:30 V/Net 2452548710: Recv: friendlist.GetTroopMemberListReq[0m
[0m2022-07-19 20:41:30 V/Net 2452548710: Recv: friendlist.GetTroopMemberListReq[0m
[92m2022-07-19 20:41:30 I/Net 2452548710: Successfully loaded group list: 8 in total.[0m
[92m2022-07-19 20:41:31 I/Net 2452548710: Scheduled key refresh in 23h 55min 0.0s.[0m
[92m2022-07-19 20:41:31 I/Net 2452548710: Scheduled refresh login session in 19d 23h 55min 0.0s.[0m
[92m2022-07-19 20:41:33 I/Net 2452548710: Server list: 36.155.213.142:80, 111.31.200.230:80, 120.232.130.20:80, 120.232.69.217:443, msfwifi.3g.qq.com:8080, 120.232.67.211:80, 111.31.205.244:443, 111.30.169.125:8080, 111.30.169.45:8080, 36.155.245.243:14000.[0m
[0m2022-07-19 20:41:33 V/Net 2452548710: Saving bdh session to cache[0m
[0m2022-07-19 20:41:33 V/Net 2452548710: Saving server list to cache[0m
[0m2022-07-19 20:41:33 V/Net 2452548710: Send: ConfigPushSvc.PushResp(ConfigPushSvc.PushResp)[0m
[0m2022-07-19 20:41:33 V/Net 2452548710: Recv: ConfigPushSvc.PushReq[0m
[0m2022-07-19 20:41:33 V/Net 2452548710: Saving bdh session to cache[0m
[0m2022-07-19 20:41:33 V/Net 2452548710: Send: ConfigPushSvc.PushResp(ConfigPushSvc.PushResp)[0m
[0m2022-07-19 20:41:33 V/Net 2452548710: Recv: ConfigPushSvc.PushReq[0m
[0m2022-07-19 20:42:12 V/Net 2452548710: Send: MessageSvc.PbSendMsg(MessageSvc.PbSendMsg)[0m
[0m2022-07-19 20:42:12 V/Net 2452548710: Recv: MessageSvc.PbSendMsg[0m
[0m2022-07-19 20:42:12 V/Net 2452548710: Send: MessageSvc.PbSendMsg(MessageSvc.PbSendMsg)[0m
[0m2022-07-19 20:42:12 V/Net 2452548710: Recv: MessageSvc.PbSendMsg[0m
[0m2022-07-19 20:42:12 V/Net 2452548710: Send: MessageSvc.PbSendMsg(MessageSvc.PbSendMsg)[0m
[0m2022-07-19 20:42:13 V/Net 2452548710: Recv: MessageSvc.PbSendMsg[0m
[0m2022-07-19 20:42:13 V/Net 2452548710: Send: MessageSvc.PbSendMsg(MessageSvc.PbSendMsg)[0m
[0m2022-07-19 20:42:13 V/Net 2452548710: Recv: MessageSvc.PbSendMsg[0m
[0m2022-07-19 20:42:13 V/Net 2452548710: Send: LongConn.OffPicUp(LongConn.OffPicUp)[0m
[0m2022-07-19 20:42:13 V/Net 2452548710: Recv: LongConn.OffPicUp[0m
[0m2022-07-19 20:42:13 V/Net 2452548710: Send: LongConn.OffPicUp(LongConn.OffPicUp)[0m
[0m2022-07-19 20:42:14 V/Net 2452548710: Recv: LongConn.OffPicUp[0m
[0m2022-07-19 20:42:14 V/Net 2452548710: Send: MessageSvc.PbSendMsg(MessageSvc.PbSendMsg)[0m
[0m2022-07-19 20:42:14 V/Net 2452548710: Recv: MessageSvc.PbSendMsg[0m
[0m2022-07-19 20:42:14 V/Net 2452548710: Send: LongConn.OffPicUp(LongConn.OffPicUp)[0m
[0m2022-07-19 20:42:15 V/Net 2452548710: Recv: LongConn.OffPicUp[0m
[0m2022-07-19 20:42:15 V/Net 2452548710: Send: LongConn.OffPicUp(LongConn.OffPicUp)[0m
[0m2022-07-19 20:42:15 V/Net 2452548710: Recv: LongConn.OffPicUp[0m
[0m2022-07-19 20:42:15 V/Net 2452548710: Send: MessageSvc.PbSendMsg(MessageSvc.PbSendMsg)[0m
[0m2022-07-19 20:42:15 V/Net 2452548710: Recv: MessageSvc.PbSendMsg[0m
[0m2022-07-19 20:42:15 V/Net 2452548710: Send: ImgStore.GroupPicUp(ImgStore.GroupPicUp)[0m
[0m2022-07-19 20:42:16 V/Net 2452548710: Recv: ImgStore.GroupPicUp[0m
[0m2022-07-19 20:42:16 V/Net 2452548710: Send: ImgStore.GroupPicUp(ImgStore.GroupPicUp)[0m
[0m2022-07-19 20:42:16 V/Net 2452548710: Recv: ImgStore.GroupPicUp[0m
[0m2022-07-19 20:42:16 V/Net 2452548710: Send: MessageSvc.PbSendMsg(MessageSvc.PbSendMsg)[0m
[0m2022-07-19 20:42:17 V/Net 2452548710: Recv: MessageSvc.PbSendMsg[0m
[0m2022-07-19 20:42:17 V/Net 2452548710: Send: MessageSvc.PbSendMsg(MessageSvc.PbSendMsg)[0m
[0m2022-07-19 20:42:17 V/Net 2452548710: Recv: MessageSvc.PbSendMsg[0m
[0m2022-07-19 20:43:37 V/Net 2452548710: Send: LongConn.OffPicUp(LongConn.OffPicUp)[0m
[0m2022-07-19 20:43:38 V/Net 2452548710: Recv: LongConn.OffPicUp[0m
[0m2022-07-19 20:43:38 V/Net 2452548710: Send: MessageSvc.PbSendMsg(MessageSvc.PbSendMsg)[0m
[0m2022-07-19 20:43:38 V/Net 2452548710: Recv: MessageSvc.PbSendMsg[0m
[0m2022-07-19 20:43:38 V/Net 2452548710: Send: ImgStore.GroupPicUp(ImgStore.GroupPicUp)[0m
[0m2022-07-19 20:43:38 V/Net 2452548710: Recv: ImgStore.GroupPicUp[0m
[0m2022-07-19 20:43:38 V/Net 2452548710: Send: ImgStore.GroupPicUp(ImgStore.GroupPicUp)[0m
[0m2022-07-19 20:43:39 V/Net 2452548710: Recv: ImgStore.GroupPicUp[0m
[0m2022-07-19 20:43:39 V/Net 2452548710: Send: ImgStore.GroupPicUp(ImgStore.GroupPicUp)[0m
[0m2022-07-19 20:43:39 V/Net 2452548710: Recv: ImgStore.GroupPicUp[0m
[0m2022-07-19 20:43:39 V/Net 2452548710: Send: ImgStore.GroupPicUp(ImgStore.GroupPicUp)[0m
[0m2022-07-19 20:43:39 V/Net 2452548710: Recv: ImgStore.GroupPicUp[0m
[0m2022-07-19 20:43:39 V/Net 2452548710: Send: ImgStore.GroupPicUp(ImgStore.GroupPicUp)[0m
[0m2022-07-19 20:43:39 V/Net 2452548710: Recv: ImgStore.GroupPicUp[0m
[0m2022-07-19 20:43:39 V/Net 2452548710: Send: MessageSvc.PbSendMsg(MessageSvc.PbSendMsg)[0m
[0m2022-07-19 20:43:40 V/Net 2452548710: Recv: MessageSvc.PbSendMsg[0m
[0m2022-07-19 20:43:40 V/Net 2452548710: Send: MessageSvc.PbSendMsg(MessageSvc.PbSendMsg)[0m
[0m2022-07-19 20:43:40 V/Net 2452548710: Recv: MessageSvc.PbSendMsg[0m
[0m2022-07-19 20:43:40 V/Net 2452548710: Send: MessageSvc.PbSendMsg(MessageSvc.PbSendMsg)[0m
[0m2022-07-19 20:43:40 V/Net 2452548710: Recv: MessageSvc.PbSendMsg[0m
