[0m2022-07-18 12:05:32 V/Net 2452548710: Loading server list from cache.[0m
[92m2022-07-18 12:05:32 I/Net 2452548710: Server list: 120.232.31.221:443, 117.62.243.156:14000, 116.130.229.191:14000, 42.187.184.4:14000, 42.81.194.38:80, 183.47.111.98:8080, msfwifi.3g.qq.com:8080, 157.148.42.213:80.[0m
[92m2022-07-18 12:05:33 I/Net 2452548710: ECDH key is invalid, start to fetch ecdh public key from server.[0m
[92m2022-07-18 12:05:34 I/Net 2452548710: Successfully fetched ecdh public key from server.[0m
[0m2022-07-18 12:05:34 V/Net 2452548710: Send: wtlogin.exchange_emp[0m
[0m2022-07-18 12:05:34 V/Net 2452548710: Recv: wtlogin.exchange_emp[0m
[0m2022-07-18 12:05:34 V/Net 2452548710: Send: StatSvc.register(online)[0m
[92m2022-07-18 12:05:34 I/Net 2452548710: Server time updated, serverTime: 1658117136, diff: 2ms=0.002s[0m
[0m2022-07-18 12:05:34 V/Net 2452548710: Recv: StatSvc.register[0m
[0m2022-07-18 12:05:34 V/Net 2452548710: Loading BdhSession from cache file[0m
[92m2022-07-18 12:05:34 I/Net 2452548710: Syncing friend message history...[0m
[92m2022-07-18 12:05:34 I/Net 2452548710: Start loading stranger list...[0m
[0m2022-07-18 12:05:34 V/Net 2452548710: Send: StatSvc.GetDevLoginInfo(StatSvc.GetDevLoginInfo)[0m
[92m2022-07-18 12:05:34 I/Net 2452548710: Start loading friend list...[0m
[0m2022-07-18 12:05:34 V/Net 2452548710: Send: OidbSvc.0x496(OidbSvc.0x496)[0m
[0m2022-07-18 12:05:34 V/Net 2452548710: Send: OidbSvc.0x5d2_0(OidbSvc.0x5d2_0)[0m
[0m2022-07-18 12:05:34 V/Net 2452548710: Send: friendlist.getFriendGroupList(friendlist.getFriendGroupList)[0m
[0m2022-07-18 12:05:34 V/Net 2452548710: Recv: OidbSvc.0x5d2_0[0m
[92m2022-07-18 12:05:34 I/Net 2452548710: Successfully loaded stranger list: 0 in total[0m
[0m2022-07-18 12:05:34 V/Net 2452548710: Recv: OidbSvc.0x496[0m
[92m2022-07-18 12:05:34 I/Net 2452548710: Start loading group list...[0m
[0m2022-07-18 12:05:34 V/Net 2452548710: Send: friendlist.GetTroopListReqV2(friendlist.GetTroopListReqV2)[0m
[0m2022-07-18 12:05:34 V/Net 2452548710: Recv: StatSvc.GetDevLoginInfo[0m
[92m2022-07-18 12:05:34 I/Net 2452548710: No OtherClient online.[0m
[0m2022-07-18 12:05:34 V/Net 2452548710: Recv: friendlist.getFriendGroupList[0m
[0m2022-07-18 12:05:34 V/Net 2452548710: Loading friend list: 3/3[0m
[92m2022-07-18 12:05:34 I/Net 2452548710: Successfully loaded friend list: 3 in total[0m
[92m2022-07-18 12:05:34 I/Net 2452548710: Syncing friend message history: Success.[0m
[0m2022-07-18 12:05:34 V/Net 2452548710: Recv: friendlist.GetTroopListReqV2[0m
[0m2022-07-18 12:05:34 V/Net 2452548710: Send: friendlist.GetTroopMemberListReq(friendlist.GetTroopMemberListReq)[0m
[0m2022-07-18 12:05:34 V/Net 2452548710: Send: friendlist.GetTroopMemberListReq(friendlist.GetTroopMemberListReq)[0m
[0m2022-07-18 12:05:34 V/Net 2452548710: Send: friendlist.GetTroopMemberListReq(friendlist.GetTroopMemberListReq)[0m
[0m2022-07-18 12:05:34 V/Net 2452548710: Send: friendlist.GetTroopMemberListReq(friendlist.GetTroopMemberListReq)[0m
[0m2022-07-18 12:05:34 V/Net 2452548710: Send: friendlist.GetTroopMemberListReq(friendlist.GetTroopMemberListReq)[0m
[0m2022-07-18 12:05:34 V/Net 2452548710: Send: friendlist.GetTroopMemberListReq(friendlist.GetTroopMemberListReq)[0m
[0m2022-07-18 12:05:34 V/Net 2452548710: Send: friendlist.GetTroopMemberListReq(friendlist.GetTroopMemberListReq)[0m
[0m2022-07-18 12:05:34 V/Net 2452548710: Send: friendlist.GetTroopMemberListReq(friendlist.GetTroopMemberListReq)[0m
[0m2022-07-18 12:05:35 V/Net 2452548710: Recv: friendlist.GetTroopMemberListReq[0m
[0m2022-07-18 12:05:35 V/Net 2452548710: Recv: friendlist.GetTroopMemberListReq[0m
[0m2022-07-18 12:05:35 V/Net 2452548710: Recv: friendlist.GetTroopMemberListReq[0m
[0m2022-07-18 12:05:35 V/Net 2452548710: Recv: friendlist.GetTroopMemberListReq[0m
[0m2022-07-18 12:05:35 V/Net 2452548710: Recv: friendlist.GetTroopMemberListReq[0m
[0m2022-07-18 12:05:35 V/Net 2452548710: Recv: friendlist.GetTroopMemberListReq[0m
[0m2022-07-18 12:05:35 V/Net 2452548710: Recv: friendlist.GetTroopMemberListReq[0m
[0m2022-07-18 12:05:35 V/Net 2452548710: Recv: friendlist.GetTroopMemberListReq[0m
[92m2022-07-18 12:05:35 I/Net 2452548710: Successfully loaded group list: 8 in total.[0m
[92m2022-07-18 12:05:35 I/Net 2452548710: Scheduled key refresh in 23h 55min 0.0s.[0m
[92m2022-07-18 12:05:35 I/Net 2452548710: Scheduled refresh login session in 19d 23h 55min 0.0s.[0m
[92m2022-07-18 12:05:37 I/Net 2452548710: Server list: 111.31.205.244:443, 120.232.67.160:80, 111.30.169.125:8080, msfwifi.3g.qq.com:8080, 111.30.170.241:8080, 120.232.196.151:443, 120.232.31.192:80, 111.31.205.168:80, 36.155.187.71:14000, 36.155.201.197:80.[0m
[0m2022-07-18 12:05:37 V/Net 2452548710: Saving bdh session to cache[0m
[0m2022-07-18 12:05:37 V/Net 2452548710: Saving server list to cache[0m
[0m2022-07-18 12:05:37 V/Net 2452548710: Send: ConfigPushSvc.PushResp(ConfigPushSvc.PushResp)[0m
[0m2022-07-18 12:05:37 V/Net 2452548710: Recv: ConfigPushSvc.PushReq[0m
[0m2022-07-18 12:05:37 V/Net 2452548710: Saving bdh session to cache[0m
[0m2022-07-18 12:05:37 V/Net 2452548710: Send: ConfigPushSvc.PushResp(ConfigPushSvc.PushResp)[0m
[0m2022-07-18 12:05:37 V/Net 2452548710: Recv: ConfigPushSvc.PushReq[0m
[0m2022-07-18 12:16:36 V/Net 2452548710: Send: ImgStore.GroupPicUp(ImgStore.GroupPicUp)[0m
[0m2022-07-18 12:16:36 V/Net 2452548710: Recv: ImgStore.GroupPicUp[0m
[0m2022-07-18 12:16:36 V/Net 2452548710: Send: ImgStore.GroupPicUp(ImgStore.GroupPicUp)[0m
[0m2022-07-18 12:16:36 V/Net 2452548710: Recv: ImgStore.GroupPicUp[0m
[0m2022-07-18 12:16:36 V/Net 2452548710: Send: ImgStore.GroupPicUp(ImgStore.GroupPicUp)[0m
[0m2022-07-18 12:16:37 V/Net 2452548710: Recv: ImgStore.GroupPicUp[0m
[0m2022-07-18 12:16:37 V/Net 2452548710: Send: ImgStore.GroupPicUp(ImgStore.GroupPicUp)[0m
[0m2022-07-18 12:16:37 V/Net 2452548710: Recv: ImgStore.GroupPicUp[0m
[0m2022-07-18 12:16:37 V/Net 2452548710: Send: ImgStore.GroupPicUp(ImgStore.GroupPicUp)[0m
[0m2022-07-18 12:16:38 V/Net 2452548710: Recv: ImgStore.GroupPicUp[0m
[0m2022-07-18 12:16:38 V/Net 2452548710: Send: ImgStore.GroupPicUp(ImgStore.GroupPicUp)[0m
[0m2022-07-18 12:16:38 V/Net 2452548710: Recv: ImgStore.GroupPicUp[0m
[0m2022-07-18 12:16:38 V/Net 2452548710: Send: ImgStore.GroupPicUp(ImgStore.GroupPicUp)[0m
[0m2022-07-18 12:16:38 V/Net 2452548710: Recv: ImgStore.GroupPicUp[0m
[0m2022-07-18 12:16:38 V/Net 2452548710: Send: ImgStore.GroupPicUp(ImgStore.GroupPicUp)[0m
[0m2022-07-18 12:16:39 V/Net 2452548710: Recv: ImgStore.GroupPicUp[0m
[0m2022-07-18 12:16:39 V/Net 2452548710: Send: ImgStore.GroupPicUp(ImgStore.GroupPicUp)[0m
[0m2022-07-18 12:16:39 V/Net 2452548710: Recv: ImgStore.GroupPicUp[0m
[0m2022-07-18 12:16:39 V/Net 2452548710: Send: ImgStore.GroupPicUp(ImgStore.GroupPicUp)[0m
[0m2022-07-18 12:16:39 V/Net 2452548710: Recv: ImgStore.GroupPicUp[0m
[0m2022-07-18 12:16:39 V/Net 2452548710: Send: ImgStore.GroupPicUp(ImgStore.GroupPicUp)[0m
[0m2022-07-18 12:16:39 V/Net 2452548710: Recv: ImgStore.GroupPicUp[0m
[0m2022-07-18 12:16:39 V/Net 2452548710: Send: ImgStore.GroupPicUp(ImgStore.GroupPicUp)[0m
[0m2022-07-18 12:16:40 V/Net 2452548710: Recv: ImgStore.GroupPicUp[0m
[0m2022-07-18 12:16:40 V/Net 2452548710: Send: ImgStore.GroupPicUp(ImgStore.GroupPicUp)[0m
[0m2022-07-18 12:16:40 V/Net 2452548710: Recv: ImgStore.GroupPicUp[0m
[0m2022-07-18 12:16:40 V/Net 2452548710: Send: MessageSvc.PbSendMsg(MessageSvc.PbSendMsg)[0m
[0m2022-07-18 12:16:41 V/Net 2452548710: Recv: MessageSvc.PbSendMsg[0m
[0m2022-07-18 12:18:20 V/Net 2452548710: Loading server list from cache.[0m
[92m2022-07-18 12:18:20 I/Net 2452548710: Server list: 111.31.205.244:443, 120.232.67.160:80, 111.30.169.125:8080, msfwifi.3g.qq.com:8080, 111.30.170.241:8080, 120.232.196.151:443, 120.232.31.192:80, 111.31.205.168:80, 36.155.187.71:14000, 36.155.201.197:80.[0m
[92m2022-07-18 12:18:20 I/Net 2452548710: ECDH key is valid.[0m
[0m2022-07-18 12:18:20 V/Net 2452548710: Send: wtlogin.exchange_emp[0m
[0m2022-07-18 12:18:21 V/Net 2452548710: Recv: wtlogin.exchange_emp[0m
[0m2022-07-18 12:18:21 V/Net 2452548710: Send: StatSvc.register(online)[0m
[92m2022-07-18 12:18:21 I/Net 2452548710: Server time updated, serverTime: 1658117902, diff: 1ms=0.001s[0m
[0m2022-07-18 12:18:21 V/Net 2452548710: Recv: StatSvc.register[0m
[0m2022-07-18 12:18:21 V/Net 2452548710: Loading BdhSession from cache file[0m
[92m2022-07-18 12:18:21 I/Net 2452548710: Syncing friend message history...[0m
[92m2022-07-18 12:18:21 I/Net 2452548710: Start loading friend list...[0m
[92m2022-07-18 12:18:21 I/Net 2452548710: Start loading stranger list...[0m
[0m2022-07-18 12:18:21 V/Net 2452548710: Send: StatSvc.GetDevLoginInfo(StatSvc.GetDevLoginInfo)[0m
[0m2022-07-18 12:18:21 V/Net 2452548710: Send: OidbSvc.0x496(OidbSvc.0x496)[0m
[0m2022-07-18 12:18:21 V/Net 2452548710: Send: OidbSvc.0x5d2_0(OidbSvc.0x5d2_0)[0m
[0m2022-07-18 12:18:21 V/Net 2452548710: Send: friendlist.getFriendGroupList(friendlist.getFriendGroupList)[0m
[92m2022-07-18 12:18:21 I/Net 2452548710: Successfully loaded stranger list: 0 in total[0m
[0m2022-07-18 12:18:21 V/Net 2452548710: Recv: OidbSvc.0x5d2_0[0m
[0m2022-07-18 12:18:21 V/Net 2452548710: Recv: StatSvc.GetDevLoginInfo[0m
[92m2022-07-18 12:18:21 I/Net 2452548710: No OtherClient online.[0m
[92m2022-07-18 12:18:21 I/Net 2452548710: Start loading group list...[0m
[0m2022-07-18 12:18:21 V/Net 2452548710: Recv: OidbSvc.0x496[0m
[0m2022-07-18 12:18:21 V/Net 2452548710: Send: friendlist.GetTroopListReqV2(friendlist.GetTroopListReqV2)[0m
[0m2022-07-18 12:18:21 V/Net 2452548710: Recv: friendlist.getFriendGroupList[0m
[0m2022-07-18 12:18:21 V/Net 2452548710: Loading friend list: 3/3[0m
[92m2022-07-18 12:18:21 I/Net 2452548710: Successfully loaded friend list: 3 in total[0m
[92m2022-07-18 12:18:21 I/Net 2452548710: Syncing friend message history: Success.[0m
[0m2022-07-18 12:18:21 V/Net 2452548710: Recv: friendlist.GetTroopListReqV2[0m
[0m2022-07-18 12:18:21 V/Net 2452548710: Send: friendlist.GetTroopMemberListReq(friendlist.GetTroopMemberListReq)[0m
[0m2022-07-18 12:18:21 V/Net 2452548710: Send: friendlist.GetTroopMemberListReq(friendlist.GetTroopMemberListReq)[0m
[0m2022-07-18 12:18:21 V/Net 2452548710: Send: friendlist.GetTroopMemberListReq(friendlist.GetTroopMemberListReq)[0m
[0m2022-07-18 12:18:21 V/Net 2452548710: Send: friendlist.GetTroopMemberListReq(friendlist.GetTroopMemberListReq)[0m
[0m2022-07-18 12:18:21 V/Net 2452548710: Send: friendlist.GetTroopMemberListReq(friendlist.GetTroopMemberListReq)[0m
[0m2022-07-18 12:18:21 V/Net 2452548710: Send: friendlist.GetTroopMemberListReq(friendlist.GetTroopMemberListReq)[0m
[0m2022-07-18 12:18:21 V/Net 2452548710: Send: friendlist.GetTroopMemberListReq(friendlist.GetTroopMemberListReq)[0m
[0m2022-07-18 12:18:21 V/Net 2452548710: Send: friendlist.GetTroopMemberListReq(friendlist.GetTroopMemberListReq)[0m
[0m2022-07-18 12:18:21 V/Net 2452548710: Recv: friendlist.GetTroopMemberListReq[0m
[0m2022-07-18 12:18:21 V/Net 2452548710: Recv: friendlist.GetTroopMemberListReq[0m
[0m2022-07-18 12:18:21 V/Net 2452548710: Recv: friendlist.GetTroopMemberListReq[0m
[0m2022-07-18 12:18:21 V/Net 2452548710: Recv: friendlist.GetTroopMemberListReq[0m
[0m2022-07-18 12:18:21 V/Net 2452548710: Recv: friendlist.GetTroopMemberListReq[0m
[0m2022-07-18 12:18:21 V/Net 2452548710: Recv: friendlist.GetTroopMemberListReq[0m
[0m2022-07-18 12:18:21 V/Net 2452548710: Recv: friendlist.GetTroopMemberListReq[0m
[0m2022-07-18 12:18:21 V/Net 2452548710: Recv: friendlist.GetTroopMemberListReq[0m
[92m2022-07-18 12:18:21 I/Net 2452548710: Successfully loaded group list: 8 in total.[0m
[92m2022-07-18 12:18:21 I/Net 2452548710: Scheduled refresh login session in 19d 23h 55min 0.0s.[0m
[92m2022-07-18 12:18:21 I/Net 2452548710: Scheduled key refresh in 23h 55min 0.0s.[0m
[0m2022-07-18 12:18:24 V/Net 2452548710: Saving bdh session to cache[0m
[0m2022-07-18 12:18:24 V/Net 2452548710: Send: ConfigPushSvc.PushResp(ConfigPushSvc.PushResp)[0m
[0m2022-07-18 12:18:24 V/Net 2452548710: Recv: ConfigPushSvc.PushReq[0m
[0m2022-07-18 12:38:05 V/Net 2452548710: Loading server list from cache.[0m
[92m2022-07-18 12:38:05 I/Net 2452548710: Server list: 111.31.205.244:443, 120.232.67.160:80, 111.30.169.125:8080, msfwifi.3g.qq.com:8080, 111.30.170.241:8080, 120.232.196.151:443, 120.232.31.192:80, 111.31.205.168:80, 36.155.187.71:14000, 36.155.201.197:80.[0m
[92m2022-07-18 12:38:06 I/Net 2452548710: ECDH key is valid.[0m
[0m2022-07-18 12:38:06 V/Net 2452548710: Send: wtlogin.exchange_emp[0m
[0m2022-07-18 12:38:06 V/Net 2452548710: Recv: wtlogin.exchange_emp[0m
[0m2022-07-18 12:38:06 V/Net 2452548710: Send: StatSvc.register(online)[0m
[92m2022-07-18 12:38:06 I/Net 2452548710: Server time updated, serverTime: 1658119088, diff: 2ms=0.002s[0m
[0m2022-07-18 12:38:06 V/Net 2452548710: Recv: StatSvc.register[0m
[0m2022-07-18 12:38:06 V/Net 2452548710: Loading BdhSession from cache file[0m
[92m2022-07-18 12:38:06 I/Net 2452548710: Syncing friend message history...[0m
[92m2022-07-18 12:38:06 I/Net 2452548710: Start loading stranger list...[0m
[92m2022-07-18 12:38:06 I/Net 2452548710: Start loading friend list...[0m
[0m2022-07-18 12:38:06 V/Net 2452548710: Send: StatSvc.GetDevLoginInfo(StatSvc.GetDevLoginInfo)[0m
[0m2022-07-18 12:38:06 V/Net 2452548710: Send: OidbSvc.0x496(OidbSvc.0x496)[0m
[0m2022-07-18 12:38:06 V/Net 2452548710: Send: OidbSvc.0x5d2_0(OidbSvc.0x5d2_0)[0m
[0m2022-07-18 12:38:06 V/Net 2452548710: Send: friendlist.getFriendGroupList(friendlist.getFriendGroupList)[0m
[92m2022-07-18 12:38:06 I/Net 2452548710: Successfully loaded stranger list: 0 in total[0m
[0m2022-07-18 12:38:06 V/Net 2452548710: Recv: OidbSvc.0x5d2_0[0m
[0m2022-07-18 12:38:06 V/Net 2452548710: Recv: StatSvc.GetDevLoginInfo[0m
[92m2022-07-18 12:38:06 I/Net 2452548710: No OtherClient online.[0m
[0m2022-07-18 12:38:06 V/Net 2452548710: Recv: OidbSvc.0x496[0m
[92m2022-07-18 12:38:06 I/Net 2452548710: Start loading group list...[0m
[0m2022-07-18 12:38:06 V/Net 2452548710: Send: friendlist.GetTroopListReqV2(friendlist.GetTroopListReqV2)[0m
[0m2022-07-18 12:38:06 V/Net 2452548710: Recv: friendlist.getFriendGroupList[0m
[0m2022-07-18 12:38:06 V/Net 2452548710: Loading friend list: 3/3[0m
[92m2022-07-18 12:38:06 I/Net 2452548710: Successfully loaded friend list: 3 in total[0m
[92m2022-07-18 12:38:06 I/Net 2452548710: Syncing friend message history: Success.[0m
[0m2022-07-18 12:38:06 V/Net 2452548710: Recv: friendlist.GetTroopListReqV2[0m
[0m2022-07-18 12:38:06 V/Net 2452548710: Send: friendlist.GetTroopMemberListReq(friendlist.GetTroopMemberListReq)[0m
[0m2022-07-18 12:38:06 V/Net 2452548710: Send: friendlist.GetTroopMemberListReq(friendlist.GetTroopMemberListReq)[0m
[0m2022-07-18 12:38:06 V/Net 2452548710: Send: friendlist.GetTroopMemberListReq(friendlist.GetTroopMemberListReq)[0m
[0m2022-07-18 12:38:06 V/Net 2452548710: Send: friendlist.GetTroopMemberListReq(friendlist.GetTroopMemberListReq)[0m
[0m2022-07-18 12:38:06 V/Net 2452548710: Send: friendlist.GetTroopMemberListReq(friendlist.GetTroopMemberListReq)[0m
[0m2022-07-18 12:38:06 V/Net 2452548710: Send: friendlist.GetTroopMemberListReq(friendlist.GetTroopMemberListReq)[0m
[0m2022-07-18 12:38:06 V/Net 2452548710: Send: friendlist.GetTroopMemberListReq(friendlist.GetTroopMemberListReq)[0m
[0m2022-07-18 12:38:06 V/Net 2452548710: Send: friendlist.GetTroopMemberListReq(friendlist.GetTroopMemberListReq)[0m
[0m2022-07-18 12:38:07 V/Net 2452548710: Recv: friendlist.GetTroopMemberListReq[0m
[0m2022-07-18 12:38:07 V/Net 2452548710: Recv: friendlist.GetTroopMemberListReq[0m
[0m2022-07-18 12:38:07 V/Net 2452548710: Recv: friendlist.GetTroopMemberListReq[0m
[0m2022-07-18 12:38:07 V/Net 2452548710: Recv: friendlist.GetTroopMemberListReq[0m
[0m2022-07-18 12:38:07 V/Net 2452548710: Recv: friendlist.GetTroopMemberListReq[0m
[0m2022-07-18 12:38:07 V/Net 2452548710: Recv: friendlist.GetTroopMemberListReq[0m
[0m2022-07-18 12:38:07 V/Net 2452548710: Recv: friendlist.GetTroopMemberListReq[0m
[0m2022-07-18 12:38:07 V/Net 2452548710: Recv: friendlist.GetTroopMemberListReq[0m
[92m2022-07-18 12:38:07 I/Net 2452548710: Successfully loaded group list: 8 in total.[0m
[92m2022-07-18 12:38:07 I/Net 2452548710: Scheduled refresh login session in 19d 23h 55min 0.0s.[0m
[92m2022-07-18 12:38:07 I/Net 2452548710: Scheduled key refresh in 23h 55min 0.0s.[0m
[0m2022-07-18 12:38:09 V/Net 2452548710: Saving bdh session to cache[0m
[0m2022-07-18 12:38:09 V/Net 2452548710: Send: ConfigPushSvc.PushResp(ConfigPushSvc.PushResp)[0m
[0m2022-07-18 12:38:09 V/Net 2452548710: Recv: ConfigPushSvc.PushReq[0m
[0m2022-07-18 12:41:09 V/Net 2452548710: Loading server list from cache.[0m
[92m2022-07-18 12:41:09 I/Net 2452548710: Server list: 111.31.205.244:443, 120.232.67.160:80, 111.30.169.125:8080, msfwifi.3g.qq.com:8080, 111.30.170.241:8080, 120.232.196.151:443, 120.232.31.192:80, 111.31.205.168:80, 36.155.187.71:14000, 36.155.201.197:80.[0m
[92m2022-07-18 12:41:09 I/Net 2452548710: ECDH key is valid.[0m
[0m2022-07-18 12:41:09 V/Net 2452548710: Send: wtlogin.exchange_emp[0m
[0m2022-07-18 12:41:09 V/Net 2452548710: Recv: wtlogin.exchange_emp[0m
[0m2022-07-18 12:41:09 V/Net 2452548710: Send: StatSvc.register(online)[0m
[92m2022-07-18 12:41:09 I/Net 2452548710: Server time updated, serverTime: 1658119271, diff: 2ms=0.002s[0m
[0m2022-07-18 12:41:09 V/Net 2452548710: Recv: StatSvc.register[0m
[0m2022-07-18 12:41:09 V/Net 2452548710: Loading BdhSession from cache file[0m
[92m2022-07-18 12:41:09 I/Net 2452548710: Syncing friend message history...[0m
[92m2022-07-18 12:41:09 I/Net 2452548710: Start loading stranger list...[0m
[92m2022-07-18 12:41:09 I/Net 2452548710: Start loading friend list...[0m
[0m2022-07-18 12:41:09 V/Net 2452548710: Send: StatSvc.GetDevLoginInfo(StatSvc.GetDevLoginInfo)[0m
[0m2022-07-18 12:41:09 V/Net 2452548710: Send: OidbSvc.0x496(OidbSvc.0x496)[0m
[0m2022-07-18 12:41:09 V/Net 2452548710: Send: OidbSvc.0x5d2_0(OidbSvc.0x5d2_0)[0m
[0m2022-07-18 12:41:09 V/Net 2452548710: Send: friendlist.getFriendGroupList(friendlist.getFriendGroupList)[0m
[0m2022-07-18 12:41:09 V/Net 2452548710: Recv: OidbSvc.0x5d2_0[0m
[92m2022-07-18 12:41:09 I/Net 2452548710: Successfully loaded stranger list: 0 in total[0m
[0m2022-07-18 12:41:09 V/Net 2452548710: Recv: StatSvc.GetDevLoginInfo[0m
[92m2022-07-18 12:41:09 I/Net 2452548710: No OtherClient online.[0m
[0m2022-07-18 12:41:09 V/Net 2452548710: Recv: OidbSvc.0x496[0m
[92m2022-07-18 12:41:09 I/Net 2452548710: Start loading group list...[0m
[0m2022-07-18 12:41:09 V/Net 2452548710: Send: friendlist.GetTroopListReqV2(friendlist.GetTroopListReqV2)[0m
[0m2022-07-18 12:41:09 V/Net 2452548710: Recv: friendlist.getFriendGroupList[0m
[0m2022-07-18 12:41:09 V/Net 2452548710: Loading friend list: 3/3[0m
[92m2022-07-18 12:41:09 I/Net 2452548710: Successfully loaded friend list: 3 in total[0m
[92m2022-07-18 12:41:10 I/Net 2452548710: Syncing friend message history: Success.[0m
[0m2022-07-18 12:41:10 V/Net 2452548710: Recv: friendlist.GetTroopListReqV2[0m
[0m2022-07-18 12:41:10 V/Net 2452548710: Send: friendlist.GetTroopMemberListReq(friendlist.GetTroopMemberListReq)[0m
[0m2022-07-18 12:41:10 V/Net 2452548710: Send: friendlist.GetTroopMemberListReq(friendlist.GetTroopMemberListReq)[0m
[0m2022-07-18 12:41:10 V/Net 2452548710: Send: friendlist.GetTroopMemberListReq(friendlist.GetTroopMemberListReq)[0m
[0m2022-07-18 12:41:10 V/Net 2452548710: Send: friendlist.GetTroopMemberListReq(friendlist.GetTroopMemberListReq)[0m
[0m2022-07-18 12:41:10 V/Net 2452548710: Send: friendlist.GetTroopMemberListReq(friendlist.GetTroopMemberListReq)[0m
[0m2022-07-18 12:41:10 V/Net 2452548710: Send: friendlist.GetTroopMemberListReq(friendlist.GetTroopMemberListReq)[0m
[0m2022-07-18 12:41:10 V/Net 2452548710: Send: friendlist.GetTroopMemberListReq(friendlist.GetTroopMemberListReq)[0m
[0m2022-07-18 12:41:10 V/Net 2452548710: Send: friendlist.GetTroopMemberListReq(friendlist.GetTroopMemberListReq)[0m
[0m2022-07-18 12:41:10 V/Net 2452548710: Recv: friendlist.GetTroopMemberListReq[0m
[0m2022-07-18 12:41:10 V/Net 2452548710: Recv: friendlist.GetTroopMemberListReq[0m
[0m2022-07-18 12:41:10 V/Net 2452548710: Recv: friendlist.GetTroopMemberListReq[0m
[0m2022-07-18 12:41:10 V/Net 2452548710: Recv: friendlist.GetTroopMemberListReq[0m
[0m2022-07-18 12:41:10 V/Net 2452548710: Recv: friendlist.GetTroopMemberListReq[0m
[0m2022-07-18 12:41:10 V/Net 2452548710: Recv: friendlist.GetTroopMemberListReq[0m
[0m2022-07-18 12:41:10 V/Net 2452548710: Recv: friendlist.GetTroopMemberListReq[0m
[0m2022-07-18 12:41:10 V/Net 2452548710: Recv: friendlist.GetTroopMemberListReq[0m
[92m2022-07-18 12:41:10 I/Net 2452548710: Successfully loaded group list: 8 in total.[0m
[92m2022-07-18 12:41:10 I/Net 2452548710: Scheduled key refresh in 23h 55min 0.0s.[0m
[92m2022-07-18 12:41:10 I/Net 2452548710: Scheduled refresh login session in 19d 23h 55min 0.0s.[0m
[0m2022-07-18 12:41:12 V/Net 2452548710: Saving bdh session to cache[0m
[0m2022-07-18 12:41:12 V/Net 2452548710: Send: ConfigPushSvc.PushResp(ConfigPushSvc.PushResp)[0m
[0m2022-07-18 12:41:12 V/Net 2452548710: Recv: ConfigPushSvc.PushReq[0m
[0m2022-07-18 12:42:53 V/Net 2452548710: Loading server list from cache.[0m
[92m2022-07-18 12:42:53 I/Net 2452548710: Server list: 111.31.205.244:443, 120.232.67.160:80, 111.30.169.125:8080, msfwifi.3g.qq.com:8080, 111.30.170.241:8080, 120.232.196.151:443, 120.232.31.192:80, 111.31.205.168:80, 36.155.187.71:14000, 36.155.201.197:80.[0m
[92m2022-07-18 12:42:53 I/Net 2452548710: ECDH key is valid.[0m
[0m2022-07-18 12:42:53 V/Net 2452548710: Send: wtlogin.exchange_emp[0m
[0m2022-07-18 12:42:54 V/Net 2452548710: Recv: wtlogin.exchange_emp[0m
[0m2022-07-18 12:42:54 V/Net 2452548710: Send: StatSvc.register(online)[0m
[92m2022-07-18 12:42:54 I/Net 2452548710: Server time updated, serverTime: 1658119375, diff: 1ms=0.001s[0m
[0m2022-07-18 12:42:54 V/Net 2452548710: Recv: StatSvc.register[0m
[0m2022-07-18 12:42:54 V/Net 2452548710: Loading BdhSession from cache file[0m
[92m2022-07-18 12:42:54 I/Net 2452548710: Syncing friend message history...[0m
[92m2022-07-18 12:42:54 I/Net 2452548710: Start loading stranger list...[0m
[92m2022-07-18 12:42:54 I/Net 2452548710: Start loading friend list...[0m
[0m2022-07-18 12:42:54 V/Net 2452548710: Send: StatSvc.GetDevLoginInfo(StatSvc.GetDevLoginInfo)[0m
[0m2022-07-18 12:42:54 V/Net 2452548710: Send: OidbSvc.0x496(OidbSvc.0x496)[0m
[0m2022-07-18 12:42:54 V/Net 2452548710: Send: OidbSvc.0x5d2_0(OidbSvc.0x5d2_0)[0m
[0m2022-07-18 12:42:54 V/Net 2452548710: Send: friendlist.getFriendGroupList(friendlist.getFriendGroupList)[0m
[92m2022-07-18 12:42:54 I/Net 2452548710: Successfully loaded stranger list: 0 in total[0m
[0m2022-07-18 12:42:54 V/Net 2452548710: Recv: OidbSvc.0x5d2_0[0m
[0m2022-07-18 12:42:54 V/Net 2452548710: Recv: StatSvc.GetDevLoginInfo[0m
[92m2022-07-18 12:42:54 I/Net 2452548710: No OtherClient online.[0m
[92m2022-07-18 12:42:54 I/Net 2452548710: Start loading group list...[0m
[0m2022-07-18 12:42:54 V/Net 2452548710: Recv: OidbSvc.0x496[0m
[0m2022-07-18 12:42:54 V/Net 2452548710: Send: friendlist.GetTroopListReqV2(friendlist.GetTroopListReqV2)[0m
[0m2022-07-18 12:42:54 V/Net 2452548710: Recv: friendlist.getFriendGroupList[0m
[0m2022-07-18 12:42:54 V/Net 2452548710: Loading friend list: 3/3[0m
[92m2022-07-18 12:42:54 I/Net 2452548710: Successfully loaded friend list: 3 in total[0m
[92m2022-07-18 12:42:54 I/Net 2452548710: Syncing friend message history: Success.[0m
[0m2022-07-18 12:42:54 V/Net 2452548710: Recv: friendlist.GetTroopListReqV2[0m
[0m2022-07-18 12:42:54 V/Net 2452548710: Send: friendlist.GetTroopMemberListReq(friendlist.GetTroopMemberListReq)[0m
[0m2022-07-18 12:42:54 V/Net 2452548710: Send: friendlist.GetTroopMemberListReq(friendlist.GetTroopMemberListReq)[0m
[0m2022-07-18 12:42:54 V/Net 2452548710: Send: friendlist.GetTroopMemberListReq(friendlist.GetTroopMemberListReq)[0m
[0m2022-07-18 12:42:54 V/Net 2452548710: Send: friendlist.GetTroopMemberListReq(friendlist.GetTroopMemberListReq)[0m
[0m2022-07-18 12:42:54 V/Net 2452548710: Send: friendlist.GetTroopMemberListReq(friendlist.GetTroopMemberListReq)[0m
[0m2022-07-18 12:42:54 V/Net 2452548710: Send: friendlist.GetTroopMemberListReq(friendlist.GetTroopMemberListReq)[0m
[0m2022-07-18 12:42:54 V/Net 2452548710: Send: friendlist.GetTroopMemberListReq(friendlist.GetTroopMemberListReq)[0m
[0m2022-07-18 12:42:54 V/Net 2452548710: Send: friendlist.GetTroopMemberListReq(friendlist.GetTroopMemberListReq)[0m
[0m2022-07-18 12:42:54 V/Net 2452548710: Recv: friendlist.GetTroopMemberListReq[0m
[0m2022-07-18 12:42:54 V/Net 2452548710: Recv: friendlist.GetTroopMemberListReq[0m
[0m2022-07-18 12:42:54 V/Net 2452548710: Recv: friendlist.GetTroopMemberListReq[0m
[0m2022-07-18 12:42:54 V/Net 2452548710: Recv: friendlist.GetTroopMemberListReq[0m
[0m2022-07-18 12:42:54 V/Net 2452548710: Recv: friendlist.GetTroopMemberListReq[0m
[0m2022-07-18 12:42:54 V/Net 2452548710: Recv: friendlist.GetTroopMemberListReq[0m
[0m2022-07-18 12:42:54 V/Net 2452548710: Recv: friendlist.GetTroopMemberListReq[0m
[0m2022-07-18 12:42:54 V/Net 2452548710: Recv: friendlist.GetTroopMemberListReq[0m
[92m2022-07-18 12:42:54 I/Net 2452548710: Successfully loaded group list: 8 in total.[0m
[92m2022-07-18 12:42:54 I/Net 2452548710: Scheduled key refresh in 23h 55min 0.0s.[0m
[92m2022-07-18 12:42:54 I/Net 2452548710: Scheduled refresh login session in 19d 23h 55min 0.0s.[0m
[0m2022-07-18 12:42:57 V/Net 2452548710: Saving bdh session to cache[0m
[0m2022-07-18 12:42:57 V/Net 2452548710: Send: ConfigPushSvc.PushResp(ConfigPushSvc.PushResp)[0m
[0m2022-07-18 12:42:57 V/Net 2452548710: Recv: ConfigPushSvc.PushReq[0m
[0m2022-07-18 12:45:48 V/Net 2452548710: Send: ProfileService.Pb.ReqSystemMsgNew.Friend(ProfileService.Pb.ReqSystemMsgNew.Friend)[0m
[0m2022-07-18 12:45:49 V/Net 2452548710: Recv: ProfileService.Pb.ReqSystemMsgNew.Friend[0m
[0m2022-07-18 12:46:24 V/Net 2452548710: Send: ProfileService.Pb.ReqSystemMsgNew.Friend(ProfileService.Pb.ReqSystemMsgNew.Friend)[0m
[0m2022-07-18 12:46:25 V/Net 2452548710: Recv: ProfileService.Pb.ReqSystemMsgNew.Friend[0m
[0m2022-07-18 12:51:19 V/Net 2452548710: Loading server list from cache.[0m
[92m2022-07-18 12:51:19 I/Net 2452548710: Server list: 111.31.205.244:443, 120.232.67.160:80, 111.30.169.125:8080, msfwifi.3g.qq.com:8080, 111.30.170.241:8080, 120.232.196.151:443, 120.232.31.192:80, 111.31.205.168:80, 36.155.187.71:14000, 36.155.201.197:80.[0m
[92m2022-07-18 12:51:20 I/Net 2452548710: ECDH key is valid.[0m
[0m2022-07-18 12:51:20 V/Net 2452548710: Send: wtlogin.exchange_emp[0m
[0m2022-07-18 12:51:20 V/Net 2452548710: Recv: wtlogin.exchange_emp[0m
[0m2022-07-18 12:51:20 V/Net 2452548710: Send: StatSvc.register(online)[0m
[92m2022-07-18 12:51:20 I/Net 2452548710: Server time updated, serverTime: 1658119882, diff: 2ms=0.002s[0m
[0m2022-07-18 12:51:20 V/Net 2452548710: Recv: StatSvc.register[0m
[0m2022-07-18 12:51:20 V/Net 2452548710: Loading BdhSession from cache file[0m
[92m2022-07-18 12:51:20 I/Net 2452548710: Syncing friend message history...[0m
[92m2022-07-18 12:51:20 I/Net 2452548710: Start loading friend list...[0m
[92m2022-07-18 12:51:20 I/Net 2452548710: Start loading stranger list...[0m
[0m2022-07-18 12:51:20 V/Net 2452548710: Send: StatSvc.GetDevLoginInfo(StatSvc.GetDevLoginInfo)[0m
[0m2022-07-18 12:51:20 V/Net 2452548710: Send: OidbSvc.0x496(OidbSvc.0x496)[0m
[0m2022-07-18 12:51:20 V/Net 2452548710: Send: OidbSvc.0x5d2_0(OidbSvc.0x5d2_0)[0m
[0m2022-07-18 12:51:20 V/Net 2452548710: Send: friendlist.getFriendGroupList(friendlist.getFriendGroupList)[0m
[0m2022-07-18 12:51:20 V/Net 2452548710: Recv: MessageSvc.PushForceOffline[0m
[31m2022-07-18 12:51:20 E/Net 2452548710: Exception in coroutine 'unnamed'
net.mamoe.mirai.internal.network.impl.netty.ForceOfflineException: ä½ çš„QQå·äº12:48åœ¨ã€OCE-AL50ã€‘è®¾å¤‡ç™»å½•ï¼Œå½“å‰è®¾å¤‡å·²ä¸‹çº¿ã€‚å¦‚æœè¿™ä¸æ˜¯ä½ æœ¬äººæ“ä½œï¼Œé‚£ä¹ˆä½ çš„QQå¯†ç å¯èƒ½å·²ç»æ³„éœ²ï¼Œè¯·å°½å¿«é‡æ–°ç™»å½•å¹¶ä¿®æ”¹å¯†ç ã€‚
	at net.mamoe.mirai.internal.network.protocol.packet.chat.receive.MessageSvcPushForceOffline.handle(MessageSvc.PushForceOffline.kt:35)
	at net.mamoe.mirai.internal.network.protocol.packet.chat.receive.MessageSvcPushForceOffline.handle(MessageSvc.PushForceOffline.kt:25)
	at net.mamoe.mirai.internal.network.components.CallPacketFactoryPacketHandler.handlePacket(PacketHandler.kt:110)
	at net.mamoe.mirai.internal.network.components.PacketHandlerChain.handlePacket(PacketHandler.kt:42)
	at net.mamoe.mirai.internal.network.handler.NetworkHandlerSupport$collectReceived$3.invokeSuspend(NetworkHandlerSupport.kt:85)
	at net.mamoe.mirai.internal.network.handler.NetworkHandlerSupport$collectReceived$3.invoke(NetworkHandlerSupport.kt)
	at net.mamoe.mirai.internal.network.handler.NetworkHandlerSupport$collectReceived$3.invoke(NetworkHandlerSupport.kt)
	at kotlinx.coroutines.intrinsics.UndispatchedKt.startCoroutineUndispatched(Undispatched.kt:55)
	at kotlinx.coroutines.CoroutineStart.invoke(CoroutineStart.kt:112)
	at kotlinx.coroutines.AbstractCoroutine.start(AbstractCoroutine.kt:126)
	at kotlinx.coroutines.BuildersKt__Builders_commonKt.launch(Builders.common.kt:56)
	at kotlinx.coroutines.BuildersKt.launch(Unknown Source)
	at kotlinx.coroutines.BuildersKt__Builders_commonKt.launch$default(Builders.common.kt:47)
	at kotlinx.coroutines.BuildersKt.launch$default(Unknown Source)
	at net.mamoe.mirai.internal.network.handler.NetworkHandlerSupport.collectReceived$mirai_core(NetworkHandlerSupport.kt:83)
	at net.mamoe.mirai.internal.network.impl.netty.NettyNetworkHandler$PacketDecodePipeline$send$1.invokeSuspend(NettyNetworkHandler.kt:193)
	at kotlin.coroutines.jvm.internal.BaseContinuationImpl.resumeWith(ContinuationImpl.kt:33)
	at kotlinx.coroutines.DispatchedTask.run(DispatchedTask.kt:106)
	at io.netty.util.concurrent.AbstractEventExecutor.safeExecute(AbstractEventExecutor.java:164)
	at io.netty.util.concurrent.SingleThreadEventExecutor.runAllTasks(SingleThreadEventExecutor.java:472)
	at io.netty.channel.nio.NioEventLoop.run(NioEventLoop.java:500)
	at io.netty.util.concurrent.SingleThreadEventExecutor$4.run(SingleThreadEventExecutor.java:989)
	at io.netty.util.internal.ThreadExecutorMap$2.run(ThreadExecutorMap.java:74)
	at io.netty.util.concurrent.FastThreadLocalRunnable.run(FastThreadLocalRunnable.java:30)
	at java.base/java.lang.Thread.run(Thread.java:829)
	Suppressed: java.util.concurrent.CancellationException: NetworkHandler closed
		at kotlinx.coroutines.ExceptionsKt.CancellationException(Exceptions.kt:22)
		at kotlinx.coroutines.JobKt__JobKt.cancel(Job.kt:596)
		at kotlinx.coroutines.JobKt.cancel(Unknown Source)
		at net.mamoe.mirai.internal.network.handler.NetworkHandlerSupport.close(NetworkHandlerSupport.kt:56)
		at net.mamoe.mirai.internal.network.impl.netty.NettyNetworkHandler.close(NettyNetworkHandler.kt:206)
		at net.mamoe.mirai.internal.network.handler.selector.SelectorNetworkHandler.close(SelectorNetworkHandler.kt:87)
		... 25 more
	Caused by: [CIRCULAR REFERENCE: net.mamoe.mirai.internal.network.impl.netty.ForceOfflineException: ä½ çš„QQå·äº12:48åœ¨ã€OCE-AL50ã€‘è®¾å¤‡ç™»å½•ï¼Œå½“å‰è®¾å¤‡å·²ä¸‹çº¿ã€‚å¦‚æœè¿™ä¸æ˜¯ä½ æœ¬äººæ“ä½œï¼Œé‚£ä¹ˆä½ çš„QQå¯†ç å¯èƒ½å·²ç»æ³„éœ²ï¼Œè¯·å°½å¿«é‡æ–°ç™»å½•å¹¶ä¿®æ”¹å¯†ç ã€‚]
[0m
[91m2022-07-18 12:51:20 W/Net 2452548710: An exception was thrown during initialization process of Bot 2452548710. Trying to ignore the error and continue logging in...
StateSwitchingException(old=StateLoading, new=StateClosed, cause=net.mamoe.mirai.internal.network.impl.netty.ForceOfflineException: ä½ çš„QQå·äº12:48åœ¨ã€OCE-AL50ã€‘è®¾å¤‡ç™»å½•ï¼Œå½“å‰è®¾å¤‡å·²ä¸‹çº¿ã€‚å¦‚æœè¿™ä¸æ˜¯ä½ æœ¬äººæ“ä½œï¼Œé‚£ä¹ˆä½ çš„QQå¯†ç å¯èƒ½å·²ç»æ³„éœ²ï¼Œè¯·å°½å¿«é‡æ–°ç™»å½•å¹¶ä¿®æ”¹å¯†ç ã€‚)
	at net.mamoe.mirai.internal.network.handler.NetworkHandlerSupport.setStateImpl$mirai_core(NetworkHandlerSupport.kt:297)
	at net.mamoe.mirai.internal.network.impl.netty.NettyNetworkHandler.close(NettyNetworkHandler.kt:423)
	at net.mamoe.mirai.internal.network.handler.selector.SelectorNetworkHandler.close(SelectorNetworkHandler.kt:87)
	at net.mamoe.mirai.internal.network.protocol.packet.chat.receive.MessageSvcPushForceOffline.handle(MessageSvc.PushForceOffline.kt:35)
	at net.mamoe.mirai.internal.network.protocol.packet.chat.receive.MessageSvcPushForceOffline.handle(MessageSvc.PushForceOffline.kt:25)
	at net.mamoe.mirai.internal.network.components.CallPacketFactoryPacketHandler.handlePacket(PacketHandler.kt:110)
	at net.mamoe.mirai.internal.network.components.PacketHandlerChain.handlePacket(PacketHandler.kt:42)
	at net.mamoe.mirai.internal.network.handler.NetworkHandlerSupport$collectReceived$3.invokeSuspend(NetworkHandlerSupport.kt:85)
	at net.mamoe.mirai.internal.network.handler.NetworkHandlerSupport$collectReceived$3.invoke(NetworkHandlerSupport.kt)
	at net.mamoe.mirai.internal.network.handler.NetworkHandlerSupport$collectReceived$3.invoke(NetworkHandlerSupport.kt)
	at kotlinx.coroutines.intrinsics.UndispatchedKt.startCoroutineUndispatched(Undispatched.kt:55)
	at kotlinx.coroutines.CoroutineStart.invoke(CoroutineStart.kt:112)
	at kotlinx.coroutines.AbstractCoroutine.start(AbstractCoroutine.kt:126)
	at kotlinx.coroutines.BuildersKt__Builders_commonKt.launch(Builders.common.kt:56)
	at kotlinx.coroutines.BuildersKt.launch(Unknown Source)
	at kotlinx.coroutines.BuildersKt__Builders_commonKt.launch$default(Builders.common.kt:47)
	at kotlinx.coroutines.BuildersKt.launch$default(Unknown Source)
	at net.mamoe.mirai.internal.network.handler.NetworkHandlerSupport.collectReceived$mirai_core(NetworkHandlerSupport.kt:83)
	at net.mamoe.mirai.internal.network.impl.netty.NettyNetworkHandler$PacketDecodePipeline$send$1.invokeSuspend(NettyNetworkHandler.kt:193)
	at kotlin.coroutines.jvm.internal.BaseContinuationImpl.resumeWith(ContinuationImpl.kt:33)
	at kotlinx.coroutines.DispatchedTask.run(DispatchedTask.kt:106)
	at io.netty.util.concurrent.AbstractEventExecutor.safeExecute(AbstractEventExecutor.java:164)
	at io.netty.util.concurrent.SingleThreadEventExecutor.runAllTasks(SingleThreadEventExecutor.java:472)
	at io.netty.channel.nio.NioEventLoop.run(NioEventLoop.java:500)
	at io.netty.util.concurrent.SingleThreadEventExecutor$4.run(SingleThreadEventExecutor.java:989)
	at io.netty.util.internal.ThreadExecutorMap$2.run(ThreadExecutorMap.java:74)
	at io.netty.util.concurrent.FastThreadLocalRunnable.run(FastThreadLocalRunnable.java:30)
	at java.base/java.lang.Thread.run(Thread.java:829)
Caused by: net.mamoe.mirai.internal.network.impl.netty.ForceOfflineException: ä½ çš„QQå·äº12:48åœ¨ã€OCE-AL50ã€‘è®¾å¤‡ç™»å½•ï¼Œå½“å‰è®¾å¤‡å·²ä¸‹çº¿ã€‚å¦‚æœè¿™ä¸æ˜¯ä½ æœ¬äººæ“ä½œï¼Œé‚£ä¹ˆä½ çš„QQå¯†ç å¯èƒ½å·²ç»æ³„éœ²ï¼Œè¯·å°½å¿«é‡æ–°ç™»å½•å¹¶ä¿®æ”¹å¯†ç ã€‚
	... 25 more
	Suppressed: java.util.concurrent.CancellationException: NetworkHandler closed
		at kotlinx.coroutines.ExceptionsKt.CancellationException(Exceptions.kt:22)
		at kotlinx.coroutines.JobKt__JobKt.cancel(Job.kt:596)
		at kotlinx.coroutines.JobKt.cancel(Unknown Source)
		at net.mamoe.mirai.internal.network.handler.NetworkHandlerSupport.close(NetworkHandlerSupport.kt:56)
		at net.mamoe.mirai.internal.network.impl.netty.NettyNetworkHandler.close(NettyNetworkHandler.kt:206)
		at net.mamoe.mirai.internal.network.handler.selector.SelectorNetworkHandler.close(SelectorNetworkHandler.kt:87)
		... 25 more
	Caused by: [CIRCULAR REFERENCE: net.mamoe.mirai.internal.network.impl.netty.ForceOfflineException: ä½ çš„QQå·äº12:48åœ¨ã€OCE-AL50ã€‘è®¾å¤‡ç™»å½•ï¼Œå½“å‰è®¾å¤‡å·²ä¸‹çº¿ã€‚å¦‚æœè¿™ä¸æ˜¯ä½ æœ¬äººæ“ä½œï¼Œé‚£ä¹ˆä½ çš„QQå¯†ç å¯èƒ½å·²ç»æ³„éœ²ï¼Œè¯·å°½å¿«é‡æ–°ç™»å½•å¹¶ä¿®æ”¹å¯†ç ã€‚]
[0m
[91m2022-07-18 12:51:20 W/Net 2452548710: An exception was thrown during initialization process of Bot 2452548710. Trying to ignore the error and continue logging in...
StateSwitchingException(old=StateLoading, new=StateClosed, cause=net.mamoe.mirai.internal.network.impl.netty.ForceOfflineException: ä½ çš„QQå·äº12:48åœ¨ã€OCE-AL50ã€‘è®¾å¤‡ç™»å½•ï¼Œå½“å‰è®¾å¤‡å·²ä¸‹çº¿ã€‚å¦‚æœè¿™ä¸æ˜¯ä½ æœ¬äººæ“ä½œï¼Œé‚£ä¹ˆä½ çš„QQå¯†ç å¯èƒ½å·²ç»æ³„éœ²ï¼Œè¯·å°½å¿«é‡æ–°ç™»å½•å¹¶ä¿®æ”¹å¯†ç ã€‚)
	at net.mamoe.mirai.internal.network.handler.NetworkHandlerSupport.setStateImpl$mirai_core(NetworkHandlerSupport.kt:297)
	at net.mamoe.mirai.internal.network.impl.netty.NettyNetworkHandler.close(NettyNetworkHandler.kt:423)
	at net.mamoe.mirai.internal.network.handler.selector.SelectorNetworkHandler.close(SelectorNetworkHandler.kt:87)
	at net.mamoe.mirai.internal.network.protocol.packet.chat.receive.MessageSvcPushForceOffline.handle(MessageSvc.PushForceOffline.kt:35)
	at net.mamoe.mirai.internal.network.protocol.packet.chat.receive.MessageSvcPushForceOffline.handle(MessageSvc.PushForceOffline.kt:25)
	at net.mamoe.mirai.internal.network.components.CallPacketFactoryPacketHandler.handlePacket(PacketHandler.kt:110)
	at net.mamoe.mirai.internal.network.components.PacketHandlerChain.handlePacket(PacketHandler.kt:42)
	at net.mamoe.mirai.internal.network.handler.NetworkHandlerSupport$collectReceived$3.invokeSuspend(NetworkHandlerSupport.kt:85)
	at net.mamoe.mirai.internal.network.handler.NetworkHandlerSupport$collectReceived$3.invoke(NetworkHandlerSupport.kt)
	at net.mamoe.mirai.internal.network.handler.NetworkHandlerSupport$collectReceived$3.invoke(NetworkHandlerSupport.kt)
	at kotlinx.coroutines.intrinsics.UndispatchedKt.startCoroutineUndispatched(Undispatched.kt:55)
	at kotlinx.coroutines.CoroutineStart.invoke(CoroutineStart.kt:112)
	at kotlinx.coroutines.AbstractCoroutine.start(AbstractCoroutine.kt:126)
	at kotlinx.coroutines.BuildersKt__Builders_commonKt.launch(Builders.common.kt:56)
	at kotlinx.coroutines.BuildersKt.launch(Unknown Source)
	at kotlinx.coroutines.BuildersKt__Builders_commonKt.launch$default(Builders.common.kt:47)
	at kotlinx.coroutines.BuildersKt.launch$default(Unknown Source)
	at net.mamoe.mirai.internal.network.handler.NetworkHandlerSupport.collectReceived$mirai_core(NetworkHandlerSupport.kt:83)
	at net.mamoe.mirai.internal.network.impl.netty.NettyNetworkHandler$PacketDecodePipeline$send$1.invokeSuspend(NettyNetworkHandler.kt:193)
	at kotlin.coroutines.jvm.internal.BaseContinuationImpl.resumeWith(ContinuationImpl.kt:33)
	at kotlinx.coroutines.DispatchedTask.run(DispatchedTask.kt:106)
	at io.netty.util.concurrent.AbstractEventExecutor.safeExecute(AbstractEventExecutor.java:164)
	at io.netty.util.concurrent.SingleThreadEventExecutor.runAllTasks(SingleThreadEventExecutor.java:472)
	at io.netty.channel.nio.NioEventLoop.run(NioEventLoop.java:500)
	at io.netty.util.concurrent.SingleThreadEventExecutor$4.run(SingleThreadEventExecutor.java:989)
	at io.netty.util.internal.ThreadExecutorMap$2.run(ThreadExecutorMap.java:74)
	at io.netty.util.concurrent.FastThreadLocalRunnable.run(FastThreadLocalRunnable.java:30)
	at java.base/java.lang.Thread.run(Thread.java:829)
Caused by: net.mamoe.mirai.internal.network.impl.netty.ForceOfflineException: ä½ çš„QQå·äº12:48åœ¨ã€OCE-AL50ã€‘è®¾å¤‡ç™»å½•ï¼Œå½“å‰è®¾å¤‡å·²ä¸‹çº¿ã€‚å¦‚æœè¿™ä¸æ˜¯ä½ æœ¬äººæ“ä½œï¼Œé‚£ä¹ˆä½ çš„QQå¯†ç å¯èƒ½å·²ç»æ³„éœ²ï¼Œè¯·å°½å¿«é‡æ–°ç™»å½•å¹¶ä¿®æ”¹å¯†ç ã€‚
	... 25 more
	Suppressed: java.util.concurrent.CancellationException: NetworkHandler closed
		at kotlinx.coroutines.ExceptionsKt.CancellationException(Exceptions.kt:22)
		at kotlinx.coroutines.JobKt__JobKt.cancel(Job.kt:596)
		at kotlinx.coroutines.JobKt.cancel(Unknown Source)
		at net.mamoe.mirai.internal.network.handler.NetworkHandlerSupport.close(NetworkHandlerSupport.kt:56)
		at net.mamoe.mirai.internal.network.impl.netty.NettyNetworkHandler.close(NettyNetworkHandler.kt:206)
		at net.mamoe.mirai.internal.network.handler.selector.SelectorNetworkHandler.close(SelectorNetworkHandler.kt:87)
		... 25 more
	Caused by: [CIRCULAR REFERENCE: net.mamoe.mirai.internal.network.impl.netty.ForceOfflineException: ä½ çš„QQå·äº12:48åœ¨ã€OCE-AL50ã€‘è®¾å¤‡ç™»å½•ï¼Œå½“å‰è®¾å¤‡å·²ä¸‹çº¿ã€‚å¦‚æœè¿™ä¸æ˜¯ä½ æœ¬äººæ“ä½œï¼Œé‚£ä¹ˆä½ çš„QQå¯†ç å¯èƒ½å·²ç»æ³„éœ²ï¼Œè¯·å°½å¿«é‡æ–°ç™»å½•å¹¶ä¿®æ”¹å¯†ç ã€‚]
[0m
[31m2022-07-18 12:51:20 E/Net 2452548710: Exception in coroutine 'BotInitProcessor.init'
java.lang.IllegalStateException: Exception in attached Job 'BotInitProcessor.init'
	at net.mamoe.mirai.internal.network.handler.state.JobAttachStateObserver$stateChanged0$1.invokeSuspend(JobAttachStateObserver.kt:40)
	at kotlin.coroutines.jvm.internal.BaseContinuationImpl.resumeWith(ContinuationImpl.kt:33)
	at kotlinx.coroutines.DispatchedTask.run(DispatchedTask.kt:104)
	at kotlinx.coroutines.scheduling.CoroutineScheduler.runSafely(CoroutineScheduler.kt:570)
	at kotlinx.coroutines.scheduling.CoroutineScheduler$Worker.executeTask(CoroutineScheduler.kt:749)
	at kotlinx.coroutines.scheduling.CoroutineScheduler$Worker.runWorker(CoroutineScheduler.kt:677)
	at kotlinx.coroutines.scheduling.CoroutineScheduler$Worker.run(CoroutineScheduler.kt:664)
Caused by: net.mamoe.mirai.internal.network.impl.netty.ForceOfflineException: ä½ çš„QQå·äº12:48åœ¨ã€OCE-AL50ã€‘è®¾å¤‡ç™»å½•ï¼Œå½“å‰è®¾å¤‡å·²ä¸‹çº¿ã€‚å¦‚æœè¿™ä¸æ˜¯ä½ æœ¬äººæ“ä½œï¼Œé‚£ä¹ˆä½ çš„QQå¯†ç å¯èƒ½å·²ç»æ³„éœ²ï¼Œè¯·å°½å¿«é‡æ–°ç™»å½•å¹¶ä¿®æ”¹å¯†ç ã€‚
	at net.mamoe.mirai.internal.network.protocol.packet.chat.receive.MessageSvcPushForceOffline.handle(MessageSvc.PushForceOffline.kt:35)
	at net.mamoe.mirai.internal.network.protocol.packet.chat.receive.MessageSvcPushForceOffline.handle(MessageSvc.PushForceOffline.kt:25)
	at net.mamoe.mirai.internal.network.components.CallPacketFactoryPacketHandler.handlePacket(PacketHandler.kt:110)
	at net.mamoe.mirai.internal.network.components.PacketHandlerChain.handlePacket(PacketHandler.kt:42)
	at net.mamoe.mirai.internal.network.handler.NetworkHandlerSupport$collectReceived$3.invokeSuspend(NetworkHandlerSupport.kt:85)
	at net.mamoe.mirai.internal.network.handler.NetworkHandlerSupport$collectReceived$3.invoke(NetworkHandlerSupport.kt)
	at net.mamoe.mirai.internal.network.handler.NetworkHandlerSupport$collectReceived$3.invoke(NetworkHandlerSupport.kt)
	at kotlinx.coroutines.intrinsics.UndispatchedKt.startCoroutineUndispatched(Undispatched.kt:55)
	at kotlinx.coroutines.CoroutineStart.invoke(CoroutineStart.kt:112)
	at kotlinx.coroutines.AbstractCoroutine.start(AbstractCoroutine.kt:126)
	at kotlinx.coroutines.BuildersKt__Builders_commonKt.launch(Builders.common.kt:56)
	at kotlinx.coroutines.BuildersKt.launch(Unknown Source)
	at kotlinx.coroutines.BuildersKt__Builders_commonKt.launch$default(Builders.common.kt:47)
	at kotlinx.coroutines.BuildersKt.launch$default(Unknown Source)
	at net.mamoe.mirai.internal.network.handler.NetworkHandlerSupport.collectReceived$mirai_core(NetworkHandlerSupport.kt:83)
	at net.mamoe.mirai.internal.network.impl.netty.NettyNetworkHandler$PacketDecodePipeline$send$1.invokeSuspend(NettyNetworkHandler.kt:193)
	at kotlin.coroutines.jvm.internal.BaseContinuationImpl.resumeWith(ContinuationImpl.kt:33)
	at kotlinx.coroutines.DispatchedTask.run(DispatchedTask.kt:106)
	at io.netty.util.concurrent.AbstractEventExecutor.safeExecute(AbstractEventExecutor.java:164)
	at io.netty.util.concurrent.SingleThreadEventExecutor.runAllTasks(SingleThreadEventExecutor.java:472)
	at io.netty.channel.nio.NioEventLoop.run(NioEventLoop.java:500)
	at io.netty.util.concurrent.SingleThreadEventExecutor$4.run(SingleThreadEventExecutor.java:989)
	at io.netty.util.internal.ThreadExecutorMap$2.run(ThreadExecutorMap.java:74)
	at io.netty.util.concurrent.FastThreadLocalRunnable.run(FastThreadLocalRunnable.java:30)
	at java.base/java.lang.Thread.run(Thread.java:829)
	Suppressed: java.util.concurrent.CancellationException: NetworkHandler closed
		at kotlinx.coroutines.ExceptionsKt.CancellationException(Exceptions.kt:22)
		at kotlinx.coroutines.JobKt__JobKt.cancel(Job.kt:596)
		at kotlinx.coroutines.JobKt.cancel(Unknown Source)
		at net.mamoe.mirai.internal.network.handler.NetworkHandlerSupport.close(NetworkHandlerSupport.kt:56)
		at net.mamoe.mirai.internal.network.impl.netty.NettyNetworkHandler.close(NettyNetworkHandler.kt:206)
		at net.mamoe.mirai.internal.network.handler.selector.SelectorNetworkHandler.close(SelectorNetworkHandler.kt:87)
		... 25 more
	Caused by: [CIRCULAR REFERENCE: net.mamoe.mirai.internal.network.impl.netty.ForceOfflineException: ä½ çš„QQå·äº12:48åœ¨ã€OCE-AL50ã€‘è®¾å¤‡ç™»å½•ï¼Œå½“å‰è®¾å¤‡å·²ä¸‹çº¿ã€‚å¦‚æœè¿™ä¸æ˜¯ä½ æœ¬äººæ“ä½œï¼Œé‚£ä¹ˆä½ çš„QQå¯†ç å¯èƒ½å·²ç»æ³„éœ²ï¼Œè¯·å°½å¿«é‡æ–°ç™»å½•å¹¶ä¿®æ”¹å¯†ç ã€‚]
	Suppressed: StateSwitchingException(old=StateLoading, new=StateClosed, cause=net.mamoe.mirai.internal.network.impl.netty.ForceOfflineException: ä½ çš„QQå·äº12:48åœ¨ã€OCE-AL50ã€‘è®¾å¤‡ç™»å½•ï¼Œå½“å‰è®¾å¤‡å·²ä¸‹çº¿ã€‚å¦‚æœè¿™ä¸æ˜¯ä½ æœ¬äººæ“ä½œï¼Œé‚£ä¹ˆä½ çš„QQå¯†ç å¯èƒ½å·²ç»æ³„éœ²ï¼Œè¯·å°½å¿«é‡æ–°ç™»å½•å¹¶ä¿®æ”¹å¯†ç ã€‚)
		at net.mamoe.mirai.internal.network.handler.NetworkHandlerSupport.setStateImpl$mirai_core(NetworkHandlerSupport.kt:297)
		at net.mamoe.mirai.internal.network.impl.netty.NettyNetworkHandler.close(NettyNetworkHandler.kt:423)
		at net.mamoe.mirai.internal.network.handler.selector.SelectorNetworkHandler.close(SelectorNetworkHandler.kt:87)
		... 25 more
	Caused by: [CIRCULAR REFERENCE: net.mamoe.mirai.internal.network.impl.netty.ForceOfflineException: ä½ çš„QQå·äº12:48åœ¨ã€OCE-AL50ã€‘è®¾å¤‡ç™»å½•ï¼Œå½“å‰è®¾å¤‡å·²ä¸‹çº¿ã€‚å¦‚æœè¿™ä¸æ˜¯ä½ æœ¬äººæ“ä½œï¼Œé‚£ä¹ˆä½ çš„QQå¯†ç å¯èƒ½å·²ç»æ³„éœ²ï¼Œè¯·å°½å¿«é‡æ–°ç™»å½•å¹¶ä¿®æ”¹å¯†ç ã€‚]
[0m
[0m2022-07-18 12:51:44 V/Net 2452548710: Loading server list from cache.[0m
[92m2022-07-18 12:51:44 I/Net 2452548710: Server list: 111.31.205.244:443, 120.232.67.160:80, 111.30.169.125:8080, msfwifi.3g.qq.com:8080, 111.30.170.241:8080, 120.232.196.151:443, 120.232.31.192:80, 111.31.205.168:80, 36.155.187.71:14000, 36.155.201.197:80.[0m
[92m2022-07-18 12:51:44 I/Net 2452548710: ECDH key is invalid, start to fetch ecdh public key from server.[0m
[92m2022-07-18 12:51:45 I/Net 2452548710: Successfully fetched ecdh public key from server.[0m
[0m2022-07-18 12:51:45 V/Net 2452548710: Send: wtlogin.login[0m
[0m2022-07-18 12:51:45 V/Net 2452548710: Recv: wtlogin.login[0m
[0m2022-07-18 12:52:31 V/Net 2452548710: Send: wtlogin.login[0m
[0m2022-07-18 12:52:31 V/Net 2452548710: Recv: wtlogin.login[0m
[0m2022-07-18 12:52:31 V/Net 2452548710: Send: wtlogin.login[0m
[0m2022-07-18 12:52:32 V/Net 2452548710: Recv: wtlogin.login[0m
[0m2022-07-18 12:52:32 V/Net 2452548710: Send: StatSvc.register(online)[0m
[0m2022-07-18 12:52:32 V/Net 2452548710: Recv: MessageSvc.PushForceOffline[0m
[91m2022-07-18 12:52:32 W/Net 2452548710: net.mamoe.mirai.internal.network.impl.netty.ForceOfflineException: ä½ çš„QQå·äº12:48åœ¨ã€OCE-AL50ã€‘è®¾å¤‡ç™»å½•ï¼Œå½“å‰è®¾å¤‡å·²ä¸‹çº¿ã€‚å¦‚æœè¿™ä¸æ˜¯ä½ æœ¬äººæ“ä½œï¼Œé‚£ä¹ˆä½ çš„QQå¯†ç å¯èƒ½å·²ç»æ³„éœ²ï¼Œè¯·å°½å¿«é‡æ–°ç™»å½•å¹¶ä¿®æ”¹å¯†ç ã€‚
net.mamoe.mirai.internal.network.impl.netty.ForceOfflineException: ä½ çš„QQå·äº12:48åœ¨ã€OCE-AL50ã€‘è®¾å¤‡ç™»å½•ï¼Œå½“å‰è®¾å¤‡å·²ä¸‹çº¿ã€‚å¦‚æœè¿™ä¸æ˜¯ä½ æœ¬äººæ“ä½œï¼Œé‚£ä¹ˆä½ çš„QQå¯†ç å¯èƒ½å·²ç»æ³„éœ²ï¼Œè¯·å°½å¿«é‡æ–°ç™»å½•å¹¶ä¿®æ”¹å¯†ç ã€‚
	at net.mamoe.mirai.internal.network.protocol.packet.chat.receive.MessageSvcPushForceOffline.handle(MessageSvc.PushForceOffline.kt:35)
	at net.mamoe.mirai.internal.network.protocol.packet.chat.receive.MessageSvcPushForceOffline.handle(MessageSvc.PushForceOffline.kt:25)
	at net.mamoe.mirai.internal.network.components.CallPacketFactoryPacketHandler.handlePacket(PacketHandler.kt:110)
	at net.mamoe.mirai.internal.network.components.PacketHandlerChain.handlePacket(PacketHandler.kt:42)
	at net.mamoe.mirai.internal.network.handler.NetworkHandlerSupport$collectReceived$3.invokeSuspend(NetworkHandlerSupport.kt:85)
	at net.mamoe.mirai.internal.network.handler.NetworkHandlerSupport$collectReceived$3.invoke(NetworkHandlerSupport.kt)
	at net.mamoe.mirai.internal.network.handler.NetworkHandlerSupport$collectReceived$3.invoke(NetworkHandlerSupport.kt)
	at kotlinx.coroutines.intrinsics.UndispatchedKt.startCoroutineUndispatched(Undispatched.kt:55)
	at kotlinx.coroutines.CoroutineStart.invoke(CoroutineStart.kt:112)
	at kotlinx.coroutines.AbstractCoroutine.start(AbstractCoroutine.kt:126)
	at kotlinx.coroutines.BuildersKt__Builders_commonKt.launch(Builders.common.kt:56)
	at kotlinx.coroutines.BuildersKt.launch(Unknown Source)
	at kotlinx.coroutines.BuildersKt__Builders_commonKt.launch$default(Builders.common.kt:47)
	at kotlinx.coroutines.BuildersKt.launch$default(Unknown Source)
	at net.mamoe.mirai.internal.network.handler.NetworkHandlerSupport.collectReceived$mirai_core(NetworkHandlerSupport.kt:83)
	at net.mamoe.mirai.internal.network.impl.netty.NettyNetworkHandler$PacketDecodePipeline$send$1.invokeSuspend(NettyNetworkHandler.kt:193)
	at kotlin.coroutines.jvm.internal.BaseContinuationImpl.resumeWith(ContinuationImpl.kt:33)
	at kotlinx.coroutines.DispatchedTask.run(DispatchedTask.kt:106)
	at io.netty.util.concurrent.AbstractEventExecutor.safeExecute(AbstractEventExecutor.java:164)
	at io.netty.util.concurrent.SingleThreadEventExecutor.runAllTasks(SingleThreadEventExecutor.java:472)
	at io.netty.channel.nio.NioEventLoop.run(NioEventLoop.java:500)
	at io.netty.util.concurrent.SingleThreadEventExecutor$4.run(SingleThreadEventExecutor.java:989)
	at io.netty.util.internal.ThreadExecutorMap$2.run(ThreadExecutorMap.java:74)
	at io.netty.util.concurrent.FastThreadLocalRunnable.run(FastThreadLocalRunnable.java:30)
	at java.base/java.lang.Thread.run(Thread.java:829)
	Suppressed: StateSwitchingException(old=StateConnecting, new=StateClosed, cause=net.mamoe.mirai.internal.network.impl.netty.ForceOfflineException: ä½ çš„QQå·äº12:48åœ¨ã€OCE-AL50ã€‘è®¾å¤‡ç™»å½•ï¼Œå½“å‰è®¾å¤‡å·²ä¸‹çº¿ã€‚å¦‚æœè¿™ä¸æ˜¯ä½ æœ¬äººæ“ä½œï¼Œé‚£ä¹ˆä½ çš„QQå¯†ç å¯èƒ½å·²ç»æ³„éœ²ï¼Œè¯·å°½å¿«é‡æ–°ç™»å½•å¹¶ä¿®æ”¹å¯†ç ã€‚)
		at net.mamoe.mirai.internal.network.handler.NetworkHandlerSupport.setStateImpl$mirai_core(NetworkHandlerSupport.kt:297)
		at net.mamoe.mirai.internal.network.impl.netty.NettyNetworkHandler.close(NettyNetworkHandler.kt:423)
		at net.mamoe.mirai.internal.network.handler.selector.SelectorNetworkHandler.close(SelectorNetworkHandler.kt:87)
		... 25 more
	Caused by: [CIRCULAR REFERENCE: net.mamoe.mirai.internal.network.impl.netty.ForceOfflineException: ä½ çš„QQå·äº12:48åœ¨ã€OCE-AL50ã€‘è®¾å¤‡ç™»å½•ï¼Œå½“å‰è®¾å¤‡å·²ä¸‹çº¿ã€‚å¦‚æœè¿™ä¸æ˜¯ä½ æœ¬äººæ“ä½œï¼Œé‚£ä¹ˆä½ çš„QQå¯†ç å¯èƒ½å·²ç»æ³„éœ²ï¼Œè¯·å°½å¿«é‡æ–°ç™»å½•å¹¶ä¿®æ”¹å¯†ç ã€‚]
[0m
[0m2022-07-18 12:53:00 V/Net 2452548710: Loading server list from cache.[0m
[92m2022-07-18 12:53:00 I/Net 2452548710: Server list: 111.31.205.244:443, 120.232.67.160:80, 111.30.169.125:8080, msfwifi.3g.qq.com:8080, 111.30.170.241:8080, 120.232.196.151:443, 120.232.31.192:80, 111.31.205.168:80, 36.155.187.71:14000, 36.155.201.197:80.[0m
[92m2022-07-18 12:53:00 I/Net 2452548710: ECDH key is invalid, start to fetch ecdh public key from server.[0m
[92m2022-07-18 12:53:01 I/Net 2452548710: Successfully fetched ecdh public key from server.[0m
[0m2022-07-18 12:53:01 V/Net 2452548710: Send: wtlogin.login[0m
[0m2022-07-18 12:53:01 V/Net 2452548710: Recv: wtlogin.login[0m
[0m2022-07-18 12:53:01 V/Net 2452548710: Send: wtlogin.login[0m
[0m2022-07-18 12:53:01 V/Net 2452548710: Recv: wtlogin.login[0m
[0m2022-07-18 12:53:01 V/Net 2452548710: Send: StatSvc.register(online)[0m
[92m2022-07-18 12:53:01 I/Net 2452548710: Server time updated, serverTime: 1658119983, diff: 2ms=0.002s[0m
[0m2022-07-18 12:53:01 V/Net 2452548710: Recv: StatSvc.register[0m
[0m2022-07-18 12:53:01 V/Net 2452548710: Loading BdhSession from cache file[0m
[92m2022-07-18 12:53:01 I/Net 2452548710: Syncing friend message history...[0m
[92m2022-07-18 12:53:01 I/Net 2452548710: Start loading friend list...[0m
[92m2022-07-18 12:53:01 I/Net 2452548710: Start loading stranger list...[0m
[0m2022-07-18 12:53:01 V/Net 2452548710: Send: StatSvc.GetDevLoginInfo(StatSvc.GetDevLoginInfo)[0m
[0m2022-07-18 12:53:01 V/Net 2452548710: Send: OidbSvc.0x496(OidbSvc.0x496)[0m
[0m2022-07-18 12:53:01 V/Net 2452548710: Send: OidbSvc.0x5d2_0(OidbSvc.0x5d2_0)[0m
[0m2022-07-18 12:53:01 V/Net 2452548710: Send: friendlist.getFriendGroupList(friendlist.getFriendGroupList)[0m
[92m2022-07-18 12:53:01 I/Net 2452548710: Successfully loaded stranger list: 0 in total[0m
[0m2022-07-18 12:53:01 V/Net 2452548710: Recv: OidbSvc.0x5d2_0[0m
[0m2022-07-18 12:53:01 V/Net 2452548710: Recv: StatSvc.GetDevLoginInfo[0m
[92m2022-07-18 12:53:01 I/Net 2452548710: No OtherClient online.[0m
[0m2022-07-18 12:53:01 V/Net 2452548710: Recv: OidbSvc.0x496[0m
[92m2022-07-18 12:53:01 I/Net 2452548710: Start loading group list...[0m
[0m2022-07-18 12:53:01 V/Net 2452548710: Send: friendlist.GetTroopListReqV2(friendlist.GetTroopListReqV2)[0m
[0m2022-07-18 12:53:01 V/Net 2452548710: Recv: friendlist.getFriendGroupList[0m
[0m2022-07-18 12:53:01 V/Net 2452548710: Loading friend list: 4/4[0m
[92m2022-07-18 12:53:01 I/Net 2452548710: Successfully loaded friend list: 4 in total[0m
[92m2022-07-18 12:53:01 I/Net 2452548710: Syncing friend message history: Success.[0m
[0m2022-07-18 12:53:02 V/Net 2452548710: Recv: friendlist.GetTroopListReqV2[0m
[0m2022-07-18 12:53:02 V/Net 2452548710: Send: friendlist.GetTroopMemberListReq(friendlist.GetTroopMemberListReq)[0m
[0m2022-07-18 12:53:02 V/Net 2452548710: Send: friendlist.GetTroopMemberListReq(friendlist.GetTroopMemberListReq)[0m
[0m2022-07-18 12:53:02 V/Net 2452548710: Send: friendlist.GetTroopMemberListReq(friendlist.GetTroopMemberListReq)[0m
[0m2022-07-18 12:53:02 V/Net 2452548710: Send: friendlist.GetTroopMemberListReq(friendlist.GetTroopMemberListReq)[0m
[0m2022-07-18 12:53:02 V/Net 2452548710: Send: friendlist.GetTroopMemberListReq(friendlist.GetTroopMemberListReq)[0m
[0m2022-07-18 12:53:02 V/Net 2452548710: Send: friendlist.GetTroopMemberListReq(friendlist.GetTroopMemberListReq)[0m
[0m2022-07-18 12:53:02 V/Net 2452548710: Send: friendlist.GetTroopMemberListReq(friendlist.GetTroopMemberListReq)[0m
[0m2022-07-18 12:53:02 V/Net 2452548710: Send: friendlist.GetTroopMemberListReq(friendlist.GetTroopMemberListReq)[0m
[0m2022-07-18 12:53:02 V/Net 2452548710: Recv: friendlist.GetTroopMemberListReq[0m
[0m2022-07-18 12:53:02 V/Net 2452548710: Recv: friendlist.GetTroopMemberListReq[0m
[0m2022-07-18 12:53:02 V/Net 2452548710: Recv: friendlist.GetTroopMemberListReq[0m
[0m2022-07-18 12:53:02 V/Net 2452548710: Recv: friendlist.GetTroopMemberListReq[0m
[0m2022-07-18 12:53:02 V/Net 2452548710: Recv: friendlist.GetTroopMemberListReq[0m
[0m2022-07-18 12:53:02 V/Net 2452548710: Recv: friendlist.GetTroopMemberListReq[0m
[0m2022-07-18 12:53:02 V/Net 2452548710: Recv: friendlist.GetTroopMemberListReq[0m
[0m2022-07-18 12:53:02 V/Net 2452548710: Recv: friendlist.GetTroopMemberListReq[0m
[92m2022-07-18 12:53:02 I/Net 2452548710: Successfully loaded group list: 8 in total.[0m
[92m2022-07-18 12:53:02 I/Net 2452548710: Scheduled key refresh in 23h 55min 0.0s.[0m
[92m2022-07-18 12:53:02 I/Net 2452548710: Scheduled refresh login session in 19d 23h 55min 0.0s.[0m
[0m2022-07-18 12:53:04 V/Net 2452548710: Saving bdh session to cache[0m
[0m2022-07-18 12:53:04 V/Net 2452548710: Send: ConfigPushSvc.PushResp(ConfigPushSvc.PushResp)[0m
[0m2022-07-18 12:53:04 V/Net 2452548710: Recv: ConfigPushSvc.PushReq[0m
[96m2022-07-18 23:49:29 D/Net 2452548710: Unknown Transformers528 0x14 template
templId=10064
PermList=[net.mamoe.mirai.internal.network.protocol.data.proto.TroopTips0x857$TemplParam@4eafa860, net.mamoe.mirai.internal.network.protocol.data.proto.TroopTips0x857$TemplParam@2e5cf205][0m
[0m2022-07-18 23:50:23 V/Net 2452548710: Recv: OnlinePush.PbPushTransMsg[0m
