[92m2022-07-18 12:38:04 I/main: Starting mirai-console...[0m[m
[92m2022-07-18 12:38:04 I/main: Backend: version 2.11.1, built on 2022-05-26 04:43:10.[0m[m
[92m2022-07-18 12:38:04 I/main: Frontend Terminal: version 2.11.1, provided by Mamoe Technologies[0m[m
[92m2022-07-18 12:38:04 I/main: Welcome to visit https://mirai.mamoe.net/[0m[m
[92m2022-07-18 12:38:04 I/main: Prepared built-in commands: autoLogin, help, login, logout, permission, status, stop[0m[m
[92m2022-07-18 12:38:04 I/main: 0 plugin(s) enabled.[0m[m
[92m2022-07-18 12:38:04 I/main: mirai-console started successfully.[0m[m
[92m2022-07-18 12:38:04 I/BlackJack: Plugin loaded[0m[m
[92m2022-07-18 12:38:04 I/WindowHelperJvm: Mirai æ­£åœ¨ä½¿ç”¨æ¡Œé¢çŽ¯å¢ƒ. å¦‚é‡åˆ°éªŒè¯ç å°†ä¼šå¼¹å‡ºå¯¹è¯æ¡†. å¯æ·»åŠ  JVM å±žæ€§ `mirai.no-desktop` ä»¥å…³é—­.[0m[m
[92m2022-07-18 12:38:04 I/WindowHelperJvm: Mirai is using desktop. Captcha will be thrown by window popup. You can add `mirai.no-desktop` to JVM properties (-Dmirai.no-desktop) to disable it.[0m[m
[91m2022-07-18 12:38:05 W/stderr: SLF4J: Failed to load class "org.slf4j.impl.StaticLoggerBinder".[0m[m
[91m2022-07-18 12:38:05 W/stderr: SLF4J: Defaulting to no-operation (NOP) logger implementation[0m[m
[91m2022-07-18 12:38:05 W/stderr: SLF4J: See http://www.slf4j.org/codes.html#StaticLoggerBinder for further details.[0m[m
[91m2022-07-18 12:38:05 W/stderr: ERROR StatusLogger Log4j2 could not find a logging implementation. Please add log4j-core to the classpath. Using SimpleLogger to log to the console...[0m[m
[92m2022-07-18 12:38:06 I/Bot.2452548710: Loaded account secrets from local cache.[0m[m
[92m2022-07-18 12:38:06 I/Bot.2452548710: Saved account secrets to local cache for fast login.[0m[m
[92m2022-07-18 12:38:06 I/Bot.2452548710: Login successful.[0m[m
[0m2022-07-18 12:38:07 V/Bot.2452548710: Event: BotOnlineEvent(bot=Bot(2452548710))[0m[m
[92m2022-07-18 12:38:07 I/Bot.2452548710: Bot login successful.[0m[m
[0m2022-07-18 12:38:48 V/Bot.2452548710: [å¤šå…°è€ç‹¼æ³•å…°è€ç‹¼äº¤ç•Œåœ°è€ç‹¼åˆ†ç‹¼ï¼ˆæ³•å…°ä¹³ä¸šï¼‰(279023008)] çº¢æžœæžœåŽ»é©¬åŠ å§œ(1145088599) -> [mirai:image:{33F0766A-DBE6-D43C-C790-0C738064F951}.jpg][0m[m
[92m2022-07-18 12:39:02 I/BlackJack: get BlackJack Input[0m[m
[92m2022-07-18 12:39:02 I/BlackJack: å·æµä¸æ¯want to duel and there are vally 299372193has 0 person[0m[m
[0m2022-07-18 12:39:02 V/Bot.2452548710: [bottest(299372193)] å·æµä¸æ¯(1144786189) -> BlackJack[0m[m
