[92m2022-07-27 11:16:09 I/main: Starting mirai-console...[0m[m
[92m2022-07-27 11:16:09 I/main: Backend: version 2.11.1, built on 2022-05-26 04:43:10.[0m[m
[92m2022-07-27 11:16:09 I/main: Frontend Terminal: version 2.11.1, provided by Mamoe Technologies[0m[m
[92m2022-07-27 11:16:09 I/main: Welcome to visit https://mirai.mamoe.net/[0m[m
[92m2022-07-27 11:16:09 I/main: Prepared built-in commands: autoLogin, help, login, logout, permission, status, stop[0m[m
[92m2022-07-27 11:16:09 I/main: 0 plugin(s) enabled.[0m[m
[92m2022-07-27 11:16:09 I/main: mirai-console started successfully.[0m[m
[92m2022-07-27 11:16:09 I/MinecraftServerListener: Plugin loaded[0m[m
[92m2022-07-27 11:16:09 I/MinecraftServerListener: serverDir:E:\Minecraft\server\lsTest\start.bat groupNum:299372193[0m[m
[92m2022-07-27 11:16:09 I/WindowHelperJvm: Mirai æ­£åœ¨ä½¿ç”¨æ¡Œé¢ç¯å¢ƒ. å¦‚é‡åˆ°éªŒè¯ç å°†ä¼šå¼¹å‡ºå¯¹è¯æ¡†. å¯æ·»åŠ  JVM å±æ€§ `mirai.no-desktop` ä»¥å…³é—­.[0m[m
[92m2022-07-27 11:16:09 I/WindowHelperJvm: Mirai is using desktop. Captcha will be thrown by window popup. You can add `mirai.no-desktop` to JVM properties (-Dmirai.no-desktop) to disable it.[0m[m
[91m2022-07-27 11:16:10 W/stderr: SLF4J: Failed to load class "org.slf4j.impl.StaticLoggerBinder".[0m[m
[91m2022-07-27 11:16:10 W/stderr: SLF4J: Defaulting to no-operation (NOP) logger implementation[0m[m
[91m2022-07-27 11:16:10 W/stderr: SLF4J: See http://www.slf4j.org/codes.html#StaticLoggerBinder for further details.[0m[m
[91m2022-07-27 11:16:10 W/stderr: ERROR StatusLogger Log4j2 could not find a logging implementation. Please add log4j-core to the classpath. Using SimpleLogger to log to the console...[0m[m
[92m2022-07-27 11:16:11 I/Bot.2452548710: Loaded account secrets from local cache.[0m[m
[92m2022-07-27 11:16:11 I/Bot.2452548710: Saved account secrets to local cache for fast login.[0m[m
[92m2022-07-27 11:16:11 I/Bot.2452548710: Login successful.[0m[m
[0m2022-07-27 11:16:12 V/Bot.2452548710: Event: BotOnlineEvent(bot=Bot(2452548710))[0m[m
[92m2022-07-27 11:16:12 I/MinecraftServerListener: å°è¯­logged in[0m[m
[92m2022-07-27 11:16:12 I/MinecraftServerListener: markå°è¯­as microphone[0m[m
[92m2022-07-27 11:16:12 I/Bot.2452548710: Bot login successful.[0m[m
