[92m2022-07-19 20:24:52 I/main: Starting mirai-console...[0m[m
[92m2022-07-19 20:24:52 I/main: Backend: version 2.11.1, built on 2022-05-26 04:43:10.[0m[m
[92m2022-07-19 20:24:52 I/main: Frontend Terminal: version 2.11.1, provided by Mamoe Technologies[0m[m
[92m2022-07-19 20:24:52 I/main: Welcome to visit https://mirai.mamoe.net/[0m[m
[92m2022-07-19 20:24:53 I/main: Prepared built-in commands: autoLogin, help, login, logout, permission, status, stop[0m[m
[92m2022-07-19 20:24:53 I/main: 0 plugin(s) enabled.[0m[m
[92m2022-07-19 20:24:53 I/main: mirai-console started successfully.[0m[m
[92m2022-07-19 20:24:53 I/BlackJack: Plugin loaded[0m[m
[92m2022-07-19 20:24:53 I/WindowHelperJvm: Mirai æ­£åœ¨ä½¿ç”¨æ¡Œé¢çŽ¯å¢ƒ. å¦‚é‡åˆ°éªŒè¯ç å°†ä¼šå¼¹å‡ºå¯¹è¯æ¡†. å¯æ·»åŠ  JVM å±žæ€§ `mirai.no-desktop` ä»¥å…³é—­.[0m[m
[92m2022-07-19 20:24:53 I/WindowHelperJvm: Mirai is using desktop. Captcha will be thrown by window popup. You can add `mirai.no-desktop` to JVM properties (-Dmirai.no-desktop) to disable it.[0m[m
[91m2022-07-19 20:24:53 W/stderr: SLF4J: Failed to load class "org.slf4j.impl.StaticLoggerBinder".[0m[m
[91m2022-07-19 20:24:53 W/stderr: SLF4J: Defaulting to no-operation (NOP) logger implementation[0m[m
[91m2022-07-19 20:24:53 W/stderr: SLF4J: See http://www.slf4j.org/codes.html#StaticLoggerBinder for further details.[0m[m
[91m2022-07-19 20:24:53 W/stderr: ERROR StatusLogger Log4j2 could not find a logging implementation. Please add log4j-core to the classpath. Using SimpleLogger to log to the console...[0m[m
[92m2022-07-19 20:24:54 I/Bot.2452548710: Loaded account secrets from local cache.[0m[m
[92m2022-07-19 20:24:54 I/Bot.2452548710: Saved account secrets to local cache for fast login.[0m[m
[92m2022-07-19 20:24:54 I/Bot.2452548710: Login successful.[0m[m
[0m2022-07-19 20:24:55 V/Bot.2452548710: Event: BotOnlineEvent(bot=Bot(2452548710))[0m[m
[92m2022-07-19 20:24:55 I/Bot.2452548710: Bot login successful.[0m[m
[92m2022-07-19 20:25:01 I/BlackJack: get BlackJack Input[0m[m
[92m2022-07-19 20:25:01 I/BlackJack: å°å±¿want to duel and there are vally 299372193has 0 person[0m[m
[0m2022-07-19 20:25:01 V/Bot.2452548710: [bottest(299372193)] å°å±¿(3511809239) -> duel[0m[m
[92m2022-07-19 20:25:09 I/BlackJack: get BlackJack Input[0m[m
[92m2022-07-19 20:25:09 I/BlackJack: å·æµä¸æ¯want to duel[0m[m
[92m2022-07-19 20:25:09 I/BlackJack: two peoples , game start[0m[m
[0m2022-07-19 20:25:09 V/Bot.2452548710: [bottest(299372193)] å·æµä¸æ¯(1144786189) -> duel[0m[m
[0m2022-07-19 20:25:10 V/Bot.2452548710: Friend(3511809239) <- æ“ä½œï¼šhit æ‹¿ç‰Œï¼›stand åœç‰Œï¼›double ç¿»å€åœå«[0m[m
[0m2022-07-19 20:25:10 V/Bot.2452548710: Friend(3511809239) <- ä½ æ˜¯åŽæ‰‹ï¼Œåœ¨é¢†å…ˆå¯¹æ‰‹ä¸‰åˆ†æˆ–ä¸‰åˆ†ä»¥ä¸Šä»¥ä¸Šæ—¶èŽ·èƒœ[0m[m
[0m2022-07-19 20:25:10 V/Bot.2452548710: Friend(1144786189) <- æ“ä½œï¼šhit æ‹¿ç‰Œï¼›stand åœç‰Œï¼›double ç¿»å€åœå«[0m[m
[0m2022-07-19 20:25:10 V/Bot.2452548710: Friend(1144786189) <- ä½ æ˜¯å…ˆæ‰‹ï¼Œåœ¨é¢†å…ˆå¯¹æ‰‹ä¸‰åˆ†æˆ–ä¸‰åˆ†ä»¥ä¸Šä»¥ä¸Šæ—¶èŽ·èƒœ[0m[m
[0m2022-07-19 20:25:12 V/Bot.2452548710: Friend(3511809239) <- [mirai:image:{8066512C-EC1E-AD07-0725-93B0F3C187EB}.png][mirai:image:{93B8E5EB-6C48-6975-1E61-998E91C6EC70}.png][0m[m
[0m2022-07-19 20:25:13 V/Bot.2452548710: Friend(1144786189) <- [mirai:image:{3BDA4633-7018-5116-13BC-5D776726C353}.png][mirai:image:{AAB85D40-6E72-F663-3911-1FE4A6961946}.png][0m[m
[0m2022-07-19 20:25:15 V/Bot.2452548710: Group(299372193) <- å°å±¿æ˜Žç‰Œï¼š[mirai:image:{8066512C-EC1E-AD07-0725-93B0F3C187EB}.png][0m[m
[0m2022-07-19 20:25:15 V/Bot.2452548710: Group(299372193) <- å·æµä¸æ¯æ˜Žç‰Œï¼š[mirai:image:{3BDA4633-7018-5116-13BC-5D776726C353}.png][0m[m
[0m2022-07-19 20:26:52 V/Bot.2452548710: [bottest(299372193)] å·æµä¸æ¯(1144786189) -> hit[0m[m
