[92m2022-07-22 19:41:02 I/main: Starting mirai-console...[0m[m
[92m2022-07-22 19:41:02 I/main: Backend: version 2.11.1, built on 2022-05-26 04:43:10.[0m[m
[92m2022-07-22 19:41:02 I/main: Frontend Terminal: version 2.11.1, provided by Mamoe Technologies[0m[m
[92m2022-07-22 19:41:02 I/main: Welcome to visit https://mirai.mamoe.net/[0m[m
[92m2022-07-22 19:41:03 I/main: Prepared built-in commands: autoLogin, help, login, logout, permission, status, stop[0m[m
[92m2022-07-22 19:41:03 I/main: 0 plugin(s) enabled.[0m[m
[92m2022-07-22 19:41:03 I/main: mirai-console started successfully.[0m[m
[92m2022-07-22 19:41:03 I/BlackJack: Plugin loaded[0m[m
[92m2022-07-22 19:41:03 I/WindowHelperJvm: Mirai 正在使用桌面环境. 如遇到验证码将会弹出对话框. 可添加 JVM 属性 `mirai.no-desktop` 以关闭.[0m[m
[92m2022-07-22 19:41:03 I/WindowHelperJvm: Mirai is using desktop. Captcha will be thrown by window popup. You can add `mirai.no-desktop` to JVM properties (-Dmirai.no-desktop) to disable it.[0m[m
[91m2022-07-22 19:41:03 W/stderr: SLF4J: Failed to load class "org.slf4j.impl.StaticLoggerBinder".[0m[m
[91m2022-07-22 19:41:03 W/stderr: SLF4J: Defaulting to no-operation (NOP) logger implementation[0m[m
[91m2022-07-22 19:41:03 W/stderr: SLF4J: See http://www.slf4j.org/codes.html#StaticLoggerBinder for further details.[0m[m
[91m2022-07-22 19:41:03 W/stderr: ERROR StatusLogger Log4j2 could not find a logging implementation. Please add log4j-core to the classpath. Using SimpleLogger to log to the console...[0m[m
[92m2022-07-22 19:41:05 I/Bot.2452548710: Loaded account secrets from local cache.[0m[m
[92m2022-07-22 19:41:05 I/Bot.2452548710: Saved account secrets to local cache for fast login.[0m[m
[92m2022-07-22 19:41:05 I/Bot.2452548710: Login successful.[0m[m
[0m2022-07-22 19:41:06 V/Bot.2452548710: Event: BotOnlineEvent(bot=Bot(2452548710))[0m[m
[92m2022-07-22 19:41:06 I/Bot.2452548710: Bot login successful.[0m[m
[0m2022-07-22 19:41:10 V/Bot.2452548710: [多兰老狼沙盒类分狼(260228396)] return_dirt(1144786189) -> 那就开学再说了[0m[m
[0m2022-07-22 19:41:13 V/Bot.2452548710: [多兰老狼沙盒类分狼(260228396)] _AWE_(1026104410) -> 原神应该在8.15会有个超大更新，估计我会玩到来学校；来服务器可能要开学了[0m[m
[0m2022-07-22 19:41:18 V/Bot.2452548710: [多兰老狼沙盒类分狼(260228396)] return_dirt(1144786189) -> 总之rusticWater随时能开[0m[m
[0m2022-07-22 19:41:27 V/Bot.2452548710: [多兰老狼沙盒类分狼(260228396)] return_dirt(1144786189) -> 蹲一波有玩家再开[0m[m
[0m2022-07-22 19:41:29 V/Bot.2452548710: [多兰老狼沙盒类分狼(260228396)] _AWE_(1026104410) -> 不过我感觉开学反而时间更多[0m[m
[0m2022-07-22 19:41:42 V/Bot.2452548710: [多兰老狼沙盒类分狼(260228396)] _AWE_(1026104410) -> 现在在家里总是有各种事情[0m[m
[0m2022-07-22 19:41:56 V/Bot.2452548710: [多兰老狼法兰老狼交界地老狼分狼（法兰乳业）(279023008)] ctfer去kali加Ubuntu(1144786189) -> [mirai:at:1145088599][0m[m
[0m2022-07-22 19:41:59 V/Bot.2452548710: [多兰老狼法兰老狼交界地老狼分狼（法兰乳业）(279023008)] ctfer去kali加Ubuntu(1144786189) -> 来这里duel[0m[m
[0m2022-07-22 19:42:03 V/Bot.2452548710: [多兰老狼法兰老狼交界地老狼分狼（法兰乳业）(279023008)] ctfer去kali加Ubuntu(1144786189) -> 相当黑暗[0m[m
[0m2022-07-22 19:42:33 V/Bot.2452548710: [多兰老狼沙盒类分狼(260228396)] Cyclin(739786190) -> 显然啊[0m[m
[0m2022-07-22 19:42:38 V/Bot.2452548710: [多兰老狼沙盒类分狼(260228396)] Cyclin(739786190) -> 在学校打游戏有意思[0m[m
[92m2022-07-22 19:42:42 I/BlackJack: get BlackJack Input[0m[m
[92m2022-07-22 19:42:42 I/BlackJack: 正在划水的焼団子want to duel and there are vally 279023008has 0 person[0m[m
[0m2022-07-22 19:42:42 V/Bot.2452548710: [多兰老狼法兰老狼交界地老狼分狼（法兰乳业）(279023008)] 红果果去马加姜(1145088599) -> duel[0m[m
[0m2022-07-22 19:42:44 V/Bot.2452548710: [多兰老狼沙盒类分狼(260228396)] Cyclin(739786190) -> 在家还是适合睡觉[0m[m
[92m2022-07-22 19:43:05 I/BlackJack: get BlackJack Input[0m[m
[92m2022-07-22 19:43:05 I/BlackJack: 川流不息want to duel[0m[m
[92m2022-07-22 19:43:05 I/BlackJack: two peoples , game start[0m[m
[0m2022-07-22 19:43:05 V/Bot.2452548710: [多兰老狼法兰老狼交界地老狼分狼（法兰乳业）(279023008)] ctfer去kali加Ubuntu(1144786189) -> duel[0m[m
[0m2022-07-22 19:43:06 V/Bot.2452548710: Friend(1145088599) <- 先手玩家，领先三分获胜[0m[m
[0m2022-07-22 19:43:06 V/Bot.2452548710: Friend(1145088599) <- 操作：hit 拿牌；stand 停牌；double 翻倍停叫[0m[m
[0m2022-07-22 19:43:06 V/Bot.2452548710: Friend(1144786189) <- 后手玩家，领先三分获胜[0m[m
[0m2022-07-22 19:43:06 V/Bot.2452548710: Friend(1144786189) <- 操作：hit 拿牌；stand 停牌；double 翻倍停叫[0m[m
[0m2022-07-22 19:43:07 V/Bot.2452548710: Group(279023008) <- 新的回合开始了[0m[m
[0m2022-07-22 19:43:07 V/Bot.2452548710: Friend(1145088599) <- 回合开始[0m[m
[0m2022-07-22 19:43:08 V/Bot.2452548710: Friend(1145088599) <- [mirai:image:{607083D6-2EDD-2587-248A-D91ACFAB9637}.png][mirai:image:{C78178F1-F6C5-8CE0-17C8-0FFCC77684C4}.png][0m[m
[0m2022-07-22 19:43:09 V/Bot.2452548710: Group(279023008) <- 正在划水的焼団子明牌：[mirai:image:{607083D6-2EDD-2587-248A-D91ACFAB9637}.png][0m[m
[0m2022-07-22 19:43:09 V/Bot.2452548710: Friend(1144786189) <- 回合开始[0m[m
[0m2022-07-22 19:43:10 V/Bot.2452548710: Friend(1144786189) <- [mirai:image:{3BDA4633-7018-5116-13BC-5D776726C353}.png][mirai:image:{7CC9F6E5-2F1C-479F-1E71-0EDCBFFAC6D1}.png][0m[m
[0m2022-07-22 19:43:11 V/Bot.2452548710: Group(279023008) <- 川流不息明牌：[mirai:image:{3BDA4633-7018-5116-13BC-5D776726C353}.png][0m[m
[92m2022-07-22 19:43:30 I/BlackJack: get message ,and is dueling now[0m[m
[0m2022-07-22 19:43:30 V/Bot.2452548710: [多兰老狼法兰老狼交界地老狼分狼（法兰乳业）(279023008)] 红果果去马加姜(1145088599) -> [mirai:image:{DDE2BBAA-2EF1-0F17-2973-26B2B08DBC05}.jpg][0m[m
[92m2022-07-22 19:43:36 I/BlackJack: get message ,and is dueling now[0m[m
[0m2022-07-22 19:43:36 V/Bot.2452548710: [多兰老狼法兰老狼交界地老狼分狼（法兰乳业）(279023008)] 红果果去马加姜(1145088599) -> hit[0m[m
[0m2022-07-22 19:43:36 V/Bot.2452548710: Group(279023008) <- 正在划水的焼団子叫牌[0m[m
[92m2022-07-22 19:43:37 I/BlackJack: get message ,and is dueling now[0m[m
[0m2022-07-22 19:43:37 V/Bot.2452548710: [多兰老狼法兰老狼交界地老狼分狼（法兰乳业）(279023008)] ctfer去kali加Ubuntu(1144786189) -> [mirai:image:{4CA34B80-A10C-1945-E9BF-38E1D5A66981}.jpg][0m[m
[0m2022-07-22 19:43:37 V/Bot.2452548710: Friend(1145088599) <- [mirai:image:{AAB85D40-6E72-F663-3911-1FE4A6961946}.png][0m[m
[92m2022-07-22 19:43:39 I/BlackJack: get message ,and is dueling now[0m[m
[0m2022-07-22 19:43:39 V/Bot.2452548710: [多兰老狼法兰老狼交界地老狼分狼（法兰乳业）(279023008)] I have no sex but i fuck Microsoft everyday(739786190) -> duel[0m[m
[0m2022-07-22 19:43:40 V/Bot.2452548710: Group(279023008) <- 首先需要添加bot为好友才能进行21点游玩[0m[m
[92m2022-07-22 19:43:43 I/BlackJack: get message ,and is dueling now[0m[m
[0m2022-07-22 19:43:43 V/Bot.2452548710: [多兰老狼法兰老狼交界地老狼分狼（法兰乳业）(279023008)] ctfer去kali加Ubuntu(1144786189) -> hit[0m[m
[0m2022-07-22 19:43:43 V/Bot.2452548710: Group(279023008) <- 川流不息叫牌[0m[m
[0m2022-07-22 19:43:44 V/Bot.2452548710: Friend(1144786189) <- [mirai:image:{59AEBB2F-7DD8-18F3-1A93-D1C9C867C885}.png][0m[m
[0m2022-07-22 19:43:45 V/Bot.2452548710: Group(279023008) <- 正在划水的焼団子本轮得牌：[mirai:image:{607083D6-2EDD-2587-248A-D91ACFAB9637}.png][mirai:image:{C78178F1-F6C5-8CE0-17C8-0FFCC77684C4}.png][mirai:image:{AAB85D40-6E72-F663-3911-1FE4A6961946}.png][0m[m
[0m2022-07-22 19:43:47 V/Bot.2452548710: Group(279023008) <- 川流不息本轮得牌：[mirai:image:{3BDA4633-7018-5116-13BC-5D776726C353}.png][mirai:image:{7CC9F6E5-2F1C-479F-1E71-0EDCBFFAC6D1}.png][mirai:image:{59AEBB2F-7DD8-18F3-1A93-D1C9C867C885}.png][0m[m
[0m2022-07-22 19:43:47 V/Bot.2452548710: Group(279023008) <- 正在划水的焼団子拿下一轮，获得了1分[0m[m
[0m2022-07-22 19:43:48 V/Bot.2452548710: Group(279023008) <- 新的回合开始了[0m[m
[0m2022-07-22 19:43:48 V/Bot.2452548710: Friend(1145088599) <- 回合开始[0m[m
[0m2022-07-22 19:43:49 V/Bot.2452548710: Friend(1145088599) <- [mirai:image:{0DD862B1-16E7-D95B-300C-503C28B3CF81}.png][mirai:image:{2DE368B6-A7D9-49B4-D96B-EA28A51D755E}.png][0m[m
[92m2022-07-22 19:43:50 I/BlackJack: get message ,and is dueling now[0m[m
[0m2022-07-22 19:43:50 V/Bot.2452548710: [多兰老狼法兰老狼交界地老狼分狼（法兰乳业）(279023008)] ctfer去kali加Ubuntu(1144786189) -> 草[0m[m
[0m2022-07-22 19:43:50 V/Bot.2452548710: Group(279023008) <- 正在划水的焼団子明牌：[mirai:image:{0DD862B1-16E7-D95B-300C-503C28B3CF81}.png][0m[m
[0m2022-07-22 19:43:50 V/Bot.2452548710: Friend(1144786189) <- 回合开始[0m[m
[92m2022-07-22 19:43:50 I/BlackJack: get message ,and is dueling now[0m[m
[0m2022-07-22 19:43:50 V/Bot.2452548710: [多兰老狼法兰老狼交界地老狼分狼（法兰乳业）(279023008)] I have no sex but i fuck Microsoft everyday(739786190) -> 懒，算了[0m[m
[0m2022-07-22 19:43:51 V/Bot.2452548710: Friend(1144786189) <- [mirai:image:{D72D5F38-A539-DDB2-4282-78F61FED1382}.png][mirai:image:{D09F5B86-AAE1-9868-9876-DE82810FA6E4}.png][0m[m
[0m2022-07-22 19:43:52 V/Bot.2452548710: Group(279023008) <- 川流不息明牌：[mirai:image:{D72D5F38-A539-DDB2-4282-78F61FED1382}.png][0m[m
[92m2022-07-22 19:44:04 I/BlackJack: get message ,and is dueling now[0m[m
[0m2022-07-22 19:44:04 V/Bot.2452548710: [多兰老狼法兰老狼交界地老狼分狼（法兰乳业）(279023008)] I have no sex but i fuck Microsoft everyday(739786190) -> [mirai:image:{13485B19-CDFD-AF24-EA1D-C52B0C6B2150}.jpg][0m[m
[92m2022-07-22 19:44:08 I/BlackJack: get message ,and is dueling now[0m[m
[0m2022-07-22 19:44:08 V/Bot.2452548710: [多兰老狼法兰老狼交界地老狼分狼（法兰乳业）(279023008)] 红果果去马加姜(1145088599) -> [mirai:image:{66813023-556E-295F-508C-3BEDB71D515F}.png][0m[m
[92m2022-07-22 19:44:13 I/BlackJack: get message ,and is dueling now[0m[m
[0m2022-07-22 19:44:13 V/Bot.2452548710: [多兰老狼法兰老狼交界地老狼分狼（法兰乳业）(279023008)] ctfer去kali加Ubuntu(1144786189) -> 继续[0m[m
[92m2022-07-22 19:44:31 I/BlackJack: get message ,and is dueling now[0m[m
[0m2022-07-22 19:44:31 V/Bot.2452548710: [多兰老狼法兰老狼交界地老狼分狼（法兰乳业）(279023008)] 红果果去马加姜(1145088599) -> 图加载不出来了[0m[m
[92m2022-07-22 19:44:33 I/BlackJack: get message ,and is dueling now[0m[m
[0m2022-07-22 19:44:33 V/Bot.2452548710: [多兰老狼法兰老狼交界地老狼分狼（法兰乳业）(279023008)] 红果果去马加姜(1145088599) -> [mirai:image:{66813023-556E-295F-508C-3BEDB71D515F}.png][0m[m
[92m2022-07-22 19:44:43 I/BlackJack: get message ,and is dueling now[0m[m
[0m2022-07-22 19:44:43 V/Bot.2452548710: [多兰老狼法兰老狼交界地老狼分狼（法兰乳业）(279023008)] ctfer去kali加Ubuntu(1144786189) -> ？[0m[m
[92m2022-07-22 19:44:44 I/BlackJack: get message ,and is dueling now[0m[m
[0m2022-07-22 19:44:44 V/Bot.2452548710: [多兰老狼法兰老狼交界地老狼分狼（法兰乳业）(279023008)] I have no sex but i fuck Microsoft everyday(739786190) -> [mirai:origin:FORWARD,4XyC2HJv/hELUCsEJ/MbHhIHR1JhOOIxKRhYzCR7aCBkIXmEgNpWfmTKcvjD0+VU]ForwardMessage(preview=[王佩东:  新生群里一个女生, 王佩东:  加我, 王佩东:  问了一圈问我喜欢啥, 王佩东:  我说喜欢120mm迫击炮], title=群聊的聊天记录, brief=[聊天记录], source=聊天记录, summary=查看9条转发消息, nodeList=[Node(senderId=951698264, time=1658483661, senderName=王佩东, messageChain=新生群里一个女生), Node(senderId=951698264, time=1658483663, senderName=王佩东, messageChain=加我), Node(senderId=951698264, time=1658483671, senderName=王佩东, messageChain=问了一圈问我喜欢啥), Node(senderId=951698264, time=1658483681, senderName=王佩东, messageChain=我说喜欢120mm迫击炮), Node(senderId=951698264, time=1658483703, senderName=王佩东, messageChain=她说你性别写个女的干啥), Node(senderId=951698264, time=1658483710, senderName=王佩东, messageChain=然后给我删了), Node(senderId=951698264, time=1658489834, senderName=王佩东, messageChain=[mirai:origin:FORWARD,xm2GLx4CBs0DTx9vqMTe26cs6ahCrZxOSRCJNxhBW+wpkChgBwhrF3Zwc6IwrJWF]ForwardMessage(preview=[人活着就是为了旧剑: [图片], 人活着就是为了旧剑: [图片], 人活着就是为了旧剑: [图片]], title=人活着就是为了旧剑的聊天记录, brief=[聊天记录], source=聊天记录, summary=查看3条转发消息, nodeList=[Node(senderId=951698264, time=1658489437, senderName=人活着就是为了旧剑, messageChain=[mirai:image:{E8324BB5-67CF-23AA-66EE-8627AB727975}.png]), Node(senderId=951698264, time=1658489438, senderName=人活着就是为了旧剑, messageChain=[mirai:image:{DBA778D8-8B04-D909-D4F2-752BB4F435FA}.png]), Node(senderId=951698264, time=1658489438, senderName=人活着就是为了旧剑, messageChain=[mirai:image:{08A085DF-D15E-9FE6-CC66-3FC763BCA201}.jpg])])), Node(senderId=951698264, time=1658489843, senderName=王佩东, messageChain=我们新生群里有变态), Node(senderId=951698264, time=1658489943, senderName=王佩东, messageChain=就是我说我喜欢120迫击炮那个)])[0m[m
[92m2022-07-22 19:44:54 I/BlackJack: get message ,and is dueling now[0m[m
[0m2022-07-22 19:44:54 V/Bot.2452548710: [多兰老狼法兰老狼交界地老狼分狼（法兰乳业）(279023008)] ctfer去kali加Ubuntu(1144786189) -> 那就拿出觉悟[0m[m
[92m2022-07-22 19:45:35 I/BlackJack: get message ,and is dueling now[0m[m
[0m2022-07-22 19:45:35 V/Bot.2452548710: [多兰老狼法兰老狼交界地老狼分狼（法兰乳业）(279023008)] 红果果去马加姜(1145088599) -> stand[0m[m
[0m2022-07-22 19:45:35 V/Bot.2452548710: Group(279023008) <- 正在划水的焼団子停叫[0m[m
[92m2022-07-22 19:45:46 I/BlackJack: get message ,and is dueling now[0m[m
[0m2022-07-22 19:45:46 V/Bot.2452548710: [多兰老狼法兰老狼交界地老狼分狼（法兰乳业）(279023008)] ctfer去kali加Ubuntu(1144786189) -> 你的觉悟就这吗？[0m[m
[92m2022-07-22 19:45:52 I/BlackJack: get message ,and is dueling now[0m[m
[0m2022-07-22 19:45:52 V/Bot.2452548710: [多兰老狼法兰老狼交界地老狼分狼（法兰乳业）(279023008)] ctfer去kali加Ubuntu(1144786189) -> double[0m[m
[0m2022-07-22 19:45:52 V/Bot.2452548710: Group(279023008) <- 川流不息翻倍停叫，本回合得分翻倍了[0m[m
[0m2022-07-22 19:45:53 V/Bot.2452548710: Friend(1144786189) <- [mirai:image:{AABD0306-D3D8-882F-2E01-DB7111FB86A5}.png][0m[m
[0m2022-07-22 19:45:54 V/Bot.2452548710: Group(279023008) <- 正在划水的焼団子本轮得牌：[mirai:image:{0DD862B1-16E7-D95B-300C-503C28B3CF81}.png][mirai:image:{2DE368B6-A7D9-49B4-D96B-EA28A51D755E}.png][0m[m
[0m2022-07-22 19:45:55 V/Bot.2452548710: Group(279023008) <- 川流不息本轮得牌：[mirai:image:{D72D5F38-A539-DDB2-4282-78F61FED1382}.png][mirai:image:{D09F5B86-AAE1-9868-9876-DE82810FA6E4}.png][mirai:image:{AABD0306-D3D8-882F-2E01-DB7111FB86A5}.png][0m[m
[0m2022-07-22 19:45:56 V/Bot.2452548710: Group(279023008) <- 正在划水的焼団子拿下一轮，获得了2分[0m[m
[0m2022-07-22 19:45:56 V/Bot.2452548710: Group(279023008) <- 正在划水的焼団子取得了胜利[0m[m
[0m2022-07-22 19:46:02 V/Bot.2452548710: [多兰老狼法兰老狼交界地老狼分狼（法兰乳业）(279023008)] ctfer去kali加Ubuntu(1144786189) -> 草[0m[m
[0m2022-07-22 19:46:02 V/Bot.2452548710: [多兰老狼法兰老狼交界地老狼分狼（法兰乳业）(279023008)] 红果果去马加姜(1145088599) -> [mirai:image:{33F0766A-DBE6-D43C-C790-0C738064F951}.jpg][0m[m
[0m2022-07-22 19:46:06 V/Bot.2452548710: [多兰老狼法兰老狼交界地老狼分狼（法兰乳业）(279023008)] ctfer去kali加Ubuntu(1144786189) -> ea[0m[m
[0m2022-07-22 19:46:13 V/Bot.2452548710: [多兰老狼法兰老狼交界地老狼分狼（法兰乳业）(279023008)] ctfer去kali加Ubuntu(1144786189) -> 不对啊[0m[m
[0m2022-07-22 19:46:22 V/Bot.2452548710: [多兰老狼法兰老狼交界地老狼分狼（法兰乳业）(279023008)] ctfer去kali加Ubuntu(1144786189) -> 可恶[0m[m
[0m2022-07-22 19:46:42 V/Bot.2452548710: [多兰老狼法兰老狼交界地老狼分狼（法兰乳业）(279023008)] ctfer去kali加Ubuntu(1144786189) -> 再来一盘[0m[m
[0m2022-07-22 19:46:49 V/Bot.2452548710: [多兰老狼法兰老狼交界地老狼分狼（法兰乳业）(279023008)] 红果果去马加姜(1145088599) -> 啧[0m[m
[92m2022-07-22 19:46:54 I/BlackJack: get BlackJack Input[0m[m
[92m2022-07-22 19:46:54 I/BlackJack: 正在划水的焼団子want to duel and there are vally 279023008has 0 person[0m[m
[0m2022-07-22 19:46:54 V/Bot.2452548710: [多兰老狼法兰老狼交界地老狼分狼（法兰乳业）(279023008)] 红果果去马加姜(1145088599) -> duel[0m[m
[0m2022-07-22 19:46:56 V/Bot.2452548710: [多兰老狼法兰老狼交界地老狼分狼（法兰乳业）(279023008)] ctfer去kali加Ubuntu(1144786189) -> 你把没牌面的记下来[0m[m
[92m2022-07-22 19:46:58 I/BlackJack: get BlackJack Input[0m[m
[92m2022-07-22 19:46:58 I/BlackJack: 川流不息want to duel[0m[m
[92m2022-07-22 19:46:58 I/BlackJack: two peoples , game start[0m[m
[0m2022-07-22 19:46:58 V/Bot.2452548710: [多兰老狼法兰老狼交界地老狼分狼（法兰乳业）(279023008)] ctfer去kali加Ubuntu(1144786189) -> duel[0m[m
[0m2022-07-22 19:46:58 V/Bot.2452548710: Friend(1145088599) <- 先手玩家，领先三分获胜[0m[m
[0m2022-07-22 19:46:58 V/Bot.2452548710: Friend(1145088599) <- 操作：hit 拿牌；stand 停牌；double 翻倍停叫[0m[m
[0m2022-07-22 19:46:59 V/Bot.2452548710: Friend(1144786189) <- 后手玩家，领先三分获胜[0m[m
[0m2022-07-22 19:46:59 V/Bot.2452548710: Friend(1144786189) <- 操作：hit 拿牌；stand 停牌；double 翻倍停叫[0m[m
[0m2022-07-22 19:46:59 V/Bot.2452548710: Group(279023008) <- 新的回合开始了[0m[m
[0m2022-07-22 19:46:59 V/Bot.2452548710: Friend(1145088599) <- 回合开始[0m[m
[0m2022-07-22 19:47:00 V/Bot.2452548710: Friend(1145088599) <- [mirai:image:{F02F4AFB-0E09-79CA-E77A-FFA274BAA4A2}.png][mirai:image:{06532DC5-063C-6245-2C22-708D0E6E2025}.png][0m[m
[0m2022-07-22 19:47:01 V/Bot.2452548710: Group(279023008) <- 正在划水的焼団子明牌：[mirai:image:{F02F4AFB-0E09-79CA-E77A-FFA274BAA4A2}.png][0m[m
[0m2022-07-22 19:47:01 V/Bot.2452548710: Friend(1144786189) <- 回合开始[0m[m
[0m2022-07-22 19:47:03 V/Bot.2452548710: Friend(1144786189) <- [mirai:image:{B93E8FF1-92BA-6EE2-B713-791E70D28DD4}.png][mirai:image:{0C27E6C4-ADF3-A43F-6055-E11C2C360EF7}.png][0m[m
[0m2022-07-22 19:47:03 V/Bot.2452548710: Group(279023008) <- 川流不息明牌：[mirai:image:{B93E8FF1-92BA-6EE2-B713-791E70D28DD4}.png][0m[m
[92m2022-07-22 19:47:19 I/BlackJack: get message ,and is dueling now[0m[m
[0m2022-07-22 19:47:19 V/Bot.2452548710: [多兰老狼法兰老狼交界地老狼分狼（法兰乳业）(279023008)] 红果果去马加姜(1145088599) -> 还是加载不出来[0m[m
[92m2022-07-22 19:47:22 I/BlackJack: get message ,and is dueling now[0m[m
[0m2022-07-22 19:47:22 V/Bot.2452548710: [多兰老狼法兰老狼交界地老狼分狼（法兰乳业）(279023008)] 红果果去马加姜(1145088599) -> [mirai:image:{66813023-556E-295F-508C-3BEDB71D515F}.png][0m[m
[92m2022-07-22 19:47:33 I/BlackJack: get message ,and is dueling now[0m[m
[0m2022-07-22 19:47:33 V/Bot.2452548710: [多兰老狼法兰老狼交界地老狼分狼（法兰乳业）(279023008)] ctfer去kali加Ubuntu(1144786189) -> 那就用勇气去补足[0m[m
[92m2022-07-22 19:47:44 I/BlackJack: get message ,and is dueling now[0m[m
[0m2022-07-22 19:47:44 V/Bot.2452548710: [多兰老狼法兰老狼交界地老狼分狼（法兰乳业）(279023008)] 红果果去马加姜(1145088599) -> 我的名牌是几啊[0m[m
[92m2022-07-22 19:48:09 I/BlackJack: get message ,and is dueling now[0m[m
[0m2022-07-22 19:48:09 V/Bot.2452548710: [多兰老狼法兰老狼交界地老狼分狼（法兰乳业）(279023008)] 红果果去马加姜(1145088599) -> hit[0m[m
[0m2022-07-22 19:48:09 V/Bot.2452548710: Group(279023008) <- 正在划水的焼団子叫牌[0m[m
[0m2022-07-22 19:48:10 V/Bot.2452548710: Friend(1145088599) <- [mirai:image:{2B1A0183-4F7E-B160-E212-EF49902B0744}.png][0m[m
[92m2022-07-22 19:48:13 I/BlackJack: get message ,and is dueling now[0m[m
[0m2022-07-22 19:48:13 V/Bot.2452548710: [多兰老狼法兰老狼交界地老狼分狼（法兰乳业）(279023008)] ctfer去kali加Ubuntu(1144786189) -> [mirai:image:{A6005E10-6383-0883-D148-AC661007E954}.png][0m[m
[92m2022-07-22 19:48:20 I/BlackJack: get message ,and is dueling now[0m[m
[0m2022-07-22 19:48:20 V/Bot.2452548710: [多兰老狼法兰老狼交界地老狼分狼（法兰乳业）(279023008)] I have no sex but i fuck Microsoft everyday(739786190) -> 有无连麦品鉴精品小独游[0m[m
[92m2022-07-22 19:48:22 I/BlackJack: get message ,and is dueling now[0m[m
[0m2022-07-22 19:48:22 V/Bot.2452548710: [多兰老狼法兰老狼交界地老狼分狼（法兰乳业）(279023008)] 红果果去马加姜(1145088599) -> ？[0m[m
[92m2022-07-22 19:48:30 I/BlackJack: get message ,and is dueling now[0m[m
[0m2022-07-22 19:48:30 V/Bot.2452548710: [多兰老狼法兰老狼交界地老狼分狼（法兰乳业）(279023008)] 红果果去马加姜(1145088599) -> [mirai:image:{5F9F8FB7-C5E6-391A-30A1-833A73C4E08D}.png][0m[m
[92m2022-07-22 19:48:40 I/BlackJack: get message ,and is dueling now[0m[m
[0m2022-07-22 19:48:40 V/Bot.2452548710: [多兰老狼法兰老狼交界地老狼分狼（法兰乳业）(279023008)] ctfer去kali加Ubuntu(1144786189) -> 你不会在手机上duel吧？[0m[m
[92m2022-07-22 19:48:40 I/BlackJack: get message ,and is dueling now[0m[m
[0m2022-07-22 19:48:40 V/Bot.2452548710: [多兰老狼法兰老狼交界地老狼分狼（法兰乳业）(279023008)] 红果果去马加姜(1145088599) -> 什么摸鱼程序员写的[0m[m
[92m2022-07-22 19:48:43 I/BlackJack: get message ,and is dueling now[0m[m
[0m2022-07-22 19:48:43 V/Bot.2452548710: [多兰老狼法兰老狼交界地老狼分狼（法兰乳业）(279023008)] ctfer去kali加Ubuntu(1144786189) -> hit[0m[m
[0m2022-07-22 19:48:43 V/Bot.2452548710: Group(279023008) <- 川流不息叫牌[0m[m
[0m2022-07-22 19:48:44 V/Bot.2452548710: Friend(1144786189) <- [mirai:image:{40393EF3-E199-9FBA-8543-0A522260939B}.png][0m[m
[92m2022-07-22 19:48:47 I/BlackJack: get message ,and is dueling now[0m[m
[0m2022-07-22 19:48:47 V/Bot.2452548710: [多兰老狼法兰老狼交界地老狼分狼（法兰乳业）(279023008)] 红果果去马加姜(1145088599) -> 是[0m[m
[92m2022-07-22 19:48:50 I/BlackJack: get message ,and is dueling now[0m[m
[0m2022-07-22 19:48:50 V/Bot.2452548710: [多兰老狼法兰老狼交界地老狼分狼（法兰乳业）(279023008)] 红果果去马加姜(1145088599) -> [mirai:image:{66813023-556E-295F-508C-3BEDB71D515F}.png][0m[m
[92m2022-07-22 19:48:55 I/BlackJack: get message ,and is dueling now[0m[m
[0m2022-07-22 19:48:55 V/Bot.2452548710: [多兰老狼法兰老狼交界地老狼分狼（法兰乳业）(279023008)] ctfer去kali加Ubuntu(1144786189) -> 那手机的问题[0m[m
[92m2022-07-22 19:48:58 I/BlackJack: get message ,and is dueling now[0m[m
[0m2022-07-22 19:48:58 V/Bot.2452548710: [多兰老狼法兰老狼交界地老狼分狼（法兰乳业）(279023008)] ctfer去kali加Ubuntu(1144786189) -> 你继续[0m[m
[92m2022-07-22 19:49:05 I/BlackJack: get message ,and is dueling now[0m[m
[0m2022-07-22 19:49:05 V/Bot.2452548710: [多兰老狼法兰老狼交界地老狼分狼（法兰乳业）(279023008)] 红果果去马加姜(1145088599) -> 为什么会有两张8[0m[m
[92m2022-07-22 19:49:13 I/BlackJack: get message ,and is dueling now[0m[m
[0m2022-07-22 19:49:13 V/Bot.2452548710: [多兰老狼法兰老狼交界地老狼分狼（法兰乳业）(279023008)] 红果果去马加姜(1145088599) -> double[0m[m
[0m2022-07-22 19:49:13 V/Bot.2452548710: Group(279023008) <- 正在划水的焼団子翻倍停叫，本回合得分翻倍了[0m[m
[0m2022-07-22 19:49:14 V/Bot.2452548710: Friend(1145088599) <- [mirai:image:{2552D5CC-36F5-2903-0FF0-5E27274450B0}.png][0m[m
[0m2022-07-22 19:49:15 V/Bot.2452548710: Group(279023008) <- 正在划水的焼団子本轮得牌：[mirai:image:{F02F4AFB-0E09-79CA-E77A-FFA274BAA4A2}.png][mirai:image:{06532DC5-063C-6245-2C22-708D0E6E2025}.png][mirai:image:{2B1A0183-4F7E-B160-E212-EF49902B0744}.png][mirai:image:{2552D5CC-36F5-2903-0FF0-5E27274450B0}.png][0m[m
[0m2022-07-22 19:49:17 V/Bot.2452548710: Group(279023008) <- 川流不息本轮得牌：[mirai:image:{B93E8FF1-92BA-6EE2-B713-791E70D28DD4}.png][mirai:image:{0C27E6C4-ADF3-A43F-6055-E11C2C360EF7}.png][mirai:image:{40393EF3-E199-9FBA-8543-0A522260939B}.png][0m[m
[0m2022-07-22 19:49:18 V/Bot.2452548710: Group(279023008) <- 川流不息拿下一轮，获得了2分[0m[m
[0m2022-07-22 19:49:18 V/Bot.2452548710: Group(279023008) <- 新的回合开始了[0m[m
[0m2022-07-22 19:49:18 V/Bot.2452548710: Friend(1145088599) <- 回合开始[0m[m
[0m2022-07-22 19:49:19 V/Bot.2452548710: Friend(1145088599) <- [mirai:image:{59AEBB2F-7DD8-18F3-1A93-D1C9C867C885}.png][mirai:image:{D72D5F38-A539-DDB2-4282-78F61FED1382}.png][0m[m
[0m2022-07-22 19:49:20 V/Bot.2452548710: Group(279023008) <- 正在划水的焼団子明牌：[mirai:image:{59AEBB2F-7DD8-18F3-1A93-D1C9C867C885}.png][0m[m
[0m2022-07-22 19:49:20 V/Bot.2452548710: Friend(1144786189) <- 回合开始[0m[m
[0m2022-07-22 19:49:21 V/Bot.2452548710: Friend(1144786189) <- [mirai:image:{5E9C6CED-C18C-DD35-1E35-0A0CD75DA814}.png][mirai:image:{D09F5B86-AAE1-9868-9876-DE82810FA6E4}.png][0m[m
[0m2022-07-22 19:49:22 V/Bot.2452548710: Group(279023008) <- 川流不息明牌：[mirai:image:{5E9C6CED-C18C-DD35-1E35-0A0CD75DA814}.png][0m[m
[92m2022-07-22 19:49:25 I/BlackJack: get message ,and is dueling now[0m[m
[0m2022-07-22 19:49:25 V/Bot.2452548710: [多兰老狼法兰老狼交界地老狼分狼（法兰乳业）(279023008)] ctfer去kali加Ubuntu(1144786189) -> [mirai:quote:[72896],[1311404243]]星际玩家收收味[0m[m
[92m2022-07-22 19:49:27 I/BlackJack: get message ,and is dueling now[0m[m
[0m2022-07-22 19:49:27 V/Bot.2452548710: [多兰老狼法兰老狼交界地老狼分狼（法兰乳业）(279023008)] 红果果去马加姜(1145088599) -> ？[0m[m
[92m2022-07-22 19:49:44 I/BlackJack: get message ,and is dueling now[0m[m
[0m2022-07-22 19:49:44 V/Bot.2452548710: [多兰老狼法兰老狼交界地老狼分狼（法兰乳业）(279023008)] ctfer去kali加Ubuntu(1144786189) -> 不会真的有人分不清黑桃和梅花吧？[0m[m
[92m2022-07-22 19:49:51 I/BlackJack: get message ,and is dueling now[0m[m
[0m2022-07-22 19:49:51 V/Bot.2452548710: [多兰老狼法兰老狼交界地老狼分狼（法兰乳业）(279023008)] 红果果去马加姜(1145088599) -> 显然正常来说[0m[m
[92m2022-07-22 19:50:06 I/BlackJack: get message ,and is dueling now[0m[m
[0m2022-07-22 19:50:06 V/Bot.2452548710: [多兰老狼法兰老狼交界地老狼分狼（法兰乳业）(279023008)] 红果果去马加姜(1145088599) -> 每个数只有一张才对[0m[m
[92m2022-07-22 19:50:08 I/BlackJack: get message ,and is dueling now[0m[m
[0m2022-07-22 19:50:08 V/Bot.2452548710: [多兰老狼法兰老狼交界地老狼分狼（法兰乳业）(279023008)] 红果果去马加姜(1145088599) -> [mirai:image:{DDE2BBAA-2EF1-0F17-2973-26B2B08DBC05}.jpg][0m[m
[92m2022-07-22 19:50:15 I/BlackJack: get message ,and is dueling now[0m[m
[0m2022-07-22 19:50:15 V/Bot.2452548710: [多兰老狼法兰老狼交界地老狼分狼（法兰乳业）(279023008)] ctfer去kali加Ubuntu(1144786189) -> 显然21点软17硬17都是52张牌在打[0m[m
[92m2022-07-22 19:50:25 I/BlackJack: get message ,and is dueling now[0m[m
[0m2022-07-22 19:50:25 V/Bot.2452548710: [多兰老狼法兰老狼交界地老狼分狼（法兰乳业）(279023008)] 红果果去马加姜(1145088599) -> [mirai:image:{5F9F8FB7-C5E6-391A-30A1-833A73C4E08D}.png][0m[m
[92m2022-07-22 19:50:29 I/BlackJack: get message ,and is dueling now[0m[m
[0m2022-07-22 19:50:29 V/Bot.2452548710: [多兰老狼法兰老狼交界地老狼分狼（法兰乳业）(279023008)] ctfer去kali加Ubuntu(1144786189) -> 显然是某些人把duel想象的太疲弱了[0m[m
[92m2022-07-22 19:50:35 I/BlackJack: get message ,and is dueling now[0m[m
[0m2022-07-22 19:50:35 V/Bot.2452548710: [多兰老狼法兰老狼交界地老狼分狼（法兰乳业）(279023008)] 红果果去马加姜(1145088599) -> 黑暗21点不是[0m[m
[92m2022-07-22 19:50:57 I/BlackJack: get message ,and is dueling now[0m[m
[0m2022-07-22 19:50:57 V/Bot.2452548710: [多兰老狼法兰老狼交界地老狼分狼（法兰乳业）(279023008)] ctfer去kali加Ubuntu(1144786189) -> 黑暗21点不是正规规则[0m[m
[92m2022-07-22 19:50:59 I/BlackJack: get message ,and is dueling now[0m[m
[0m2022-07-22 19:50:59 V/Bot.2452548710: [多兰老狼法兰老狼交界地老狼分狼（法兰乳业）(279023008)] ctfer去kali加Ubuntu(1144786189) -> 你继续[0m[m
[92m2022-07-22 19:51:29 I/BlackJack: get message ,and is dueling now[0m[m
[0m2022-07-22 19:51:29 V/Bot.2452548710: [多兰老狼法兰老狼交界地老狼分狼（法兰乳业）(279023008)] 红果果去马加姜(1145088599) -> [mirai:image:{5F9F8FB7-C5E6-391A-30A1-833A73C4E08D}.png][0m[m
[92m2022-07-22 19:52:02 I/BlackJack: get message ,and is dueling now[0m[m
[92m2022-07-22 19:52:02 I/BlackJack: get BlackJack Input[0m[m
[0m2022-07-22 19:52:02 V/Bot.2452548710: [多兰老狼法兰老狼交界地老狼分狼（法兰乳业）(279023008)] 红果果去马加姜(1145088599) -> duel[0m[m
[92m2022-07-22 19:52:20 I/BlackJack: get message ,and is dueling now[0m[m
[0m2022-07-22 19:52:20 V/Bot.2452548710: [多兰老狼法兰老狼交界地老狼分狼（法兰乳业）(279023008)] 红果果去马加姜(1145088599) -> 可恶[0m[m
[92m2022-07-22 19:52:21 I/BlackJack: get message ,and is dueling now[0m[m
[0m2022-07-22 19:52:21 V/Bot.2452548710: [多兰老狼法兰老狼交界地老狼分狼（法兰乳业）(279023008)] ctfer去kali加Ubuntu(1144786189) -> 你妈 上一把还在打呢[0m[m
[92m2022-07-22 19:52:30 I/BlackJack: get message ,and is dueling now[0m[m
[0m2022-07-22 19:52:30 V/Bot.2452548710: [多兰老狼法兰老狼交界地老狼分狼（法兰乳业）(279023008)] 红果果去马加姜(1145088599) -> 了解了规则的我将会完胜[0m[m
[92m2022-07-22 19:52:44 I/BlackJack: get message ,and is dueling now[0m[m
[0m2022-07-22 19:52:44 V/Bot.2452548710: [多兰老狼法兰老狼交界地老狼分狼（法兰乳业）(279023008)] 红果果去马加姜(1145088599) -> hit[0m[m
[0m2022-07-22 19:52:44 V/Bot.2452548710: Group(279023008) <- 正在划水的焼団子叫牌[0m[m
[0m2022-07-22 19:52:45 V/Bot.2452548710: Friend(1145088599) <- [mirai:image:{D72D5F38-A539-DDB2-4282-78F61FED1382}.png][0m[m
[92m2022-07-22 19:52:52 I/BlackJack: get message ,and is dueling now[0m[m
[0m2022-07-22 19:52:52 V/Bot.2452548710: [多兰老狼法兰老狼交界地老狼分狼（法兰乳业）(279023008)] ctfer去kali加Ubuntu(1144786189) -> 我要斩了你口牙，磔磔[0m[m
[92m2022-07-22 19:52:58 I/BlackJack: get message ,and is dueling now[0m[m
[0m2022-07-22 19:52:58 V/Bot.2452548710: [多兰老狼法兰老狼交界地老狼分狼（法兰乳业）(279023008)] ctfer去kali加Ubuntu(1144786189) -> hit[0m[m
[0m2022-07-22 19:52:59 V/Bot.2452548710: Group(279023008) <- 川流不息叫牌[0m[m
[0m2022-07-22 19:52:59 V/Bot.2452548710: Friend(1144786189) <- [mirai:image:{9F925D36-D749-84FB-F92E-115FBD5AEB2D}.png][0m[m
[92m2022-07-22 19:53:11 I/BlackJack: get message ,and is dueling now[0m[m
[0m2022-07-22 19:53:11 V/Bot.2452548710: [多兰老狼法兰老狼交界地老狼分狼（法兰乳业）(279023008)] 红果果去马加姜(1145088599) -> stand[0m[m
[0m2022-07-22 19:53:11 V/Bot.2452548710: Group(279023008) <- 正在划水的焼団子停叫[0m[m
[92m2022-07-22 19:53:20 I/BlackJack: get message ,and is dueling now[0m[m
[0m2022-07-22 19:53:20 V/Bot.2452548710: [多兰老狼法兰老狼交界地老狼分狼（法兰乳业）(279023008)] ctfer去kali加Ubuntu(1144786189) -> 靠 我也加载不出来了[0m[m
[92m2022-07-22 19:53:22 I/BlackJack: get message ,and is dueling now[0m[m
[0m2022-07-22 19:53:22 V/Bot.2452548710: [多兰老狼法兰老狼交界地老狼分狼（法兰乳业）(279023008)] ctfer去kali加Ubuntu(1144786189) -> stand[0m[m
[0m2022-07-22 19:53:23 V/Bot.2452548710: Group(279023008) <- 川流不息停叫[0m[m
[0m2022-07-22 19:53:24 V/Bot.2452548710: Group(279023008) <- 正在划水的焼団子本轮得牌：[mirai:image:{59AEBB2F-7DD8-18F3-1A93-D1C9C867C885}.png][mirai:image:{D72D5F38-A539-DDB2-4282-78F61FED1382}.png][mirai:image:{D72D5F38-A539-DDB2-4282-78F61FED1382}.png][0m[m
[0m2022-07-22 19:53:25 V/Bot.2452548710: Group(279023008) <- 川流不息本轮得牌：[mirai:image:{5E9C6CED-C18C-DD35-1E35-0A0CD75DA814}.png][mirai:image:{D09F5B86-AAE1-9868-9876-DE82810FA6E4}.png][mirai:image:{9F925D36-D749-84FB-F92E-115FBD5AEB2D}.png][0m[m
[0m2022-07-22 19:53:26 V/Bot.2452548710: Group(279023008) <- 正在划水的焼団子拿下一轮，获得了1分[0m[m
[0m2022-07-22 19:53:26 V/Bot.2452548710: Group(279023008) <- 新的回合开始了[0m[m
[0m2022-07-22 19:53:26 V/Bot.2452548710: Friend(1145088599) <- 回合开始[0m[m
[0m2022-07-22 19:53:27 V/Bot.2452548710: Friend(1145088599) <- [mirai:image:{7CC9F6E5-2F1C-479F-1E71-0EDCBFFAC6D1}.png][mirai:image:{7F2894E5-D93E-65B9-1B69-B7D48A9175DE}.png][0m[m
[0m2022-07-22 19:53:28 V/Bot.2452548710: Group(279023008) <- 正在划水的焼団子明牌：[mirai:image:{7CC9F6E5-2F1C-479F-1E71-0EDCBFFAC6D1}.png][0m[m
[0m2022-07-22 19:53:28 V/Bot.2452548710: Friend(1144786189) <- 回合开始[0m[m
[0m2022-07-22 19:53:29 V/Bot.2452548710: Friend(1144786189) <- [mirai:image:{8066512C-EC1E-AD07-0725-93B0F3C187EB}.png][mirai:image:{59AEBB2F-7DD8-18F3-1A93-D1C9C867C885}.png][0m[m
[0m2022-07-22 19:53:30 V/Bot.2452548710: Group(279023008) <- 川流不息明牌：[mirai:image:{8066512C-EC1E-AD07-0725-93B0F3C187EB}.png][0m[m
[92m2022-07-22 19:53:49 I/BlackJack: get message ,and is dueling now[0m[m
[0m2022-07-22 19:53:49 V/Bot.2452548710: [多兰老狼法兰老狼交界地老狼分狼（法兰乳业）(279023008)] 红果果去马加姜(1145088599) -> [mirai:image:{24CA7FCE-EB3E-E960-EACA-CFC9E4358CF9}.png][0m[m
[92m2022-07-22 19:53:53 I/BlackJack: get message ,and is dueling now[0m[m
[0m2022-07-22 19:53:53 V/Bot.2452548710: [多兰老狼法兰老狼交界地老狼分狼（法兰乳业）(279023008)] 红果果去马加姜(1145088599) -> 这个怎么解释[0m[m
[92m2022-07-22 19:54:12 I/BlackJack: get message ,and is dueling now[0m[m
[0m2022-07-22 19:54:12 V/Bot.2452548710: [多兰老狼法兰老狼交界地老狼分狼（法兰乳业）(279023008)] 红果果去马加姜(1145088599) -> [mirai:image:{FA3D326B-A74C-FA10-1F68-FBFD8ED88C12}.png][0m[m
[92m2022-07-22 19:54:14 I/BlackJack: get message ,and is dueling now[0m[m
[0m2022-07-22 19:54:14 V/Bot.2452548710: [多兰老狼法兰老狼交界地老狼分狼（法兰乳业）(279023008)] 红果果去马加姜(1145088599) -> 还有这个[0m[m
[92m2022-07-22 19:54:18 I/BlackJack: get message ,and is dueling now[0m[m
[0m2022-07-22 19:54:18 V/Bot.2452548710: [多兰老狼法兰老狼交界地老狼分狼（法兰乳业）(279023008)] 红果果去马加姜(1145088599) -> 我用的是电脑[0m[m
[92m2022-07-22 19:54:22 I/BlackJack: get message ,and is dueling now[0m[m
[0m2022-07-22 19:54:22 V/Bot.2452548710: [多兰老狼法兰老狼交界地老狼分狼（法兰乳业）(279023008)] ctfer去kali加Ubuntu(1144786189) -> 上一把的大概[0m[m
[92m2022-07-22 19:54:23 I/BlackJack: get message ,and is dueling now[0m[m
[0m2022-07-22 19:54:23 V/Bot.2452548710: [多兰老狼法兰老狼交界地老狼分狼（法兰乳业）(279023008)] 红果果去马加姜(1145088599) -> [mirai:image:{A3390A4E-1EF1-DC97-57EE-EF54C4889A3D}.jpg][0m[m
[92m2022-07-22 19:54:24 I/BlackJack: get message ,and is dueling now[0m[m
[0m2022-07-22 19:54:24 V/Bot.2452548710: [多兰老狼法兰老狼交界地老狼分狼（法兰乳业）(279023008)] ctfer去kali加Ubuntu(1144786189) -> 啊嗯[0m[m
[92m2022-07-22 19:54:45 I/BlackJack: get message ,and is dueling now[0m[m
[0m2022-07-22 19:54:45 V/Bot.2452548710: [多兰老狼法兰老狼交界地老狼分狼（法兰乳业）(279023008)] 红果果去马加姜(1145088599) -> [mirai:image:{8A6A64D3-AD7A-F844-C712-0F72C50FD83D}.jpg][0m[m
[92m2022-07-22 19:54:51 I/BlackJack: get message ,and is dueling now[0m[m
[0m2022-07-22 19:54:51 V/Bot.2452548710: [多兰老狼法兰老狼交界地老狼分狼（法兰乳业）(279023008)] 红果果去马加姜(1145088599) -> 显然啊[0m[m
[92m2022-07-22 19:54:54 I/BlackJack: get message ,and is dueling now[0m[m
[0m2022-07-22 19:54:54 V/Bot.2452548710: [多兰老狼法兰老狼交界地老狼分狼（法兰乳业）(279023008)] 红果果去马加姜(1145088599) -> 不够黑暗[0m[m
[92m2022-07-22 19:55:06 I/BlackJack: get message ,and is dueling now[0m[m
[0m2022-07-22 19:55:06 V/Bot.2452548710: [多兰老狼法兰老狼交界地老狼分狼（法兰乳业）(279023008)] 红果果去马加姜(1145088599) -> 没有博弈的快乐[0m[m
[92m2022-07-22 19:55:10 I/BlackJack: get message ,and is dueling now[0m[m
[0m2022-07-22 19:55:10 V/Bot.2452548710: [多兰老狼法兰老狼交界地老狼分狼（法兰乳业）(279023008)] ctfer去kali加Ubuntu(1144786189) -> 连牌都看不到还不够黑暗？[0m[m
[92m2022-07-22 19:55:15 I/BlackJack: get message ,and is dueling now[0m[m
[0m2022-07-22 19:55:15 V/Bot.2452548710: [多兰老狼法兰老狼交界地老狼分狼（法兰乳业）(279023008)] ctfer去kali加Ubuntu(1144786189) -> 黑暗剑都没这黑暗[0m[m
[92m2022-07-22 19:55:18 I/BlackJack: get message ,and is dueling now[0m[m
[0m2022-07-22 19:55:18 V/Bot.2452548710: [多兰老狼法兰老狼交界地老狼分狼（法兰乳业）(279023008)] 红果果去马加姜(1145088599) -> [mirai:image:{24790FE9-A10F-4C30-55FC-A4A9BEC3332B}.jpg][0m[m
[92m2022-07-22 19:55:27 I/BlackJack: get message ,and is dueling now[0m[m
[0m2022-07-22 19:55:27 V/Bot.2452548710: [多兰老狼法兰老狼交界地老狼分狼（法兰乳业）(279023008)] 红果果去马加姜(1145088599) -> 显然指的是52张牌[0m[m
[92m2022-07-22 19:55:43 I/BlackJack: get message ,and is dueling now[0m[m
[0m2022-07-22 19:55:43 V/Bot.2452548710: [多兰老狼法兰老狼交界地老狼分狼（法兰乳业）(279023008)] ctfer去kali加Ubuntu(1144786189) -> 52张牌是正常规格[0m[m
[92m2022-07-22 19:55:52 I/BlackJack: get message ,and is dueling now[0m[m
[0m2022-07-22 19:55:52 V/Bot.2452548710: [多兰老狼法兰老狼交界地老狼分狼（法兰乳业）(279023008)] ctfer去kali加Ubuntu(1144786189) -> 没有52张牌不能博弈是你的问题[0m[m
[92m2022-07-22 19:56:08 I/BlackJack: get message ,and is dueling now[0m[m
[0m2022-07-22 19:56:08 V/Bot.2452548710: [多兰老狼法兰老狼交界地老狼分狼（法兰乳业）(279023008)] 红果果去马加姜(1145088599) -> 显然博弈内容大大衰减了[0m[m
[92m2022-07-22 19:56:15 I/BlackJack: get message ,and is dueling now[0m[m
[0m2022-07-22 19:56:15 V/Bot.2452548710: [多兰老狼法兰老狼交界地老狼分狼（法兰乳业）(279023008)] 红果果去马加姜(1145088599) -> hit[0m[m
[0m2022-07-22 19:56:15 V/Bot.2452548710: Group(279023008) <- 正在划水的焼団子叫牌[0m[m
[0m2022-07-22 19:56:16 V/Bot.2452548710: Friend(1145088599) <- [mirai:image:{7F2894E5-D93E-65B9-1B69-B7D48A9175DE}.png][0m[m
[0m2022-07-22 19:56:17 V/Bot.2452548710: Group(279023008) <- 正在划水的焼団子本轮得牌：[mirai:image:{7CC9F6E5-2F1C-479F-1E71-0EDCBFFAC6D1}.png][mirai:image:{7F2894E5-D93E-65B9-1B69-B7D48A9175DE}.png][mirai:image:{7F2894E5-D93E-65B9-1B69-B7D48A9175DE}.png][0m[m
[0m2022-07-22 19:56:18 V/Bot.2452548710: Group(279023008) <- 川流不息本轮得牌：[mirai:image:{8066512C-EC1E-AD07-0725-93B0F3C187EB}.png][mirai:image:{59AEBB2F-7DD8-18F3-1A93-D1C9C867C885}.png][0m[m
[0m2022-07-22 19:56:18 V/Bot.2452548710: Group(279023008) <- 川流不息拿下一轮，获得了1分[0m[m
[0m2022-07-22 19:56:19 V/Bot.2452548710: Group(279023008) <- 新的回合开始了[0m[m
[0m2022-07-22 19:56:19 V/Bot.2452548710: Friend(1145088599) <- 回合开始[0m[m
[0m2022-07-22 19:56:20 V/Bot.2452548710: Friend(1145088599) <- [mirai:image:{3BDA4633-7018-5116-13BC-5D776726C353}.png][mirai:image:{48F7E939-A4BF-4AE6-1123-7AE188A9F727}.png][0m[m
[0m2022-07-22 19:56:21 V/Bot.2452548710: Group(279023008) <- 正在划水的焼団子明牌：[mirai:image:{3BDA4633-7018-5116-13BC-5D776726C353}.png][0m[m
[0m2022-07-22 19:56:21 V/Bot.2452548710: Friend(1144786189) <- 回合开始[0m[m
[0m2022-07-22 19:56:22 V/Bot.2452548710: Friend(1144786189) <- [mirai:image:{607083D6-2EDD-2587-248A-D91ACFAB9637}.png][mirai:image:{D131E81E-58EB-7450-5D61-B7B0A70DD3AE}.png][0m[m
[0m2022-07-22 19:56:23 V/Bot.2452548710: Group(279023008) <- 川流不息明牌：[mirai:image:{607083D6-2EDD-2587-248A-D91ACFAB9637}.png][0m[m
[92m2022-07-22 19:56:29 I/BlackJack: get message ,and is dueling now[0m[m
[0m2022-07-22 19:56:29 V/Bot.2452548710: [多兰老狼法兰老狼交界地老狼分狼（法兰乳业）(279023008)] 红果果去马加姜(1145088599) -> [mirai:image:{029B87B1-5FF3-AC11-8A83-859F91C1471C}.jpg][0m[m
[92m2022-07-22 19:56:34 I/BlackJack: get message ,and is dueling now[0m[m
[0m2022-07-22 19:56:34 V/Bot.2452548710: [多兰老狼法兰老狼交界地老狼分狼（法兰乳业）(279023008)] 红果果去马加姜(1145088599) -> 完全啊[0m[m
[92m2022-07-22 19:56:40 I/BlackJack: get message ,and is dueling now[0m[m
[0m2022-07-22 19:56:40 V/Bot.2452548710: [多兰老狼法兰老狼交界地老狼分狼（法兰乳业）(279023008)] 红果果去马加姜(1145088599) -> 不好[0m[m
[92m2022-07-22 19:56:46 I/BlackJack: get message ,and is dueling now[0m[m
[0m2022-07-22 19:56:46 V/Bot.2452548710: [多兰老狼法兰老狼交界地老狼分狼（法兰乳业）(279023008)] 红果果去马加姜(1145088599) -> 建议回炉[0m[m
[92m2022-07-22 19:57:07 I/BlackJack: get message ,and is dueling now[0m[m
[0m2022-07-22 19:57:07 V/Bot.2452548710: [多兰老狼法兰老狼交界地老狼分狼（法兰乳业）(279023008)] 红果果去马加姜(1145088599) -> [mirai:image:{ABBF27A6-9CDD-520D-5412-03DE0D19AED6}.jpg][0m[m
[92m2022-07-22 19:57:13 I/BlackJack: get message ,and is dueling now[0m[m
[0m2022-07-22 19:57:13 V/Bot.2452548710: [多兰老狼法兰老狼交界地老狼分狼（法兰乳业）(279023008)] 红果果去马加姜(1145088599) -> 发牌就被爆掉了[0m[m
[92m2022-07-22 19:57:15 I/BlackJack: get message ,and is dueling now[0m[m
[0m2022-07-22 19:57:15 V/Bot.2452548710: [多兰老狼法兰老狼交界地老狼分狼（法兰乳业）(279023008)] 红果果去马加姜(1145088599) -> 恼[0m[m
[92m2022-07-22 19:57:33 I/BlackJack: get message ,and is dueling now[0m[m
[0m2022-07-22 19:57:33 V/Bot.2452548710: [多兰老狼法兰老狼交界地老狼分狼（法兰乳业）(279023008)] ctfer去kali加Ubuntu(1144786189) -> 怎么可能？[0m[m
[92m2022-07-22 19:57:53 I/BlackJack: get message ,and is dueling now[0m[m
[0m2022-07-22 19:57:53 V/Bot.2452548710: [多兰老狼法兰老狼交界地老狼分狼（法兰乳业）(279023008)] 红果果去马加姜(1145088599) -> stand[0m[m
[0m2022-07-22 19:57:53 V/Bot.2452548710: Group(279023008) <- 正在划水的焼団子停叫[0m[m
[92m2022-07-22 19:58:02 I/BlackJack: get message ,and is dueling now[0m[m
[0m2022-07-22 19:58:02 V/Bot.2452548710: [多兰老狼法兰老狼交界地老狼分狼（法兰乳业）(279023008)] ctfer去kali加Ubuntu(1144786189) -> 不会有人两张牌能到22吧？[0m[m
[92m2022-07-22 19:58:10 I/BlackJack: get message ,and is dueling now[0m[m
[0m2022-07-22 19:58:10 V/Bot.2452548710: [多兰老狼法兰老狼交界地老狼分狼（法兰乳业）(279023008)] ctfer去kali加Ubuntu(1144786189) -> hit[0m[m
[0m2022-07-22 19:58:11 V/Bot.2452548710: Group(279023008) <- 川流不息叫牌[0m[m
[0m2022-07-22 19:58:12 V/Bot.2452548710: Friend(1144786189) <- [mirai:image:{607083D6-2EDD-2587-248A-D91ACFAB9637}.png][0m[m
[0m2022-07-22 19:58:13 V/Bot.2452548710: Group(279023008) <- 正在划水的焼団子本轮得牌：[mirai:image:{3BDA4633-7018-5116-13BC-5D776726C353}.png][mirai:image:{48F7E939-A4BF-4AE6-1123-7AE188A9F727}.png][0m[m
[0m2022-07-22 19:58:14 V/Bot.2452548710: Group(279023008) <- 川流不息本轮得牌：[mirai:image:{607083D6-2EDD-2587-248A-D91ACFAB9637}.png][mirai:image:{D131E81E-58EB-7450-5D61-B7B0A70DD3AE}.png][mirai:image:{607083D6-2EDD-2587-248A-D91ACFAB9637}.png][0m[m
[0m2022-07-22 19:58:15 V/Bot.2452548710: Group(279023008) <- 正在划水的焼団子拿下一轮，获得了1分[0m[m
[0m2022-07-22 19:58:15 V/Bot.2452548710: Group(279023008) <- 新的回合开始了[0m[m
[0m2022-07-22 19:58:15 V/Bot.2452548710: Friend(1145088599) <- 回合开始[0m[m
[0m2022-07-22 19:58:16 V/Bot.2452548710: Friend(1145088599) <- [mirai:image:{D6576507-8B82-7B6B-3E0C-787246AA3691}.png][mirai:image:{7F2894E5-D93E-65B9-1B69-B7D48A9175DE}.png][0m[m
[0m2022-07-22 19:58:17 V/Bot.2452548710: Group(279023008) <- 正在划水的焼団子明牌：[mirai:image:{D6576507-8B82-7B6B-3E0C-787246AA3691}.png][0m[m
[0m2022-07-22 19:58:18 V/Bot.2452548710: Friend(1144786189) <- 回合开始[0m[m
[0m2022-07-22 19:58:19 V/Bot.2452548710: Friend(1144786189) <- [mirai:image:{48F7E939-A4BF-4AE6-1123-7AE188A9F727}.png][mirai:image:{06532DC5-063C-6245-2C22-708D0E6E2025}.png][0m[m
[0m2022-07-22 19:58:20 V/Bot.2452548710: Group(279023008) <- 川流不息明牌：[mirai:image:{48F7E939-A4BF-4AE6-1123-7AE188A9F727}.png][0m[m
[92m2022-07-22 19:58:26 I/BlackJack: get message ,and is dueling now[0m[m
[0m2022-07-22 19:58:26 V/Bot.2452548710: [多兰老狼法兰老狼交界地老狼分狼（法兰乳业）(279023008)] ctfer去kali加Ubuntu(1144786189) -> 你妈你这哪里暴了[0m[m
[92m2022-07-22 19:58:26 I/BlackJack: get message ,and is dueling now[0m[m
[0m2022-07-22 19:58:26 V/Bot.2452548710: [多兰老狼法兰老狼交界地老狼分狼（法兰乳业）(279023008)] 红果果去马加姜(1145088599) -> ？[0m[m
[92m2022-07-22 19:58:41 I/BlackJack: get message ,and is dueling now[0m[m
[0m2022-07-22 19:58:41 V/Bot.2452548710: [多兰老狼法兰老狼交界地老狼分狼（法兰乳业）(279023008)] ctfer去kali加Ubuntu(1144786189) -> Q和10 是20啊[0m[m
[92m2022-07-22 19:58:49 I/BlackJack: get message ,and is dueling now[0m[m
[0m2022-07-22 19:58:49 V/Bot.2452548710: [多兰老狼法兰老狼交界地老狼分狼（法兰乳业）(279023008)] ctfer去kali加Ubuntu(1144786189) -> 你打的哪个世界的21点啊？[0m[m
[92m2022-07-22 19:58:55 I/BlackJack: get message ,and is dueling now[0m[m
[0m2022-07-22 19:58:55 V/Bot.2452548710: [多兰老狼法兰老狼交界地老狼分狼（法兰乳业）(279023008)] 红果果去马加姜(1145088599) -> [mirai:image:{9967BA19-B1EF-5D2D-50A8-52B40F6A7DA4}.jpg][0m[m
[92m2022-07-22 19:59:08 I/BlackJack: get message ,and is dueling now[0m[m
[0m2022-07-22 19:59:08 V/Bot.2452548710: [多兰老狼法兰老狼交界地老狼分狼（法兰乳业）(279023008)] 红果果去马加姜(1145088599) -> 生化危机7（振声）[0m[m
[92m2022-07-22 19:59:18 I/BlackJack: get message ,and is dueling now[0m[m
[0m2022-07-22 19:59:18 V/Bot.2452548710: [多兰老狼法兰老狼交界地老狼分狼（法兰乳业）(279023008)] ctfer去kali加Ubuntu(1144786189) -> 笑了[0m[m
[92m2022-07-22 19:59:25 I/BlackJack: get message ,and is dueling now[0m[m
[0m2022-07-22 19:59:25 V/Bot.2452548710: [多兰老狼法兰老狼交界地老狼分狼（法兰乳业）(279023008)] ctfer去kali加Ubuntu(1144786189) -> 继续吧[0m[m
[92m2022-07-22 19:59:31 I/BlackJack: get message ,and is dueling now[0m[m
[0m2022-07-22 19:59:31 V/Bot.2452548710: [多兰老狼法兰老狼交界地老狼分狼（法兰乳业）(279023008)] ctfer去kali加Ubuntu(1144786189) -> 我在担心什么[0m[m
[92m2022-07-22 19:59:36 I/BlackJack: get message ,and is dueling now[0m[m
[0m2022-07-22 19:59:36 V/Bot.2452548710: [多兰老狼法兰老狼交界地老狼分狼（法兰乳业）(279023008)] 红果果去马加姜(1145088599) -> [mirai:image:{98FE5400-7194-6827-A540-44B61C537B32}.jpg][0m[m
[92m2022-07-22 19:59:39 I/BlackJack: get message ,and is dueling now[0m[m
[0m2022-07-22 19:59:39 V/Bot.2452548710: [多兰老狼法兰老狼交界地老狼分狼（法兰乳业）(279023008)] 红果果去马加姜(1145088599) -> 可恶[0m[m
[92m2022-07-22 19:59:43 I/BlackJack: get message ,and is dueling now[0m[m
[0m2022-07-22 19:59:43 V/Bot.2452548710: [多兰老狼法兰老狼交界地老狼分狼（法兰乳业）(279023008)] 红果果去马加姜(1145088599) -> hit[0m[m
[0m2022-07-22 19:59:44 V/Bot.2452548710: Group(279023008) <- 正在划水的焼団子叫牌[0m[m
[0m2022-07-22 19:59:44 V/Bot.2452548710: Friend(1145088599) <- [mirai:image:{5F45DF14-6901-1D62-2A66-4F0185B2E431}.png][0m[m
[92m2022-07-22 20:00:34 I/BlackJack: get message ,and is dueling now[0m[m
[0m2022-07-22 20:00:34 V/Bot.2452548710: [多兰老狼法兰老狼交界地老狼分狼（法兰乳业）(279023008)] 红果果去马加姜(1145088599) -> xcom还是好玩啊[0m[m
[92m2022-07-22 20:00:36 I/BlackJack: get message ,and is dueling now[0m[m
[0m2022-07-22 20:00:36 V/Bot.2452548710: [多兰老狼法兰老狼交界地老狼分狼（法兰乳业）(279023008)] 红果果去马加姜(1145088599) -> 可恶[0m[m
[92m2022-07-22 20:01:10 I/BlackJack: get message ,and is dueling now[0m[m
[0m2022-07-22 20:01:10 V/Bot.2452548710: [多兰老狼法兰老狼交界地老狼分狼（法兰乳业）(279023008)] ctfer去kali加Ubuntu(1144786189) -> stand[0m[m
[0m2022-07-22 20:01:11 V/Bot.2452548710: Group(279023008) <- 川流不息停叫[0m[m
[92m2022-07-22 20:01:45 I/BlackJack: get message ,and is dueling now[0m[m
[0m2022-07-22 20:01:45 V/Bot.2452548710: [多兰老狼法兰老狼交界地老狼分狼（法兰乳业）(279023008)] 红果果去马加姜(1145088599) -> stand[0m[m
[0m2022-07-22 20:01:46 V/Bot.2452548710: Group(279023008) <- 正在划水的焼団子停叫[0m[m
[0m2022-07-22 20:01:47 V/Bot.2452548710: Group(279023008) <- 正在划水的焼団子本轮得牌：[mirai:image:{D6576507-8B82-7B6B-3E0C-787246AA3691}.png][mirai:image:{7F2894E5-D93E-65B9-1B69-B7D48A9175DE}.png][mirai:image:{5F45DF14-6901-1D62-2A66-4F0185B2E431}.png][0m[m
[0m2022-07-22 20:01:49 V/Bot.2452548710: Group(279023008) <- 川流不息本轮得牌：[mirai:image:{48F7E939-A4BF-4AE6-1123-7AE188A9F727}.png][mirai:image:{06532DC5-063C-6245-2C22-708D0E6E2025}.png][0m[m
[0m2022-07-22 20:01:49 V/Bot.2452548710: Group(279023008) <- 打和了[0m[m
[0m2022-07-22 20:01:50 V/Bot.2452548710: Group(279023008) <- 新的回合开始了[0m[m
[0m2022-07-22 20:01:50 V/Bot.2452548710: Friend(1145088599) <- 回合开始[0m[m
[0m2022-07-22 20:01:51 V/Bot.2452548710: Friend(1145088599) <- [mirai:image:{D09F5B86-AAE1-9868-9876-DE82810FA6E4}.png][mirai:image:{0DD862B1-16E7-D95B-300C-503C28B3CF81}.png][0m[m
[0m2022-07-22 20:01:52 V/Bot.2452548710: Group(279023008) <- 正在划水的焼団子明牌：[mirai:image:{D09F5B86-AAE1-9868-9876-DE82810FA6E4}.png][0m[m
[0m2022-07-22 20:01:52 V/Bot.2452548710: Friend(1144786189) <- 回合开始[0m[m
[0m2022-07-22 20:01:53 V/Bot.2452548710: Friend(1144786189) <- [mirai:image:{7F2894E5-D93E-65B9-1B69-B7D48A9175DE}.png][mirai:image:{46966FEC-A3EC-4EAC-0A03-61A00D1D8541}.png][0m[m
[0m2022-07-22 20:01:54 V/Bot.2452548710: Group(279023008) <- 川流不息明牌：[mirai:image:{7F2894E5-D93E-65B9-1B69-B7D48A9175DE}.png][0m[m
[92m2022-07-22 20:02:07 I/BlackJack: get message ,and is dueling now[0m[m
[0m2022-07-22 20:02:07 V/Bot.2452548710: [多兰老狼法兰老狼交界地老狼分狼（法兰乳业）(279023008)] 红果果去马加姜(1145088599) -> hit[0m[m
[0m2022-07-22 20:02:08 V/Bot.2452548710: Group(279023008) <- 正在划水的焼団子叫牌[0m[m
[0m2022-07-22 20:02:09 V/Bot.2452548710: Friend(1145088599) <- [mirai:image:{93B8E5EB-6C48-6975-1E61-998E91C6EC70}.png][0m[m
[92m2022-07-22 20:02:11 I/BlackJack: get message ,and is dueling now[0m[m
[0m2022-07-22 20:02:11 V/Bot.2452548710: [多兰老狼法兰老狼交界地老狼分狼（法兰乳业）(279023008)] ctfer去kali加Ubuntu(1144786189) -> stand[0m[m
[0m2022-07-22 20:02:11 V/Bot.2452548710: Group(279023008) <- 川流不息停叫[0m[m
[92m2022-07-22 20:02:25 I/BlackJack: get message ,and is dueling now[0m[m
[0m2022-07-22 20:02:25 V/Bot.2452548710: [多兰老狼法兰老狼交界地老狼分狼（法兰乳业）(279023008)] 红果果去马加姜(1145088599) -> stand[0m[m
[0m2022-07-22 20:02:26 V/Bot.2452548710: Group(279023008) <- 正在划水的焼団子停叫[0m[m
[0m2022-07-22 20:02:27 V/Bot.2452548710: Group(279023008) <- 正在划水的焼団子本轮得牌：[mirai:image:{D09F5B86-AAE1-9868-9876-DE82810FA6E4}.png][mirai:image:{0DD862B1-16E7-D95B-300C-503C28B3CF81}.png][mirai:image:{93B8E5EB-6C48-6975-1E61-998E91C6EC70}.png][0m[m
[0m2022-07-22 20:02:28 V/Bot.2452548710: Group(279023008) <- 川流不息本轮得牌：[mirai:image:{7F2894E5-D93E-65B9-1B69-B7D48A9175DE}.png][mirai:image:{46966FEC-A3EC-4EAC-0A03-61A00D1D8541}.png][0m[m
[0m2022-07-22 20:02:29 V/Bot.2452548710: Group(279023008) <- 正在划水的焼団子拿下一轮，获得了1分[0m[m
[0m2022-07-22 20:02:29 V/Bot.2452548710: Group(279023008) <- 新的回合开始了[0m[m
[0m2022-07-22 20:02:29 V/Bot.2452548710: Friend(1145088599) <- 回合开始[0m[m
[0m2022-07-22 20:02:30 V/Bot.2452548710: Friend(1145088599) <- [mirai:image:{3CF11D26-9BA2-D37F-060A-B1B308DE541D}.png][mirai:image:{885C2602-6E92-98EC-C5D7-EF1EDA302278}.png][0m[m
[0m2022-07-22 20:02:31 V/Bot.2452548710: Group(279023008) <- 正在划水的焼団子明牌：[mirai:image:{3CF11D26-9BA2-D37F-060A-B1B308DE541D}.png][0m[m
[0m2022-07-22 20:02:31 V/Bot.2452548710: Friend(1144786189) <- 回合开始[0m[m
[0m2022-07-22 20:02:32 V/Bot.2452548710: Friend(1144786189) <- [mirai:image:{93B8E5EB-6C48-6975-1E61-998E91C6EC70}.png][mirai:image:{885C2602-6E92-98EC-C5D7-EF1EDA302278}.png][0m[m
[0m2022-07-22 20:02:34 V/Bot.2452548710: Group(279023008) <- 川流不息明牌：[mirai:image:{93B8E5EB-6C48-6975-1E61-998E91C6EC70}.png][0m[m
[92m2022-07-22 20:02:39 I/BlackJack: get message ,and is dueling now[0m[m
[0m2022-07-22 20:02:39 V/Bot.2452548710: [多兰老狼法兰老狼交界地老狼分狼（法兰乳业）(279023008)] 红果果去马加姜(1145088599) -> [mirai:image:{029B87B1-5FF3-AC11-8A83-859F91C1471C}.jpg][0m[m
[92m2022-07-22 20:02:50 I/BlackJack: get message ,and is dueling now[0m[m
[0m2022-07-22 20:02:50 V/Bot.2452548710: [多兰老狼法兰老狼交界地老狼分狼（法兰乳业）(279023008)] 红果果去马加姜(1145088599) -> 建议改成黑暗21点[0m[m
[92m2022-07-22 20:02:52 I/BlackJack: get message ,and is dueling now[0m[m
[0m2022-07-22 20:02:52 V/Bot.2452548710: [多兰老狼法兰老狼交界地老狼分狼（法兰乳业）(279023008)] ctfer去kali加Ubuntu(1144786189) -> double[0m[m
[92m2022-07-22 20:02:53 I/BlackJack: get message ,and is dueling now[0m[m
[0m2022-07-22 20:02:53 V/Bot.2452548710: [多兰老狼法兰老狼交界地老狼分狼（法兰乳业）(279023008)] 红果果去马加姜(1145088599) -> 溜了[0m[m
[92m2022-07-22 20:02:59 I/BlackJack: get message ,and is dueling now[0m[m
[0m2022-07-22 20:02:59 V/Bot.2452548710: [多兰老狼法兰老狼交界地老狼分狼（法兰乳业）(279023008)] ctfer去kali加Ubuntu(1144786189) -> 可恶[0m[m
[92m2022-07-22 20:03:00 I/BlackJack: get message ,and is dueling now[0m[m
[0m2022-07-22 20:03:00 V/Bot.2452548710: [多兰老狼法兰老狼交界地老狼分狼（法兰乳业）(279023008)] 红果果去马加姜(1145088599) -> stand[0m[m
[0m2022-07-22 20:03:01 V/Bot.2452548710: Group(279023008) <- 正在划水的焼団子停叫[0m[m
[92m2022-07-22 20:03:05 I/BlackJack: get message ,and is dueling now[0m[m
[0m2022-07-22 20:03:05 V/Bot.2452548710: [多兰老狼法兰老狼交界地老狼分狼（法兰乳业）(279023008)] ctfer去kali加Ubuntu(1144786189) -> double[0m[m
[0m2022-07-22 20:03:06 V/Bot.2452548710: Group(279023008) <- 川流不息翻倍停叫，本回合得分翻倍了[0m[m
[0m2022-07-22 20:03:06 V/Bot.2452548710: Friend(1144786189) <- [mirai:image:{2B1A0183-4F7E-B160-E212-EF49902B0744}.png][0m[m
[0m2022-07-22 20:03:08 V/Bot.2452548710: Group(279023008) <- 正在划水的焼団子本轮得牌：[mirai:image:{3CF11D26-9BA2-D37F-060A-B1B308DE541D}.png][mirai:image:{885C2602-6E92-98EC-C5D7-EF1EDA302278}.png][0m[m
[0m2022-07-22 20:03:09 V/Bot.2452548710: Group(279023008) <- 川流不息本轮得牌：[mirai:image:{93B8E5EB-6C48-6975-1E61-998E91C6EC70}.png][mirai:image:{885C2602-6E92-98EC-C5D7-EF1EDA302278}.png][mirai:image:{2B1A0183-4F7E-B160-E212-EF49902B0744}.png][0m[m
[0m2022-07-22 20:03:09 V/Bot.2452548710: Group(279023008) <- 川流不息拿下一轮，获得了2分[0m[m
[0m2022-07-22 20:03:10 V/Bot.2452548710: Group(279023008) <- 新的回合开始了[0m[m
[0m2022-07-22 20:03:10 V/Bot.2452548710: Friend(1145088599) <- 回合开始[0m[m
[0m2022-07-22 20:03:11 V/Bot.2452548710: Friend(1145088599) <- [mirai:image:{63302C80-2871-F91E-27A1-BF285CBE4278}.png][mirai:image:{9F925D36-D749-84FB-F92E-115FBD5AEB2D}.png][0m[m
[0m2022-07-22 20:03:12 V/Bot.2452548710: Group(279023008) <- 正在划水的焼団子明牌：[mirai:image:{63302C80-2871-F91E-27A1-BF285CBE4278}.png][0m[m
[0m2022-07-22 20:03:12 V/Bot.2452548710: Friend(1144786189) <- 回合开始[0m[m
[0m2022-07-22 20:03:13 V/Bot.2452548710: Friend(1144786189) <- [mirai:image:{2DE368B6-A7D9-49B4-D96B-EA28A51D755E}.png][mirai:image:{607083D6-2EDD-2587-248A-D91ACFAB9637}.png][0m[m
[0m2022-07-22 20:03:14 V/Bot.2452548710: Group(279023008) <- 川流不息明牌：[mirai:image:{2DE368B6-A7D9-49B4-D96B-EA28A51D755E}.png][0m[m
[92m2022-07-22 20:03:52 I/BlackJack: get message ,and is dueling now[0m[m
[0m2022-07-22 20:03:52 V/Bot.2452548710: [多兰老狼法兰老狼交界地老狼分狼（法兰乳业）(279023008)] 红果果去马加姜(1145088599) -> 溜了[0m[m
[92m2022-07-22 20:04:56 I/BlackJack: get message ,and is dueling now[0m[m
[0m2022-07-22 20:04:56 V/Bot.2452548710: [多兰老狼法兰老狼交界地老狼分狼（法兰乳业）(279023008)] 红果果去马加姜(1145088599) -> 我的评价是[0m[m
[92m2022-07-22 20:04:56 I/BlackJack: get message ,and is dueling now[0m[m
[0m2022-07-22 20:04:56 V/Bot.2452548710: [多兰老狼法兰老狼交界地老狼分狼（法兰乳业）(279023008)] 红果果去马加姜(1145088599) -> 啊[0m[m
[92m2022-07-22 20:05:03 I/BlackJack: get message ,and is dueling now[0m[m
[0m2022-07-22 20:05:03 V/Bot.2452548710: [多兰老狼法兰老狼交界地老狼分狼（法兰乳业）(279023008)] 红果果去马加姜(1145088599) -> 不够黑暗[0m[m
[92m2022-07-22 20:05:12 I/BlackJack: get message ,and is dueling now[0m[m
[0m2022-07-22 20:05:12 V/Bot.2452548710: [多兰老狼法兰老狼交界地老狼分狼（法兰乳业）(279023008)] 红果果去马加姜(1145088599) -> [mirai:image:{0C73CBF7-C9A2-6384-A5AE-8A3CB5F36987}.gif][0m[m
[92m2022-07-22 20:05:41 I/BlackJack: get message ,and is dueling now[0m[m
[0m2022-07-22 20:05:41 V/Bot.2452548710: [多兰老狼法兰老狼交界地老狼分狼（法兰乳业）(279023008)] ctfer去kali加Ubuntu(1144786189) -> 我的评价随时[0m[m
[92m2022-07-22 20:05:44 I/BlackJack: get message ,and is dueling now[0m[m
[0m2022-07-22 20:05:44 V/Bot.2452548710: [多兰老狼法兰老狼交界地老狼分狼（法兰乳业）(279023008)] ctfer去kali加Ubuntu(1144786189) -> 评价是[0m[m
[92m2022-07-22 20:06:01 I/BlackJack: get message ,and is dueling now[0m[m
[0m2022-07-22 20:06:01 V/Bot.2452548710: [多兰老狼法兰老狼交界地老狼分狼（法兰乳业）(279023008)] ctfer去kali加Ubuntu(1144786189) -> 啊 有些人也就那样了[0m[m
[92m2022-07-22 20:06:13 I/BlackJack: get message ,and is dueling now[0m[m
[0m2022-07-22 20:06:13 V/Bot.2452548710: [多兰老狼法兰老狼交界地老狼分狼（法兰乳业）(279023008)] ctfer去kali加Ubuntu(1144786189) -> 发牌爆掉之类的[0m[m
[92m2022-07-22 20:06:16 I/BlackJack: get message ,and is dueling now[0m[m
[0m2022-07-22 20:06:16 V/Bot.2452548710: [多兰老狼法兰老狼交界地老狼分狼（法兰乳业）(279023008)] ctfer去kali加Ubuntu(1144786189) -> 确实黑暗[0m[m
[92m2022-07-22 20:06:25 I/BlackJack: get message ,and is dueling now[0m[m
[0m2022-07-22 20:06:25 V/Bot.2452548710: [多兰老狼法兰老狼交界地老狼分狼（法兰乳业）(279023008)] 物理人去开源加独游加炼乳(2205448411) -> 4哥速来学车[0m[m
[92m2022-07-22 20:06:52 I/BlackJack: get message ,and is dueling now[0m[m
[0m2022-07-22 20:06:52 V/Bot.2452548710: [多兰老狼法兰老狼交界地老狼分狼（法兰乳业）(279023008)] 红果果去马加姜(1145088599) -> [mirai:image:{C53F227A-BFF0-4E8A-BC64-F9F938E4EBB1}.jpg][0m[m
[92m2022-07-22 20:08:19 I/BlackJack: get message ,and is dueling now[0m[m
[0m2022-07-22 20:08:19 V/Bot.2452548710: [多兰老狼法兰老狼交界地老狼分狼（法兰乳业）(279023008)] ctfer去kali加Ubuntu(1144786189) -> 吃完饭去小猎一下[0m[m
[92m2022-07-22 20:08:40 I/BlackJack: get message ,and is dueling now[0m[m
[0m2022-07-22 20:08:40 V/Bot.2452548710: [多兰老狼法兰老狼交界地老狼分狼（法兰乳业）(279023008)] 物理人去开源加独游加炼乳(2205448411) -> 我发现我可以用vmare12激活码激活 然后免费升级到正版vmware16[0m[m
[92m2022-07-22 20:08:53 I/BlackJack: get message ,and is dueling now[0m[m
[0m2022-07-22 20:08:53 V/Bot.2452548710: [多兰老狼法兰老狼交界地老狼分狼（法兰乳业）(279023008)] 物理人去开源加独游加炼乳(2205448411) -> [mirai:quote:[73048],[1825242123]][mirai:at:1144786189]  停龙车也得会科二[0m[m
[92m2022-07-22 20:08:56 I/BlackJack: get message ,and is dueling now[0m[m
[0m2022-07-22 20:08:56 V/Bot.2452548710: [多兰老狼法兰老狼交界地老狼分狼（法兰乳业）(279023008)] 物理人去开源加独游加炼乳(2205448411) -> [mirai:image:{5EEBC4A1-6C9C-7E0E-4F7A-AF5FD7D46A3C}.png][0m[m
[92m2022-07-22 20:09:15 I/BlackJack: get message ,and is dueling now[0m[m
[0m2022-07-22 20:09:15 V/Bot.2452548710: [多兰老狼法兰老狼交界地老狼分狼（法兰乳业）(279023008)] ctfer去kali加Ubuntu(1144786189) -> 我不许要那种技能[0m[m
[92m2022-07-22 20:09:27 I/BlackJack: get message ,and is dueling now[0m[m
[0m2022-07-22 20:09:27 V/Bot.2452548710: [多兰老狼法兰老狼交界地老狼分狼（法兰乳业）(279023008)] 物理人去开源加独游加炼乳(2205448411) -> 你不许要 但是你需要[0m[m
[92m2022-07-22 20:09:30 I/BlackJack: get message ,and is dueling now[0m[m
[0m2022-07-22 20:09:30 V/Bot.2452548710: [多兰老狼法兰老狼交界地老狼分狼（法兰乳业）(279023008)] ctfer去kali加Ubuntu(1144786189) -> 怪猎很踹 可以百花齐放推流程[0m[m
[92m2022-07-22 20:09:51 I/BlackJack: get message ,and is dueling now[0m[m
[0m2022-07-22 20:09:51 V/Bot.2452548710: [多兰老狼法兰老狼交界地老狼分狼（法兰乳业）(279023008)] 物理人去开源加独游加炼乳(2205448411) -> 4哥[0m[m
[92m2022-07-22 20:09:56 I/BlackJack: get message ,and is dueling now[0m[m
[0m2022-07-22 20:09:56 V/Bot.2452548710: [多兰老狼法兰老狼交界地老狼分狼（法兰乳业）(279023008)] ctfer去kali加Ubuntu(1144786189) -> 扣字眼是吧[0m[m
[92m2022-07-22 20:10:04 I/BlackJack: get message ,and is dueling now[0m[m
[0m2022-07-22 20:10:04 V/Bot.2452548710: [多兰老狼法兰老狼交界地老狼分狼（法兰乳业）(279023008)] 物理人去开源加独游加炼乳(2205448411) -> malloc(0x45)[0m[m
[92m2022-07-22 20:10:11 I/BlackJack: get message ,and is dueling now[0m[m
[0m2022-07-22 20:10:11 V/Bot.2452548710: [多兰老狼法兰老狼交界地老狼分狼（法兰乳业）(279023008)] ctfer去kali加Ubuntu(1144786189) -> IYPT2022帮你报名了[0m[m
[92m2022-07-22 20:10:18 I/BlackJack: get message ,and is dueling now[0m[m
[0m2022-07-22 20:10:18 V/Bot.2452548710: [多兰老狼法兰老狼交界地老狼分狼（法兰乳业）(279023008)] 物理人去开源加独游加炼乳(2205448411) -> 我们得到一个0x50的堆块[0m[m
[92m2022-07-22 20:10:30 I/BlackJack: get message ,and is dueling now[0m[m
[0m2022-07-22 20:10:30 V/Bot.2452548710: [多兰老狼法兰老狼交界地老狼分狼（法兰乳业）(279023008)] 物理人去开源加独游加炼乳(2205448411) -> malloc(0x49)[0m[m
[92m2022-07-22 20:10:40 I/BlackJack: get message ,and is dueling now[0m[m
[0m2022-07-22 20:10:40 V/Bot.2452548710: [多兰老狼法兰老狼交界地老狼分狼（法兰乳业）(279023008)] 物理人去开源加独游加炼乳(2205448411) -> 我们得到一个0x60的堆块[0m[m
[92m2022-07-22 20:10:52 I/BlackJack: get message ,and is dueling now[0m[m
[0m2022-07-22 20:10:52 V/Bot.2452548710: [多兰老狼法兰老狼交界地老狼分狼（法兰乳业）(279023008)] 物理人去开源加独游加炼乳(2205448411) -> 那如果malloc(0x48)呢[0m[m
[92m2022-07-22 20:10:56 I/BlackJack: get message ,and is dueling now[0m[m
[0m2022-07-22 20:10:56 V/Bot.2452548710: [多兰老狼法兰老狼交界地老狼分狼（法兰乳业）(279023008)] 物理人去开源加独游加炼乳(2205448411) -> [mirai:image:{0CFBE944-8C7A-68A9-E64D-9D5DC12A6877}.jpg][0m[m
[92m2022-07-22 20:11:04 I/BlackJack: get message ,and is dueling now[0m[m
[0m2022-07-22 20:11:04 V/Bot.2452548710: [多兰老狼法兰老狼交界地老狼分狼（法兰乳业）(279023008)] 物理人去开源加独游加炼乳(2205448411) -> 64位的系统[0m[m
[92m2022-07-22 20:11:22 I/BlackJack: get message ,and is dueling now[0m[m
[0m2022-07-22 20:11:22 V/Bot.2452548710: [多兰老狼法兰老狼交界地老狼分狼（法兰乳业）(279023008)] ctfer去kali加Ubuntu(1144786189) -> 你不要再让C打电话给我了[0m[m
[92m2022-07-22 20:11:26 I/BlackJack: get message ,and is dueling now[0m[m
[0m2022-07-22 20:11:26 V/Bot.2452548710: [多兰老狼法兰老狼交界地老狼分狼（法兰乳业）(279023008)] ctfer去kali加Ubuntu(1144786189) -> 我怕kotlin误会[0m[m
[92m2022-07-22 20:11:28 I/BlackJack: get message ,and is dueling now[0m[m
[0m2022-07-22 20:11:28 V/Bot.2452548710: [多兰老狼法兰老狼交界地老狼分狼（法兰乳业）(279023008)] 物理人去开源加独游加炼乳(2205448411) -> 我发现我的对齐计算法有点不好使[0m[m
[92m2022-07-22 20:11:39 I/BlackJack: get message ,and is dueling now[0m[m
[0m2022-07-22 20:11:39 V/Bot.2452548710: [多兰老狼法兰老狼交界地老狼分狼（法兰乳业）(279023008)] 物理人去开源加独游加炼乳(2205448411) -> 你kotlin也得有一套堆管理机制[0m[m
[92m2022-07-22 20:11:57 I/BlackJack: get message ,and is dueling now[0m[m
[0m2022-07-22 20:11:57 V/Bot.2452548710: [多兰老狼法兰老狼交界地老狼分狼（法兰乳业）(279023008)] 物理人去开源加独游加炼乳(2205448411) -> 你不会手写管理堆机制吧[0m[m
[92m2022-07-22 20:12:00 I/BlackJack: get message ,and is dueling now[0m[m
[0m2022-07-22 20:12:00 V/Bot.2452548710: [多兰老狼法兰老狼交界地老狼分狼（法兰乳业）(279023008)] 物理人去开源加独游加炼乳(2205448411) -> 巨佬[0m[m
[92m2022-07-22 20:12:05 I/BlackJack: get message ,and is dueling now[0m[m
[0m2022-07-22 20:12:05 V/Bot.2452548710: [多兰老狼法兰老狼交界地老狼分狼（法兰乳业）(279023008)] ctfer去kali加Ubuntu(1144786189) -> kotlin使用者不需要考虑这些[0m[m
[92m2022-07-22 20:12:14 I/BlackJack: get message ,and is dueling now[0m[m
[0m2022-07-22 20:12:14 V/Bot.2452548710: [多兰老狼法兰老狼交界地老狼分狼（法兰乳业）(279023008)] ctfer去kali加Ubuntu(1144786189) -> 我们只要轻松愉快的引用就可以了[0m[m
[92m2022-07-22 20:12:42 I/BlackJack: get message ,and is dueling now[0m[m
[0m2022-07-22 20:12:42 V/Bot.2452548710: [多兰老狼法兰老狼交界地老狼分狼（法兰乳业）(279023008)] ctfer去kali加Ubuntu(1144786189) -> kotlin甚至允许你光明正大的goto[0m[m
[92m2022-07-22 20:12:52 I/BlackJack: get message ,and is dueling now[0m[m
[0m2022-07-22 20:12:52 V/Bot.2452548710: [多兰老狼法兰老狼交界地老狼分狼（法兰乳业）(279023008)] 红果果去马加姜(1145088599) -> [mirai:image:{C53F227A-BFF0-4E8A-BC64-F9F938E4EBB1}.jpg][0m[m
[92m2022-07-22 20:25:24 I/BlackJack: get message ,and is dueling now[0m[m
[0m2022-07-22 20:25:24 V/Bot.2452548710: [多兰老狼法兰老狼交界地老狼分狼（法兰乳业）(279023008)] 物理人去开源加独游加炼乳(2205448411) -> goto不是经常用吗[0m[m
[92m2022-07-22 20:25:26 I/BlackJack: get message ,and is dueling now[0m[m
[0m2022-07-22 20:25:26 V/Bot.2452548710: [多兰老狼法兰老狼交界地老狼分狼（法兰乳业）(279023008)] 物理人去开源加独游加炼乳(2205448411) -> [mirai:image:{0CFBE944-8C7A-68A9-E64D-9D5DC12A6877}.jpg][0m[m
[92m2022-07-22 20:25:40 I/BlackJack: get message ,and is dueling now[0m[m
[0m2022-07-22 20:25:40 V/Bot.2452548710: [多兰老狼法兰老狼交界地老狼分狼（法兰乳业）(279023008)] 物理人去开源加独游加炼乳(2205448411) -> 我在底层看到优化拉满的代码有一堆go to[0m[m
[92m2022-07-22 20:26:25 I/BlackJack: get message ,and is dueling now[0m[m
[0m2022-07-22 20:26:25 V/Bot.2452548710: [多兰老狼法兰老狼交界地老狼分狼（法兰乳业）(279023008)] ctfer去kali加Ubuntu(1144786189) -> 那是写了当黑箱用的[0m[m
[92m2022-07-22 20:26:38 I/BlackJack: get message ,and is dueling now[0m[m
[0m2022-07-22 20:26:38 V/Bot.2452548710: [多兰老狼法兰老狼交界地老狼分狼（法兰乳业）(279023008)] ctfer去kali加Ubuntu(1144786189) -> 你底层就不在讨论范围了[0m[m
[92m2022-07-22 20:26:50 I/BlackJack: get message ,and is dueling now[0m[m
[0m2022-07-22 20:26:50 V/Bot.2452548710: [多兰老狼法兰老狼交界地老狼分狼（法兰乳业）(279023008)] ctfer去kali加Ubuntu(1144786189) -> 另外炸知了还是好吃啊[0m[m
[92m2022-07-22 20:31:39 I/BlackJack: get message ,and is dueling now[0m[m
[0m2022-07-22 20:31:39 V/Bot.2452548710: [多兰老狼法兰老狼交界地老狼分狼（法兰乳业）(279023008)] 红果果去马加姜(1145088599) -> [mirai:image:{AD607E08-56BA-D186-D343-FDE6DDC9B0B7}.jpg][0m[m
[92m2022-07-22 20:39:01 I/BlackJack: get message ,and is dueling now[0m[m
[0m2022-07-22 20:39:01 V/Bot.2452548710: [多兰老狼法兰老狼交界地老狼分狼（法兰乳业）(279023008)] KKoishi_(1580412105) -> [mirai:image:{6611D414-666E-E9C8-363D-315CCEDF402D}.jpg][0m[m
[92m2022-07-22 20:39:01 I/BlackJack: get message ,and is dueling now[0m[m
[0m2022-07-22 20:39:01 V/Bot.2452548710: [多兰老狼法兰老狼交界地老狼分狼（法兰乳业）(279023008)] KKoishi_(1580412105) -> [mirai:image:{DAB6F9B3-6B9E-2488-537D-A4105DC5A8D5}.png][0m[m
[92m2022-07-22 20:39:08 I/BlackJack: get message ,and is dueling now[0m[m
[0m2022-07-22 20:39:08 V/Bot.2452548710: [多兰老狼法兰老狼交界地老狼分狼（法兰乳业）(279023008)] KKoishi_(1580412105) -> 服务器开了[0m[m
[92m2022-07-22 20:53:42 I/BlackJack: get message ,and is dueling now[0m[m
[0m2022-07-22 20:53:42 V/Bot.2452548710: [多兰老狼法兰老狼交界地老狼分狼（法兰乳业）(279023008)] 物理人去开源加独游加炼乳(2205448411) -> [mirai:image:{51287039-77AA-A386-A2C4-545FEA0A3828}.png][0m[m
[92m2022-07-22 20:53:44 I/BlackJack: get message ,and is dueling now[0m[m
[0m2022-07-22 20:53:44 V/Bot.2452548710: [多兰老狼法兰老狼交界地老狼分狼（法兰乳业）(279023008)] 物理人去开源加独游加炼乳(2205448411) -> 破案了[0m[m
[92m2022-07-22 20:53:54 I/BlackJack: get message ,and is dueling now[0m[m
[0m2022-07-22 20:53:54 V/Bot.2452548710: [多兰老狼法兰老狼交界地老狼分狼（法兰乳业）(279023008)] 物理人去开源加独游加炼乳(2205448411) -> malloc(0x48)得到一个0x50的堆块[0m[m
[92m2022-07-22 20:55:02 I/BlackJack: get message ,and is dueling now[0m[m
[0m2022-07-22 20:55:02 V/Bot.2452548710: [多兰老狼法兰老狼交界地老狼分狼（法兰乳业）(279023008)] 物理人去开源加独游加炼乳(2205448411) -> [mirai:image:{308B24FE-517A-CD0F-B74A-6405D0C220AC}.png][0m[m
[92m2022-07-22 20:55:50 I/BlackJack: get message ,and is dueling now[0m[m
[0m2022-07-22 20:55:50 V/Bot.2452548710: [多兰老狼法兰老狼交界地老狼分狼（法兰乳业）(279023008)] 物理人去开源加独游加炼乳(2205448411) -> [mirai:image:{0CFBE944-8C7A-68A9-E64D-9D5DC12A6877}.jpg]还是手写实验好用[0m[m
[92m2022-07-22 20:58:14 I/BlackJack: get message ,and is dueling now[0m[m
[0m2022-07-22 20:58:14 V/Bot.2452548710: [多兰老狼法兰老狼交界地老狼分狼（法兰乳业）(279023008)] KKoishi_(1580412105) -> [mirai:at:1144786189] 来品鉴一下java18新的内存api[0m[m
[92m2022-07-22 20:58:33 I/BlackJack: get message ,and is dueling now[0m[m
[0m2022-07-22 20:58:33 V/Bot.2452548710: [多兰老狼法兰老狼交界地老狼分狼（法兰乳业）(279023008)] KKoishi_(1580412105) -> 并行加速和更安全的外部调用函数/访问内存[0m[m
[92m2022-07-22 20:58:46 I/BlackJack: get message ,and is dueling now[0m[m
[0m2022-07-22 20:58:46 V/Bot.2452548710: [多兰老狼法兰老狼交界地老狼分狼（法兰乳业）(279023008)] KKoishi_(1580412105) -> VectorSpecial[0m[m
[92m2022-07-22 21:40:57 I/BlackJack: get message ,and is dueling now[0m[m
[0m2022-07-22 21:40:57 V/Bot.2452548710: [多兰老狼法兰老狼交界地老狼分狼（法兰乳业）(279023008)] 物理人去开源加独游加炼乳(2205448411) -> 再磨一会四哥[0m[m
[92m2022-07-22 21:41:05 I/BlackJack: get message ,and is dueling now[0m[m
[0m2022-07-22 21:41:05 V/Bot.2452548710: [多兰老狼法兰老狼交界地老狼分狼（法兰乳业）(279023008)] 物理人去开源加独游加炼乳(2205448411) -> [mirai:at:1144786189] 明天来学车吧[0m[m
[92m2022-07-22 21:41:09 I/BlackJack: get message ,and is dueling now[0m[m
[0m2022-07-22 21:41:09 V/Bot.2452548710: [多兰老狼法兰老狼交界地老狼分狼（法兰乳业）(279023008)] 物理人去开源加独游加炼乳(2205448411) -> [mirai:image:{0C940C77-C367-5FCE-C8D7-1368B2F698E4}.jpg][0m[m
[92m2022-07-22 21:41:31 I/BlackJack: get message ,and is dueling now[0m[m
[0m2022-07-22 21:41:31 V/Bot.2452548710: [多兰老狼法兰老狼交界地老狼分狼（法兰乳业）(279023008)] I have no sex but i fuck Microsoft everyday(739786190) -> 感觉不如陪我原神...我也不知道加个啥[0m[m
[92m2022-07-22 21:42:03 I/BlackJack: get message ,and is dueling now[0m[m
[0m2022-07-22 21:42:03 V/Bot.2452548710: [多兰老狼法兰老狼交界地老狼分狼（法兰乳业）(279023008)] KKoishi_(1580412105) -> @ctfer去kali加Ubuntu 明天来学车吧[0m[m
[92m2022-07-22 21:42:42 I/BlackJack: get message ,and is dueling now[0m[m
[0m2022-07-22 21:42:42 V/Bot.2452548710: [多兰老狼法兰老狼交界地老狼分狼（法兰乳业）(279023008)] KKoishi_(1580412105) -> 开车回来真爽[0m[m
[92m2022-07-22 21:42:52 I/BlackJack: get message ,and is dueling now[0m[m
[0m2022-07-22 21:42:52 V/Bot.2452548710: [多兰老狼法兰老狼交界地老狼分狼（法兰乳业）(279023008)] KKoishi_(1580412105) -> 虽然第一次开夜路[0m[m
[92m2022-07-22 21:43:10 I/BlackJack: get message ,and is dueling now[0m[m
[0m2022-07-22 21:43:10 V/Bot.2452548710: [多兰老狼法兰老狼交界地老狼分狼（法兰乳业）(279023008)] KKoishi_(1580412105) -> 然后晚上和她玩点刺激的[0m[m
[92m2022-07-22 21:56:16 I/BlackJack: get message ,and is dueling now[0m[m
[0m2022-07-22 21:56:16 V/Bot.2452548710: [多兰老狼法兰老狼交界地老狼分狼（法兰乳业）(279023008)] ctfer去kali加Ubuntu(1144786189) -> ?[0m[m
[92m2022-07-22 21:56:19 I/BlackJack: get message ,and is dueling now[0m[m
[0m2022-07-22 21:56:19 V/Bot.2452548710: [多兰老狼法兰老狼交界地老狼分狼（法兰乳业）(279023008)] ctfer去kali加Ubuntu(1144786189) -> 吊话一堆[0m[m
[92m2022-07-22 21:56:33 I/BlackJack: get message ,and is dueling now[0m[m
[0m2022-07-22 21:56:33 V/Bot.2452548710: [多兰老狼法兰老狼交界地老狼分狼（法兰乳业）(279023008)] ctfer去kali加Ubuntu(1144786189) -> 我第一次碰见用这种理由劝人学车的[0m[m
[92m2022-07-22 21:56:47 I/BlackJack: get message ,and is dueling now[0m[m
[0m2022-07-22 21:56:47 V/Bot.2452548710: [多兰老狼法兰老狼交界地老狼分狼（法兰乳业）(279023008)] ctfer去kali加Ubuntu(1144786189) -> [mirai:at:2205448411] 你也要来点刺激的吗[0m[m
[92m2022-07-22 22:06:37 I/BlackJack: get message ,and is dueling now[0m[m
[0m2022-07-22 22:06:37 V/Bot.2452548710: [多兰老狼法兰老狼交界地老狼分狼（法兰乳业）(279023008)] 辣稽(401430205) -> [mirai:image:{0CFBE944-8C7A-68A9-E64D-9D5DC12A6877}.jpg][0m[m
[92m2022-07-22 22:18:19 I/BlackJack: get message ,and is dueling now[0m[m
[0m2022-07-22 22:18:19 V/Bot.2452548710: [多兰老狼法兰老狼交界地老狼分狼（法兰乳业）(279023008)] 物理人去开源加独游加炼乳(2205448411) -> 再磨一会再磨一会[0m[m
[92m2022-07-22 22:18:26 I/BlackJack: get message ,and is dueling now[0m[m
[0m2022-07-22 22:18:26 V/Bot.2452548710: [多兰老狼法兰老狼交界地老狼分狼（法兰乳业）(279023008)] 物理人去开源加独游加炼乳(2205448411) -> [mirai:at:1144786189] 来学车来学车[0m[m
[92m2022-07-22 22:18:30 I/BlackJack: get message ,and is dueling now[0m[m
[0m2022-07-22 22:18:30 V/Bot.2452548710: [多兰老狼法兰老狼交界地老狼分狼（法兰乳业）(279023008)] I have no sex but i fuck Microsoft everyday(739786190) -> 那我也来[0m[m
[92m2022-07-22 22:18:38 I/BlackJack: get message ,and is dueling now[0m[m
[0m2022-07-22 22:18:38 V/Bot.2452548710: [多兰老狼法兰老狼交界地老狼分狼（法兰乳业）(279023008)] I have no sex but i fuck Microsoft everyday(739786190) -> @ctfer去kali加Ubuntu 来茶杯头来茶杯头[0m[m
[92m2022-07-22 22:19:05 I/BlackJack: get message ,and is dueling now[0m[m
[0m2022-07-22 22:19:05 V/Bot.2452548710: [多兰老狼法兰老狼交界地老狼分狼（法兰乳业）(279023008)] ctfer去kali加Ubuntu(1144786189) -> [mirai:image:{74DC08F6-9E91-B374-E1F4-13A19A358BC4}.jpg][0m[m
[92m2022-07-22 22:19:06 I/BlackJack: get message ,and is dueling now[0m[m
[0m2022-07-22 22:19:06 V/Bot.2452548710: [多兰老狼法兰老狼交界地老狼分狼（法兰乳业）(279023008)] ctfer去kali加Ubuntu(1144786189) -> [mirai:image:{74DC08F6-9E91-B374-E1F4-13A19A358BC4}.jpg][0m[m
[92m2022-07-22 22:19:06 I/BlackJack: get message ,and is dueling now[0m[m
[0m2022-07-22 22:19:06 V/Bot.2452548710: [多兰老狼法兰老狼交界地老狼分狼（法兰乳业）(279023008)] 物理人去开源加独游加炼乳(2205448411) -> 只要功夫深[0m[m
[92m2022-07-22 22:19:09 I/BlackJack: get message ,and is dueling now[0m[m
[0m2022-07-22 22:19:09 V/Bot.2452548710: [多兰老狼法兰老狼交界地老狼分狼（法兰乳业）(279023008)] ctfer去kali加Ubuntu(1144786189) -> 我要去猎[0m[m
[92m2022-07-22 22:19:17 I/BlackJack: get message ,and is dueling now[0m[m
[0m2022-07-22 22:19:17 V/Bot.2452548710: [多兰老狼法兰老狼交界地老狼分狼（法兰乳业）(279023008)] 物理人去开源加独游加炼乳(2205448411) -> 4哥磨成针[0m[m
[92m2022-07-22 22:19:25 I/BlackJack: get message ,and is dueling now[0m[m
[0m2022-07-22 22:19:25 V/Bot.2452548710: [多兰老狼法兰老狼交界地老狼分狼（法兰乳业）(279023008)] ctfer去kali加Ubuntu(1144786189) -> [mirai:quote:[73112],[838146477]]斩斧解成镇[0m[m
[92m2022-07-22 22:19:34 I/BlackJack: get message ,and is dueling now[0m[m
[0m2022-07-22 22:19:34 V/Bot.2452548710: [多兰老狼法兰老狼交界地老狼分狼（法兰乳业）(279023008)] 物理人去开源加独游加炼乳(2205448411) -> 别斩斧了[0m[m
[92m2022-07-22 22:19:39 I/BlackJack: get message ,and is dueling now[0m[m
[0m2022-07-22 22:19:39 V/Bot.2452548710: [多兰老狼法兰老狼交界地老狼分狼（法兰乳业）(279023008)] 红果果去马加姜(1145088599) -> [mirai:image:{24790FE9-A10F-4C30-55FC-A4A9BEC3332B}.jpg][0m[m
[92m2022-07-22 22:19:42 I/BlackJack: get message ,and is dueling now[0m[m
[92m2022-07-22 22:19:42 I/BlackJack: get BlackJack Input[0m[m
[0m2022-07-22 22:19:42 V/Bot.2452548710: [多兰老狼法兰老狼交界地老狼分狼（法兰乳业）(279023008)] 红果果去马加姜(1145088599) -> duel[0m[m
[92m2022-07-22 22:19:44 I/BlackJack: get message ,and is dueling now[0m[m
[0m2022-07-22 22:19:44 V/Bot.2452548710: [多兰老狼法兰老狼交界地老狼分狼（法兰乳业）(279023008)] 物理人去开源加独游加炼乳(2205448411) -> 玩点养老的[0m[m
[92m2022-07-22 22:19:50 I/BlackJack: get message ,and is dueling now[0m[m
[0m2022-07-22 22:19:50 V/Bot.2452548710: [多兰老狼法兰老狼交界地老狼分狼（法兰乳业）(279023008)] 物理人去开源加独游加炼乳(2205448411) -> 比如塞尔达传说野外呼吸[0m[m
[92m2022-07-22 23:14:53 I/BlackJack: get message ,and is dueling now[0m[m
[0m2022-07-22 23:14:53 V/Bot.2452548710: [多兰老狼法兰老狼交界地老狼分狼（法兰乳业）(279023008)] 物理人去开源加独游加炼乳(2205448411) -> [mirai:image:{CF14D7BE-35B1-3482-0B40-D958E78FBAEA}.jpg][0m[m
[92m2022-07-22 23:15:06 I/BlackJack: get message ,and is dueling now[0m[m
[0m2022-07-22 23:15:06 V/Bot.2452548710: [多兰老狼法兰老狼交界地老狼分狼（法兰乳业）(279023008)] 物理人去开源加独游加炼乳(2205448411) -> 我觉得这个吊群的群精华不能止步于四哥[0m[m
[92m2022-07-22 23:16:03 I/BlackJack: get message ,and is dueling now[0m[m
[0m2022-07-22 23:16:03 V/Bot.2452548710: [多兰老狼法兰老狼交界地老狼分狼（法兰乳业）(279023008)] 红果果去马加姜(1145088599) -> [mirai:image:{33F0766A-DBE6-D43C-C790-0C738064F951}.jpg][0m[m
[92m2022-07-22 23:50:12 I/BlackJack: get message ,and is dueling now[0m[m
[0m2022-07-22 23:50:12 V/Bot.2452548710: [多兰老狼法兰老狼交界地老狼分狼（法兰乳业）(279023008)] 辣稽(401430205) -> [mirai:image:{B39F0B63-7CF5-33DC-7E85-4990B41005CB}.gif][0m[m
