[92m2022-07-18 12:41:07 I/main: Starting mirai-console...[0m[m
[92m2022-07-18 12:41:07 I/main: Backend: version 2.11.1, built on 2022-05-26 04:43:10.[0m[m
[92m2022-07-18 12:41:07 I/main: Frontend Terminal: version 2.11.1, provided by Mamoe Technologies[0m[m
[92m2022-07-18 12:41:07 I/main: Welcome to visit https://mirai.mamoe.net/[0m[m
[92m2022-07-18 12:41:08 I/main: Prepared built-in commands: autoLogin, help, login, logout, permission, status, stop[0m[m
[92m2022-07-18 12:41:08 I/main: 0 plugin(s) enabled.[0m[m
[92m2022-07-18 12:41:08 I/main: mirai-console started successfully.[0m[m
[92m2022-07-18 12:41:08 I/BlackJack: Plugin loaded[0m[m
[92m2022-07-18 12:41:08 I/WindowHelperJvm: Mirai 正在使用桌面环境. 如遇到验证码将会弹出对话框. 可添加 JVM 属性 `mirai.no-desktop` 以关闭.[0m[m
[92m2022-07-18 12:41:08 I/WindowHelperJvm: Mirai is using desktop. Captcha will be thrown by window popup. You can add `mirai.no-desktop` to JVM properties (-Dmirai.no-desktop) to disable it.[0m[m
[91m2022-07-18 12:41:08 W/stderr: SLF4J: Failed to load class "org.slf4j.impl.StaticLoggerBinder".[0m[m
[91m2022-07-18 12:41:08 W/stderr: SLF4J: Defaulting to no-operation (NOP) logger implementation[0m[m
[91m2022-07-18 12:41:08 W/stderr: SLF4J: See http://www.slf4j.org/codes.html#StaticLoggerBinder for further details.[0m[m
[91m2022-07-18 12:41:08 W/stderr: ERROR StatusLogger Log4j2 could not find a logging implementation. Please add log4j-core to the classpath. Using SimpleLogger to log to the console...[0m[m
[92m2022-07-18 12:41:09 I/Bot.2452548710: Loaded account secrets from local cache.[0m[m
[92m2022-07-18 12:41:09 I/Bot.2452548710: Saved account secrets to local cache for fast login.[0m[m
[92m2022-07-18 12:41:09 I/Bot.2452548710: Login successful.[0m[m
[0m2022-07-18 12:41:10 V/Bot.2452548710: Event: BotOnlineEvent(bot=Bot(2452548710))[0m[m
[92m2022-07-18 12:41:10 I/Bot.2452548710: Bot login successful.[0m[m
[92m2022-07-18 12:41:15 I/BlackJack: get BlackJack Input[0m[m
[92m2022-07-18 12:41:15 I/BlackJack: 川流不息want to duel and there are vally 299372193has 0 person[0m[m
[0m2022-07-18 12:41:15 V/Bot.2452548710: [bottest(299372193)] 川流不息(1144786189) -> BlackJack[0m[m
[0m2022-07-18 12:41:34 V/Bot.2452548710: [bottest(299372193)] 川流不息(1144786189) -> [mirai:at:1145088599][0m[m
[0m2022-07-18 12:41:35 V/Bot.2452548710: [bottest(299372193)] 川流不息(1144786189) -> 你来[0m[m
[0m2022-07-18 12:42:29 V/Bot.2452548710: [bottest(299372193)] 川流不息(1144786189) -> 还是用duel作关键词吧[0m[m
