[92m2022-07-19 20:41:28 I/main: Starting mirai-console...[0m[m
[92m2022-07-19 20:41:28 I/main: Backend: version 2.11.1, built on 2022-05-26 04:43:10.[0m[m
[92m2022-07-19 20:41:28 I/main: Frontend Terminal: version 2.11.1, provided by Mamoe Technologies[0m[m
[92m2022-07-19 20:41:28 I/main: Welcome to visit https://mirai.mamoe.net/[0m[m
[92m2022-07-19 20:41:28 I/main: Prepared built-in commands: autoLogin, help, login, logout, permission, status, stop[0m[m
[92m2022-07-19 20:41:28 I/main: 0 plugin(s) enabled.[0m[m
[92m2022-07-19 20:41:28 I/main: mirai-console started successfully.[0m[m
[92m2022-07-19 20:41:28 I/BlackJack: Plugin loaded[0m[m
[92m2022-07-19 20:41:28 I/WindowHelperJvm: Mirai æ­£åœ¨ä½¿ç”¨æ¡Œé¢çŽ¯å¢ƒ. å¦‚é‡åˆ°éªŒè¯ç å°†ä¼šå¼¹å‡ºå¯¹è¯æ¡†. å¯æ·»åŠ  JVM å±žæ€§ `mirai.no-desktop` ä»¥å…³é—­.[0m[m
[92m2022-07-19 20:41:28 I/WindowHelperJvm: Mirai is using desktop. Captcha will be thrown by window popup. You can add `mirai.no-desktop` to JVM properties (-Dmirai.no-desktop) to disable it.[0m[m
[91m2022-07-19 20:41:28 W/stderr: SLF4J: Failed to load class "org.slf4j.impl.StaticLoggerBinder".[0m[m
[91m2022-07-19 20:41:28 W/stderr: SLF4J: Defaulting to no-operation (NOP) logger implementation[0m[m
[91m2022-07-19 20:41:28 W/stderr: SLF4J: See http://www.slf4j.org/codes.html#StaticLoggerBinder for further details.[0m[m
[91m2022-07-19 20:41:28 W/stderr: ERROR StatusLogger Log4j2 could not find a logging implementation. Please add log4j-core to the classpath. Using SimpleLogger to log to the console...[0m[m
[92m2022-07-19 20:41:30 I/Bot.2452548710: Loaded account secrets from local cache.[0m[m
[92m2022-07-19 20:41:30 I/Bot.2452548710: Saved account secrets to local cache for fast login.[0m[m
[92m2022-07-19 20:41:30 I/Bot.2452548710: Login successful.[0m[m
[0m2022-07-19 20:41:31 V/Bot.2452548710: Event: BotOnlineEvent(bot=Bot(2452548710))[0m[m
[92m2022-07-19 20:41:31 I/Bot.2452548710: Bot login successful.[0m[m
[92m2022-07-19 20:42:05 I/BlackJack: get BlackJack Input[0m[m
[92m2022-07-19 20:42:05 I/BlackJack: å·æµä¸æ¯want to duel and there are vally 299372193has 0 person[0m[m
[0m2022-07-19 20:42:05 V/Bot.2452548710: [bottest(299372193)] å·æµä¸æ¯(1144786189) -> duel[0m[m
[92m2022-07-19 20:42:12 I/BlackJack: get BlackJack Input[0m[m
[92m2022-07-19 20:42:12 I/BlackJack: å°å±¿want to duel[0m[m
[92m2022-07-19 20:42:12 I/BlackJack: two peoples , game start[0m[m
[0m2022-07-19 20:42:12 V/Bot.2452548710: [bottest(299372193)] å°å±¿(3511809239) -> duel[0m[m
[0m2022-07-19 20:42:12 V/Bot.2452548710: Friend(1144786189) <- æ“ä½œï¼šhit æ‹¿ç‰Œï¼›stand åœç‰Œï¼›double ç¿»å€åœå«[0m[m
[0m2022-07-19 20:42:12 V/Bot.2452548710: Friend(1144786189) <- ä½ æ˜¯åŽæ‰‹ï¼Œåœ¨é¢†å…ˆå¯¹æ‰‹ä¸‰åˆ†æˆ–ä¸‰åˆ†ä»¥ä¸Šä»¥ä¸Šæ—¶èŽ·èƒœ[0m[m
[0m2022-07-19 20:42:13 V/Bot.2452548710: Friend(3511809239) <- æ“ä½œï¼šhit æ‹¿ç‰Œï¼›stand åœç‰Œï¼›double ç¿»å€åœå«[0m[m
[0m2022-07-19 20:42:13 V/Bot.2452548710: Friend(3511809239) <- ä½ æ˜¯å…ˆæ‰‹ï¼Œåœ¨é¢†å…ˆå¯¹æ‰‹ä¸‰åˆ†æˆ–ä¸‰åˆ†ä»¥ä¸Šä»¥ä¸Šæ—¶èŽ·èƒœ[0m[m
[0m2022-07-19 20:42:14 V/Bot.2452548710: Friend(1144786189) <- [mirai:image:{B93E8FF1-92BA-6EE2-B713-791E70D28DD4}.png][mirai:image:{63302C80-2871-F91E-27A1-BF285CBE4278}.png][0m[m
[0m2022-07-19 20:42:15 V/Bot.2452548710: Friend(3511809239) <- [mirai:image:{ACBA6615-5A0D-2886-8806-A3069989E4AA}.png][mirai:image:{8FD9509A-A887-FC3B-E95E-B2F2785426EE}.png][0m[m
[0m2022-07-19 20:42:17 V/Bot.2452548710: Group(299372193) <- å·æµä¸æ¯æ˜Žç‰Œï¼š[mirai:image:{B93E8FF1-92BA-6EE2-B713-791E70D28DD4}.png][0m[m
[0m2022-07-19 20:42:17 V/Bot.2452548710: Group(299372193) <- å°å±¿æ˜Žç‰Œï¼š[mirai:image:{ACBA6615-5A0D-2886-8806-A3069989E4AA}.png][0m[m
[92m2022-07-19 20:42:28 I/BlackJack: get message ,and is dueling now[0m[m
[92m2022-07-19 20:42:28 I/BlackJack: dueling and sender is P2[0m[m
[0m2022-07-19 20:42:28 V/Bot.2452548710: [bottest(299372193)] å°å±¿(3511809239) -> hit[0m[m
[92m2022-07-19 20:43:37 I/BlackJack: get message ,and is dueling now[0m[m
[92m2022-07-19 20:43:37 I/BlackJack: dueling and sender is P1[0m[m
[92m2022-07-19 20:43:37 I/BlackJack: we are here waiting for player1[0m[m
[0m2022-07-19 20:43:37 V/Bot.2452548710: [bottest(299372193)] å·æµä¸æ¯(1144786189) -> hit[0m[m
[0m2022-07-19 20:43:38 V/Bot.2452548710: Friend(1144786189) <- [mirai:image:{3BDA4633-7018-5116-13BC-5D776726C353}.png][0m[m
[0m2022-07-19 20:43:40 V/Bot.2452548710: Group(299372193) <- å·æµä¸æ¯got[0m[m
[0m2022-07-19 20:43:40 V/Bot.2452548710: Group(299372193) <- å°å±¿got[0m[m
[0m2022-07-19 20:43:41 V/Bot.2452548710: Group(299372193) <- å°å±¿æ‹¿ä¸‹äº†1åˆ†[0m[m
[92m2022-07-19 20:43:50 I/BlackJack: get message ,and is dueling now[0m[m
[92m2022-07-19 20:43:50 I/BlackJack: dueling and sender is P1[0m[m
[92m2022-07-19 20:43:50 I/BlackJack: get BlackJack Input[0m[m
[0m2022-07-19 20:43:50 V/Bot.2452548710: [bottest(299372193)] å·æµä¸æ¯(1144786189) -> duel[0m[m
[92m2022-07-19 20:44:03 I/BlackJack: get message ,and is dueling now[0m[m
[92m2022-07-19 20:44:03 I/BlackJack: dueling and sender is P2[0m[m
[92m2022-07-19 20:44:03 I/BlackJack: we are here waiting for player2[0m[m
[92m2022-07-19 20:44:03 I/BlackJack: get BlackJack Input[0m[m
[0m2022-07-19 20:44:03 V/Bot.2452548710: [bottest(299372193)] å°å±¿(3511809239) -> duel[0m[m
