[0m2022-07-19 00:01:41 V/Bot.2452548710: Event: BotOfflineEvent.Dropped(bot=Bot(2452548710), cause=NettyChannelException(message=null, cause=java.io.IOException: 远程主机强迫关闭了一个现有的连接。), reconnect=true)[0m[m
[91m2022-07-19 00:01:41 W/Bot.2452548710: Connection lost, reconnecting... (NettyChannelException(message=null, cause=java.io.IOException: 远程主机强迫关闭了一个现有的连接。))[0m[m
[92m2022-07-19 02:36:59 I/Bot.2452548710: Saved account secrets to local cache for fast login.[0m[m
[92m2022-07-19 02:36:59 I/Bot.2452548710: Login successful.[0m[m
[0m2022-07-19 02:36:59 V/Bot.2452548710: Event: BotOnlineEvent(bot=Bot(2452548710))[0m[m
[0m2022-07-19 02:36:59 V/Bot.2452548710: Event: BotReloginEvent(bot=Bot(2452548710), cause=null)[0m[m
[92m2022-07-19 02:36:59 I/Bot.2452548710: Reconnected successfully in 2h 35min 17.825s.[0m[m
[0m2022-07-19 02:41:32 V/Bot.2452548710: [多兰老狼法兰老狼交界地老狼分狼（法兰乳业）(279023008)] JustinWalker(2964367986) -> jw家人还是要睡觉的[0m[m
[0m2022-07-19 02:41:36 V/Bot.2452548710: [多兰老狼法兰老狼交界地老狼分狼（法兰乳业）(279023008)] JustinWalker(2964367986) -> 并不能语音[0m[m
[0m2022-07-19 02:41:38 V/Bot.2452548710: [多兰老狼法兰老狼交界地老狼分狼（法兰乳业）(279023008)] JustinWalker(2964367986) -> 只能听[0m[m
[0m2022-07-19 02:43:03 V/Bot.2452548710: [多兰老狼法兰老狼交界地老狼分狼（法兰乳业）(279023008)] I have no sex but i fuck Microsoft everyday(739786190) -> 老狼群深夜三人挂麦但是没有一人说话[0m[m
[0m2022-07-19 02:43:14 V/Bot.2452548710: [多兰老狼法兰老狼交界地老狼分狼（法兰乳业）(279023008)] I have no sex but i fuck Microsoft everyday(739786190) -> 这究竟是人性的扭曲还是道德的沦丧[0m[m
[0m2022-07-19 02:43:52 V/Bot.2452548710: [多兰老狼法兰老狼交界地老狼分狼（法兰乳业）(279023008)] JustinWalker(2964367986) -> 显然[0m[m
[0m2022-07-19 02:43:57 V/Bot.2452548710: [多兰老狼法兰老狼交界地老狼分狼（法兰乳业）(279023008)] JustinWalker(2964367986) -> 四老师刚刚在说[0m[m
[0m2022-07-19 02:44:02 V/Bot.2452548710: [多兰老狼法兰老狼交界地老狼分狼（法兰乳业）(279023008)] JustinWalker(2964367986) -> 我家里人睡觉[0m[m
[0m2022-07-19 02:44:06 V/Bot.2452548710: [多兰老狼法兰老狼交界地老狼分狼（法兰乳业）(279023008)] JustinWalker(2964367986) -> 不太能说[0m[m
[0m2022-07-19 02:45:33 V/Bot.2452548710: [多兰老狼法兰老狼交界地老狼分狼（法兰乳业）(279023008)] JustinWalker(2964367986) -> 四老师没开集会[0m[m
[0m2022-07-19 02:58:08 V/Bot.2452548710: [多兰老狼法兰老狼交界地老狼分狼（法兰乳业）(279023008)] JustinWalker(2964367986) -> [mirai:at:1144786189] 你根本不在mhw[0m[m
[0m2022-07-19 02:58:14 V/Bot.2452548710: [多兰老狼法兰老狼交界地老狼分狼（法兰乳业）(279023008)] JustinWalker(2964367986) -> 你躲哪去辣[0m[m
[0m2022-07-19 03:18:36 V/Bot.2452548710: [多兰老狼法兰老狼交界地老狼分狼（法兰乳业）(279023008)] JustinWalker(2964367986) -> 四老[0m[m
[0m2022-07-19 03:18:40 V/Bot.2452548710: [多兰老狼法兰老狼交界地老狼分狼（法兰乳业）(279023008)] JustinWalker(2964367986) -> 说句话呀四老师[0m[m
