[92m2022-06-10 21:22:49 I/main: Starting mirai-console...[0m[m
[92m2022-06-10 21:22:49 I/main: Backend: version 2.11.1, built on 2022-05-26 04:43:10.[0m[m
[92m2022-06-10 21:22:49 I/main: Frontend Terminal: version 2.11.1, provided by Mamoe Technologies[0m[m
[92m2022-06-10 21:22:49 I/main: Welcome to visit https://mirai.mamoe.net/[0m[m
[92m2022-06-10 21:22:49 I/main: Prepared built-in commands: autoLogin, help, login, logout, permission, status, stop[0m[m
[92m2022-06-10 21:22:49 I/main: 0 plugin(s) enabled.[0m[m
[92m2022-06-10 21:22:49 I/main: mirai-console started successfully.[0m[m
[92m2022-06-10 21:22:49 I/BaroListener: Plugin loaded[0m[m
[92m2022-06-10 21:22:49 I/BaroListener: watcherMounted[0m[m
[92m2022-06-10 21:22:49 I/BaroListener: Barotrauma Dedicated Server 0.17.16.0 (ReleaseWindows, branch release, revision 05309f303f)[0m[m
[92m2022-06-10 21:22:49 I/BaroListener: Output redirection detected; colored text and command input will be disabled.[0m[m
[92m2022-06-10 21:22:49 I/BaroListener: Redirected input is detected but is not supported by this application. Input will be ignored.[0m[m
[92m2022-06-10 21:22:49 I/WindowHelperJvm: Mirai æ­£åœ¨ä½¿ç”¨æ¡Œé¢ç¯å¢ƒ. å¦‚é‡åˆ°éªŒè¯ç å°†ä¼šå¼¹å‡ºå¯¹è¯æ¡†. å¯æ·»åŠ  JVM å±æ€§ `mirai.no-desktop` ä»¥å…³é—­.[0m[m
[92m2022-06-10 21:22:49 I/WindowHelperJvm: Mirai is using desktop. Captcha will be thrown by window popup. You can add `mirai.no-desktop` to JVM properties (-Dmirai.no-desktop) to disable it.[0m[m
[92m2022-06-10 21:22:49 I/BaroListener: Loading game settings[0m[m
[92m2022-06-10 21:22:49 I/BaroListener: Loading MD5 hash cache[0m[m
[92m2022-06-10 21:22:49 I/BaroListener: Initializing SteamManager[0m[m
[92m2022-06-10 21:22:49 I/BaroListener: Initializing GameScreen[0m[m
[91m2022-06-10 21:22:49 W/stderr: SLF4J: Failed to load class "org.slf4j.impl.StaticLoggerBinder".[0m[m
[91m2022-06-10 21:22:49 W/stderr: SLF4J: Defaulting to no-operation (NOP) logger implementation[0m[m
[91m2022-06-10 21:22:49 W/stderr: SLF4J: See http://www.slf4j.org/codes.html#StaticLoggerBinder for further details.[0m[m
[91m2022-06-10 21:22:50 W/stderr: ERROR StatusLogger Log4j2 could not find a logging implementation. Please add log4j-core to the classpath. Using SimpleLogger to log to the console...[0m[m
[92m2022-06-10 21:22:52 I/Bot.2452548710: Login successful[0m[m
[92m2022-06-10 21:22:52 I/Bot.2452548710: Saved account secrets to local cache for fast login.[0m[m
[92m2022-06-10 21:22:52 I/Bot.2452548710: Login successful.[0m[m
[0m2022-06-10 21:22:53 V/Bot.2452548710: Event: BotOnlineEvent(bot=Bot(2452548710))[0m[m
[92m2022-06-10 21:22:53 I/Bot.2452548710: Bot login successful.[0m[m
[92m2022-06-10 21:22:54 I/BaroListener: WARNING: The following errors occurred while loading the content package"DugongL". The package might not work correctly.[0m[m
[92m2022-06-10 21:22:54 I/BaroListener: Failed to load file "LocalMods/DugongL/DugongL.sub" of type "Submarine": file not found.[0m[m
[92m2022-06-10 21:22:54 I/BaroListener: Failed to load file "LocalMods/DugongL/Azimuth.sub" of type "Submarine": file not found.[0m[m
[0m2022-06-10 21:23:05 V/Bot.2452548710: [å¤šå…°è€ç‹¼æ³•å…°è€ç‹¼äº¤ç•Œåœ°è€ç‹¼åˆ†ç‹¼ï¼ˆæ³•å…°ä¹³ä¸šï¼‰(279023008)] JustinWalker(2964367986) -> [mirai:image:{0E8746F8-4667-F434-43FD-193CAA9B50CC}.jpg][0m[m
[0m2022-06-10 21:23:07 V/Bot.2452548710: [å¤šå…°è€ç‹¼æ³•å…°è€ç‹¼äº¤ç•Œåœ°è€ç‹¼åˆ†ç‹¼ï¼ˆæ³•å…°ä¹³ä¸šï¼‰(279023008)] JustinWalker(2964367986) -> å—¨å—¨å—¨[0m[m
[0m2022-06-10 21:23:14 V/Bot.2452548710: [å¤šå…°è€ç‹¼æ³•å…°è€ç‹¼äº¤ç•Œåœ°è€ç‹¼åˆ†ç‹¼ï¼ˆæ³•å…°ä¹³ä¸šï¼‰(279023008)] JustinWalker(2964367986) -> 450[0m[m
[0m2022-06-10 21:23:14 V/Bot.2452548710: [å¤šå…°è€ç‹¼æ³•å…°è€ç‹¼äº¤ç•Œåœ°è€ç‹¼åˆ†ç‹¼ï¼ˆæ³•å…°ä¹³ä¸šï¼‰(279023008)] JustinWalker(2964367986) -> rmb[0m[m
[0m2022-06-10 21:23:31 V/Bot.2452548710: [å¤šå…°è€ç‹¼æ³•å…°è€ç‹¼äº¤ç•Œåœ°è€ç‹¼åˆ†ç‹¼ï¼ˆæ³•å…°ä¹³ä¸šï¼‰(279023008)] JustinWalker(2964367986) -> å¤§å†¤ç§æ¥è¾£[0m[m
[0m2022-06-10 21:24:03 V/Bot.2452548710: [å¤šå…°è€ç‹¼æ³•å…°è€ç‹¼äº¤ç•Œåœ°è€ç‹¼åˆ†ç‹¼ï¼ˆæ³•å…°ä¹³ä¸šï¼‰(279023008)] JustinWalker(2964367986) -> ä¸å¯¹[0m[m
[0m2022-06-10 21:24:07 V/Bot.2452548710: [å¤šå…°è€ç‹¼æ³•å…°è€ç‹¼äº¤ç•Œåœ°è€ç‹¼åˆ†ç‹¼ï¼ˆæ³•å…°ä¹³ä¸šï¼‰(279023008)] JustinWalker(2964367986) -> æ˜¯470[0m[m
[0m2022-06-10 21:24:09 V/Bot.2452548710: [å¤šå…°è€ç‹¼æ³•å…°è€ç‹¼äº¤ç•Œåœ°è€ç‹¼åˆ†ç‹¼ï¼ˆæ³•å…°ä¹³ä¸šï¼‰(279023008)] JustinWalker(2964367986) -> rmb[0m[m
